<?xml version="1.0" encoding="UTF-8"?>
<testsuite xmlns:xsi="http://www.w3.org/2001/XMLSchema-instance" xsi:noNamespaceSchemaLocation="https://maven.apache.org/surefire/maven-surefire-plugin/xsd/surefire-test-report.xsd" version="3.0.2" name="com.invest.application.EvaluateRulesIndividualRuleProperties" time="0.154" tests="1" errors="0" skipped="0" failures="0" flakes="0">
  <properties>
[...]
</properties>
  <testcase name="individualRuleTriggersCorrectAlertAndEvent" classname="EvaluateRulesIndividualRuleProperties" time="0.153">
    <system-out><![CDATA[2026-04-26 22:50:12.088 [main] [] INFO  n.j.e.p.RandomizedShrinkablesGenerator - Edge case generation exceeds number of tries. Stopped after 1000 generated cases.
2026-04-26 22:50:12.091 [main] [a107c981-c10a-4bad-a53b-56c7cb9be2d9] INFO  c.i.a.u.EvaluateRulesUseCaseImpl - M=execute, I=Iniciando avaliacao de regras
2026-04-26 22:50:12.091 [main] [a107c981-c10a-4bad-a53b-56c7cb9be2d9] INFO  c.i.a.u.EvaluateRulesUseCaseImpl - M=execute, I=Avaliacao de regras concluida, individualRules=1, groups=0
2026-04-26 22:50:12.103 [main] [cb148154-2ac2-411e-b34e-30eacf16c554] INFO  c.i.a.u.EvaluateRulesUseCaseImpl - M=execute, I=Iniciando avaliacao de regras
2026-04-26 22:50:12.103 [main] [cb148154-2ac2-411e-b34e-30eacf16c554] INFO  c.i.a.u.EvaluateRulesUseCaseImpl - M=execute, I=Avaliacao de regras concluida, individualRules=1, groups=0
2026-04-26 22:50:12.103 [main] [5b7b0e98-8991-4d6d-a2e5-8667c70fbbe5] INFO  c.i.a.u.EvaluateRulesUseCaseImpl - M=execute, I=Iniciando avaliacao de regras
2026-04-26 22:50:12.104 [main] [5b7b0e98-8991-4d6d-a2e5-8667c70fbbe5] INFO  c.i.a.u.EvaluateRulesUseCaseImpl - M=execute, I=Avaliacao de regras concluida, individualRules=1, groups=0
2026-04-26 22:50:12.104 [main] [1e56acf1-ac2d-4b46-b614-8a92d5c7ca1d] INFO  c.i.a.u.EvaluateRulesUseCaseImpl - M=execute, I=Iniciando avaliacao de regras
2026-04-26 22:50:12.104 [main] [1e56acf1-ac2d-4b46-b614-8a92d5c7ca1d] INFO  c.i.a.u.EvaluateRulesUseCaseImpl - M=execute, I=Avaliacao de regras concluida, individualRules=1, groups=0
2026-04-26 22:50:12.104 [main] [2fa64425-1a6f-4530-bd4a-9dc3b7676c38] INFO  c.i.a.u.EvaluateRulesUseCaseImpl - M=execute, I=Iniciando avaliacao de regras
2026-04-26 22:50:12.104 [main] [2fa64425-1a6f-4530-bd4a-9dc3b7676c38] INFO  c.i.a.u.EvaluateRulesUseCaseImpl - M=execute, I=Avaliacao de regras concluida, individualRules=1, groups=0
2026-04-26 22:50:12.105 [main] [1c3609bb-fccc-4478-9a69-e4d162c5f627] INFO  c.i.a.u.EvaluateRulesUseCaseImpl - M=execute, I=Iniciando avaliacao de regras
2026-04-26 22:50:12.105 [main] [1c3609bb-fccc-4478-9a69-e4d162c5f627] INFO  c.i.a.u.EvaluateRulesUseCaseImpl - M=execute, I=Avaliacao de regras concluida, individualRules=1, groups=0
2026-04-26 22:50:12.105 [main] [296f605a-4b12-411e-9464-990ee4da99a0] INFO  c.i.a.u.EvaluateRulesUseCaseImpl - M=execute, I=Iniciando avaliacao de regras
2026-04-26 22:50:12.105 [main] [296f605a-4b12-411e-9464-990ee4da99a0] INFO  c.i.a.u.EvaluateRulesUseCaseImpl - M=execute, I=Avaliacao de regras concluida, individualRules=1, groups=0
2026-04-26 22:50:12.105 [main] [64ac4aa1-a31b-4ae3-94c6-3a298667c1d1] INFO  c.i.a.u.EvaluateRulesUseCaseImpl - M=execute, I=Iniciando avaliacao de regras
2026-04-26 22:50:12.105 [main] [64ac4aa1-a31b-4ae3-94c6-3a298667c1d1] INFO  c.i.a.u.EvaluateRulesUseCaseImpl - M=execute, I=Avaliacao de regras concluida, individualRules=1, groups=0
2026-04-26 22:50:12.106 [main] [c76698fd-a663-4065-8900-2e799befee7f] INFO  c.i.a.u.EvaluateRulesUseCaseImpl - M=execute, I=Iniciando avaliacao de regras
2026-04-26 22:50:12.106 [main] [c76698fd-a663-4065-8900-2e799befee7f] INFO  c.i.a.u.EvaluateRulesUseCaseImpl - M=execute, I=Avaliacao de regras concluida, individualRules=1, groups=0
2026-04-26 22:50:12.106 [main] [4ef92cfc-6040-4c80-9b19-9f1e0b117c47] INFO  c.i.a.u.EvaluateRulesUseCaseImpl - M=execute, I=Iniciando avaliacao de regras
2026-04-26 22:50:12.106 [main] [4ef92cfc-6040-4c80-9b19-9f1e0b117c47] INFO  c.i.a.u.EvaluateRulesUseCaseImpl - M=execute, I=Avaliacao de regras concluida, individualRules=1, groups=0
2026-04-26 22:50:12.106 [main] [341f64df-55b9-4a42-9d1a-c098834c358f] INFO  c.i.a.u.EvaluateRulesUseCaseImpl - M=execute, I=Iniciando avaliacao de regras
2026-04-26 22:50:12.107 [main] [341f64df-55b9-4a42-9d1a-c098834c358f] INFO  c.i.a.u.EvaluateRulesUseCaseImpl - M=execute, I=Avaliacao de regras concluida, individualRules=1, groups=0
2026-04-26 22:50:12.107 [main] [171f521b-176f-45e2-a940-6ed4c73468f9] INFO  c.i.a.u.EvaluateRulesUseCaseImpl - M=execute, I=Iniciando avaliacao de regras
2026-04-26 22:50:12.107 [main] [171f521b-176f-45e2-a940-6ed4c73468f9] INFO  c.i.a.u.EvaluateRulesUseCaseImpl - M=execute, I=Avaliacao de regras concluida, individualRules=1, groups=0
2026-04-26 22:50:12.107 [main] [19fdf183-2b78-4ba4-95eb-41f5c26315ff] INFO  c.i.a.u.EvaluateRulesUseCaseImpl - M=execute, I=Iniciando avaliacao de regras
2026-04-26 22:50:12.107 [main] [19fdf183-2b78-4ba4-95eb-41f5c26315ff] INFO  c.i.a.u.EvaluateRulesUseCaseImpl - M=execute, I=Avaliacao de regras concluida, individualRules=1, groups=0
2026-04-26 22:50:12.107 [main] [d6cea730-8efc-4cff-bdb3-f1c32d074cfc] INFO  c.i.a.u.EvaluateRulesUseCaseImpl - M=execute, I=Iniciando avaliacao de regras
2026-04-26 22:50:12.107 [main] [d6cea730-8efc-4cff-bdb3-f1c32d074cfc] INFO  c.i.a.u.EvaluateRulesUseCaseImpl - M=execute, I=Avaliacao de regras concluida, individualRules=1, groups=0
2026-04-26 22:50:12.107 [main] [6e9389e0-b36a-4673-9a4b-09f61a070f1d] INFO  c.i.a.u.EvaluateRulesUseCaseImpl - M=execute, I=Iniciando avaliacao de regras
2026-04-26 22:50:12.107 [main] [6e9389e0-b36a-4673-9a4b-09f61a070f1d] INFO  c.i.a.u.EvaluateRulesUseCaseImpl - M=execute, I=Avaliacao de regras concluida, individualRules=1, groups=0
2026-04-26 22:50:12.107 [main] [9c57b76f-1b07-4e3e-b47a-21d759595768] INFO  c.i.a.u.EvaluateRulesUseCaseImpl - M=execute, I=Iniciando avaliacao de regras
2026-04-26 22:50:12.107 [main] [9c57b76f-1b07-4e3e-b47a-21d759595768] INFO  c.i.a.u.EvaluateRulesUseCaseImpl - M=execute, I=Avaliacao de regras concluida, individualRules=1, groups=0
2026-04-26 22:50:12.107 [main] [444a330b-bd13-482d-98de-098d9bc35ba7] INFO  c.i.a.u.EvaluateRulesUseCaseImpl - M=execute, I=Iniciando avaliacao de regras
2026-04-26 22:50:12.107 [main] [444a330b-bd13-482d-98de-098d9bc35ba7] INFO  c.i.a.u.EvaluateRulesUseCaseImpl - M=execute, I=Avaliacao de regras concluida, individualRules=1, groups=0
2026-04-26 22:50:12.107 [main] [b3301bfa-b07a-4047-8d7d-cf05998a5a68] INFO  c.i.a.u.EvaluateRulesUseCaseImpl - M=execute, I=Iniciando avaliacao de regras
2026-04-26 22:50:12.108 [main] [b3301bfa-b07a-4047-8d7d-cf05998a5a68] INFO  c.i.a.u.EvaluateRulesUseCaseImpl - M=execute, I=Avaliacao de regras concluida, individualRules=1, groups=0
2026-04-26 22:50:12.108 [main] [be417ade-45bb-40f9-b0d3-1826c55365c6] INFO  c.i.a.u.EvaluateRulesUseCaseImpl - M=execute, I=Iniciando avaliacao de regras
2026-04-26 22:50:12.108 [main] [be417ade-45bb-40f9-b0d3-1826c55365c6] INFO  c.i.a.u.EvaluateRulesUseCaseImpl - M=execute, I=Avaliacao de regras concluida, individualRules=1, groups=0
2026-04-26 22:50:12.108 [main] [adf450f8-22cf-48a1-b701-6170a84d6c0b] INFO  c.i.a.u.EvaluateRulesUseCaseImpl - M=execute, I=Iniciando avaliacao de regras
2026-04-26 22:50:12.108 [main] [adf450f8-22cf-48a1-b701-6170a84d6c0b] INFO  c.i.a.u.EvaluateRulesUseCaseImpl - M=execute, I=Avaliacao de regras concluida, individualRules=1, groups=0
2026-04-26 22:50:12.108 [main] [0d282c68-115c-40df-af47-091e43228d48] INFO  c.i.a.u.EvaluateRulesUseCaseImpl - M=execute, I=Iniciando avaliacao de regras
2026-04-26 22:50:12.108 [main] [0d282c68-115c-40df-af47-091e43228d48] INFO  c.i.a.u.EvaluateRulesUseCaseImpl - M=execute, I=Avaliacao de regras concluida, individualRules=1, groups=0
2026-04-26 22:50:12.108 [main] [c5c55144-9a4f-44bf-8807-98cf6875f979] INFO  c.i.a.u.EvaluateRulesUseCaseImpl - M=execute, I=Iniciando avaliacao de regras
2026-04-26 22:50:12.108 [main] [c5c55144-9a4f-44bf-8807-98cf6875f979] INFO  c.i.a.u.EvaluateRulesUseCaseImpl - M=execute, I=Avaliacao de regras concluida, individualRules=1, groups=0
2026-04-26 22:50:12.109 [main] [6ae61c52-3ef3-4a01-84f5-a6d1a5227b23] INFO  c.i.a.u.EvaluateRulesUseCaseImpl - M=execute, I=Iniciando avaliacao de regras
2026-04-26 22:50:12.109 [main] [6ae61c52-3ef3-4a01-84f5-a6d1a5227b23] INFO  c.i.a.u.EvaluateRulesUseCaseImpl - M=execute, I=Avaliacao de regras concluida, individualRules=1, groups=0
2026-04-26 22:50:12.109 [main] [c6851c30-b5a8-4406-97d9-13360eb34378] INFO  c.i.a.u.EvaluateRulesUseCaseImpl - M=execute, I=Iniciando avaliacao de regras
2026-04-26 22:50:12.109 [main] [c6851c30-b5a8-4406-97d9-13360eb34378] INFO  c.i.a.u.EvaluateRulesUseCaseImpl - M=execute, I=Avaliacao de regras concluida, individualRules=1, groups=0
2026-04-26 22:50:12.109 [main] [af5b37bd-1696-429e-be99-7fcad61c3d36] INFO  c.i.a.u.EvaluateRulesUseCaseImpl - M=execute, I=Iniciando avaliacao de regras
2026-04-26 22:50:12.109 [main] [af5b37bd-1696-429e-be99-7fcad61c3d36] INFO  c.i.a.u.EvaluateRulesUseCaseImpl - M=execute, I=Avaliacao de regras concluida, individualRules=1, groups=0
2026-04-26 22:50:12.109 [main] [aa742bbf-1e8e-4809-bd07-d4fe9aeb3475] INFO  c.i.a.u.EvaluateRulesUseCaseImpl - M=execute, I=Iniciando avaliacao de regras
2026-04-26 22:50:12.109 [main] [aa742bbf-1e8e-4809-bd07-d4fe9aeb3475] INFO  c.i.a.u.EvaluateRulesUseCaseImpl - M=execute, I=Avaliacao de regras concluida, individualRules=1, groups=0
2026-04-26 22:50:12.109 [main] [25da9e3d-15ac-4003-b121-61c0ceb26b4e] INFO  c.i.a.u.EvaluateRulesUseCaseImpl - M=execute, I=Iniciando avaliacao de regras
2026-04-26 22:50:12.109 [main] [25da9e3d-15ac-4003-b121-61c0ceb26b4e] INFO  c.i.a.u.EvaluateRulesUseCaseImpl - M=execute, I=Avaliacao de regras concluida, individualRules=1, groups=0
2026-04-26 22:50:12.110 [main] [070b7c3b-9e2f-4b21-8b88-28b5301a7fde] INFO  c.i.a.u.EvaluateRulesUseCaseImpl - M=execute, I=Iniciando avaliacao de regras
2026-04-26 22:50:12.110 [main] [070b7c3b-9e2f-4b21-8b88-28b5301a7fde] INFO  c.i.a.u.EvaluateRulesUseCaseImpl - M=execute, I=Avaliacao de regras concluida, individualRules=1, groups=0
2026-04-26 22:50:12.110 [main] [357eb0b7-d02b-4bb2-8bb4-b7d078bfa80b] INFO  c.i.a.u.EvaluateRulesUseCaseImpl - M=execute, I=Iniciando avaliacao de regras
2026-04-26 22:50:12.110 [main] [357eb0b7-d02b-4bb2-8bb4-b7d078bfa80b] INFO  c.i.a.u.EvaluateRulesUseCaseImpl - M=execute, I=Avaliacao de regras concluida, individualRules=1, groups=0
2026-04-26 22:50:12.110 [main] [7b2657af-a79b-4092-a5b5-b2964a08bf94] INFO  c.i.a.u.EvaluateRulesUseCaseImpl - M=execute, I=Iniciando avaliacao de regras
2026-04-26 22:50:12.110 [main] [7b2657af-a79b-4092-a5b5-b2964a08bf94] INFO  c.i.a.u.EvaluateRulesUseCaseImpl - M=execute, I=Avaliacao de regras concluida, individualRules=1, groups=0
2026-04-26 22:50:12.110 [main] [fac031c4-c88a-4263-864f-716b1674f368] INFO  c.i.a.u.EvaluateRulesUseCaseImpl - M=execute, I=Iniciando avaliacao de regras
2026-04-26 22:50:12.110 [main] [fac031c4-c88a-4263-864f-716b1674f368] INFO  c.i.a.u.EvaluateRulesUseCaseImpl - M=execute, I=Avaliacao de regras concluida, individualRules=1, groups=0
2026-04-26 22:50:12.111 [main] [7f9288d0-b91d-4514-80c1-99c5808c1a51] INFO  c.i.a.u.EvaluateRulesUseCaseImpl - M=execute, I=Iniciando avaliacao de regras
2026-04-26 22:50:12.111 [main] [7f9288d0-b91d-4514-80c1-99c5808c1a51] INFO  c.i.a.u.EvaluateRulesUseCaseImpl - M=execute, I=Avaliacao de regras concluida, individualRules=1, groups=0
2026-04-26 22:50:12.111 [main] [424ed005-2566-4e77-b366-8aa5d0b2747a] INFO  c.i.a.u.EvaluateRulesUseCaseImpl - M=execute, I=Iniciando avaliacao de regras
2026-04-26 22:50:12.111 [main] [424ed005-2566-4e77-b366-8aa5d0b2747a] INFO  c.i.a.u.EvaluateRulesUseCaseImpl - M=execute, I=Avaliacao de regras concluida, individualRules=1, groups=0
2026-04-26 22:50:12.111 [main] [35751efd-caf3-4451-93ee-14c39c9a5555] INFO  c.i.a.u.EvaluateRulesUseCaseImpl - M=execute, I=Iniciando avaliacao de regras
2026-04-26 22:50:12.111 [main] [35751efd-caf3-4451-93ee-14c39c9a5555] INFO  c.i.a.u.EvaluateRulesUseCaseImpl - M=execute, I=Avaliacao de regras concluida, individualRules=1, groups=0
2026-04-26 22:50:12.111 [main] [0f44b46c-fcc9-4273-ba50-c411dec5ccb7] INFO  c.i.a.u.EvaluateRulesUseCaseImpl - M=execute, I=Iniciando avaliacao de regras
2026-04-26 22:50:12.111 [main] [0f44b46c-fcc9-4273-ba50-c411dec5ccb7] INFO  c.i.a.u.EvaluateRulesUseCaseImpl - M=execute, I=Avaliacao de regras concluida, individualRules=1, groups=0
2026-04-26 22:50:12.112 [main] [f1b63c6f-8693-45cc-950d-51973f29ea04] INFO  c.i.a.u.EvaluateRulesUseCaseImpl - M=execute, I=Iniciando avaliacao de regras
2026-04-26 22:50:12.112 [main] [f1b63c6f-8693-45cc-950d-51973f29ea04] INFO  c.i.a.u.EvaluateRulesUseCaseImpl - M=execute, I=Avaliacao de regras concluida, individualRules=1, groups=0
2026-04-26 22:50:12.112 [main] [d3932c26-eb67-472a-8653-439b656b7526] INFO  c.i.a.u.EvaluateRulesUseCaseImpl - M=execute, I=Iniciando avaliacao de regras
2026-04-26 22:50:12.112 [main] [d3932c26-eb67-472a-8653-439b656b7526] INFO  c.i.a.u.EvaluateRulesUseCaseImpl - M=execute, I=Avaliacao de regras concluida, individualRules=1, groups=0
2026-04-26 22:50:12.113 [main] [7439f863-fd98-4d56-9ac5-64df228c3ce4] INFO  c.i.a.u.EvaluateRulesUseCaseImpl - M=execute, I=Iniciando avaliacao de regras
2026-04-26 22:50:12.113 [main] [7439f863-fd98-4d56-9ac5-64df228c3ce4] INFO  c.i.a.u.EvaluateRulesUseCaseImpl - M=execute, I=Avaliacao de regras concluida, individualRules=1, groups=0
2026-04-26 22:50:12.114 [main] [6d8e0f5d-62b0-45ff-bad5-ed4b8ead0461] INFO  c.i.a.u.EvaluateRulesUseCaseImpl - M=execute, I=Iniciando avaliacao de regras
2026-04-26 22:50:12.114 [main] [6d8e0f5d-62b0-45ff-bad5-ed4b8ead0461] INFO  c.i.a.u.EvaluateRulesUseCaseImpl - M=execute, I=Avaliacao de regras concluida, individualRules=1, groups=0
2026-04-26 22:50:12.114 [main] [10d9b4ee-8f80-4bc7-9b20-c2decd608d1d] INFO  c.i.a.u.EvaluateRulesUseCaseImpl - M=execute, I=Iniciando avaliacao de regras
2026-04-26 22:50:12.114 [main] [10d9b4ee-8f80-4bc7-9b20-c2decd608d1d] INFO  c.i.a.u.EvaluateRulesUseCaseImpl - M=execute, I=Avaliacao de regras concluida, individualRules=1, groups=0
2026-04-26 22:50:12.114 [main] [e848ff3a-fc43-4d7b-a55b-4fa1f1c7f0bb] INFO  c.i.a.u.EvaluateRulesUseCaseImpl - M=execute, I=Iniciando avaliacao de regras
2026-04-26 22:50:12.114 [main] [e848ff3a-fc43-4d7b-a55b-4fa1f1c7f0bb] INFO  c.i.a.u.EvaluateRulesUseCaseImpl - M=execute, I=Avaliacao de regras concluida, individualRules=1, groups=0
2026-04-26 22:50:12.114 [main] [04f72a46-6acc-4381-8e52-0f2641eecd0c] INFO  c.i.a.u.EvaluateRulesUseCaseImpl - M=execute, I=Iniciando avaliacao de regras
2026-04-26 22:50:12.114 [main] [04f72a46-6acc-4381-8e52-0f2641eecd0c] INFO  c.i.a.u.EvaluateRulesUseCaseImpl - M=execute, I=Avaliacao de regras concluida, individualRules=1, groups=0
2026-04-26 22:50:12.114 [main] [5d652433-fdb9-4714-9fee-384ca2784300] INFO  c.i.a.u.EvaluateRulesUseCaseImpl - M=execute, I=Iniciando avaliacao de regras
2026-04-26 22:50:12.114 [main] [5d652433-fdb9-4714-9fee-384ca2784300] INFO  c.i.a.u.EvaluateRulesUseCaseImpl - M=execute, I=Avaliacao de regras concluida, individualRules=1, groups=0
2026-04-26 22:50:12.114 [main] [b6569ef0-95de-4765-b4e3-bb4a199498ae] INFO  c.i.a.u.EvaluateRulesUseCaseImpl - M=execute, I=Iniciando avaliacao de regras
2026-04-26 22:50:12.114 [main] [b6569ef0-95de-4765-b4e3-bb4a199498ae] INFO  c.i.a.u.EvaluateRulesUseCaseImpl - M=execute, I=Avaliacao de regras concluida, individualRules=1, groups=0
2026-04-26 22:50:12.115 [main] [d740801a-40b3-4f4c-9e4c-827096946819] INFO  c.i.a.u.EvaluateRulesUseCaseImpl - M=execute, I=Iniciando avaliacao de regras
2026-04-26 22:50:12.115 [main] [d740801a-40b3-4f4c-9e4c-827096946819] INFO  c.i.a.u.EvaluateRulesUseCaseImpl - M=execute, I=Avaliacao de regras concluida, individualRules=1, groups=0
2026-04-26 22:50:12.115 [main] [868955f9-8964-4039-9afd-5331199fbaee] INFO  c.i.a.u.EvaluateRulesUseCaseImpl - M=execute, I=Iniciando avaliacao de regras
2026-04-26 22:50:12.115 [main] [868955f9-8964-4039-9afd-5331199fbaee] INFO  c.i.a.u.EvaluateRulesUseCaseImpl - M=execute, I=Avaliacao de regras concluida, individualRules=1, groups=0
2026-04-26 22:50:12.115 [main] [4204332e-9e4c-457a-9fb9-9af257948ee6] INFO  c.i.a.u.EvaluateRulesUseCaseImpl - M=execute, I=Iniciando avaliacao de regras
2026-04-26 22:50:12.115 [main] [4204332e-9e4c-457a-9fb9-9af257948ee6] INFO  c.i.a.u.EvaluateRulesUseCaseImpl - M=execute, I=Avaliacao de regras concluida, individualRules=1, groups=0
2026-04-26 22:50:12.115 [main] [586a3746-08db-4a6b-9702-56f441de20c4] INFO  c.i.a.u.EvaluateRulesUseCaseImpl - M=execute, I=Iniciando avaliacao de regras
2026-04-26 22:50:12.115 [main] [586a3746-08db-4a6b-9702-56f441de20c4] INFO  c.i.a.u.EvaluateRulesUseCaseImpl - M=execute, I=Avaliacao de regras concluida, individualRules=1, groups=0
2026-04-26 22:50:12.115 [main] [1564eab0-95b8-4f30-ad34-7444c8505be3] INFO  c.i.a.u.EvaluateRulesUseCaseImpl - M=execute, I=Iniciando avaliacao de regras
2026-04-26 22:50:12.115 [main] [1564eab0-95b8-4f30-ad34-7444c8505be3] INFO  c.i.a.u.EvaluateRulesUseCaseImpl - M=execute, I=Avaliacao de regras concluida, individualRules=1, groups=0
2026-04-26 22:50:12.115 [main] [1e8e37b6-a471-4810-b5e3-ee0770c6ff81] INFO  c.i.a.u.EvaluateRulesUseCaseImpl - M=execute, I=Iniciando avaliacao de regras
2026-04-26 22:50:12.115 [main] [1e8e37b6-a471-4810-b5e3-ee0770c6ff81] INFO  c.i.a.u.EvaluateRulesUseCaseImpl - M=execute, I=Avaliacao de regras concluida, individualRules=1, groups=0
2026-04-26 22:50:12.115 [main] [f7ee0217-9830-46fe-84b5-30645346d077] INFO  c.i.a.u.EvaluateRulesUseCaseImpl - M=execute, I=Iniciando avaliacao de regras
2026-04-26 22:50:12.115 [main] [f7ee0217-9830-46fe-84b5-30645346d077] INFO  c.i.a.u.EvaluateRulesUseCaseImpl - M=execute, I=Avaliacao de regras concluida, individualRules=1, groups=0
2026-04-26 22:50:12.116 [main] [8342c353-b08a-46f7-9e45-fb39ffe1505b] INFO  c.i.a.u.EvaluateRulesUseCaseImpl - M=execute, I=Iniciando avaliacao de regras
2026-04-26 22:50:12.116 [main] [8342c353-b08a-46f7-9e45-fb39ffe1505b] INFO  c.i.a.u.EvaluateRulesUseCaseImpl - M=execute, I=Avaliacao de regras concluida, individualRules=1, groups=0
2026-04-26 22:50:12.116 [main] [1ec4899b-d0ca-492d-941c-c7dc13bf5535] INFO  c.i.a.u.EvaluateRulesUseCaseImpl - M=execute, I=Iniciando avaliacao de regras
2026-04-26 22:50:12.116 [main] [1ec4899b-d0ca-492d-941c-c7dc13bf5535] INFO  c.i.a.u.EvaluateRulesUseCaseImpl - M=execute, I=Avaliacao de regras concluida, individualRules=1, groups=0
2026-04-26 22:50:12.116 [main] [8a93079e-f390-453e-bf66-781a680c156d] INFO  c.i.a.u.EvaluateRulesUseCaseImpl - M=execute, I=Iniciando avaliacao de regras
2026-04-26 22:50:12.116 [main] [8a93079e-f390-453e-bf66-781a680c156d] INFO  c.i.a.u.EvaluateRulesUseCaseImpl - M=execute, I=Avaliacao de regras concluida, individualRules=1, groups=0
2026-04-26 22:50:12.117 [main] [27c510ae-b6fd-4961-a459-360a45d608d2] INFO  c.i.a.u.EvaluateRulesUseCaseImpl - M=execute, I=Iniciando avaliacao de regras
2026-04-26 22:50:12.117 [main] [27c510ae-b6fd-4961-a459-360a45d608d2] INFO  c.i.a.u.EvaluateRulesUseCaseImpl - M=execute, I=Avaliacao de regras concluida, individualRules=1, groups=0
2026-04-26 22:50:12.117 [main] [c3563201-9a80-43d3-984e-ed199f3b5a01] INFO  c.i.a.u.EvaluateRulesUseCaseImpl - M=execute, I=Iniciando avaliacao de regras
2026-04-26 22:50:12.117 [main] [c3563201-9a80-43d3-984e-ed199f3b5a01] INFO  c.i.a.u.EvaluateRulesUseCaseImpl - M=execute, I=Avaliacao de regras concluida, individualRules=1, groups=0
2026-04-26 22:50:12.117 [main] [6010e3b8-846c-4ed5-ac05-8b5347ac27a6] INFO  c.i.a.u.EvaluateRulesUseCaseImpl - M=execute, I=Iniciando avaliacao de regras
2026-04-26 22:50:12.117 [main] [6010e3b8-846c-4ed5-ac05-8b5347ac27a6] INFO  c.i.a.u.EvaluateRulesUseCaseImpl - M=execute, I=Avaliacao de regras concluida, individualRules=1, groups=0
2026-04-26 22:50:12.118 [main] [86a94ff3-c9a0-49bd-97a9-12d2d84fd11b] INFO  c.i.a.u.EvaluateRulesUseCaseImpl - M=execute, I=Iniciando avaliacao de regras
2026-04-26 22:50:12.118 [main] [86a94ff3-c9a0-49bd-97a9-12d2d84fd11b] INFO  c.i.a.u.EvaluateRulesUseCaseImpl - M=execute, I=Avaliacao de regras concluida, individualRules=1, groups=0
2026-04-26 22:50:12.118 [main] [18910b77-9855-4572-9ae8-026f11d69754] INFO  c.i.a.u.EvaluateRulesUseCaseImpl - M=execute, I=Iniciando avaliacao de regras
2026-04-26 22:50:12.118 [main] [18910b77-9855-4572-9ae8-026f11d69754] INFO  c.i.a.u.EvaluateRulesUseCaseImpl - M=execute, I=Avaliacao de regras concluida, individualRules=1, groups=0
2026-04-26 22:50:12.118 [main] [79d4e2bc-dc50-457a-828f-10f0381f7801] INFO  c.i.a.u.EvaluateRulesUseCaseImpl - M=execute, I=Iniciando avaliacao de regras
2026-04-26 22:50:12.118 [main] [79d4e2bc-dc50-457a-828f-10f0381f7801] INFO  c.i.a.u.EvaluateRulesUseCaseImpl - M=execute, I=Avaliacao de regras concluida, individualRules=1, groups=0
2026-04-26 22:50:12.119 [main] [d153fcd4-ff13-4e5f-98fa-59b4b3a95eb9] INFO  c.i.a.u.EvaluateRulesUseCaseImpl - M=execute, I=Iniciando avaliacao de regras
2026-04-26 22:50:12.119 [main] [d153fcd4-ff13-4e5f-98fa-59b4b3a95eb9] INFO  c.i.a.u.EvaluateRulesUseCaseImpl - M=execute, I=Avaliacao de regras concluida, individualRules=1, groups=0
2026-04-26 22:50:12.119 [main] [b37e8f34-fab2-46de-a98c-1aed17b9eece] INFO  c.i.a.u.EvaluateRulesUseCaseImpl - M=execute, I=Iniciando avaliacao de regras
2026-04-26 22:50:12.119 [main] [b37e8f34-fab2-46de-a98c-1aed17b9eece] INFO  c.i.a.u.EvaluateRulesUseCaseImpl - M=execute, I=Avaliacao de regras concluida, individualRules=1, groups=0
2026-04-26 22:50:12.119 [main] [d66d4d0f-6f8f-47d2-9cf7-8f0f38a4f030] INFO  c.i.a.u.EvaluateRulesUseCaseImpl - M=execute, I=Iniciando avaliacao de regras
2026-04-26 22:50:12.119 [main] [d66d4d0f-6f8f-47d2-9cf7-8f0f38a4f030] INFO  c.i.a.u.EvaluateRulesUseCaseImpl - M=execute, I=Avaliacao de regras concluida, individualRules=1, groups=0
2026-04-26 22:50:12.120 [main] [5e84acbd-3693-462a-aa63-963f4dc953d8] INFO  c.i.a.u.EvaluateRulesUseCaseImpl - M=execute, I=Iniciando avaliacao de regras
2026-04-26 22:50:12.120 [main] [5e84acbd-3693-462a-aa63-963f4dc953d8] INFO  c.i.a.u.EvaluateRulesUseCaseImpl - M=execute, I=Avaliacao de regras concluida, individualRules=1, groups=0
2026-04-26 22:50:12.120 [main] [33f21a58-dc43-4cd2-aa93-70c6e58cbc87] INFO  c.i.a.u.EvaluateRulesUseCaseImpl - M=execute, I=Iniciando avaliacao de regras
2026-04-26 22:50:12.120 [main] [33f21a58-dc43-4cd2-aa93-70c6e58cbc87] INFO  c.i.a.u.EvaluateRulesUseCaseImpl - M=execute, I=Avaliacao de regras concluida, individualRules=1, groups=0
2026-04-26 22:50:12.121 [main] [89669f66-0264-4cc6-b8ae-384c1a200bfb] INFO  c.i.a.u.EvaluateRulesUseCaseImpl - M=execute, I=Iniciando avaliacao de regras
2026-04-26 22:50:12.121 [main] [89669f66-0264-4cc6-b8ae-384c1a200bfb] INFO  c.i.a.u.EvaluateRulesUseCaseImpl - M=execute, I=Avaliacao de regras concluida, individualRules=1, groups=0
2026-04-26 22:50:12.121 [main] [9e3c4799-a2f7-44eb-bd8d-9d77e037c31b] INFO  c.i.a.u.EvaluateRulesUseCaseImpl - M=execute, I=Iniciando avaliacao de regras
2026-04-26 22:50:12.121 [main] [9e3c4799-a2f7-44eb-bd8d-9d77e037c31b] INFO  c.i.a.u.EvaluateRulesUseCaseImpl - M=execute, I=Avaliacao de regras concluida, individualRules=1, groups=0
2026-04-26 22:50:12.121 [main] [6257c5bc-49fc-4142-9b33-c469c30ddce0] INFO  c.i.a.u.EvaluateRulesUseCaseImpl - M=execute, I=Iniciando avaliacao de regras
2026-04-26 22:50:12.121 [main] [6257c5bc-49fc-4142-9b33-c469c30ddce0] INFO  c.i.a.u.EvaluateRulesUseCaseImpl - M=execute, I=Avaliacao de regras concluida, individualRules=1, groups=0
2026-04-26 22:50:12.122 [main] [ce384630-8351-483c-abb6-6dd48893825b] INFO  c.i.a.u.EvaluateRulesUseCaseImpl - M=execute, I=Iniciando avaliacao de regras
2026-04-26 22:50:12.122 [main] [ce384630-8351-483c-abb6-6dd48893825b] INFO  c.i.a.u.EvaluateRulesUseCaseImpl - M=execute, I=Avaliacao de regras concluida, individualRules=1, groups=0
2026-04-26 22:50:12.122 [main] [a517e435-969f-40c1-bc1a-5d72fd5abe05] INFO  c.i.a.u.EvaluateRulesUseCaseImpl - M=execute, I=Iniciando avaliacao de regras
2026-04-26 22:50:12.122 [main] [a517e435-969f-40c1-bc1a-5d72fd5abe05] INFO  c.i.a.u.EvaluateRulesUseCaseImpl - M=execute, I=Avaliacao de regras concluida, individualRules=1, groups=0
2026-04-26 22:50:12.122 [main] [17fc884e-1839-4d33-972a-a0c74c5c6348] INFO  c.i.a.u.EvaluateRulesUseCaseImpl - M=execute, I=Iniciando avaliacao de regras
2026-04-26 22:50:12.122 [main] [17fc884e-1839-4d33-972a-a0c74c5c6348] INFO  c.i.a.u.EvaluateRulesUseCaseImpl - M=execute, I=Avaliacao de regras concluida, individualRules=1, groups=0
2026-04-26 22:50:12.122 [main] [cbe157ec-a28f-4a0c-805e-c91f70a8ed1b] INFO  c.i.a.u.EvaluateRulesUseCaseImpl - M=execute, I=Iniciando avaliacao de regras
2026-04-26 22:50:12.122 [main] [cbe157ec-a28f-4a0c-805e-c91f70a8ed1b] INFO  c.i.a.u.EvaluateRulesUseCaseImpl - M=execute, I=Avaliacao de regras concluida, individualRules=1, groups=0
2026-04-26 22:50:12.123 [main] [662bed32-fbb7-4523-bff3-97a8507cb5b4] INFO  c.i.a.u.EvaluateRulesUseCaseImpl - M=execute, I=Iniciando avaliacao de regras
2026-04-26 22:50:12.123 [main] [662bed32-fbb7-4523-bff3-97a8507cb5b4] INFO  c.i.a.u.EvaluateRulesUseCaseImpl - M=execute, I=Avaliacao de regras concluida, individualRules=1, groups=0
2026-04-26 22:50:12.123 [main] [fbf041c9-8227-48e8-98f4-96b8efe67d04] INFO  c.i.a.u.EvaluateRulesUseCaseImpl - M=execute, I=Iniciando avaliacao de regras
2026-04-26 22:50:12.123 [main] [fbf041c9-8227-48e8-98f4-96b8efe67d04] INFO  c.i.a.u.EvaluateRulesUseCaseImpl - M=execute, I=Avaliacao de regras concluida, individualRules=1, groups=0
2026-04-26 22:50:12.123 [main] [2e140453-fc9a-4bbc-bc28-614a0a38bf4e] INFO  c.i.a.u.EvaluateRulesUseCaseImpl - M=execute, I=Iniciando avaliacao de regras
2026-04-26 22:50:12.123 [main] [2e140453-fc9a-4bbc-bc28-614a0a38bf4e] INFO  c.i.a.u.EvaluateRulesUseCaseImpl - M=execute, I=Avaliacao de regras concluida, individualRules=1, groups=0
2026-04-26 22:50:12.123 [main] [f8b63fff-8681-4cc6-ba6e-3167da584969] INFO  c.i.a.u.EvaluateRulesUseCaseImpl - M=execute, I=Iniciando avaliacao de regras
2026-04-26 22:50:12.123 [main] [f8b63fff-8681-4cc6-ba6e-3167da584969] INFO  c.i.a.u.EvaluateRulesUseCaseImpl - M=execute, I=Avaliacao de regras concluida, individualRules=1, groups=0
2026-04-26 22:50:12.123 [main] [0d638c74-bd32-48f2-ba33-862c1737de19] INFO  c.i.a.u.EvaluateRulesUseCaseImpl - M=execute, I=Iniciando avaliacao de regras
2026-04-26 22:50:12.123 [main] [0d638c74-bd32-48f2-ba33-862c1737de19] INFO  c.i.a.u.EvaluateRulesUseCaseImpl - M=execute, I=Avaliacao de regras concluida, individualRules=1, groups=0
2026-04-26 22:50:12.123 [main] [9c97bad9-a816-4443-a14a-0be998ad056f] INFO  c.i.a.u.EvaluateRulesUseCaseImpl - M=execute, I=Iniciando avaliacao de regras
2026-04-26 22:50:12.123 [main] [9c97bad9-a816-4443-a14a-0be998ad056f] INFO  c.i.a.u.EvaluateRulesUseCaseImpl - M=execute, I=Avaliacao de regras concluida, individualRules=1, groups=0
2026-04-26 22:50:12.123 [main] [4400a9ea-9974-4f60-8bf2-6f94a7183330] INFO  c.i.a.u.EvaluateRulesUseCaseImpl - M=execute, I=Iniciando avaliacao de regras
2026-04-26 22:50:12.123 [main] [4400a9ea-9974-4f60-8bf2-6f94a7183330] INFO  c.i.a.u.EvaluateRulesUseCaseImpl - M=execute, I=Avaliacao de regras concluida, individualRules=1, groups=0
2026-04-26 22:50:12.124 [main] [21eef2dc-ccf6-41df-8dcf-99a46e3e33e2] INFO  c.i.a.u.EvaluateRulesUseCaseImpl - M=execute, I=Iniciando avaliacao de regras
2026-04-26 22:50:12.124 [main] [21eef2dc-ccf6-41df-8dcf-99a46e3e33e2] INFO  c.i.a.u.EvaluateRulesUseCaseImpl - M=execute, I=Avaliacao de regras concluida, individualRules=1, groups=0
2026-04-26 22:50:12.124 [main] [c5e52d43-4529-44a5-aaf4-406fad3ce8aa] INFO  c.i.a.u.EvaluateRulesUseCaseImpl - M=execute, I=Iniciando avaliacao de regras
2026-04-26 22:50:12.124 [main] [c5e52d43-4529-44a5-aaf4-406fad3ce8aa] INFO  c.i.a.u.EvaluateRulesUseCaseImpl - M=execute, I=Avaliacao de regras concluida, individualRules=1, groups=0
2026-04-26 22:50:12.124 [main] [fc5322c5-c994-4aa7-9209-c321ae8c4714] INFO  c.i.a.u.EvaluateRulesUseCaseImpl - M=execute, I=Iniciando avaliacao de regras
2026-04-26 22:50:12.124 [main] [fc5322c5-c994-4aa7-9209-c321ae8c4714] INFO  c.i.a.u.EvaluateRulesUseCaseImpl - M=execute, I=Avaliacao de regras concluida, individualRules=1, groups=0
2026-04-26 22:50:12.124 [main] [25e426b2-2f61-4705-aa61-1d8e1ffd8625] INFO  c.i.a.u.EvaluateRulesUseCaseImpl - M=execute, I=Iniciando avaliacao de regras
2026-04-26 22:50:12.124 [main] [25e426b2-2f61-4705-aa61-1d8e1ffd8625] INFO  c.i.a.u.EvaluateRulesUseCaseImpl - M=execute, I=Avaliacao de regras concluida, individualRules=1, groups=0
2026-04-26 22:50:12.124 [main] [4aa3db36-98fa-4187-ba9b-37402e1ff5fe] INFO  c.i.a.u.EvaluateRulesUseCaseImpl - M=execute, I=Iniciando avaliacao de regras
2026-04-26 22:50:12.124 [main] [4aa3db36-98fa-4187-ba9b-37402e1ff5fe] INFO  c.i.a.u.EvaluateRulesUseCaseImpl - M=execute, I=Avaliacao de regras concluida, individualRules=1, groups=0
2026-04-26 22:50:12.124 [main] [bb67cf00-4c6a-4ddd-aff0-745c181fa67e] INFO  c.i.a.u.EvaluateRulesUseCaseImpl - M=execute, I=Iniciando avaliacao de regras
2026-04-26 22:50:12.124 [main] [bb67cf00-4c6a-4ddd-aff0-745c181fa67e] INFO  c.i.a.u.EvaluateRulesUseCaseImpl - M=execute, I=Avaliacao de regras concluida, individualRules=1, groups=0
2026-04-26 22:50:12.124 [main] [f82b626e-91b3-4e28-a26f-dad17c08f5ee] INFO  c.i.a.u.EvaluateRulesUseCaseImpl - M=execute, I=Iniciando avaliacao de regras
2026-04-26 22:50:12.124 [main] [f82b626e-91b3-4e28-a26f-dad17c08f5ee] INFO  c.i.a.u.EvaluateRulesUseCaseImpl - M=execute, I=Avaliacao de regras concluida, individualRules=1, groups=0
2026-04-26 22:50:12.125 [main] [0df24c1f-69ce-4abc-a8ba-60b74fa61b5a] INFO  c.i.a.u.EvaluateRulesUseCaseImpl - M=execute, I=Iniciando avaliacao de regras
2026-04-26 22:50:12.125 [main] [0df24c1f-69ce-4abc-a8ba-60b74fa61b5a] INFO  c.i.a.u.EvaluateRulesUseCaseImpl - M=execute, I=Avaliacao de regras concluida, individualRules=1, groups=0
2026-04-26 22:50:12.125 [main] [7482c333-85e2-48ef-bff7-36ef722a3e80] INFO  c.i.a.u.EvaluateRulesUseCaseImpl - M=execute, I=Iniciando avaliacao de regras
2026-04-26 22:50:12.125 [main] [7482c333-85e2-48ef-bff7-36ef722a3e80] INFO  c.i.a.u.EvaluateRulesUseCaseImpl - M=execute, I=Avaliacao de regras concluida, individualRules=1, groups=0
2026-04-26 22:50:12.125 [main] [3db31e0d-e03d-4d53-b901-11bc9cefd4b3] INFO  c.i.a.u.EvaluateRulesUseCaseImpl - M=execute, I=Iniciando avaliacao de regras
2026-04-26 22:50:12.125 [main] [3db31e0d-e03d-4d53-b901-11bc9cefd4b3] INFO  c.i.a.u.EvaluateRulesUseCaseImpl - M=execute, I=Avaliacao de regras concluida, individualRules=1, groups=0
2026-04-26 22:50:12.126 [main] [2de29a9b-f9cb-4a8a-9696-672f0a0c6150] INFO  c.i.a.u.EvaluateRulesUseCaseImpl - M=execute, I=Iniciando avaliacao de regras
2026-04-26 22:50:12.126 [main] [2de29a9b-f9cb-4a8a-9696-672f0a0c6150] INFO  c.i.a.u.EvaluateRulesUseCaseImpl - M=execute, I=Avaliacao de regras concluida, individualRules=1, groups=0
2026-04-26 22:50:12.126 [main] [5f0e828a-f047-46dc-b764-1f0524a54a29] INFO  c.i.a.u.EvaluateRulesUseCaseImpl - M=execute, I=Iniciando avaliacao de regras
2026-04-26 22:50:12.126 [main] [5f0e828a-f047-46dc-b764-1f0524a54a29] INFO  c.i.a.u.EvaluateRulesUseCaseImpl - M=execute, I=Avaliacao de regras concluida, individualRules=1, groups=0
2026-04-26 22:50:12.126 [main] [913607af-7dc5-403e-8e94-9992bd254bc8] INFO  c.i.a.u.EvaluateRulesUseCaseImpl - M=execute, I=Iniciando avaliacao de regras
2026-04-26 22:50:12.126 [main] [913607af-7dc5-403e-8e94-9992bd254bc8] INFO  c.i.a.u.EvaluateRulesUseCaseImpl - M=execute, I=Avaliacao de regras concluida, individualRules=1, groups=0
2026-04-26 22:50:12.126 [main] [9416b5cb-19bb-4d55-b6dd-72b925240158] INFO  c.i.a.u.EvaluateRulesUseCaseImpl - M=execute, I=Iniciando avaliacao de regras
2026-04-26 22:50:12.126 [main] [9416b5cb-19bb-4d55-b6dd-72b925240158] INFO  c.i.a.u.EvaluateRulesUseCaseImpl - M=execute, I=Avaliacao de regras concluida, individualRules=1, groups=0
2026-04-26 22:50:12.126 [main] [84903b80-e5c9-4649-92bd-1d195fa01449] INFO  c.i.a.u.EvaluateRulesUseCaseImpl - M=execute, I=Iniciando avaliacao de regras
2026-04-26 22:50:12.126 [main] [84903b80-e5c9-4649-92bd-1d195fa01449] INFO  c.i.a.u.EvaluateRulesUseCaseImpl - M=execute, I=Avaliacao de regras concluida, individualRules=1, groups=0
2026-04-26 22:50:12.127 [main] [f22801cb-4672-4cc7-83af-e70d8b82a6b6] INFO  c.i.a.u.EvaluateRulesUseCaseImpl - M=execute, I=Iniciando avaliacao de regras
2026-04-26 22:50:12.127 [main] [f22801cb-4672-4cc7-83af-e70d8b82a6b6] INFO  c.i.a.u.EvaluateRulesUseCaseImpl - M=execute, I=Avaliacao de regras concluida, individualRules=1, groups=0
2026-04-26 22:50:12.127 [main] [779cfc59-ea35-4f35-9881-78e195b5d3fa] INFO  c.i.a.u.EvaluateRulesUseCaseImpl - M=execute, I=Iniciando avaliacao de regras
2026-04-26 22:50:12.127 [main] [779cfc59-ea35-4f35-9881-78e195b5d3fa] INFO  c.i.a.u.EvaluateRulesUseCaseImpl - M=execute, I=Avaliacao de regras concluida, individualRules=1, groups=0
2026-04-26 22:50:12.127 [main] [268b9aaf-3869-4027-b2a6-34dfe63f7949] INFO  c.i.a.u.EvaluateRulesUseCaseImpl - M=execute, I=Iniciando avaliacao de regras
2026-04-26 22:50:12.127 [main] [268b9aaf-3869-4027-b2a6-34dfe63f7949] INFO  c.i.a.u.EvaluateRulesUseCaseImpl - M=execute, I=Avaliacao de regras concluida, individualRules=1, groups=0
2026-04-26 22:50:12.127 [main] [d09e9c04-c033-48b8-960e-b9812b77a201] INFO  c.i.a.u.EvaluateRulesUseCaseImpl - M=execute, I=Iniciando avaliacao de regras
2026-04-26 22:50:12.127 [main] [d09e9c04-c033-48b8-960e-b9812b77a201] INFO  c.i.a.u.EvaluateRulesUseCaseImpl - M=execute, I=Avaliacao de regras concluida, individualRules=1, groups=0
2026-04-26 22:50:12.128 [main] [bd0b38cb-3c04-4dbb-a75d-25082ab75176] INFO  c.i.a.u.EvaluateRulesUseCaseImpl - M=execute, I=Iniciando avaliacao de regras
2026-04-26 22:50:12.128 [main] [bd0b38cb-3c04-4dbb-a75d-25082ab75176] INFO  c.i.a.u.EvaluateRulesUseCaseImpl - M=execute, I=Avaliacao de regras concluida, individualRules=1, groups=0
2026-04-26 22:50:12.128 [main] [b9c88a0d-1a9f-499b-a64d-320a5abfe5a1] INFO  c.i.a.u.EvaluateRulesUseCaseImpl - M=execute, I=Iniciando avaliacao de regras
2026-04-26 22:50:12.128 [main] [b9c88a0d-1a9f-499b-a64d-320a5abfe5a1] INFO  c.i.a.u.EvaluateRulesUseCaseImpl - M=execute, I=Avaliacao de regras concluida, individualRules=1, groups=0
2026-04-26 22:50:12.128 [main] [6f9edf70-d742-4b3f-8ba1-e7ac57203f20] INFO  c.i.a.u.EvaluateRulesUseCaseImpl - M=execute, I=Iniciando avaliacao de regras
2026-04-26 22:50:12.128 [main] [6f9edf70-d742-4b3f-8ba1-e7ac57203f20] INFO  c.i.a.u.EvaluateRulesUseCaseImpl - M=execute, I=Avaliacao de regras concluida, individualRules=1, groups=0
2026-04-26 22:50:12.128 [main] [522a345b-9f5c-4ddb-9565-e0c96e759632] INFO  c.i.a.u.EvaluateRulesUseCaseImpl - M=execute, I=Iniciando avaliacao de regras
2026-04-26 22:50:12.128 [main] [522a345b-9f5c-4ddb-9565-e0c96e759632] INFO  c.i.a.u.EvaluateRulesUseCaseImpl - M=execute, I=Avaliacao de regras concluida, individualRules=1, groups=0
2026-04-26 22:50:12.128 [main] [e1f365ae-2795-40cf-be83-83b06fa7f3a6] INFO  c.i.a.u.EvaluateRulesUseCaseImpl - M=execute, I=Iniciando avaliacao de regras
2026-04-26 22:50:12.128 [main] [e1f365ae-2795-40cf-be83-83b06fa7f3a6] INFO  c.i.a.u.EvaluateRulesUseCaseImpl - M=execute, I=Avaliacao de regras concluida, individualRules=1, groups=0
2026-04-26 22:50:12.129 [main] [4e17d6bf-3e84-43a5-a979-2b2f8dec9a4c] INFO  c.i.a.u.EvaluateRulesUseCaseImpl - M=execute, I=Iniciando avaliacao de regras
2026-04-26 22:50:12.129 [main] [4e17d6bf-3e84-43a5-a979-2b2f8dec9a4c] INFO  c.i.a.u.EvaluateRulesUseCaseImpl - M=execute, I=Avaliacao de regras concluida, individualRules=1, groups=0
2026-04-26 22:50:12.129 [main] [c0d07a72-91d9-4bda-907e-1776501fcd81] INFO  c.i.a.u.EvaluateRulesUseCaseImpl - M=execute, I=Iniciando avaliacao de regras
2026-04-26 22:50:12.129 [main] [c0d07a72-91d9-4bda-907e-1776501fcd81] INFO  c.i.a.u.EvaluateRulesUseCaseImpl - M=execute, I=Avaliacao de regras concluida, individualRules=1, groups=0
2026-04-26 22:50:12.129 [main] [089277ee-e0e4-4dc7-a902-c3122891fc0a] INFO  c.i.a.u.EvaluateRulesUseCaseImpl - M=execute, I=Iniciando avaliacao de regras
2026-04-26 22:50:12.129 [main] [089277ee-e0e4-4dc7-a902-c3122891fc0a] INFO  c.i.a.u.EvaluateRulesUseCaseImpl - M=execute, I=Avaliacao de regras concluida, individualRules=1, groups=0
2026-04-26 22:50:12.129 [main] [0225ea6d-be6c-4bd5-86d9-673dddbd5ff5] INFO  c.i.a.u.EvaluateRulesUseCaseImpl - M=execute, I=Iniciando avaliacao de regras
2026-04-26 22:50:12.129 [main] [0225ea6d-be6c-4bd5-86d9-673dddbd5ff5] INFO  c.i.a.u.EvaluateRulesUseCaseImpl - M=execute, I=Avaliacao de regras concluida, individualRules=1, groups=0
2026-04-26 22:50:12.129 [main] [61d1988e-d7c5-4c6f-a559-042d29fd27d4] INFO  c.i.a.u.EvaluateRulesUseCaseImpl - M=execute, I=Iniciando avaliacao de regras
2026-04-26 22:50:12.129 [main] [61d1988e-d7c5-4c6f-a559-042d29fd27d4] INFO  c.i.a.u.EvaluateRulesUseCaseImpl - M=execute, I=Avaliacao de regras concluida, individualRules=1, groups=0
2026-04-26 22:50:12.130 [main] [b016d083-6c28-4a12-8d5b-50ff5a0ce507] INFO  c.i.a.u.EvaluateRulesUseCaseImpl - M=execute, I=Iniciando avaliacao de regras
2026-04-26 22:50:12.130 [main] [b016d083-6c28-4a12-8d5b-50ff5a0ce507] INFO  c.i.a.u.EvaluateRulesUseCaseImpl - M=execute, I=Avaliacao de regras concluida, individualRules=1, groups=0
2026-04-26 22:50:12.130 [main] [c7a2e712-f832-4011-8344-f7ef0109de8c] INFO  c.i.a.u.EvaluateRulesUseCaseImpl - M=execute, I=Iniciando avaliacao de regras
2026-04-26 22:50:12.130 [main] [c7a2e712-f832-4011-8344-f7ef0109de8c] INFO  c.i.a.u.EvaluateRulesUseCaseImpl - M=execute, I=Avaliacao de regras concluida, individualRules=1, groups=0
2026-04-26 22:50:12.130 [main] [620445cc-8e22-4158-927c-99f1e6c28d6f] INFO  c.i.a.u.EvaluateRulesUseCaseImpl - M=execute, I=Iniciando avaliacao de regras
2026-04-26 22:50:12.130 [main] [620445cc-8e22-4158-927c-99f1e6c28d6f] INFO  c.i.a.u.EvaluateRulesUseCaseImpl - M=execute, I=Avaliacao de regras concluida, individualRules=1, groups=0
2026-04-26 22:50:12.130 [main] [12f718f7-a4e2-427f-9164-272d0803ebc9] INFO  c.i.a.u.EvaluateRulesUseCaseImpl - M=execute, I=Iniciando avaliacao de regras
2026-04-26 22:50:12.130 [main] [12f718f7-a4e2-427f-9164-272d0803ebc9] INFO  c.i.a.u.EvaluateRulesUseCaseImpl - M=execute, I=Avaliacao de regras concluida, individualRules=1, groups=0
2026-04-26 22:50:12.130 [main] [c104d821-9765-44df-a8b9-cc1e86509760] INFO  c.i.a.u.EvaluateRulesUseCaseImpl - M=execute, I=Iniciando avaliacao de regras
2026-04-26 22:50:12.130 [main] [c104d821-9765-44df-a8b9-cc1e86509760] INFO  c.i.a.u.EvaluateRulesUseCaseImpl - M=execute, I=Avaliacao de regras concluida, individualRules=1, groups=0
2026-04-26 22:50:12.130 [main] [f7c6e020-bf3b-4047-99ae-f8083d6e24d2] INFO  c.i.a.u.EvaluateRulesUseCaseImpl - M=execute, I=Iniciando avaliacao de regras
2026-04-26 22:50:12.130 [main] [f7c6e020-bf3b-4047-99ae-f8083d6e24d2] INFO  c.i.a.u.EvaluateRulesUseCaseImpl - M=execute, I=Avaliacao de regras concluida, individualRules=1, groups=0
2026-04-26 22:50:12.131 [main] [fed373ed-9ae7-40c6-b937-226cea3a5777] INFO  c.i.a.u.EvaluateRulesUseCaseImpl - M=execute, I=Iniciando avaliacao de regras
2026-04-26 22:50:12.131 [main] [fed373ed-9ae7-40c6-b937-226cea3a5777] INFO  c.i.a.u.EvaluateRulesUseCaseImpl - M=execute, I=Avaliacao de regras concluida, individualRules=1, groups=0
2026-04-26 22:50:12.131 [main] [0c898140-9c5c-4e09-82df-ce4296becd0c] INFO  c.i.a.u.EvaluateRulesUseCaseImpl - M=execute, I=Iniciando avaliacao de regras
2026-04-26 22:50:12.131 [main] [0c898140-9c5c-4e09-82df-ce4296becd0c] INFO  c.i.a.u.EvaluateRulesUseCaseImpl - M=execute, I=Avaliacao de regras concluida, individualRules=1, groups=0
2026-04-26 22:50:12.131 [main] [7cfaee83-515c-4a4e-a756-85b5db541521] INFO  c.i.a.u.EvaluateRulesUseCaseImpl - M=execute, I=Iniciando avaliacao de regras
2026-04-26 22:50:12.131 [main] [7cfaee83-515c-4a4e-a756-85b5db541521] INFO  c.i.a.u.EvaluateRulesUseCaseImpl - M=execute, I=Avaliacao de regras concluida, individualRules=1, groups=0
2026-04-26 22:50:12.131 [main] [76d62a25-6b37-4514-b2ac-55c19fa604bf] INFO  c.i.a.u.EvaluateRulesUseCaseImpl - M=execute, I=Iniciando avaliacao de regras
2026-04-26 22:50:12.131 [main] [76d62a25-6b37-4514-b2ac-55c19fa604bf] INFO  c.i.a.u.EvaluateRulesUseCaseImpl - M=execute, I=Avaliacao de regras concluida, individualRules=1, groups=0
2026-04-26 22:50:12.131 [main] [f7e10d6a-9638-4e95-8071-1ae33f574f1c] INFO  c.i.a.u.EvaluateRulesUseCaseImpl - M=execute, I=Iniciando avaliacao de regras
2026-04-26 22:50:12.131 [main] [f7e10d6a-9638-4e95-8071-1ae33f574f1c] INFO  c.i.a.u.EvaluateRulesUseCaseImpl - M=execute, I=Avaliacao de regras concluida, individualRules=1, groups=0
2026-04-26 22:50:12.131 [main] [18ad32c3-ac68-4a10-8fca-59cca2670a11] INFO  c.i.a.u.EvaluateRulesUseCaseImpl - M=execute, I=Iniciando avaliacao de regras
2026-04-26 22:50:12.131 [main] [18ad32c3-ac68-4a10-8fca-59cca2670a11] INFO  c.i.a.u.EvaluateRulesUseCaseImpl - M=execute, I=Avaliacao de regras concluida, individualRules=1, groups=0
2026-04-26 22:50:12.131 [main] [9cbe915d-7d0d-48e0-8b80-87c88d7285f4] INFO  c.i.a.u.EvaluateRulesUseCaseImpl - M=execute, I=Iniciando avaliacao de regras
2026-04-26 22:50:12.131 [main] [9cbe915d-7d0d-48e0-8b80-87c88d7285f4] INFO  c.i.a.u.EvaluateRulesUseCaseImpl - M=execute, I=Avaliacao de regras concluida, individualRules=1, groups=0
2026-04-26 22:50:12.131 [main] [7a1fbda7-eb0a-4b59-965d-cc2f0d96b604] INFO  c.i.a.u.EvaluateRulesUseCaseImpl - M=execute, I=Iniciando avaliacao de regras
2026-04-26 22:50:12.131 [main] [7a1fbda7-eb0a-4b59-965d-cc2f0d96b604] INFO  c.i.a.u.EvaluateRulesUseCaseImpl - M=execute, I=Avaliacao de regras concluida, individualRules=1, groups=0
2026-04-26 22:50:12.132 [main] [bfbc1f3a-fb3e-42cf-bd47-164df2e13713] INFO  c.i.a.u.EvaluateRulesUseCaseImpl - M=execute, I=Iniciando avaliacao de regras
2026-04-26 22:50:12.132 [main] [bfbc1f3a-fb3e-42cf-bd47-164df2e13713] INFO  c.i.a.u.EvaluateRulesUseCaseImpl - M=execute, I=Avaliacao de regras concluida, individualRules=1, groups=0
2026-04-26 22:50:12.132 [main] [7d08b918-77ca-4c6c-a7ee-793aee3623ff] INFO  c.i.a.u.EvaluateRulesUseCaseImpl - M=execute, I=Iniciando avaliacao de regras
2026-04-26 22:50:12.132 [main] [7d08b918-77ca-4c6c-a7ee-793aee3623ff] INFO  c.i.a.u.EvaluateRulesUseCaseImpl - M=execute, I=Avaliacao de regras concluida, individualRules=1, groups=0
2026-04-26 22:50:12.132 [main] [42a4107c-eb2d-443c-82b6-b5fb5adcc773] INFO  c.i.a.u.EvaluateRulesUseCaseImpl - M=execute, I=Iniciando avaliacao de regras
2026-04-26 22:50:12.132 [main] [42a4107c-eb2d-443c-82b6-b5fb5adcc773] INFO  c.i.a.u.EvaluateRulesUseCaseImpl - M=execute, I=Avaliacao de regras concluida, individualRules=1, groups=0
2026-04-26 22:50:12.132 [main] [b5784df0-59b0-45f9-b48e-1be4b704e214] INFO  c.i.a.u.EvaluateRulesUseCaseImpl - M=execute, I=Iniciando avaliacao de regras
2026-04-26 22:50:12.132 [main] [b5784df0-59b0-45f9-b48e-1be4b704e214] INFO  c.i.a.u.EvaluateRulesUseCaseImpl - M=execute, I=Avaliacao de regras concluida, individualRules=1, groups=0
2026-04-26 22:50:12.132 [main] [253d1934-42db-4b79-9abb-0b9f2704b3c2] INFO  c.i.a.u.EvaluateRulesUseCaseImpl - M=execute, I=Iniciando avaliacao de regras
2026-04-26 22:50:12.132 [main] [253d1934-42db-4b79-9abb-0b9f2704b3c2] INFO  c.i.a.u.EvaluateRulesUseCaseImpl - M=execute, I=Avaliacao de regras concluida, individualRules=1, groups=0
2026-04-26 22:50:12.133 [main] [acedac6e-7117-412c-ad45-448033484a57] INFO  c.i.a.u.EvaluateRulesUseCaseImpl - M=execute, I=Iniciando avaliacao de regras
2026-04-26 22:50:12.133 [main] [acedac6e-7117-412c-ad45-448033484a57] INFO  c.i.a.u.EvaluateRulesUseCaseImpl - M=execute, I=Avaliacao de regras concluida, individualRules=1, groups=0
2026-04-26 22:50:12.133 [main] [84f2d4cc-c1d9-4729-8724-c686c46d1b96] INFO  c.i.a.u.EvaluateRulesUseCaseImpl - M=execute, I=Iniciando avaliacao de regras
2026-04-26 22:50:12.133 [main] [84f2d4cc-c1d9-4729-8724-c686c46d1b96] INFO  c.i.a.u.EvaluateRulesUseCaseImpl - M=execute, I=Avaliacao de regras concluida, individualRules=1, groups=0
2026-04-26 22:50:12.133 [main] [0cb1dca8-c317-4f50-a5d0-4300405a21e5] INFO  c.i.a.u.EvaluateRulesUseCaseImpl - M=execute, I=Iniciando avaliacao de regras
2026-04-26 22:50:12.133 [main] [0cb1dca8-c317-4f50-a5d0-4300405a21e5] INFO  c.i.a.u.EvaluateRulesUseCaseImpl - M=execute, I=Avaliacao de regras concluida, individualRules=1, groups=0
2026-04-26 22:50:12.134 [main] [dabb31d0-e55d-4f63-912c-b47bcaaf96ad] INFO  c.i.a.u.EvaluateRulesUseCaseImpl - M=execute, I=Iniciando avaliacao de regras
2026-04-26 22:50:12.134 [main] [dabb31d0-e55d-4f63-912c-b47bcaaf96ad] INFO  c.i.a.u.EvaluateRulesUseCaseImpl - M=execute, I=Avaliacao de regras concluida, individualRules=1, groups=0
2026-04-26 22:50:12.134 [main] [3af9425a-31bc-4c0c-a7df-4ac3368a3082] INFO  c.i.a.u.EvaluateRulesUseCaseImpl - M=execute, I=Iniciando avaliacao de regras
2026-04-26 22:50:12.134 [main] [3af9425a-31bc-4c0c-a7df-4ac3368a3082] INFO  c.i.a.u.EvaluateRulesUseCaseImpl - M=execute, I=Avaliacao de regras concluida, individualRules=1, groups=0
2026-04-26 22:50:12.134 [main] [7338a0e1-155f-43a2-b68c-0e8105cbcb3e] INFO  c.i.a.u.EvaluateRulesUseCaseImpl - M=execute, I=Iniciando avaliacao de regras
2026-04-26 22:50:12.134 [main] [7338a0e1-155f-43a2-b68c-0e8105cbcb3e] INFO  c.i.a.u.EvaluateRulesUseCaseImpl - M=execute, I=Avaliacao de regras concluida, individualRules=1, groups=0
2026-04-26 22:50:12.134 [main] [51f94fd8-b44e-4753-99b0-fa55a79be00f] INFO  c.i.a.u.EvaluateRulesUseCaseImpl - M=execute, I=Iniciando avaliacao de regras
2026-04-26 22:50:12.134 [main] [51f94fd8-b44e-4753-99b0-fa55a79be00f] INFO  c.i.a.u.EvaluateRulesUseCaseImpl - M=execute, I=Avaliacao de regras concluida, individualRules=1, groups=0
2026-04-26 22:50:12.134 [main] [c75c749a-1b8b-4005-894a-e994d29f75ba] INFO  c.i.a.u.EvaluateRulesUseCaseImpl - M=execute, I=Iniciando avaliacao de regras
2026-04-26 22:50:12.134 [main] [c75c749a-1b8b-4005-894a-e994d29f75ba] INFO  c.i.a.u.EvaluateRulesUseCaseImpl - M=execute, I=Avaliacao de regras concluida, individualRules=1, groups=0
2026-04-26 22:50:12.134 [main] [24ae56e1-4e94-41ba-9eb5-767b4372b9d5] INFO  c.i.a.u.EvaluateRulesUseCaseImpl - M=execute, I=Iniciando avaliacao de regras
2026-04-26 22:50:12.134 [main] [24ae56e1-4e94-41ba-9eb5-767b4372b9d5] INFO  c.i.a.u.EvaluateRulesUseCaseImpl - M=execute, I=Avaliacao de regras concluida, individualRules=1, groups=0
2026-04-26 22:50:12.134 [main] [276cf1b4-1031-45df-bcfd-842ab78ae424] INFO  c.i.a.u.EvaluateRulesUseCaseImpl - M=execute, I=Iniciando avaliacao de regras
2026-04-26 22:50:12.134 [main] [276cf1b4-1031-45df-bcfd-842ab78ae424] INFO  c.i.a.u.EvaluateRulesUseCaseImpl - M=execute, I=Avaliacao de regras concluida, individualRules=1, groups=0
2026-04-26 22:50:12.134 [main] [c286c383-b446-4ce7-96d3-46835f013958] INFO  c.i.a.u.EvaluateRulesUseCaseImpl - M=execute, I=Iniciando avaliacao de regras
2026-04-26 22:50:12.134 [main] [c286c383-b446-4ce7-96d3-46835f013958] INFO  c.i.a.u.EvaluateRulesUseCaseImpl - M=execute, I=Avaliacao de regras concluida, individualRules=1, groups=0
2026-04-26 22:50:12.135 [main] [f0637328-c54d-4bf4-b28e-c5f19fea0a84] INFO  c.i.a.u.EvaluateRulesUseCaseImpl - M=execute, I=Iniciando avaliacao de regras
2026-04-26 22:50:12.135 [main] [f0637328-c54d-4bf4-b28e-c5f19fea0a84] INFO  c.i.a.u.EvaluateRulesUseCaseImpl - M=execute, I=Avaliacao de regras concluida, individualRules=1, groups=0
2026-04-26 22:50:12.135 [main] [3a12c14f-799b-461f-bce2-060bedaca35a] INFO  c.i.a.u.EvaluateRulesUseCaseImpl - M=execute, I=Iniciando avaliacao de regras
2026-04-26 22:50:12.135 [main] [3a12c14f-799b-461f-bce2-060bedaca35a] INFO  c.i.a.u.EvaluateRulesUseCaseImpl - M=execute, I=Avaliacao de regras concluida, individualRules=1, groups=0
2026-04-26 22:50:12.135 [main] [7c054809-a90b-4c61-b389-e5cb46a4a3f1] INFO  c.i.a.u.EvaluateRulesUseCaseImpl - M=execute, I=Iniciando avaliacao de regras
2026-04-26 22:50:12.135 [main] [7c054809-a90b-4c61-b389-e5cb46a4a3f1] INFO  c.i.a.u.EvaluateRulesUseCaseImpl - M=execute, I=Avaliacao de regras concluida, individualRules=1, groups=0
2026-04-26 22:50:12.135 [main] [e727f771-5aea-45f6-9373-b95ae1a06807] INFO  c.i.a.u.EvaluateRulesUseCaseImpl - M=execute, I=Iniciando avaliacao de regras
2026-04-26 22:50:12.135 [main] [e727f771-5aea-45f6-9373-b95ae1a06807] INFO  c.i.a.u.EvaluateRulesUseCaseImpl - M=execute, I=Avaliacao de regras concluida, individualRules=1, groups=0
2026-04-26 22:50:12.135 [main] [6bc8bd9b-2541-467e-92ee-d2a0915b3729] INFO  c.i.a.u.EvaluateRulesUseCaseImpl - M=execute, I=Iniciando avaliacao de regras
2026-04-26 22:50:12.135 [main] [6bc8bd9b-2541-467e-92ee-d2a0915b3729] INFO  c.i.a.u.EvaluateRulesUseCaseImpl - M=execute, I=Avaliacao de regras concluida, individualRules=1, groups=0
2026-04-26 22:50:12.135 [main] [9e2d8f0f-3e45-44f3-bb51-e44c2a35020b] INFO  c.i.a.u.EvaluateRulesUseCaseImpl - M=execute, I=Iniciando avaliacao de regras
2026-04-26 22:50:12.135 [main] [9e2d8f0f-3e45-44f3-bb51-e44c2a35020b] INFO  c.i.a.u.EvaluateRulesUseCaseImpl - M=execute, I=Avaliacao de regras concluida, individualRules=1, groups=0
2026-04-26 22:50:12.135 [main] [a99c7a82-aab3-4d9b-992c-3d9580c6e795] INFO  c.i.a.u.EvaluateRulesUseCaseImpl - M=execute, I=Iniciando avaliacao de regras
2026-04-26 22:50:12.135 [main] [a99c7a82-aab3-4d9b-992c-3d9580c6e795] INFO  c.i.a.u.EvaluateRulesUseCaseImpl - M=execute, I=Avaliacao de regras concluida, individualRules=1, groups=0
2026-04-26 22:50:12.135 [main] [81de28a9-a2f1-46b0-856d-4d0d1ce003ae] INFO  c.i.a.u.EvaluateRulesUseCaseImpl - M=execute, I=Iniciando avaliacao de regras
2026-04-26 22:50:12.136 [main] [81de28a9-a2f1-46b0-856d-4d0d1ce003ae] INFO  c.i.a.u.EvaluateRulesUseCaseImpl - M=execute, I=Avaliacao de regras concluida, individualRules=1, groups=0
2026-04-26 22:50:12.136 [main] [1782171c-88b3-4546-8ae8-dd129b697f22] INFO  c.i.a.u.EvaluateRulesUseCaseImpl - M=execute, I=Iniciando avaliacao de regras
2026-04-26 22:50:12.136 [main] [1782171c-88b3-4546-8ae8-dd129b697f22] INFO  c.i.a.u.EvaluateRulesUseCaseImpl - M=execute, I=Avaliacao de regras concluida, individualRules=1, groups=0
2026-04-26 22:50:12.136 [main] [55337a58-5d2a-47e3-a0b3-6bf9ce3e3519] INFO  c.i.a.u.EvaluateRulesUseCaseImpl - M=execute, I=Iniciando avaliacao de regras
2026-04-26 22:50:12.136 [main] [55337a58-5d2a-47e3-a0b3-6bf9ce3e3519] INFO  c.i.a.u.EvaluateRulesUseCaseImpl - M=execute, I=Avaliacao de regras concluida, individualRules=1, groups=0
2026-04-26 22:50:12.136 [main] [24b85d9e-5f05-423e-b268-0f0b445cd2ca] INFO  c.i.a.u.EvaluateRulesUseCaseImpl - M=execute, I=Iniciando avaliacao de regras
2026-04-26 22:50:12.136 [main] [24b85d9e-5f05-423e-b268-0f0b445cd2ca] INFO  c.i.a.u.EvaluateRulesUseCaseImpl - M=execute, I=Avaliacao de regras concluida, individualRules=1, groups=0
2026-04-26 22:50:12.136 [main] [d7d63d4b-f991-4186-af9a-1ff11e08bd03] INFO  c.i.a.u.EvaluateRulesUseCaseImpl - M=execute, I=Iniciando avaliacao de regras
2026-04-26 22:50:12.136 [main] [d7d63d4b-f991-4186-af9a-1ff11e08bd03] INFO  c.i.a.u.EvaluateRulesUseCaseImpl - M=execute, I=Avaliacao de regras concluida, individualRules=1, groups=0
2026-04-26 22:50:12.136 [main] [15e8a375-a89e-43d3-94b0-1447f519a028] INFO  c.i.a.u.EvaluateRulesUseCaseImpl - M=execute, I=Iniciando avaliacao de regras
2026-04-26 22:50:12.136 [main] [15e8a375-a89e-43d3-94b0-1447f519a028] INFO  c.i.a.u.EvaluateRulesUseCaseImpl - M=execute, I=Avaliacao de regras concluida, individualRules=1, groups=0
2026-04-26 22:50:12.136 [main] [491687cb-77eb-4a88-9844-176f17074fa0] INFO  c.i.a.u.EvaluateRulesUseCaseImpl - M=execute, I=Iniciando avaliacao de regras
2026-04-26 22:50:12.136 [main] [491687cb-77eb-4a88-9844-176f17074fa0] INFO  c.i.a.u.EvaluateRulesUseCaseImpl - M=execute, I=Avaliacao de regras concluida, individualRules=1, groups=0
2026-04-26 22:50:12.136 [main] [684df568-a2f9-433b-9d8c-f169369a4d0a] INFO  c.i.a.u.EvaluateRulesUseCaseImpl - M=execute, I=Iniciando avaliacao de regras
2026-04-26 22:50:12.136 [main] [684df568-a2f9-433b-9d8c-f169369a4d0a] INFO  c.i.a.u.EvaluateRulesUseCaseImpl - M=execute, I=Avaliacao de regras concluida, individualRules=1, groups=0
2026-04-26 22:50:12.137 [main] [40fe6606-c49a-4578-b443-9439d9603829] INFO  c.i.a.u.EvaluateRulesUseCaseImpl - M=execute, I=Iniciando avaliacao de regras
2026-04-26 22:50:12.137 [main] [40fe6606-c49a-4578-b443-9439d9603829] INFO  c.i.a.u.EvaluateRulesUseCaseImpl - M=execute, I=Avaliacao de regras concluida, individualRules=1, groups=0
2026-04-26 22:50:12.137 [main] [9c883c75-98ff-42ef-9838-c354a0e95b47] INFO  c.i.a.u.EvaluateRulesUseCaseImpl - M=execute, I=Iniciando avaliacao de regras
2026-04-26 22:50:12.137 [main] [9c883c75-98ff-42ef-9838-c354a0e95b47] INFO  c.i.a.u.EvaluateRulesUseCaseImpl - M=execute, I=Avaliacao de regras concluida, individualRules=1, groups=0
2026-04-26 22:50:12.137 [main] [402f3df9-3b56-43a9-933e-8b2fee77f7ab] INFO  c.i.a.u.EvaluateRulesUseCaseImpl - M=execute, I=Iniciando avaliacao de regras
2026-04-26 22:50:12.137 [main] [402f3df9-3b56-43a9-933e-8b2fee77f7ab] INFO  c.i.a.u.EvaluateRulesUseCaseImpl - M=execute, I=Avaliacao de regras concluida, individualRules=1, groups=0
2026-04-26 22:50:12.137 [main] [6e7146e7-b75c-4d44-80cb-3654fb94e5d7] INFO  c.i.a.u.EvaluateRulesUseCaseImpl - M=execute, I=Iniciando avaliacao de regras
2026-04-26 22:50:12.137 [main] [6e7146e7-b75c-4d44-80cb-3654fb94e5d7] INFO  c.i.a.u.EvaluateRulesUseCaseImpl - M=execute, I=Avaliacao de regras concluida, individualRules=1, groups=0
2026-04-26 22:50:12.137 [main] [9388e426-fe5c-4de0-8cb0-553bb9312ef4] INFO  c.i.a.u.EvaluateRulesUseCaseImpl - M=execute, I=Iniciando avaliacao de regras
2026-04-26 22:50:12.137 [main] [9388e426-fe5c-4de0-8cb0-553bb9312ef4] INFO  c.i.a.u.EvaluateRulesUseCaseImpl - M=execute, I=Avaliacao de regras concluida, individualRules=1, groups=0
2026-04-26 22:50:12.137 [main] [784e3d85-03e5-4e5e-9c0f-f888061f7edc] INFO  c.i.a.u.EvaluateRulesUseCaseImpl - M=execute, I=Iniciando avaliacao de regras
2026-04-26 22:50:12.137 [main] [784e3d85-03e5-4e5e-9c0f-f888061f7edc] INFO  c.i.a.u.EvaluateRulesUseCaseImpl - M=execute, I=Avaliacao de regras concluida, individualRules=1, groups=0
2026-04-26 22:50:12.137 [main] [3ecad1c7-2ce0-4265-9e4d-1a76473c2a47] INFO  c.i.a.u.EvaluateRulesUseCaseImpl - M=execute, I=Iniciando avaliacao de regras
2026-04-26 22:50:12.137 [main] [3ecad1c7-2ce0-4265-9e4d-1a76473c2a47] INFO  c.i.a.u.EvaluateRulesUseCaseImpl - M=execute, I=Avaliacao de regras concluida, individualRules=1, groups=0
2026-04-26 22:50:12.137 [main] [dfc1489d-8de0-4ae7-b68a-9748a740508e] INFO  c.i.a.u.EvaluateRulesUseCaseImpl - M=execute, I=Iniciando avaliacao de regras
2026-04-26 22:50:12.137 [main] [dfc1489d-8de0-4ae7-b68a-9748a740508e] INFO  c.i.a.u.EvaluateRulesUseCaseImpl - M=execute, I=Avaliacao de regras concluida, individualRules=1, groups=0
2026-04-26 22:50:12.137 [main] [9c6db01c-d668-4159-bc8c-1c893447a2d1] INFO  c.i.a.u.EvaluateRulesUseCaseImpl - M=execute, I=Iniciando avaliacao de regras
2026-04-26 22:50:12.137 [main] [9c6db01c-d668-4159-bc8c-1c893447a2d1] INFO  c.i.a.u.EvaluateRulesUseCaseImpl - M=execute, I=Avaliacao de regras concluida, individualRules=1, groups=0
2026-04-26 22:50:12.138 [main] [01c49e93-e4c7-40d6-b20e-661900e82b63] INFO  c.i.a.u.EvaluateRulesUseCaseImpl - M=execute, I=Iniciando avaliacao de regras
2026-04-26 22:50:12.138 [main] [01c49e93-e4c7-40d6-b20e-661900e82b63] INFO  c.i.a.u.EvaluateRulesUseCaseImpl - M=execute, I=Avaliacao de regras concluida, individualRules=1, groups=0
2026-04-26 22:50:12.138 [main] [a97fb70e-ff1b-46b4-be5d-4112fcd360aa] INFO  c.i.a.u.EvaluateRulesUseCaseImpl - M=execute, I=Iniciando avaliacao de regras
2026-04-26 22:50:12.138 [main] [a97fb70e-ff1b-46b4-be5d-4112fcd360aa] INFO  c.i.a.u.EvaluateRulesUseCaseImpl - M=execute, I=Avaliacao de regras concluida, individualRules=1, groups=0
2026-04-26 22:50:12.138 [main] [862c327c-a135-442d-9d2f-0928c747e497] INFO  c.i.a.u.EvaluateRulesUseCaseImpl - M=execute, I=Iniciando avaliacao de regras
2026-04-26 22:50:12.138 [main] [862c327c-a135-442d-9d2f-0928c747e497] INFO  c.i.a.u.EvaluateRulesUseCaseImpl - M=execute, I=Avaliacao de regras concluida, individualRules=1, groups=0
2026-04-26 22:50:12.138 [main] [9cb8f943-691c-42cb-9c9a-72eac08f56d3] INFO  c.i.a.u.EvaluateRulesUseCaseImpl - M=execute, I=Iniciando avaliacao de regras
2026-04-26 22:50:12.138 [main] [9cb8f943-691c-42cb-9c9a-72eac08f56d3] INFO  c.i.a.u.EvaluateRulesUseCaseImpl - M=execute, I=Avaliacao de regras concluida, individualRules=1, groups=0
2026-04-26 22:50:12.138 [main] [1ebc8002-abe8-4b49-a25c-8cc975a0a50c] INFO  c.i.a.u.EvaluateRulesUseCaseImpl - M=execute, I=Iniciando avaliacao de regras
2026-04-26 22:50:12.138 [main] [1ebc8002-abe8-4b49-a25c-8cc975a0a50c] INFO  c.i.a.u.EvaluateRulesUseCaseImpl - M=execute, I=Avaliacao de regras concluida, individualRules=1, groups=0
2026-04-26 22:50:12.138 [main] [2649eaf8-2578-4f73-96c8-5faa8b442b0e] INFO  c.i.a.u.EvaluateRulesUseCaseImpl - M=execute, I=Iniciando avaliacao de regras
2026-04-26 22:50:12.138 [main] [2649eaf8-2578-4f73-96c8-5faa8b442b0e] INFO  c.i.a.u.EvaluateRulesUseCaseImpl - M=execute, I=Avaliacao de regras concluida, individualRules=1, groups=0
2026-04-26 22:50:12.138 [main] [b3fb7cfa-0106-4081-99c5-e706ba280bbc] INFO  c.i.a.u.EvaluateRulesUseCaseImpl - M=execute, I=Iniciando avaliacao de regras
2026-04-26 22:50:12.138 [main] [b3fb7cfa-0106-4081-99c5-e706ba280bbc] INFO  c.i.a.u.EvaluateRulesUseCaseImpl - M=execute, I=Avaliacao de regras concluida, individualRules=1, groups=0
2026-04-26 22:50:12.138 [main] [cf6e2e20-1c78-4104-b3ab-b401aff987b7] INFO  c.i.a.u.EvaluateRulesUseCaseImpl - M=execute, I=Iniciando avaliacao de regras
2026-04-26 22:50:12.138 [main] [cf6e2e20-1c78-4104-b3ab-b401aff987b7] INFO  c.i.a.u.EvaluateRulesUseCaseImpl - M=execute, I=Avaliacao de regras concluida, individualRules=1, groups=0
2026-04-26 22:50:12.138 [main] [314083a8-7072-4f45-b86e-4e19b9938f9b] INFO  c.i.a.u.EvaluateRulesUseCaseImpl - M=execute, I=Iniciando avaliacao de regras
2026-04-26 22:50:12.139 [main] [314083a8-7072-4f45-b86e-4e19b9938f9b] INFO  c.i.a.u.EvaluateRulesUseCaseImpl - M=execute, I=Avaliacao de regras concluida, individualRules=1, groups=0
2026-04-26 22:50:12.139 [main] [157f10d6-0369-4cee-9ab2-12b721fc10f2] INFO  c.i.a.u.EvaluateRulesUseCaseImpl - M=execute, I=Iniciando avaliacao de regras
2026-04-26 22:50:12.139 [main] [157f10d6-0369-4cee-9ab2-12b721fc10f2] INFO  c.i.a.u.EvaluateRulesUseCaseImpl - M=execute, I=Avaliacao de regras concluida, individualRules=1, groups=0
2026-04-26 22:50:12.139 [main] [cb90cac6-1e87-44a6-b518-860e857cb530] INFO  c.i.a.u.EvaluateRulesUseCaseImpl - M=execute, I=Iniciando avaliacao de regras
2026-04-26 22:50:12.139 [main] [cb90cac6-1e87-44a6-b518-860e857cb530] INFO  c.i.a.u.EvaluateRulesUseCaseImpl - M=execute, I=Avaliacao de regras concluida, individualRules=1, groups=0
2026-04-26 22:50:12.139 [main] [122ca481-b45f-4016-8842-5451c19dc403] INFO  c.i.a.u.EvaluateRulesUseCaseImpl - M=execute, I=Iniciando avaliacao de regras
2026-04-26 22:50:12.139 [main] [122ca481-b45f-4016-8842-5451c19dc403] INFO  c.i.a.u.EvaluateRulesUseCaseImpl - M=execute, I=Avaliacao de regras concluida, individualRules=1, groups=0
2026-04-26 22:50:12.139 [main] [a488bc50-643f-47f7-87de-a17d7f8ab06f] INFO  c.i.a.u.EvaluateRulesUseCaseImpl - M=execute, I=Iniciando avaliacao de regras
2026-04-26 22:50:12.139 [main] [a488bc50-643f-47f7-87de-a17d7f8ab06f] INFO  c.i.a.u.EvaluateRulesUseCaseImpl - M=execute, I=Avaliacao de regras concluida, individualRules=1, groups=0
2026-04-26 22:50:12.139 [main] [619b6a43-cdce-4bb5-884a-3bd30d74dec5] INFO  c.i.a.u.EvaluateRulesUseCaseImpl - M=execute, I=Iniciando avaliacao de regras
2026-04-26 22:50:12.139 [main] [619b6a43-cdce-4bb5-884a-3bd30d74dec5] INFO  c.i.a.u.EvaluateRulesUseCaseImpl - M=execute, I=Avaliacao de regras concluida, individualRules=1, groups=0
2026-04-26 22:50:12.139 [main] [57c33151-f938-432f-bf38-36fea753bdac] INFO  c.i.a.u.EvaluateRulesUseCaseImpl - M=execute, I=Iniciando avaliacao de regras
2026-04-26 22:50:12.139 [main] [57c33151-f938-432f-bf38-36fea753bdac] INFO  c.i.a.u.EvaluateRulesUseCaseImpl - M=execute, I=Avaliacao de regras concluida, individualRules=1, groups=0
2026-04-26 22:50:12.139 [main] [3bd8f224-f3d4-494c-aeb2-4822628d53a9] INFO  c.i.a.u.EvaluateRulesUseCaseImpl - M=execute, I=Iniciando avaliacao de regras
2026-04-26 22:50:12.139 [main] [3bd8f224-f3d4-494c-aeb2-4822628d53a9] INFO  c.i.a.u.EvaluateRulesUseCaseImpl - M=execute, I=Avaliacao de regras concluida, individualRules=1, groups=0
2026-04-26 22:50:12.139 [main] [b0008ac1-c9fa-4b94-bb0b-fa397edb4762] INFO  c.i.a.u.EvaluateRulesUseCaseImpl - M=execute, I=Iniciando avaliacao de regras
2026-04-26 22:50:12.139 [main] [b0008ac1-c9fa-4b94-bb0b-fa397edb4762] INFO  c.i.a.u.EvaluateRulesUseCaseImpl - M=execute, I=Avaliacao de regras concluida, individualRules=1, groups=0
2026-04-26 22:50:12.139 [main] [c303a7a1-dd07-4121-b1f0-3cd45255cb12] INFO  c.i.a.u.EvaluateRulesUseCaseImpl - M=execute, I=Iniciando avaliacao de regras
2026-04-26 22:50:12.140 [main] [c303a7a1-dd07-4121-b1f0-3cd45255cb12] INFO  c.i.a.u.EvaluateRulesUseCaseImpl - M=execute, I=Avaliacao de regras concluida, individualRules=1, groups=0
2026-04-26 22:50:12.140 [main] [e20ee808-515b-458d-96ba-9d0769b20108] INFO  c.i.a.u.EvaluateRulesUseCaseImpl - M=execute, I=Iniciando avaliacao de regras
2026-04-26 22:50:12.140 [main] [e20ee808-515b-458d-96ba-9d0769b20108] INFO  c.i.a.u.EvaluateRulesUseCaseImpl - M=execute, I=Avaliacao de regras concluida, individualRules=1, groups=0
2026-04-26 22:50:12.140 [main] [4abf263a-7c4e-4c11-b639-a4284a70b317] INFO  c.i.a.u.EvaluateRulesUseCaseImpl - M=execute, I=Iniciando avaliacao de regras
2026-04-26 22:50:12.140 [main] [4abf263a-7c4e-4c11-b639-a4284a70b317] INFO  c.i.a.u.EvaluateRulesUseCaseImpl - M=execute, I=Avaliacao de regras concluida, individualRules=1, groups=0
2026-04-26 22:50:12.140 [main] [a4725b40-298f-43a7-a2d2-51ba9f7e1996] INFO  c.i.a.u.EvaluateRulesUseCaseImpl - M=execute, I=Iniciando avaliacao de regras
2026-04-26 22:50:12.140 [main] [a4725b40-298f-43a7-a2d2-51ba9f7e1996] INFO  c.i.a.u.EvaluateRulesUseCaseImpl - M=execute, I=Avaliacao de regras concluida, individualRules=1, groups=0
2026-04-26 22:50:12.140 [main] [5d24194a-3a10-4547-ace5-f482373238c7] INFO  c.i.a.u.EvaluateRulesUseCaseImpl - M=execute, I=Iniciando avaliacao de regras
2026-04-26 22:50:12.140 [main] [5d24194a-3a10-4547-ace5-f482373238c7] INFO  c.i.a.u.EvaluateRulesUseCaseImpl - M=execute, I=Avaliacao de regras concluida, individualRules=1, groups=0
2026-04-26 22:50:12.140 [main] [4b1e4abf-b16f-49a7-9ff2-dd1b7f87636a] INFO  c.i.a.u.EvaluateRulesUseCaseImpl - M=execute, I=Iniciando avaliacao de regras
2026-04-26 22:50:12.140 [main] [4b1e4abf-b16f-49a7-9ff2-dd1b7f87636a] INFO  c.i.a.u.EvaluateRulesUseCaseImpl - M=execute, I=Avaliacao de regras concluida, individualRules=1, groups=0
2026-04-26 22:50:12.140 [main] [4580b8c1-8854-4aa5-abe0-68afada75f35] INFO  c.i.a.u.EvaluateRulesUseCaseImpl - M=execute, I=Iniciando avaliacao de regras
2026-04-26 22:50:12.140 [main] [4580b8c1-8854-4aa5-abe0-68afada75f35] INFO  c.i.a.u.EvaluateRulesUseCaseImpl - M=execute, I=Avaliacao de regras concluida, individualRules=1, groups=0
2026-04-26 22:50:12.140 [main] [3b59df68-2ff6-417d-95b4-c9f2296611a7] INFO  c.i.a.u.EvaluateRulesUseCaseImpl - M=execute, I=Iniciando avaliacao de regras
2026-04-26 22:50:12.140 [main] [3b59df68-2ff6-417d-95b4-c9f2296611a7] INFO  c.i.a.u.EvaluateRulesUseCaseImpl - M=execute, I=Avaliacao de regras concluida, individualRules=1, groups=0
2026-04-26 22:50:12.140 [main] [2245deb2-b9e4-4832-9edd-6e4b88f6715f] INFO  c.i.a.u.EvaluateRulesUseCaseImpl - M=execute, I=Iniciando avaliacao de regras
2026-04-26 22:50:12.140 [main] [2245deb2-b9e4-4832-9edd-6e4b88f6715f] INFO  c.i.a.u.EvaluateRulesUseCaseImpl - M=execute, I=Avaliacao de regras concluida, individualRules=1, groups=0
2026-04-26 22:50:12.140 [main] [e56563c7-32cd-498c-a6d9-fcf03d7f7dde] INFO  c.i.a.u.EvaluateRulesUseCaseImpl - M=execute, I=Iniciando avaliacao de regras
2026-04-26 22:50:12.140 [main] [e56563c7-32cd-498c-a6d9-fcf03d7f7dde] INFO  c.i.a.u.EvaluateRulesUseCaseImpl - M=execute, I=Avaliacao de regras concluida, individualRules=1, groups=0
2026-04-26 22:50:12.141 [main] [641b8d08-471c-4671-bc79-0fc67dfcd5f8] INFO  c.i.a.u.EvaluateRulesUseCaseImpl - M=execute, I=Iniciando avaliacao de regras
2026-04-26 22:50:12.141 [main] [641b8d08-471c-4671-bc79-0fc67dfcd5f8] INFO  c.i.a.u.EvaluateRulesUseCaseImpl - M=execute, I=Avaliacao de regras concluida, individualRules=1, groups=0
2026-04-26 22:50:12.141 [main] [34dea2b9-589d-495e-b396-346c60b8b83c] INFO  c.i.a.u.EvaluateRulesUseCaseImpl - M=execute, I=Iniciando avaliacao de regras
2026-04-26 22:50:12.141 [main] [34dea2b9-589d-495e-b396-346c60b8b83c] INFO  c.i.a.u.EvaluateRulesUseCaseImpl - M=execute, I=Avaliacao de regras concluida, individualRules=1, groups=0
2026-04-26 22:50:12.141 [main] [9d74a604-ecb0-4266-8140-5b7fa79f1b29] INFO  c.i.a.u.EvaluateRulesUseCaseImpl - M=execute, I=Iniciando avaliacao de regras
2026-04-26 22:50:12.141 [main] [9d74a604-ecb0-4266-8140-5b7fa79f1b29] INFO  c.i.a.u.EvaluateRulesUseCaseImpl - M=execute, I=Avaliacao de regras concluida, individualRules=1, groups=0
2026-04-26 22:50:12.141 [main] [71da9b5d-ee43-40f8-9ddc-cc29a79225a2] INFO  c.i.a.u.EvaluateRulesUseCaseImpl - M=execute, I=Iniciando avaliacao de regras
2026-04-26 22:50:12.141 [main] [71da9b5d-ee43-40f8-9ddc-cc29a79225a2] INFO  c.i.a.u.EvaluateRulesUseCaseImpl - M=execute, I=Avaliacao de regras concluida, individualRules=1, groups=0
2026-04-26 22:50:12.141 [main] [8e9dfcf7-c143-4f58-b03d-7e9c054a7670] INFO  c.i.a.u.EvaluateRulesUseCaseImpl - M=execute, I=Iniciando avaliacao de regras
2026-04-26 22:50:12.141 [main] [8e9dfcf7-c143-4f58-b03d-7e9c054a7670] INFO  c.i.a.u.EvaluateRulesUseCaseImpl - M=execute, I=Avaliacao de regras concluida, individualRules=1, groups=0
2026-04-26 22:50:12.141 [main] [cf704e6e-3de8-49f4-9bda-e6105f1f0452] INFO  c.i.a.u.EvaluateRulesUseCaseImpl - M=execute, I=Iniciando avaliacao de regras
2026-04-26 22:50:12.141 [main] [cf704e6e-3de8-49f4-9bda-e6105f1f0452] INFO  c.i.a.u.EvaluateRulesUseCaseImpl - M=execute, I=Avaliacao de regras concluida, individualRules=1, groups=0
2026-04-26 22:50:12.141 [main] [1046ee40-da9e-4289-936b-cfc584d98e62] INFO  c.i.a.u.EvaluateRulesUseCaseImpl - M=execute, I=Iniciando avaliacao de regras
2026-04-26 22:50:12.141 [main] [1046ee40-da9e-4289-936b-cfc584d98e62] INFO  c.i.a.u.EvaluateRulesUseCaseImpl - M=execute, I=Avaliacao de regras concluida, individualRules=1, groups=0
2026-04-26 22:50:12.141 [main] [3ea0cf49-42b5-47c6-9487-f62a9a7174cd] INFO  c.i.a.u.EvaluateRulesUseCaseImpl - M=execute, I=Iniciando avaliacao de regras
2026-04-26 22:50:12.141 [main] [3ea0cf49-42b5-47c6-9487-f62a9a7174cd] INFO  c.i.a.u.EvaluateRulesUseCaseImpl - M=execute, I=Avaliacao de regras concluida, individualRules=1, groups=0
2026-04-26 22:50:12.141 [main] [8bb66ba2-1789-4c5b-8eae-ee4bfe094667] INFO  c.i.a.u.EvaluateRulesUseCaseImpl - M=execute, I=Iniciando avaliacao de regras
2026-04-26 22:50:12.142 [main] [8bb66ba2-1789-4c5b-8eae-ee4bfe094667] INFO  c.i.a.u.EvaluateRulesUseCaseImpl - M=execute, I=Avaliacao de regras concluida, individualRules=1, groups=0
2026-04-26 22:50:12.142 [main] [a875c63a-f0be-4b31-93ff-bd421f754af9] INFO  c.i.a.u.EvaluateRulesUseCaseImpl - M=execute, I=Iniciando avaliacao de regras
2026-04-26 22:50:12.142 [main] [a875c63a-f0be-4b31-93ff-bd421f754af9] INFO  c.i.a.u.EvaluateRulesUseCaseImpl - M=execute, I=Avaliacao de regras concluida, individualRules=1, groups=0
2026-04-26 22:50:12.142 [main] [8b19f126-bf7e-4e14-8fe0-cbb2df05c74c] INFO  c.i.a.u.EvaluateRulesUseCaseImpl - M=execute, I=Iniciando avaliacao de regras
2026-04-26 22:50:12.142 [main] [8b19f126-bf7e-4e14-8fe0-cbb2df05c74c] INFO  c.i.a.u.EvaluateRulesUseCaseImpl - M=execute, I=Avaliacao de regras concluida, individualRules=1, groups=0
2026-04-26 22:50:12.142 [main] [afb5f40e-1ced-4e0d-b9e2-1c68caecb1b3] INFO  c.i.a.u.EvaluateRulesUseCaseImpl - M=execute, I=Iniciando avaliacao de regras
2026-04-26 22:50:12.142 [main] [afb5f40e-1ced-4e0d-b9e2-1c68caecb1b3] INFO  c.i.a.u.EvaluateRulesUseCaseImpl - M=execute, I=Avaliacao de regras concluida, individualRules=1, groups=0
2026-04-26 22:50:12.142 [main] [425eb18d-dfe4-4922-a869-81f7b27ad86d] INFO  c.i.a.u.EvaluateRulesUseCaseImpl - M=execute, I=Iniciando avaliacao de regras
2026-04-26 22:50:12.142 [main] [425eb18d-dfe4-4922-a869-81f7b27ad86d] INFO  c.i.a.u.EvaluateRulesUseCaseImpl - M=execute, I=Avaliacao de regras concluida, individualRules=1, groups=0
2026-04-26 22:50:12.142 [main] [ccf76121-ac29-4ea9-8a7b-38f04c997203] INFO  c.i.a.u.EvaluateRulesUseCaseImpl - M=execute, I=Iniciando avaliacao de regras
2026-04-26 22:50:12.142 [main] [ccf76121-ac29-4ea9-8a7b-38f04c997203] INFO  c.i.a.u.EvaluateRulesUseCaseImpl - M=execute, I=Avaliacao de regras concluida, individualRules=1, groups=0
2026-04-26 22:50:12.142 [main] [8341855e-2147-4a21-b374-d894dfef6b46] INFO  c.i.a.u.EvaluateRulesUseCaseImpl - M=execute, I=Iniciando avaliacao de regras
2026-04-26 22:50:12.142 [main] [8341855e-2147-4a21-b374-d894dfef6b46] INFO  c.i.a.u.EvaluateRulesUseCaseImpl - M=execute, I=Avaliacao de regras concluida, individualRules=1, groups=0
2026-04-26 22:50:12.142 [main] [85e16f60-d90d-4ab0-bf2d-48dfd32161dc] INFO  c.i.a.u.EvaluateRulesUseCaseImpl - M=execute, I=Iniciando avaliacao de regras
2026-04-26 22:50:12.142 [main] [85e16f60-d90d-4ab0-bf2d-48dfd32161dc] INFO  c.i.a.u.EvaluateRulesUseCaseImpl - M=execute, I=Avaliacao de regras concluida, individualRules=1, groups=0
2026-04-26 22:50:12.142 [main] [bfdf998d-1366-4081-8bed-dea5c3714879] INFO  c.i.a.u.EvaluateRulesUseCaseImpl - M=execute, I=Iniciando avaliacao de regras
2026-04-26 22:50:12.142 [main] [bfdf998d-1366-4081-8bed-dea5c3714879] INFO  c.i.a.u.EvaluateRulesUseCaseImpl - M=execute, I=Avaliacao de regras concluida, individualRules=1, groups=0
2026-04-26 22:50:12.143 [main] [060fe162-98d1-4e1a-9f84-f0cd7f49f367] INFO  c.i.a.u.EvaluateRulesUseCaseImpl - M=execute, I=Iniciando avaliacao de regras
2026-04-26 22:50:12.143 [main] [060fe162-98d1-4e1a-9f84-f0cd7f49f367] INFO  c.i.a.u.EvaluateRulesUseCaseImpl - M=execute, I=Avaliacao de regras concluida, individualRules=1, groups=0
2026-04-26 22:50:12.143 [main] [b673c17a-cc33-4279-83e4-91e299791d8d] INFO  c.i.a.u.EvaluateRulesUseCaseImpl - M=execute, I=Iniciando avaliacao de regras
2026-04-26 22:50:12.143 [main] [b673c17a-cc33-4279-83e4-91e299791d8d] INFO  c.i.a.u.EvaluateRulesUseCaseImpl - M=execute, I=Avaliacao de regras concluida, individualRules=1, groups=0
2026-04-26 22:50:12.143 [main] [7281f5ec-37de-4605-838d-bd9dea0827a5] INFO  c.i.a.u.EvaluateRulesUseCaseImpl - M=execute, I=Iniciando avaliacao de regras
2026-04-26 22:50:12.143 [main] [7281f5ec-37de-4605-838d-bd9dea0827a5] INFO  c.i.a.u.EvaluateRulesUseCaseImpl - M=execute, I=Avaliacao de regras concluida, individualRules=1, groups=0
2026-04-26 22:50:12.143 [main] [0d53bc79-50af-495d-8b6f-4722bddede01] INFO  c.i.a.u.EvaluateRulesUseCaseImpl - M=execute, I=Iniciando avaliacao de regras
2026-04-26 22:50:12.143 [main] [0d53bc79-50af-495d-8b6f-4722bddede01] INFO  c.i.a.u.EvaluateRulesUseCaseImpl - M=execute, I=Avaliacao de regras concluida, individualRules=1, groups=0
2026-04-26 22:50:12.143 [main] [8f90ef31-4ec9-4b58-ae36-9beecdd281e1] INFO  c.i.a.u.EvaluateRulesUseCaseImpl - M=execute, I=Iniciando avaliacao de regras
2026-04-26 22:50:12.143 [main] [8f90ef31-4ec9-4b58-ae36-9beecdd281e1] INFO  c.i.a.u.EvaluateRulesUseCaseImpl - M=execute, I=Avaliacao de regras concluida, individualRules=1, groups=0
2026-04-26 22:50:12.143 [main] [2727738e-e0fc-494b-a319-63aeb0dd8f60] INFO  c.i.a.u.EvaluateRulesUseCaseImpl - M=execute, I=Iniciando avaliacao de regras
2026-04-26 22:50:12.144 [main] [2727738e-e0fc-494b-a319-63aeb0dd8f60] INFO  c.i.a.u.EvaluateRulesUseCaseImpl - M=execute, I=Avaliacao de regras concluida, individualRules=1, groups=0
2026-04-26 22:50:12.144 [main] [50d11f18-7ff8-4385-8913-36f857a6c772] INFO  c.i.a.u.EvaluateRulesUseCaseImpl - M=execute, I=Iniciando avaliacao de regras
2026-04-26 22:50:12.144 [main] [50d11f18-7ff8-4385-8913-36f857a6c772] INFO  c.i.a.u.EvaluateRulesUseCaseImpl - M=execute, I=Avaliacao de regras concluida, individualRules=1, groups=0
2026-04-26 22:50:12.144 [main] [20455be9-800f-4eba-b972-12143cafd114] INFO  c.i.a.u.EvaluateRulesUseCaseImpl - M=execute, I=Iniciando avaliacao de regras
2026-04-26 22:50:12.144 [main] [20455be9-800f-4eba-b972-12143cafd114] INFO  c.i.a.u.EvaluateRulesUseCaseImpl - M=execute, I=Avaliacao de regras concluida, individualRules=1, groups=0
2026-04-26 22:50:12.144 [main] [3db17c65-bb66-4f87-8797-38a15c4c68a3] INFO  c.i.a.u.EvaluateRulesUseCaseImpl - M=execute, I=Iniciando avaliacao de regras
2026-04-26 22:50:12.145 [main] [3db17c65-bb66-4f87-8797-38a15c4c68a3] INFO  c.i.a.u.EvaluateRulesUseCaseImpl - M=execute, I=Avaliacao de regras concluida, individualRules=1, groups=0
2026-04-26 22:50:12.145 [main] [22005513-92c7-452c-b4cc-9e3584b12d2f] INFO  c.i.a.u.EvaluateRulesUseCaseImpl - M=execute, I=Iniciando avaliacao de regras
2026-04-26 22:50:12.145 [main] [22005513-92c7-452c-b4cc-9e3584b12d2f] INFO  c.i.a.u.EvaluateRulesUseCaseImpl - M=execute, I=Avaliacao de regras concluida, individualRules=1, groups=0
2026-04-26 22:50:12.145 [main] [0cdb0d25-c91c-4845-b513-a48890986127] INFO  c.i.a.u.EvaluateRulesUseCaseImpl - M=execute, I=Iniciando avaliacao de regras
2026-04-26 22:50:12.145 [main] [0cdb0d25-c91c-4845-b513-a48890986127] INFO  c.i.a.u.EvaluateRulesUseCaseImpl - M=execute, I=Avaliacao de regras concluida, individualRules=1, groups=0
2026-04-26 22:50:12.145 [main] [7405445b-0801-4cc2-b290-4fde18ededef] INFO  c.i.a.u.EvaluateRulesUseCaseImpl - M=execute, I=Iniciando avaliacao de regras
2026-04-26 22:50:12.146 [main] [7405445b-0801-4cc2-b290-4fde18ededef] INFO  c.i.a.u.EvaluateRulesUseCaseImpl - M=execute, I=Avaliacao de regras concluida, individualRules=1, groups=0
2026-04-26 22:50:12.146 [main] [30a5169a-b269-410e-92db-24962b9e0e54] INFO  c.i.a.u.EvaluateRulesUseCaseImpl - M=execute, I=Iniciando avaliacao de regras
2026-04-26 22:50:12.146 [main] [30a5169a-b269-410e-92db-24962b9e0e54] INFO  c.i.a.u.EvaluateRulesUseCaseImpl - M=execute, I=Avaliacao de regras concluida, individualRules=1, groups=0
2026-04-26 22:50:12.146 [main] [50cf24c1-b20b-40c5-8813-38dad05c364c] INFO  c.i.a.u.EvaluateRulesUseCaseImpl - M=execute, I=Iniciando avaliacao de regras
2026-04-26 22:50:12.146 [main] [50cf24c1-b20b-40c5-8813-38dad05c364c] INFO  c.i.a.u.EvaluateRulesUseCaseImpl - M=execute, I=Avaliacao de regras concluida, individualRules=1, groups=0
2026-04-26 22:50:12.146 [main] [1924c639-1538-40e2-90b2-ff25907f88d2] INFO  c.i.a.u.EvaluateRulesUseCaseImpl - M=execute, I=Iniciando avaliacao de regras
2026-04-26 22:50:12.146 [main] [1924c639-1538-40e2-90b2-ff25907f88d2] INFO  c.i.a.u.EvaluateRulesUseCaseImpl - M=execute, I=Avaliacao de regras concluida, individualRules=1, groups=0
2026-04-26 22:50:12.147 [main] [5b0dc78a-85b4-4675-95ef-1e1ea88ec7f5] INFO  c.i.a.u.EvaluateRulesUseCaseImpl - M=execute, I=Iniciando avaliacao de regras
2026-04-26 22:50:12.147 [main] [5b0dc78a-85b4-4675-95ef-1e1ea88ec7f5] INFO  c.i.a.u.EvaluateRulesUseCaseImpl - M=execute, I=Avaliacao de regras concluida, individualRules=1, groups=0
2026-04-26 22:50:12.147 [main] [5284b472-8256-41ce-b425-4ec02865fd8f] INFO  c.i.a.u.EvaluateRulesUseCaseImpl - M=execute, I=Iniciando avaliacao de regras
2026-04-26 22:50:12.147 [main] [5284b472-8256-41ce-b425-4ec02865fd8f] INFO  c.i.a.u.EvaluateRulesUseCaseImpl - M=execute, I=Avaliacao de regras concluida, individualRules=1, groups=0
2026-04-26 22:50:12.147 [main] [c5dd092e-7af3-44dd-bdc0-65d195dd5d69] INFO  c.i.a.u.EvaluateRulesUseCaseImpl - M=execute, I=Iniciando avaliacao de regras
2026-04-26 22:50:12.147 [main] [c5dd092e-7af3-44dd-bdc0-65d195dd5d69] INFO  c.i.a.u.EvaluateRulesUseCaseImpl - M=execute, I=Avaliacao de regras concluida, individualRules=1, groups=0
2026-04-26 22:50:12.148 [main] [c392e4b9-df3d-45e7-ae2e-4556ff5ad6a3] INFO  c.i.a.u.EvaluateRulesUseCaseImpl - M=execute, I=Iniciando avaliacao de regras
2026-04-26 22:50:12.148 [main] [c392e4b9-df3d-45e7-ae2e-4556ff5ad6a3] INFO  c.i.a.u.EvaluateRulesUseCaseImpl - M=execute, I=Avaliacao de regras concluida, individualRules=1, groups=0
2026-04-26 22:50:12.148 [main] [835818b9-2cf9-4750-88d6-d4bc62a6dd2d] INFO  c.i.a.u.EvaluateRulesUseCaseImpl - M=execute, I=Iniciando avaliacao de regras
2026-04-26 22:50:12.148 [main] [835818b9-2cf9-4750-88d6-d4bc62a6dd2d] INFO  c.i.a.u.EvaluateRulesUseCaseImpl - M=execute, I=Avaliacao de regras concluida, individualRules=1, groups=0
2026-04-26 22:50:12.148 [main] [8e248518-a7c2-4df3-8018-d67100b18a54] INFO  c.i.a.u.EvaluateRulesUseCaseImpl - M=execute, I=Iniciando avaliacao de regras
2026-04-26 22:50:12.148 [main] [8e248518-a7c2-4df3-8018-d67100b18a54] INFO  c.i.a.u.EvaluateRulesUseCaseImpl - M=execute, I=Avaliacao de regras concluida, individualRules=1, groups=0
2026-04-26 22:50:12.148 [main] [39271065-c417-443f-ac81-642134d8e04e] INFO  c.i.a.u.EvaluateRulesUseCaseImpl - M=execute, I=Iniciando avaliacao de regras
2026-04-26 22:50:12.148 [main] [39271065-c417-443f-ac81-642134d8e04e] INFO  c.i.a.u.EvaluateRulesUseCaseImpl - M=execute, I=Avaliacao de regras concluida, individualRules=1, groups=0
2026-04-26 22:50:12.148 [main] [a28ef459-281d-4f8a-96f1-c6ad784a1cd2] INFO  c.i.a.u.EvaluateRulesUseCaseImpl - M=execute, I=Iniciando avaliacao de regras
2026-04-26 22:50:12.148 [main] [a28ef459-281d-4f8a-96f1-c6ad784a1cd2] INFO  c.i.a.u.EvaluateRulesUseCaseImpl - M=execute, I=Avaliacao de regras concluida, individualRules=1, groups=0
2026-04-26 22:50:12.149 [main] [e35502dd-d816-4ebd-b74c-ac275aeb56cf] INFO  c.i.a.u.EvaluateRulesUseCaseImpl - M=execute, I=Iniciando avaliacao de regras
2026-04-26 22:50:12.149 [main] [e35502dd-d816-4ebd-b74c-ac275aeb56cf] INFO  c.i.a.u.EvaluateRulesUseCaseImpl - M=execute, I=Avaliacao de regras concluida, individualRules=1, groups=0
2026-04-26 22:50:12.149 [main] [5a47c08d-4c0c-4aab-8ff6-93c7525cf87d] INFO  c.i.a.u.EvaluateRulesUseCaseImpl - M=execute, I=Iniciando avaliacao de regras
2026-04-26 22:50:12.149 [main] [5a47c08d-4c0c-4aab-8ff6-93c7525cf87d] INFO  c.i.a.u.EvaluateRulesUseCaseImpl - M=execute, I=Avaliacao de regras concluida, individualRules=1, groups=0
2026-04-26 22:50:12.149 [main] [b81cd9a7-435e-4bfe-8051-c25b30473037] INFO  c.i.a.u.EvaluateRulesUseCaseImpl - M=execute, I=Iniciando avaliacao de regras
2026-04-26 22:50:12.149 [main] [b81cd9a7-435e-4bfe-8051-c25b30473037] INFO  c.i.a.u.EvaluateRulesUseCaseImpl - M=execute, I=Avaliacao de regras concluida, individualRules=1, groups=0
2026-04-26 22:50:12.149 [main] [7aa7b888-8b74-40f5-a5d8-f0d2c0f6b992] INFO  c.i.a.u.EvaluateRulesUseCaseImpl - M=execute, I=Iniciando avaliacao de regras
2026-04-26 22:50:12.149 [main] [7aa7b888-8b74-40f5-a5d8-f0d2c0f6b992] INFO  c.i.a.u.EvaluateRulesUseCaseImpl - M=execute, I=Avaliacao de regras concluida, individualRules=1, groups=0
2026-04-26 22:50:12.149 [main] [925fa9c1-890d-47c3-be7e-7d7e030a36f6] INFO  c.i.a.u.EvaluateRulesUseCaseImpl - M=execute, I=Iniciando avaliacao de regras
2026-04-26 22:50:12.149 [main] [925fa9c1-890d-47c3-be7e-7d7e030a36f6] INFO  c.i.a.u.EvaluateRulesUseCaseImpl - M=execute, I=Avaliacao de regras concluida, individualRules=1, groups=0
2026-04-26 22:50:12.149 [main] [f893a629-773c-4736-9524-4d9057db9086] INFO  c.i.a.u.EvaluateRulesUseCaseImpl - M=execute, I=Iniciando avaliacao de regras
2026-04-26 22:50:12.149 [main] [f893a629-773c-4736-9524-4d9057db9086] INFO  c.i.a.u.EvaluateRulesUseCaseImpl - M=execute, I=Avaliacao de regras concluida, individualRules=1, groups=0
[...]
2026-04-26 22:50:12.232 [main] [3458d2a4-15e5-4535-8468-39dcb108de1e] INFO  c.i.a.u.EvaluateRulesUseCaseImpl - M=execute, I=Avaliacao de regras concluida, individualRules=1, groups=0
2026-04-26 22:50:12.232 [main] [5bbb106a-5b27-44ea-b2f9-76d792f18b34] INFO  c.i.a.u.EvaluateRulesUseCaseImpl - M=execute, I=Iniciando avaliacao de regras
2026-04-26 22:50:12.232 [main] [5bbb106a-5b27-44ea-b2f9-76d792f18b34] INFO  c.i.a.u.EvaluateRulesUseCaseImpl - M=execute, I=Avaliacao de regras concluida, individualRules=1, groups=0
2026-04-26 22:50:12.232 [main] [aebf74fb-cbe0-45c2-bdb3-a829bae70d91] INFO  c.i.a.u.EvaluateRulesUseCaseImpl - M=execute, I=Iniciando avaliacao de regras
2026-04-26 22:50:12.232 [main] [aebf74fb-cbe0-45c2-bdb3-a829bae70d91] INFO  c.i.a.u.EvaluateRulesUseCaseImpl - M=execute, I=Avaliacao de regras concluida, individualRules=1, groups=0
2026-04-26 22:50:12.232 [main] [ae1204c2-e597-4db4-bfd1-61970b2a7e51] INFO  c.i.a.u.EvaluateRulesUseCaseImpl - M=execute, I=Iniciando avaliacao de regras
2026-04-26 22:50:12.232 [main] [ae1204c2-e597-4db4-bfd1-61970b2a7e51] INFO  c.i.a.u.EvaluateRulesUseCaseImpl - M=execute, I=Avaliacao de regras concluida, individualRules=1, groups=0
2026-04-26 22:50:12.232 [main] [35bf505e-4e47-4c45-be4c-b4d5d7ef64f5] INFO  c.i.a.u.EvaluateRulesUseCaseImpl - M=execute, I=Iniciando avaliacao de regras
2026-04-26 22:50:12.232 [main] [35bf505e-4e47-4c45-be4c-b4d5d7ef64f5] INFO  c.i.a.u.EvaluateRulesUseCaseImpl - M=execute, I=Avaliacao de regras concluida, individualRules=1, groups=0
2026-04-26 22:50:12.232 [main] [5ffe9398-5c7a-4e2d-a04b-ad3d607ca4ff] INFO  c.i.a.u.EvaluateRulesUseCaseImpl - M=execute, I=Iniciando avaliacao de regras
2026-04-26 22:50:12.232 [main] [5ffe9398-5c7a-4e2d-a04b-ad3d607ca4ff] INFO  c.i.a.u.EvaluateRulesUseCaseImpl - M=execute, I=Avaliacao de regras concluida, individualRules=1, groups=0
2026-04-26 22:50:12.232 [main] [6f608bd3-b793-401f-aedc-f2b342ee3404] INFO  c.i.a.u.EvaluateRulesUseCaseImpl - M=execute, I=Iniciando avaliacao de regras
2026-04-26 22:50:12.232 [main] [6f608bd3-b793-401f-aedc-f2b342ee3404] INFO  c.i.a.u.EvaluateRulesUseCaseImpl - M=execute, I=Avaliacao de regras concluida, individualRules=1, groups=0
2026-04-26 22:50:12.233 [main] [cd7aefb3-5e44-49fe-824b-1609722be65b] INFO  c.i.a.u.EvaluateRulesUseCaseImpl - M=execute, I=Iniciando avaliacao de regras
2026-04-26 22:50:12.233 [main] [cd7aefb3-5e44-49fe-824b-1609722be65b] INFO  c.i.a.u.EvaluateRulesUseCaseImpl - M=execute, I=Avaliacao de regras concluida, individualRules=1, groups=0
2026-04-26 22:50:12.233 [main] [a4f424d4-5230-40b9-ac4b-fa8c444d7ab6] INFO  c.i.a.u.EvaluateRulesUseCaseImpl - M=execute, I=Iniciando avaliacao de regras
2026-04-26 22:50:12.233 [main] [a4f424d4-5230-40b9-ac4b-fa8c444d7ab6] INFO  c.i.a.u.EvaluateRulesUseCaseImpl - M=execute, I=Avaliacao de regras concluida, individualRules=1, groups=0
2026-04-26 22:50:12.233 [main] [6819e4f2-ae54-45c7-a113-64b2e389a1a1] INFO  c.i.a.u.EvaluateRulesUseCaseImpl - M=execute, I=Iniciando avaliacao de regras
2026-04-26 22:50:12.233 [main] [6819e4f2-ae54-45c7-a113-64b2e389a1a1] INFO  c.i.a.u.EvaluateRulesUseCaseImpl - M=execute, I=Avaliacao de regras concluida, individualRules=1, groups=0
2026-04-26 22:50:12.233 [main] [fae3676f-c380-4941-90fa-5ce59ef8221a] INFO  c.i.a.u.EvaluateRulesUseCaseImpl - M=execute, I=Iniciando avaliacao de regras
2026-04-26 22:50:12.233 [main] [fae3676f-c380-4941-90fa-5ce59ef8221a] INFO  c.i.a.u.EvaluateRulesUseCaseImpl - M=execute, I=Avaliacao de regras concluida, individualRules=1, groups=0
2026-04-26 22:50:12.233 [main] [ebb93e02-1cbd-46b5-af21-f24cfaa85a0c] INFO  c.i.a.u.EvaluateRulesUseCaseImpl - M=execute, I=Iniciando avaliacao de regras
2026-04-26 22:50:12.233 [main] [ebb93e02-1cbd-46b5-af21-f24cfaa85a0c] INFO  c.i.a.u.EvaluateRulesUseCaseImpl - M=execute, I=Avaliacao de regras concluida, individualRules=1, groups=0
2026-04-26 22:50:12.233 [main] [096c9a33-dc7f-4509-b1e4-63b578bf2b7e] INFO  c.i.a.u.EvaluateRulesUseCaseImpl - M=execute, I=Iniciando avaliacao de regras
2026-04-26 22:50:12.233 [main] [096c9a33-dc7f-4509-b1e4-63b578bf2b7e] INFO  c.i.a.u.EvaluateRulesUseCaseImpl - M=execute, I=Avaliacao de regras concluida, individualRules=1, groups=0
2026-04-26 22:50:12.233 [main] [82103455-46c4-442e-9930-d30dd7c8fae8] INFO  c.i.a.u.EvaluateRulesUseCaseImpl - M=execute, I=Iniciando avaliacao de regras
2026-04-26 22:50:12.233 [main] [82103455-46c4-442e-9930-d30dd7c8fae8] INFO  c.i.a.u.EvaluateRulesUseCaseImpl - M=execute, I=Avaliacao de regras concluida, individualRules=1, groups=0
2026-04-26 22:50:12.233 [main] [476b0d39-71bb-4d44-ab51-ea61f1df8426] INFO  c.i.a.u.EvaluateRulesUseCaseImpl - M=execute, I=Iniciando avaliacao de regras
2026-04-26 22:50:12.233 [main] [476b0d39-71bb-4d44-ab51-ea61f1df8426] INFO  c.i.a.u.EvaluateRulesUseCaseImpl - M=execute, I=Avaliacao de regras concluida, individualRules=1, groups=0
2026-04-26 22:50:12.233 [main] [cbfb3714-e903-4c7a-816a-c6206b75ca34] INFO  c.i.a.u.EvaluateRulesUseCaseImpl - M=execute, I=Iniciando avaliacao de regras
2026-04-26 22:50:12.233 [main] [cbfb3714-e903-4c7a-816a-c6206b75ca34] INFO  c.i.a.u.EvaluateRulesUseCaseImpl - M=execute, I=Avaliacao de regras concluida, individualRules=1, groups=0
2026-04-26 22:50:12.233 [main] [7f128eae-9339-49ee-9e3c-efd0d0b7d006] INFO  c.i.a.u.EvaluateRulesUseCaseImpl - M=execute, I=Iniciando avaliacao de regras
2026-04-26 22:50:12.233 [main] [7f128eae-9339-49ee-9e3c-efd0d0b7d006] INFO  c.i.a.u.EvaluateRulesUseCaseImpl - M=execute, I=Avaliacao de regras concluida, individualRules=1, groups=0
2026-04-26 22:50:12.234 [main] [5693f325-ef22-4ef9-a6e5-65892eb29b15] INFO  c.i.a.u.EvaluateRulesUseCaseImpl - M=execute, I=Iniciando avaliacao de regras
2026-04-26 22:50:12.234 [main] [5693f325-ef22-4ef9-a6e5-65892eb29b15] INFO  c.i.a.u.EvaluateRulesUseCaseImpl - M=execute, I=Avaliacao de regras concluida, individualRules=1, groups=0
2026-04-26 22:50:12.234 [main] [00461bb9-0b21-42d1-91c2-fc3ec59f438c] INFO  c.i.a.u.EvaluateRulesUseCaseImpl - M=execute, I=Iniciando avaliacao de regras
2026-04-26 22:50:12.234 [main] [00461bb9-0b21-42d1-91c2-fc3ec59f438c] INFO  c.i.a.u.EvaluateRulesUseCaseImpl - M=execute, I=Avaliacao de regras concluida, individualRules=1, groups=0
2026-04-26 22:50:12.234 [main] [9542a115-931c-4b14-8e95-d2d3336e75da] INFO  c.i.a.u.EvaluateRulesUseCaseImpl - M=execute, I=Iniciando avaliacao de regras
2026-04-26 22:50:12.234 [main] [9542a115-931c-4b14-8e95-d2d3336e75da] INFO  c.i.a.u.EvaluateRulesUseCaseImpl - M=execute, I=Avaliacao de regras concluida, individualRules=1, groups=0
2026-04-26 22:50:12.234 [main] [4abbc7da-7ba5-48dd-9222-1f7f1a6133dc] INFO  c.i.a.u.EvaluateRulesUseCaseImpl - M=execute, I=Iniciando avaliacao de regras
2026-04-26 22:50:12.234 [main] [4abbc7da-7ba5-48dd-9222-1f7f1a6133dc] INFO  c.i.a.u.EvaluateRulesUseCaseImpl - M=execute, I=Avaliacao de regras concluida, individualRules=1, groups=0
2026-04-26 22:50:12.234 [main] [d1b5bfa2-4ba8-463a-9441-d881a33f9e29] INFO  c.i.a.u.EvaluateRulesUseCaseImpl - M=execute, I=Iniciando avaliacao de regras
2026-04-26 22:50:12.234 [main] [d1b5bfa2-4ba8-463a-9441-d881a33f9e29] INFO  c.i.a.u.EvaluateRulesUseCaseImpl - M=execute, I=Avaliacao de regras concluida, individualRules=1, groups=0
2026-04-26 22:50:12.234 [main] [59924111-dc37-482e-b098-25eb0c7e1361] INFO  c.i.a.u.EvaluateRulesUseCaseImpl - M=execute, I=Iniciando avaliacao de regras
2026-04-26 22:50:12.234 [main] [59924111-dc37-482e-b098-25eb0c7e1361] INFO  c.i.a.u.EvaluateRulesUseCaseImpl - M=execute, I=Avaliacao de regras concluida, individualRules=1, groups=0
2026-04-26 22:50:12.234 [main] [d20d96ea-b343-4c68-aca0-1156b6fc1e3a] INFO  c.i.a.u.EvaluateRulesUseCaseImpl - M=execute, I=Iniciando avaliacao de regras
2026-04-26 22:50:12.234 [main] [d20d96ea-b343-4c68-aca0-1156b6fc1e3a] INFO  c.i.a.u.EvaluateRulesUseCaseImpl - M=execute, I=Avaliacao de regras concluida, individualRules=1, groups=0
2026-04-26 22:50:12.234 [main] [dbcb5f58-5f78-422d-857f-65e51639077c] INFO  c.i.a.u.EvaluateRulesUseCaseImpl - M=execute, I=Iniciando avaliacao de regras
2026-04-26 22:50:12.234 [main] [dbcb5f58-5f78-422d-857f-65e51639077c] INFO  c.i.a.u.EvaluateRulesUseCaseImpl - M=execute, I=Avaliacao de regras concluida, individualRules=1, groups=0
2026-04-26 22:50:12.234 [main] [56cc78e1-7da0-4d59-86b1-11730aaa1e1e] INFO  c.i.a.u.EvaluateRulesUseCaseImpl - M=execute, I=Iniciando avaliacao de regras
2026-04-26 22:50:12.234 [main] [56cc78e1-7da0-4d59-86b1-11730aaa1e1e] INFO  c.i.a.u.EvaluateRulesUseCaseImpl - M=execute, I=Avaliacao de regras concluida, individualRules=1, groups=0
2026-04-26 22:50:12.234 [main] [96462ff1-cc78-49db-8d4f-ca44b6a3c423] INFO  c.i.a.u.EvaluateRulesUseCaseImpl - M=execute, I=Iniciando avaliacao de regras
2026-04-26 22:50:12.234 [main] [96462ff1-cc78-49db-8d4f-ca44b6a3c423] INFO  c.i.a.u.EvaluateRulesUseCaseImpl - M=execute, I=Avaliacao de regras concluida, individualRules=1, groups=0
2026-04-26 22:50:12.234 [main] [097117fa-c3f9-4b58-9b74-d73cf19a82c4] INFO  c.i.a.u.EvaluateRulesUseCaseImpl - M=execute, I=Iniciando avaliacao de regras
2026-04-26 22:50:12.234 [main] [097117fa-c3f9-4b58-9b74-d73cf19a82c4] INFO  c.i.a.u.EvaluateRulesUseCaseImpl - M=execute, I=Avaliacao de regras concluida, individualRules=1, groups=0
2026-04-26 22:50:12.235 [main] [a6fe17bc-23c1-4d23-9e32-80b8c025472d] INFO  c.i.a.u.EvaluateRulesUseCaseImpl - M=execute, I=Iniciando avaliacao de regras
2026-04-26 22:50:12.235 [main] [a6fe17bc-23c1-4d23-9e32-80b8c025472d] INFO  c.i.a.u.EvaluateRulesUseCaseImpl - M=execute, I=Avaliacao de regras concluida, individualRules=1, groups=0
2026-04-26 22:50:12.235 [main] [f46d58ba-ca94-44fc-9025-a0423d2c0056] INFO  c.i.a.u.EvaluateRulesUseCaseImpl - M=execute, I=Iniciando avaliacao de regras
2026-04-26 22:50:12.235 [main] [f46d58ba-ca94-44fc-9025-a0423d2c0056] INFO  c.i.a.u.EvaluateRulesUseCaseImpl - M=execute, I=Avaliacao de regras concluida, individualRules=1, groups=0
2026-04-26 22:50:12.235 [main] [36ad1b99-47b4-4452-ac06-08cdcdb65009] INFO  c.i.a.u.EvaluateRulesUseCaseImpl - M=execute, I=Iniciando avaliacao de regras
2026-04-26 22:50:12.235 [main] [36ad1b99-47b4-4452-ac06-08cdcdb65009] INFO  c.i.a.u.EvaluateRulesUseCaseImpl - M=execute, I=Avaliacao de regras concluida, individualRules=1, groups=0
2026-04-26 22:50:12.235 [main] [9e6dec2b-5b0b-4278-bf4c-5f8c5f624766] INFO  c.i.a.u.EvaluateRulesUseCaseImpl - M=execute, I=Iniciando avaliacao de regras
2026-04-26 22:50:12.235 [main] [9e6dec2b-5b0b-4278-bf4c-5f8c5f624766] INFO  c.i.a.u.EvaluateRulesUseCaseImpl - M=execute, I=Avaliacao de regras concluida, individualRules=1, groups=0
2026-04-26 22:50:12.235 [main] [793808bb-32bb-4ed0-9498-3b33875a34e5] INFO  c.i.a.u.EvaluateRulesUseCaseImpl - M=execute, I=Iniciando avaliacao de regras
2026-04-26 22:50:12.235 [main] [793808bb-32bb-4ed0-9498-3b33875a34e5] INFO  c.i.a.u.EvaluateRulesUseCaseImpl - M=execute, I=Avaliacao de regras concluida, individualRules=1, groups=0
2026-04-26 22:50:12.235 [main] [4030deb3-68c4-4246-ba95-167208e2f409] INFO  c.i.a.u.EvaluateRulesUseCaseImpl - M=execute, I=Iniciando avaliacao de regras
2026-04-26 22:50:12.235 [main] [4030deb3-68c4-4246-ba95-167208e2f409] INFO  c.i.a.u.EvaluateRulesUseCaseImpl - M=execute, I=Avaliacao de regras concluida, individualRules=1, groups=0
2026-04-26 22:50:12.235 [main] [e98d47cc-336c-4fbe-af70-cda10056a973] INFO  c.i.a.u.EvaluateRulesUseCaseImpl - M=execute, I=Iniciando avaliacao de regras
2026-04-26 22:50:12.235 [main] [e98d47cc-336c-4fbe-af70-cda10056a973] INFO  c.i.a.u.EvaluateRulesUseCaseImpl - M=execute, I=Avaliacao de regras concluida, individualRules=1, groups=0
2026-04-26 22:50:12.235 [main] [c480c6e5-ea0c-45c2-b031-2d04dbf2e560] INFO  c.i.a.u.EvaluateRulesUseCaseImpl - M=execute, I=Iniciando avaliacao de regras
2026-04-26 22:50:12.235 [main] [c480c6e5-ea0c-45c2-b031-2d04dbf2e560] INFO  c.i.a.u.EvaluateRulesUseCaseImpl - M=execute, I=Avaliacao de regras concluida, individualRules=1, groups=0
2026-04-26 22:50:12.235 [main] [7f281cc4-4720-4ecd-9b40-5e65473453c2] INFO  c.i.a.u.EvaluateRulesUseCaseImpl - M=execute, I=Iniciando avaliacao de regras
2026-04-26 22:50:12.235 [main] [7f281cc4-4720-4ecd-9b40-5e65473453c2] INFO  c.i.a.u.EvaluateRulesUseCaseImpl - M=execute, I=Avaliacao de regras concluida, individualRules=1, groups=0
2026-04-26 22:50:12.235 [main] [8fa4d955-914b-491b-9e0e-e1ad20c1f50b] INFO  c.i.a.u.EvaluateRulesUseCaseImpl - M=execute, I=Iniciando avaliacao de regras
2026-04-26 22:50:12.235 [main] [8fa4d955-914b-491b-9e0e-e1ad20c1f50b] INFO  c.i.a.u.EvaluateRulesUseCaseImpl - M=execute, I=Avaliacao de regras concluida, individualRules=1, groups=0
2026-04-26 22:50:12.235 [main] [c325552c-ba1e-461a-a4d7-818d8a3e4c10] INFO  c.i.a.u.EvaluateRulesUseCaseImpl - M=execute, I=Iniciando avaliacao de regras
2026-04-26 22:50:12.235 [main] [c325552c-ba1e-461a-a4d7-818d8a3e4c10] INFO  c.i.a.u.EvaluateRulesUseCaseImpl - M=execute, I=Avaliacao de regras concluida, individualRules=1, groups=0
2026-04-26 22:50:12.236 [main] [ccc9f848-f7b8-45b5-bec8-3bc09374f2f5] INFO  c.i.a.u.EvaluateRulesUseCaseImpl - M=execute, I=Iniciando avaliacao de regras
2026-04-26 22:50:12.236 [main] [ccc9f848-f7b8-45b5-bec8-3bc09374f2f5] INFO  c.i.a.u.EvaluateRulesUseCaseImpl - M=execute, I=Avaliacao de regras concluida, individualRules=1, groups=0
2026-04-26 22:50:12.236 [main] [b2de9e9e-0a79-4f42-81bf-95f51b6e311e] INFO  c.i.a.u.EvaluateRulesUseCaseImpl - M=execute, I=Iniciando avaliacao de regras
2026-04-26 22:50:12.236 [main] [b2de9e9e-0a79-4f42-81bf-95f51b6e311e] INFO  c.i.a.u.EvaluateRulesUseCaseImpl - M=execute, I=Avaliacao de regras concluida, individualRules=1, groups=0
2026-04-26 22:50:12.236 [main] [4d4a4335-b33a-4b0c-8416-0565b52d59fe] INFO  c.i.a.u.EvaluateRulesUseCaseImpl - M=execute, I=Iniciando avaliacao de regras
2026-04-26 22:50:12.236 [main] [4d4a4335-b33a-4b0c-8416-0565b52d59fe] INFO  c.i.a.u.EvaluateRulesUseCaseImpl - M=execute, I=Avaliacao de regras concluida, individualRules=1, groups=0
2026-04-26 22:50:12.236 [main] [b33bd020-eae0-439b-b6e1-d42760e0abf3] INFO  c.i.a.u.EvaluateRulesUseCaseImpl - M=execute, I=Iniciando avaliacao de regras
2026-04-26 22:50:12.236 [main] [b33bd020-eae0-439b-b6e1-d42760e0abf3] INFO  c.i.a.u.EvaluateRulesUseCaseImpl - M=execute, I=Avaliacao de regras concluida, individualRules=1, groups=0
2026-04-26 22:50:12.236 [main] [f996d128-f35b-42ea-bb92-167bc48661f3] INFO  c.i.a.u.EvaluateRulesUseCaseImpl - M=execute, I=Iniciando avaliacao de regras
2026-04-26 22:50:12.236 [main] [f996d128-f35b-42ea-bb92-167bc48661f3] INFO  c.i.a.u.EvaluateRulesUseCaseImpl - M=execute, I=Avaliacao de regras concluida, individualRules=1, groups=0
2026-04-26 22:50:12.236 [main] [0f40beed-e42a-4ebe-8572-71fd5112511b] INFO  c.i.a.u.EvaluateRulesUseCaseImpl - M=execute, I=Iniciando avaliacao de regras
2026-04-26 22:50:12.236 [main] [0f40beed-e42a-4ebe-8572-71fd5112511b] INFO  c.i.a.u.EvaluateRulesUseCaseImpl - M=execute, I=Avaliacao de regras concluida, individualRules=1, groups=0
2026-04-26 22:50:12.236 [main] [305239e4-cc70-48c8-8145-b97fec29c434] INFO  c.i.a.u.EvaluateRulesUseCaseImpl - M=execute, I=Iniciando avaliacao de regras
2026-04-26 22:50:12.236 [main] [305239e4-cc70-48c8-8145-b97fec29c434] INFO  c.i.a.u.EvaluateRulesUseCaseImpl - M=execute, I=Avaliacao de regras concluida, individualRules=1, groups=0
2026-04-26 22:50:12.236 [main] [b48b19f6-a420-4a35-8db4-2b0316394364] INFO  c.i.a.u.EvaluateRulesUseCaseImpl - M=execute, I=Iniciando avaliacao de regras
2026-04-26 22:50:12.236 [main] [b48b19f6-a420-4a35-8db4-2b0316394364] INFO  c.i.a.u.EvaluateRulesUseCaseImpl - M=execute, I=Avaliacao de regras concluida, individualRules=1, groups=0
2026-04-26 22:50:12.236 [main] [6ab66780-31fb-4332-ad53-e289396ef4f9] INFO  c.i.a.u.EvaluateRulesUseCaseImpl - M=execute, I=Iniciando avaliacao de regras
2026-04-26 22:50:12.236 [main] [6ab66780-31fb-4332-ad53-e289396ef4f9] INFO  c.i.a.u.EvaluateRulesUseCaseImpl - M=execute, I=Avaliacao de regras concluida, individualRules=1, groups=0
2026-04-26 22:50:12.236 [main] [039c3e50-db43-4d5a-800a-da3422143ece] INFO  c.i.a.u.EvaluateRulesUseCaseImpl - M=execute, I=Iniciando avaliacao de regras
2026-04-26 22:50:12.236 [main] [039c3e50-db43-4d5a-800a-da3422143ece] INFO  c.i.a.u.EvaluateRulesUseCaseImpl - M=execute, I=Avaliacao de regras concluida, individualRules=1, groups=0
2026-04-26 22:50:12.236 [main] [3067c11d-1ba7-4b45-88f4-8843682f258e] INFO  c.i.a.u.EvaluateRulesUseCaseImpl - M=execute, I=Iniciando avaliacao de regras
2026-04-26 22:50:12.237 [main] [3067c11d-1ba7-4b45-88f4-8843682f258e] INFO  c.i.a.u.EvaluateRulesUseCaseImpl - M=execute, I=Avaliacao de regras concluida, individualRules=1, groups=0
2026-04-26 22:50:12.237 [main] [e633d620-fc44-47a5-a615-34e49c57acd5] INFO  c.i.a.u.EvaluateRulesUseCaseImpl - M=execute, I=Iniciando avaliacao de regras
2026-04-26 22:50:12.237 [main] [e633d620-fc44-47a5-a615-34e49c57acd5] INFO  c.i.a.u.EvaluateRulesUseCaseImpl - M=execute, I=Avaliacao de regras concluida, individualRules=1, groups=0
2026-04-26 22:50:12.237 [main] [22b8770f-dcd2-4290-aeb4-ccf934dbbabf] INFO  c.i.a.u.EvaluateRulesUseCaseImpl - M=execute, I=Iniciando avaliacao de regras
2026-04-26 22:50:12.237 [main] [22b8770f-dcd2-4290-aeb4-ccf934dbbabf] INFO  c.i.a.u.EvaluateRulesUseCaseImpl - M=execute, I=Avaliacao de regras concluida, individualRules=1, groups=0
2026-04-26 22:50:12.237 [main] [3f7cd461-f10b-4864-a515-5e91eaaa3367] INFO  c.i.a.u.EvaluateRulesUseCaseImpl - M=execute, I=Iniciando avaliacao de regras
2026-04-26 22:50:12.237 [main] [3f7cd461-f10b-4864-a515-5e91eaaa3367] INFO  c.i.a.u.EvaluateRulesUseCaseImpl - M=execute, I=Avaliacao de regras concluida, individualRules=1, groups=0
2026-04-26 22:50:12.237 [main] [1aa6a609-a25a-4f8e-8804-97100b6697f9] INFO  c.i.a.u.EvaluateRulesUseCaseImpl - M=execute, I=Iniciando avaliacao de regras
2026-04-26 22:50:12.237 [main] [1aa6a609-a25a-4f8e-8804-97100b6697f9] INFO  c.i.a.u.EvaluateRulesUseCaseImpl - M=execute, I=Avaliacao de regras concluida, individualRules=1, groups=0
2026-04-26 22:50:12.237 [main] [2fd34c48-42d1-44ab-b1b8-8337e1610a6e] INFO  c.i.a.u.EvaluateRulesUseCaseImpl - M=execute, I=Iniciando avaliacao de regras
2026-04-26 22:50:12.237 [main] [2fd34c48-42d1-44ab-b1b8-8337e1610a6e] INFO  c.i.a.u.EvaluateRulesUseCaseImpl - M=execute, I=Avaliacao de regras concluida, individualRules=1, groups=0
2026-04-26 22:50:12.237 [main] [03f5a382-5715-4334-91da-69f64dfaf5c5] INFO  c.i.a.u.EvaluateRulesUseCaseImpl - M=execute, I=Iniciando avaliacao de regras
2026-04-26 22:50:12.237 [main] [03f5a382-5715-4334-91da-69f64dfaf5c5] INFO  c.i.a.u.EvaluateRulesUseCaseImpl - M=execute, I=Avaliacao de regras concluida, individualRules=1, groups=0
2026-04-26 22:50:12.237 [main] [d8c01839-bfa3-4d01-9be7-4ef992568b00] INFO  c.i.a.u.EvaluateRulesUseCaseImpl - M=execute, I=Iniciando avaliacao de regras
2026-04-26 22:50:12.237 [main] [d8c01839-bfa3-4d01-9be7-4ef992568b00] INFO  c.i.a.u.EvaluateRulesUseCaseImpl - M=execute, I=Avaliacao de regras concluida, individualRules=1, groups=0
timestamp = 2026-04-26T22:50:12.237975811, EvaluateRulesIndividualRuleProperties:individualRuleTriggersCorrectAlertAndEvent = 
                              |-----------------------jqwik-----------------------
tries = 1000                  | # of calls to property
checks = 1000                 | # of not rejected calls
generation = RANDOMIZED       | parameters are randomly generated
after-failure = SAMPLE_FIRST  | try previously failed sample, then previous seed
when-fixed-seed = ALLOW       | fixing the random seed is allowed
edge-cases#mode = MIXIN       | edge cases are mixed in
edge-cases#total = 1000       | # of all combined edge cases
edge-cases#tried = 161        | # of edge cases tried in current run
seed = 6365337736606934285    | random seed to reproduce generated values


]]></system-out>
  </testcase>
</testsuite>