<?xml version="1.0" encoding="UTF-8"?>
<testsuite xmlns:xsi="http://www.w3.org/2001/XMLSchema-instance" xsi:noNamespaceSchemaLocation="https://maven.apache.org/surefire/maven-surefire-plugin/xsd/surefire-test-report.xsd" version="3.0.2" name="com.invest.application.RequestAssetUpdateTickerExtractionProperties" time="0.46" tests="2" errors="0" skipped="0" failures="0" flakes="0">
  <properties>
[...]
</properties>
  <testcase name="noEventPublishedWhenTickerSetIsEmpty" classname="RequestAssetUpdateTickerExtractionProperties" time="0.177">
    <system-out><![CDATA[2026-04-27 01:26:09.373 [main] [] WARN  n.j.engine.execution.CheckedProperty - Running Property [RequestAssetUpdateTickerExtractionProperties:noEventPublishedWhenTickerSetIsEmpty] in container [com.invest.application.RequestAssetUpdateTickerExtractionProperties] without any @ForAll parameters for 1000 tries.
    Maybe you want to change it into an @Example?
2026-04-27 01:26:09.374 [main] [dff83e47-f1eb-4606-9f6e-6fd0585d09c4] INFO  c.i.a.u.RequestAssetUpdateUseCaseImpl - M=execute, I=Iniciando extracao de tickers para atualizacao de ativos
2026-04-27 01:26:09.374 [main] [dff83e47-f1eb-4606-9f6e-6fd0585d09c4] INFO  c.i.a.u.RequestAssetUpdateUseCaseImpl - M=execute, I=Tickers unicos extraidos, tickerCount=0
2026-04-27 01:26:09.374 [main] [dff83e47-f1eb-4606-9f6e-6fd0585d09c4] INFO  c.i.a.u.RequestAssetUpdateUseCaseImpl - M=execute, I=Nenhum ticker ativo encontrado, pulando publicacao de evento
2026-04-27 01:26:09.375 [main] [4aeeee05-a894-49e0-a387-680f56e5a0be] INFO  c.i.a.u.RequestAssetUpdateUseCaseImpl - M=execute, I=Iniciando extracao de tickers para atualizacao de ativos
2026-04-27 01:26:09.375 [main] [4aeeee05-a894-49e0-a387-680f56e5a0be] INFO  c.i.a.u.RequestAssetUpdateUseCaseImpl - M=execute, I=Tickers unicos extraidos, tickerCount=0
2026-04-27 01:26:09.375 [main] [4aeeee05-a894-49e0-a387-680f56e5a0be] INFO  c.i.a.u.RequestAssetUpdateUseCaseImpl - M=execute, I=Nenhum ticker ativo encontrado, pulando publicacao de evento
2026-04-27 01:26:09.375 [main] [c071dc1d-f596-4fcc-be82-d82d8a989b78] INFO  c.i.a.u.RequestAssetUpdateUseCaseImpl - M=execute, I=Iniciando extracao de tickers para atualizacao de ativos
2026-04-27 01:26:09.375 [main] [c071dc1d-f596-4fcc-be82-d82d8a989b78] INFO  c.i.a.u.RequestAssetUpdateUseCaseImpl - M=execute, I=Tickers unicos extraidos, tickerCount=0
2026-04-27 01:26:09.375 [main] [c071dc1d-f596-4fcc-be82-d82d8a989b78] INFO  c.i.a.u.RequestAssetUpdateUseCaseImpl - M=execute, I=Nenhum ticker ativo encontrado, pulando publicacao de evento
2026-04-27 01:26:09.376 [main] [e3870f4f-e87a-479d-8694-38abd837f56b] INFO  c.i.a.u.RequestAssetUpdateUseCaseImpl - M=execute, I=Iniciando extracao de tickers para atualizacao de ativos
2026-04-27 01:26:09.377 [main] [e3870f4f-e87a-479d-8694-38abd837f56b] INFO  c.i.a.u.RequestAssetUpdateUseCaseImpl - M=execute, I=Tickers unicos extraidos, tickerCount=0
2026-04-27 01:26:09.377 [main] [e3870f4f-e87a-479d-8694-38abd837f56b] INFO  c.i.a.u.RequestAssetUpdateUseCaseImpl - M=execute, I=Nenhum ticker ativo encontrado, pulando publicacao de evento
2026-04-27 01:26:09.377 [main] [4ee01416-6bd0-4387-9616-a1d9032542a6] INFO  c.i.a.u.RequestAssetUpdateUseCaseImpl - M=execute, I=Iniciando extracao de tickers para atualizacao de ativos
2026-04-27 01:26:09.377 [main] [4ee01416-6bd0-4387-9616-a1d9032542a6] INFO  c.i.a.u.RequestAssetUpdateUseCaseImpl - M=execute, I=Tickers unicos extraidos, tickerCount=0
2026-04-27 01:26:09.377 [main] [4ee01416-6bd0-4387-9616-a1d9032542a6] INFO  c.i.a.u.RequestAssetUpdateUseCaseImpl - M=execute, I=Nenhum ticker ativo encontrado, pulando publicacao de evento
2026-04-27 01:26:09.377 [main] [777d30c1-2ae7-4686-ba42-51ee94a3455d] INFO  c.i.a.u.RequestAssetUpdateUseCaseImpl - M=execute, I=Iniciando extracao de tickers para atualizacao de ativos
2026-04-27 01:26:09.377 [main] [777d30c1-2ae7-4686-ba42-51ee94a3455d] INFO  c.i.a.u.RequestAssetUpdateUseCaseImpl - M=execute, I=Tickers unicos extraidos, tickerCount=0
2026-04-27 01:26:09.377 [main] [777d30c1-2ae7-4686-ba42-51ee94a3455d] INFO  c.i.a.u.RequestAssetUpdateUseCaseImpl - M=execute, I=Nenhum ticker ativo encontrado, pulando publicacao de evento
2026-04-27 01:26:09.378 [main] [a61ba526-271b-4ed3-bf9d-5c79ead0be80] INFO  c.i.a.u.RequestAssetUpdateUseCaseImpl - M=execute, I=Iniciando extracao de tickers para atualizacao de ativos
2026-04-27 01:26:09.378 [main] [a61ba526-271b-4ed3-bf9d-5c79ead0be80] INFO  c.i.a.u.RequestAssetUpdateUseCaseImpl - M=execute, I=Tickers unicos extraidos, tickerCount=0
2026-04-27 01:26:09.378 [main] [a61ba526-271b-4ed3-bf9d-5c79ead0be80] INFO  c.i.a.u.RequestAssetUpdateUseCaseImpl - M=execute, I=Nenhum ticker ativo encontrado, pulando publicacao de evento
2026-04-27 01:26:09.378 [main] [60ccf99d-51c8-4a31-a6c4-28c0c24e4dae] INFO  c.i.a.u.RequestAssetUpdateUseCaseImpl - M=execute, I=Iniciando extracao de tickers para atualizacao de ativos
2026-04-27 01:26:09.378 [main] [60ccf99d-51c8-4a31-a6c4-28c0c24e4dae] INFO  c.i.a.u.RequestAssetUpdateUseCaseImpl - M=execute, I=Tickers unicos extraidos, tickerCount=0
2026-04-27 01:26:09.378 [main] [60ccf99d-51c8-4a31-a6c4-28c0c24e4dae] INFO  c.i.a.u.RequestAssetUpdateUseCaseImpl - M=execute, I=Nenhum ticker ativo encontrado, pulando publicacao de evento
2026-04-27 01:26:09.379 [main] [7ff45059-1640-4192-a53d-25b139b151b9] INFO  c.i.a.u.RequestAssetUpdateUseCaseImpl - M=execute, I=Iniciando extracao de tickers para atualizacao de ativos
2026-04-27 01:26:09.379 [main] [7ff45059-1640-4192-a53d-25b139b151b9] INFO  c.i.a.u.RequestAssetUpdateUseCaseImpl - M=execute, I=Tickers unicos extraidos, tickerCount=0
2026-04-27 01:26:09.379 [main] [7ff45059-1640-4192-a53d-25b139b151b9] INFO  c.i.a.u.RequestAssetUpdateUseCaseImpl - M=execute, I=Nenhum ticker ativo encontrado, pulando publicacao de evento
2026-04-27 01:26:09.379 [main] [8072c44c-6e0b-4f5a-97b5-246b8178d009] INFO  c.i.a.u.RequestAssetUpdateUseCaseImpl - M=execute, I=Iniciando extracao de tickers para atualizacao de ativos
2026-04-27 01:26:09.379 [main] [8072c44c-6e0b-4f5a-97b5-246b8178d009] INFO  c.i.a.u.RequestAssetUpdateUseCaseImpl - M=execute, I=Tickers unicos extraidos, tickerCount=0
2026-04-27 01:26:09.379 [main] [8072c44c-6e0b-4f5a-97b5-246b8178d009] INFO  c.i.a.u.RequestAssetUpdateUseCaseImpl - M=execute, I=Nenhum ticker ativo encontrado, pulando publicacao de evento
2026-04-27 01:26:09.379 [main] [46fa0ad5-140c-42ba-89e6-947ccc0fdad5] INFO  c.i.a.u.RequestAssetUpdateUseCaseImpl - M=execute, I=Iniciando extracao de tickers para atualizacao de ativos
2026-04-27 01:26:09.379 [main] [46fa0ad5-140c-42ba-89e6-947ccc0fdad5] INFO  c.i.a.u.RequestAssetUpdateUseCaseImpl - M=execute, I=Tickers unicos extraidos, tickerCount=0
2026-04-27 01:26:09.379 [main] [46fa0ad5-140c-42ba-89e6-947ccc0fdad5] INFO  c.i.a.u.RequestAssetUpdateUseCaseImpl - M=execute, I=Nenhum ticker ativo encontrado, pulando publicacao de evento
2026-04-27 01:26:09.380 [main] [495979bf-71f7-41d6-aa73-b85568ae62b8] INFO  c.i.a.u.RequestAssetUpdateUseCaseImpl - M=execute, I=Iniciando extracao de tickers para atualizacao de ativos
2026-04-27 01:26:09.380 [main] [495979bf-71f7-41d6-aa73-b85568ae62b8] INFO  c.i.a.u.RequestAssetUpdateUseCaseImpl - M=execute, I=Tickers unicos extraidos, tickerCount=0
2026-04-27 01:26:09.380 [main] [495979bf-71f7-41d6-aa73-b85568ae62b8] INFO  c.i.a.u.RequestAssetUpdateUseCaseImpl - M=execute, I=Nenhum ticker ativo encontrado, pulando publicacao de evento
2026-04-27 01:26:09.380 [main] [547a9604-3e5a-4ac5-a288-ecf643c223cf] INFO  c.i.a.u.RequestAssetUpdateUseCaseImpl - M=execute, I=Iniciando extracao de tickers para atualizacao de ativos
2026-04-27 01:26:09.380 [main] [547a9604-3e5a-4ac5-a288-ecf643c223cf] INFO  c.i.a.u.RequestAssetUpdateUseCaseImpl - M=execute, I=Tickers unicos extraidos, tickerCount=0
2026-04-27 01:26:09.380 [main] [547a9604-3e5a-4ac5-a288-ecf643c223cf] INFO  c.i.a.u.RequestAssetUpdateUseCaseImpl - M=execute, I=Nenhum ticker ativo encontrado, pulando publicacao de evento
2026-04-27 01:26:09.381 [main] [c2dacb69-35ec-48fa-a62d-3064cb02ff11] INFO  c.i.a.u.RequestAssetUpdateUseCaseImpl - M=execute, I=Iniciando extracao de tickers para atualizacao de ativos
2026-04-27 01:26:09.381 [main] [c2dacb69-35ec-48fa-a62d-3064cb02ff11] INFO  c.i.a.u.RequestAssetUpdateUseCaseImpl - M=execute, I=Tickers unicos extraidos, tickerCount=0
2026-04-27 01:26:09.381 [main] [c2dacb69-35ec-48fa-a62d-3064cb02ff11] INFO  c.i.a.u.RequestAssetUpdateUseCaseImpl - M=execute, I=Nenhum ticker ativo encontrado, pulando publicacao de evento
2026-04-27 01:26:09.381 [main] [314a513d-d454-4565-b726-b4623d4771cd] INFO  c.i.a.u.RequestAssetUpdateUseCaseImpl - M=execute, I=Iniciando extracao de tickers para atualizacao de ativos
2026-04-27 01:26:09.381 [main] [314a513d-d454-4565-b726-b4623d4771cd] INFO  c.i.a.u.RequestAssetUpdateUseCaseImpl - M=execute, I=Tickers unicos extraidos, tickerCount=0
2026-04-27 01:26:09.381 [main] [314a513d-d454-4565-b726-b4623d4771cd] INFO  c.i.a.u.RequestAssetUpdateUseCaseImpl - M=execute, I=Nenhum ticker ativo encontrado, pulando publicacao de evento
2026-04-27 01:26:09.382 [main] [9825a82b-04a5-4283-9d1f-38a664069960] INFO  c.i.a.u.RequestAssetUpdateUseCaseImpl - M=execute, I=Iniciando extracao de tickers para atualizacao de ativos
2026-04-27 01:26:09.382 [main] [9825a82b-04a5-4283-9d1f-38a664069960] INFO  c.i.a.u.RequestAssetUpdateUseCaseImpl - M=execute, I=Tickers unicos extraidos, tickerCount=0
2026-04-27 01:26:09.382 [main] [9825a82b-04a5-4283-9d1f-38a664069960] INFO  c.i.a.u.RequestAssetUpdateUseCaseImpl - M=execute, I=Nenhum ticker ativo encontrado, pulando publicacao de evento
2026-04-27 01:26:09.382 [main] [e6551179-ccc7-48b6-8c29-5d0474eee02f] INFO  c.i.a.u.RequestAssetUpdateUseCaseImpl - M=execute, I=Iniciando extracao de tickers para atualizacao de ativos
2026-04-27 01:26:09.382 [main] [e6551179-ccc7-48b6-8c29-5d0474eee02f] INFO  c.i.a.u.RequestAssetUpdateUseCaseImpl - M=execute, I=Tickers unicos extraidos, tickerCount=0
2026-04-27 01:26:09.382 [main] [e6551179-ccc7-48b6-8c29-5d0474eee02f] INFO  c.i.a.u.RequestAssetUpdateUseCaseImpl - M=execute, I=Nenhum ticker ativo encontrado, pulando publicacao de evento
2026-04-27 01:26:09.383 [main] [a88a7916-82a5-4f6e-b27d-1e6d4ec3b76b] INFO  c.i.a.u.RequestAssetUpdateUseCaseImpl - M=execute, I=Iniciando extracao de tickers para atualizacao de ativos
2026-04-27 01:26:09.383 [main] [a88a7916-82a5-4f6e-b27d-1e6d4ec3b76b] INFO  c.i.a.u.RequestAssetUpdateUseCaseImpl - M=execute, I=Tickers unicos extraidos, tickerCount=0
2026-04-27 01:26:09.383 [main] [a88a7916-82a5-4f6e-b27d-1e6d4ec3b76b] INFO  c.i.a.u.RequestAssetUpdateUseCaseImpl - M=execute, I=Nenhum ticker ativo encontrado, pulando publicacao de evento
2026-04-27 01:26:09.383 [main] [823d58e6-768b-4c8f-9370-ff58a0aa76cd] INFO  c.i.a.u.RequestAssetUpdateUseCaseImpl - M=execute, I=Iniciando extracao de tickers para atualizacao de ativos
2026-04-27 01:26:09.383 [main] [823d58e6-768b-4c8f-9370-ff58a0aa76cd] INFO  c.i.a.u.RequestAssetUpdateUseCaseImpl - M=execute, I=Tickers unicos extraidos, tickerCount=0
2026-04-27 01:26:09.383 [main] [823d58e6-768b-4c8f-9370-ff58a0aa76cd] INFO  c.i.a.u.RequestAssetUpdateUseCaseImpl - M=execute, I=Nenhum ticker ativo encontrado, pulando publicacao de evento
2026-04-27 01:26:09.384 [main] [f27bab76-264e-46df-8d39-beab486a34f2] INFO  c.i.a.u.RequestAssetUpdateUseCaseImpl - M=execute, I=Iniciando extracao de tickers para atualizacao de ativos
2026-04-27 01:26:09.384 [main] [f27bab76-264e-46df-8d39-beab486a34f2] INFO  c.i.a.u.RequestAssetUpdateUseCaseImpl - M=execute, I=Tickers unicos extraidos, tickerCount=0
2026-04-27 01:26:09.384 [main] [f27bab76-264e-46df-8d39-beab486a34f2] INFO  c.i.a.u.RequestAssetUpdateUseCaseImpl - M=execute, I=Nenhum ticker ativo encontrado, pulando publicacao de evento
2026-04-27 01:26:09.384 [main] [fd6f93b4-b1d3-41b4-adf2-40bbe4751cec] INFO  c.i.a.u.RequestAssetUpdateUseCaseImpl - M=execute, I=Iniciando extracao de tickers para atualizacao de ativos
2026-04-27 01:26:09.384 [main] [fd6f93b4-b1d3-41b4-adf2-40bbe4751cec] INFO  c.i.a.u.RequestAssetUpdateUseCaseImpl - M=execute, I=Tickers unicos extraidos, tickerCount=0
2026-04-27 01:26:09.384 [main] [fd6f93b4-b1d3-41b4-adf2-40bbe4751cec] INFO  c.i.a.u.RequestAssetUpdateUseCaseImpl - M=execute, I=Nenhum ticker ativo encontrado, pulando publicacao de evento
2026-04-27 01:26:09.384 [main] [011d3799-3914-4ff3-b3d7-67a820c604ac] INFO  c.i.a.u.RequestAssetUpdateUseCaseImpl - M=execute, I=Iniciando extracao de tickers para atualizacao de ativos
2026-04-27 01:26:09.384 [main] [011d3799-3914-4ff3-b3d7-67a820c604ac] INFO  c.i.a.u.RequestAssetUpdateUseCaseImpl - M=execute, I=Tickers unicos extraidos, tickerCount=0
2026-04-27 01:26:09.384 [main] [011d3799-3914-4ff3-b3d7-67a820c604ac] INFO  c.i.a.u.RequestAssetUpdateUseCaseImpl - M=execute, I=Nenhum ticker ativo encontrado, pulando publicacao de evento
2026-04-27 01:26:09.385 [main] [f999af30-8635-4841-94a6-83fd6885e2f5] INFO  c.i.a.u.RequestAssetUpdateUseCaseImpl - M=execute, I=Iniciando extracao de tickers para atualizacao de ativos
2026-04-27 01:26:09.385 [main] [f999af30-8635-4841-94a6-83fd6885e2f5] INFO  c.i.a.u.RequestAssetUpdateUseCaseImpl - M=execute, I=Tickers unicos extraidos, tickerCount=0
2026-04-27 01:26:09.385 [main] [f999af30-8635-4841-94a6-83fd6885e2f5] INFO  c.i.a.u.RequestAssetUpdateUseCaseImpl - M=execute, I=Nenhum ticker ativo encontrado, pulando publicacao de evento
2026-04-27 01:26:09.385 [main] [238398db-53c1-46d1-aa7a-2cfd8d305a75] INFO  c.i.a.u.RequestAssetUpdateUseCaseImpl - M=execute, I=Iniciando extracao de tickers para atualizacao de ativos
2026-04-27 01:26:09.385 [main] [238398db-53c1-46d1-aa7a-2cfd8d305a75] INFO  c.i.a.u.RequestAssetUpdateUseCaseImpl - M=execute, I=Tickers unicos extraidos, tickerCount=0
2026-04-27 01:26:09.385 [main] [238398db-53c1-46d1-aa7a-2cfd8d305a75] INFO  c.i.a.u.RequestAssetUpdateUseCaseImpl - M=execute, I=Nenhum ticker ativo encontrado, pulando publicacao de evento
2026-04-27 01:26:09.385 [main] [83355f86-7e4f-4a53-85fe-eae47eb26175] INFO  c.i.a.u.RequestAssetUpdateUseCaseImpl - M=execute, I=Iniciando extracao de tickers para atualizacao de ativos
2026-04-27 01:26:09.385 [main] [83355f86-7e4f-4a53-85fe-eae47eb26175] INFO  c.i.a.u.RequestAssetUpdateUseCaseImpl - M=execute, I=Tickers unicos extraidos, tickerCount=0
2026-04-27 01:26:09.385 [main] [83355f86-7e4f-4a53-85fe-eae47eb26175] INFO  c.i.a.u.RequestAssetUpdateUseCaseImpl - M=execute, I=Nenhum ticker ativo encontrado, pulando publicacao de evento
2026-04-27 01:26:09.386 [main] [a2c2b0ee-ae75-4c2c-ba50-b324e3b3c140] INFO  c.i.a.u.RequestAssetUpdateUseCaseImpl - M=execute, I=Iniciando extracao de tickers para atualizacao de ativos
2026-04-27 01:26:09.386 [main] [a2c2b0ee-ae75-4c2c-ba50-b324e3b3c140] INFO  c.i.a.u.RequestAssetUpdateUseCaseImpl - M=execute, I=Tickers unicos extraidos, tickerCount=0
2026-04-27 01:26:09.386 [main] [a2c2b0ee-ae75-4c2c-ba50-b324e3b3c140] INFO  c.i.a.u.RequestAssetUpdateUseCaseImpl - M=execute, I=Nenhum ticker ativo encontrado, pulando publicacao de evento
2026-04-27 01:26:09.386 [main] [9b94790b-ebb7-4ad6-a52a-914d9aafb6a8] INFO  c.i.a.u.RequestAssetUpdateUseCaseImpl - M=execute, I=Iniciando extracao de tickers para atualizacao de ativos
2026-04-27 01:26:09.386 [main] [9b94790b-ebb7-4ad6-a52a-914d9aafb6a8] INFO  c.i.a.u.RequestAssetUpdateUseCaseImpl - M=execute, I=Tickers unicos extraidos, tickerCount=0
2026-04-27 01:26:09.386 [main] [9b94790b-ebb7-4ad6-a52a-914d9aafb6a8] INFO  c.i.a.u.RequestAssetUpdateUseCaseImpl - M=execute, I=Nenhum ticker ativo encontrado, pulando publicacao de evento
2026-04-27 01:26:09.387 [main] [356172ce-bf0f-4212-9edd-df1d7c6323b3] INFO  c.i.a.u.RequestAssetUpdateUseCaseImpl - M=execute, I=Iniciando extracao de tickers para atualizacao de ativos
2026-04-27 01:26:09.387 [main] [356172ce-bf0f-4212-9edd-df1d7c6323b3] INFO  c.i.a.u.RequestAssetUpdateUseCaseImpl - M=execute, I=Tickers unicos extraidos, tickerCount=0
2026-04-27 01:26:09.387 [main] [356172ce-bf0f-4212-9edd-df1d7c6323b3] INFO  c.i.a.u.RequestAssetUpdateUseCaseImpl - M=execute, I=Nenhum ticker ativo encontrado, pulando publicacao de evento
2026-04-27 01:26:09.388 [main] [50dc8913-2be0-46de-bbba-876c88c8d9ae] INFO  c.i.a.u.RequestAssetUpdateUseCaseImpl - M=execute, I=Iniciando extracao de tickers para atualizacao de ativos
2026-04-27 01:26:09.390 [main] [50dc8913-2be0-46de-bbba-876c88c8d9ae] INFO  c.i.a.u.RequestAssetUpdateUseCaseImpl - M=execute, I=Tickers unicos extraidos, tickerCount=0
2026-04-27 01:26:09.390 [main] [50dc8913-2be0-46de-bbba-876c88c8d9ae] INFO  c.i.a.u.RequestAssetUpdateUseCaseImpl - M=execute, I=Nenhum ticker ativo encontrado, pulando publicacao de evento
2026-04-27 01:26:09.390 [main] [df3be6e3-624b-4561-a02a-87d7bf77ec27] INFO  c.i.a.u.RequestAssetUpdateUseCaseImpl - M=execute, I=Iniciando extracao de tickers para atualizacao de ativos
2026-04-27 01:26:09.390 [main] [df3be6e3-624b-4561-a02a-87d7bf77ec27] INFO  c.i.a.u.RequestAssetUpdateUseCaseImpl - M=execute, I=Tickers unicos extraidos, tickerCount=0
2026-04-27 01:26:09.390 [main] [df3be6e3-624b-4561-a02a-87d7bf77ec27] INFO  c.i.a.u.RequestAssetUpdateUseCaseImpl - M=execute, I=Nenhum ticker ativo encontrado, pulando publicacao de evento
2026-04-27 01:26:09.391 [main] [fad98e20-33d2-42d6-a381-54ea1d128563] INFO  c.i.a.u.RequestAssetUpdateUseCaseImpl - M=execute, I=Iniciando extracao de tickers para atualizacao de ativos
2026-04-27 01:26:09.391 [main] [fad98e20-33d2-42d6-a381-54ea1d128563] INFO  c.i.a.u.RequestAssetUpdateUseCaseImpl - M=execute, I=Tickers unicos extraidos, tickerCount=0
2026-04-27 01:26:09.391 [main] [fad98e20-33d2-42d6-a381-54ea1d128563] INFO  c.i.a.u.RequestAssetUpdateUseCaseImpl - M=execute, I=Nenhum ticker ativo encontrado, pulando publicacao de evento
2026-04-27 01:26:09.392 [main] [0e1303c9-19c1-46d2-8de0-1d99441ca5d5] INFO  c.i.a.u.RequestAssetUpdateUseCaseImpl - M=execute, I=Iniciando extracao de tickers para atualizacao de ativos
2026-04-27 01:26:09.393 [main] [0e1303c9-19c1-46d2-8de0-1d99441ca5d5] INFO  c.i.a.u.RequestAssetUpdateUseCaseImpl - M=execute, I=Tickers unicos extraidos, tickerCount=0
2026-04-27 01:26:09.393 [main] [0e1303c9-19c1-46d2-8de0-1d99441ca5d5] INFO  c.i.a.u.RequestAssetUpdateUseCaseImpl - M=execute, I=Nenhum ticker ativo encontrado, pulando publicacao de evento
2026-04-27 01:26:09.393 [main] [cf77243c-7ef6-41c3-9ec5-0e5bb176c8a5] INFO  c.i.a.u.RequestAssetUpdateUseCaseImpl - M=execute, I=Iniciando extracao de tickers para atualizacao de ativos
2026-04-27 01:26:09.393 [main] [cf77243c-7ef6-41c3-9ec5-0e5bb176c8a5] INFO  c.i.a.u.RequestAssetUpdateUseCaseImpl - M=execute, I=Tickers unicos extraidos, tickerCount=0
2026-04-27 01:26:09.393 [main] [cf77243c-7ef6-41c3-9ec5-0e5bb176c8a5] INFO  c.i.a.u.RequestAssetUpdateUseCaseImpl - M=execute, I=Nenhum ticker ativo encontrado, pulando publicacao de evento
2026-04-27 01:26:09.394 [main] [70750e17-58c0-4d5b-8518-d2f3e9249f07] INFO  c.i.a.u.RequestAssetUpdateUseCaseImpl - M=execute, I=Iniciando extracao de tickers para atualizacao de ativos
2026-04-27 01:26:09.394 [main] [70750e17-58c0-4d5b-8518-d2f3e9249f07] INFO  c.i.a.u.RequestAssetUpdateUseCaseImpl - M=execute, I=Tickers unicos extraidos, tickerCount=0
2026-04-27 01:26:09.394 [main] [70750e17-58c0-4d5b-8518-d2f3e9249f07] INFO  c.i.a.u.RequestAssetUpdateUseCaseImpl - M=execute, I=Nenhum ticker ativo encontrado, pulando publicacao de evento
2026-04-27 01:26:09.394 [main] [961e1fdb-b03b-4127-85c9-107559afdadb] INFO  c.i.a.u.RequestAssetUpdateUseCaseImpl - M=execute, I=Iniciando extracao de tickers para atualizacao de ativos
2026-04-27 01:26:09.394 [main] [961e1fdb-b03b-4127-85c9-107559afdadb] INFO  c.i.a.u.RequestAssetUpdateUseCaseImpl - M=execute, I=Tickers unicos extraidos, tickerCount=0
2026-04-27 01:26:09.394 [main] [961e1fdb-b03b-4127-85c9-107559afdadb] INFO  c.i.a.u.RequestAssetUpdateUseCaseImpl - M=execute, I=Nenhum ticker ativo encontrado, pulando publicacao de evento
2026-04-27 01:26:09.395 [main] [808ccc13-2f29-4582-b30f-81cc87ec4829] INFO  c.i.a.u.RequestAssetUpdateUseCaseImpl - M=execute, I=Iniciando extracao de tickers para atualizacao de ativos
2026-04-27 01:26:09.395 [main] [808ccc13-2f29-4582-b30f-81cc87ec4829] INFO  c.i.a.u.RequestAssetUpdateUseCaseImpl - M=execute, I=Tickers unicos extraidos, tickerCount=0
2026-04-27 01:26:09.395 [main] [808ccc13-2f29-4582-b30f-81cc87ec4829] INFO  c.i.a.u.RequestAssetUpdateUseCaseImpl - M=execute, I=Nenhum ticker ativo encontrado, pulando publicacao de evento
2026-04-27 01:26:09.395 [main] [394b2631-60bd-4904-a8fb-c617f64a4458] INFO  c.i.a.u.RequestAssetUpdateUseCaseImpl - M=execute, I=Iniciando extracao de tickers para atualizacao de ativos
2026-04-27 01:26:09.395 [main] [394b2631-60bd-4904-a8fb-c617f64a4458] INFO  c.i.a.u.RequestAssetUpdateUseCaseImpl - M=execute, I=Tickers unicos extraidos, tickerCount=0
2026-04-27 01:26:09.395 [main] [394b2631-60bd-4904-a8fb-c617f64a4458] INFO  c.i.a.u.RequestAssetUpdateUseCaseImpl - M=execute, I=Nenhum ticker ativo encontrado, pulando publicacao de evento
2026-04-27 01:26:09.395 [main] [96ef8bb6-db7a-4450-a76a-571a5a2e5d0e] INFO  c.i.a.u.RequestAssetUpdateUseCaseImpl - M=execute, I=Iniciando extracao de tickers para atualizacao de ativos
2026-04-27 01:26:09.395 [main] [96ef8bb6-db7a-4450-a76a-571a5a2e5d0e] INFO  c.i.a.u.RequestAssetUpdateUseCaseImpl - M=execute, I=Tickers unicos extraidos, tickerCount=0
2026-04-27 01:26:09.395 [main] [96ef8bb6-db7a-4450-a76a-571a5a2e5d0e] INFO  c.i.a.u.RequestAssetUpdateUseCaseImpl - M=execute, I=Nenhum ticker ativo encontrado, pulando publicacao de evento
2026-04-27 01:26:09.396 [main] [af7c8f76-8a52-41e2-9d2d-7757cc3e8e13] INFO  c.i.a.u.RequestAssetUpdateUseCaseImpl - M=execute, I=Iniciando extracao de tickers para atualizacao de ativos
2026-04-27 01:26:09.396 [main] [af7c8f76-8a52-41e2-9d2d-7757cc3e8e13] INFO  c.i.a.u.RequestAssetUpdateUseCaseImpl - M=execute, I=Tickers unicos extraidos, tickerCount=0
2026-04-27 01:26:09.396 [main] [af7c8f76-8a52-41e2-9d2d-7757cc3e8e13] INFO  c.i.a.u.RequestAssetUpdateUseCaseImpl - M=execute, I=Nenhum ticker ativo encontrado, pulando publicacao de evento
2026-04-27 01:26:09.396 [main] [053b45f5-9e30-4b2f-a0a0-36c9adb4db07] INFO  c.i.a.u.RequestAssetUpdateUseCaseImpl - M=execute, I=Iniciando extracao de tickers para atualizacao de ativos
2026-04-27 01:26:09.396 [main] [053b45f5-9e30-4b2f-a0a0-36c9adb4db07] INFO  c.i.a.u.RequestAssetUpdateUseCaseImpl - M=execute, I=Tickers unicos extraidos, tickerCount=0
2026-04-27 01:26:09.396 [main] [053b45f5-9e30-4b2f-a0a0-36c9adb4db07] INFO  c.i.a.u.RequestAssetUpdateUseCaseImpl - M=execute, I=Nenhum ticker ativo encontrado, pulando publicacao de evento
2026-04-27 01:26:09.396 [main] [0ad5bf3a-437e-4dd2-a2a0-30068c1aabd8] INFO  c.i.a.u.RequestAssetUpdateUseCaseImpl - M=execute, I=Iniciando extracao de tickers para atualizacao de ativos
2026-04-27 01:26:09.396 [main] [0ad5bf3a-437e-4dd2-a2a0-30068c1aabd8] INFO  c.i.a.u.RequestAssetUpdateUseCaseImpl - M=execute, I=Tickers unicos extraidos, tickerCount=0
2026-04-27 01:26:09.396 [main] [0ad5bf3a-437e-4dd2-a2a0-30068c1aabd8] INFO  c.i.a.u.RequestAssetUpdateUseCaseImpl - M=execute, I=Nenhum ticker ativo encontrado, pulando publicacao de evento
2026-04-27 01:26:09.397 [main] [cb5d55a2-8ab5-4abb-8d8b-743016e99bb9] INFO  c.i.a.u.RequestAssetUpdateUseCaseImpl - M=execute, I=Iniciando extracao de tickers para atualizacao de ativos
2026-04-27 01:26:09.397 [main] [cb5d55a2-8ab5-4abb-8d8b-743016e99bb9] INFO  c.i.a.u.RequestAssetUpdateUseCaseImpl - M=execute, I=Tickers unicos extraidos, tickerCount=0
2026-04-27 01:26:09.397 [main] [cb5d55a2-8ab5-4abb-8d8b-743016e99bb9] INFO  c.i.a.u.RequestAssetUpdateUseCaseImpl - M=execute, I=Nenhum ticker ativo encontrado, pulando publicacao de evento
2026-04-27 01:26:09.397 [main] [c990558f-957b-4e26-9b1f-8757a1b1c8d5] INFO  c.i.a.u.RequestAssetUpdateUseCaseImpl - M=execute, I=Iniciando extracao de tickers para atualizacao de ativos
2026-04-27 01:26:09.397 [main] [c990558f-957b-4e26-9b1f-8757a1b1c8d5] INFO  c.i.a.u.RequestAssetUpdateUseCaseImpl - M=execute, I=Tickers unicos extraidos, tickerCount=0
2026-04-27 01:26:09.397 [main] [c990558f-957b-4e26-9b1f-8757a1b1c8d5] INFO  c.i.a.u.RequestAssetUpdateUseCaseImpl - M=execute, I=Nenhum ticker ativo encontrado, pulando publicacao de evento
2026-04-27 01:26:09.398 [main] [a5f42fb8-daf3-4d3b-8f1c-c7176511fa3e] INFO  c.i.a.u.RequestAssetUpdateUseCaseImpl - M=execute, I=Iniciando extracao de tickers para atualizacao de ativos
2026-04-27 01:26:09.398 [main] [a5f42fb8-daf3-4d3b-8f1c-c7176511fa3e] INFO  c.i.a.u.RequestAssetUpdateUseCaseImpl - M=execute, I=Tickers unicos extraidos, tickerCount=0
2026-04-27 01:26:09.398 [main] [a5f42fb8-daf3-4d3b-8f1c-c7176511fa3e] INFO  c.i.a.u.RequestAssetUpdateUseCaseImpl - M=execute, I=Nenhum ticker ativo encontrado, pulando publicacao de evento
2026-04-27 01:26:09.398 [main] [c6d4741b-70a3-48d3-909a-a168f08f067f] INFO  c.i.a.u.RequestAssetUpdateUseCaseImpl - M=execute, I=Iniciando extracao de tickers para atualizacao de ativos
2026-04-27 01:26:09.398 [main] [c6d4741b-70a3-48d3-909a-a168f08f067f] INFO  c.i.a.u.RequestAssetUpdateUseCaseImpl - M=execute, I=Tickers unicos extraidos, tickerCount=0
2026-04-27 01:26:09.398 [main] [c6d4741b-70a3-48d3-909a-a168f08f067f] INFO  c.i.a.u.RequestAssetUpdateUseCaseImpl - M=execute, I=Nenhum ticker ativo encontrado, pulando publicacao de evento
2026-04-27 01:26:09.398 [main] [ab254309-1c0d-4fcf-a20c-80cc47ac5962] INFO  c.i.a.u.RequestAssetUpdateUseCaseImpl - M=execute, I=Iniciando extracao de tickers para atualizacao de ativos
2026-04-27 01:26:09.398 [main] [ab254309-1c0d-4fcf-a20c-80cc47ac5962] INFO  c.i.a.u.RequestAssetUpdateUseCaseImpl - M=execute, I=Tickers unicos extraidos, tickerCount=0
2026-04-27 01:26:09.398 [main] [ab254309-1c0d-4fcf-a20c-80cc47ac5962] INFO  c.i.a.u.RequestAssetUpdateUseCaseImpl - M=execute, I=Nenhum ticker ativo encontrado, pulando publicacao de evento
2026-04-27 01:26:09.399 [main] [907be902-c665-45cc-8577-11a9188d4f5a] INFO  c.i.a.u.RequestAssetUpdateUseCaseImpl - M=execute, I=Iniciando extracao de tickers para atualizacao de ativos
2026-04-27 01:26:09.399 [main] [907be902-c665-45cc-8577-11a9188d4f5a] INFO  c.i.a.u.RequestAssetUpdateUseCaseImpl - M=execute, I=Tickers unicos extraidos, tickerCount=0
2026-04-27 01:26:09.399 [main] [907be902-c665-45cc-8577-11a9188d4f5a] INFO  c.i.a.u.RequestAssetUpdateUseCaseImpl - M=execute, I=Nenhum ticker ativo encontrado, pulando publicacao de evento
2026-04-27 01:26:09.399 [main] [805b5588-4b2f-43e6-8039-848d578ff704] INFO  c.i.a.u.RequestAssetUpdateUseCaseImpl - M=execute, I=Iniciando extracao de tickers para atualizacao de ativos
2026-04-27 01:26:09.399 [main] [805b5588-4b2f-43e6-8039-848d578ff704] INFO  c.i.a.u.RequestAssetUpdateUseCaseImpl - M=execute, I=Tickers unicos extraidos, tickerCount=0
2026-04-27 01:26:09.399 [main] [805b5588-4b2f-43e6-8039-848d578ff704] INFO  c.i.a.u.RequestAssetUpdateUseCaseImpl - M=execute, I=Nenhum ticker ativo encontrado, pulando publicacao de evento
2026-04-27 01:26:09.399 [main] [ec248c14-2241-491b-855f-0e7e523cf46e] INFO  c.i.a.u.RequestAssetUpdateUseCaseImpl - M=execute, I=Iniciando extracao de tickers para atualizacao de ativos
2026-04-27 01:26:09.399 [main] [ec248c14-2241-491b-855f-0e7e523cf46e] INFO  c.i.a.u.RequestAssetUpdateUseCaseImpl - M=execute, I=Tickers unicos extraidos, tickerCount=0
2026-04-27 01:26:09.399 [main] [ec248c14-2241-491b-855f-0e7e523cf46e] INFO  c.i.a.u.RequestAssetUpdateUseCaseImpl - M=execute, I=Nenhum ticker ativo encontrado, pulando publicacao de evento
2026-04-27 01:26:09.400 [main] [42b84b05-e594-40b0-b79e-3004e1957867] INFO  c.i.a.u.RequestAssetUpdateUseCaseImpl - M=execute, I=Iniciando extracao de tickers para atualizacao de ativos
2026-04-27 01:26:09.400 [main] [42b84b05-e594-40b0-b79e-3004e1957867] INFO  c.i.a.u.RequestAssetUpdateUseCaseImpl - M=execute, I=Tickers unicos extraidos, tickerCount=0
2026-04-27 01:26:09.400 [main] [42b84b05-e594-40b0-b79e-3004e1957867] INFO  c.i.a.u.RequestAssetUpdateUseCaseImpl - M=execute, I=Nenhum ticker ativo encontrado, pulando publicacao de evento
2026-04-27 01:26:09.400 [main] [cae6966a-77c2-4a8b-bf67-c2aafd263ecb] INFO  c.i.a.u.RequestAssetUpdateUseCaseImpl - M=execute, I=Iniciando extracao de tickers para atualizacao de ativos
2026-04-27 01:26:09.400 [main] [cae6966a-77c2-4a8b-bf67-c2aafd263ecb] INFO  c.i.a.u.RequestAssetUpdateUseCaseImpl - M=execute, I=Tickers unicos extraidos, tickerCount=0
2026-04-27 01:26:09.400 [main] [cae6966a-77c2-4a8b-bf67-c2aafd263ecb] INFO  c.i.a.u.RequestAssetUpdateUseCaseImpl - M=execute, I=Nenhum ticker ativo encontrado, pulando publicacao de evento
2026-04-27 01:26:09.400 [main] [41800b50-baf7-400c-926c-92523aa676ff] INFO  c.i.a.u.RequestAssetUpdateUseCaseImpl - M=execute, I=Iniciando extracao de tickers para atualizacao de ativos
2026-04-27 01:26:09.400 [main] [41800b50-baf7-400c-926c-92523aa676ff] INFO  c.i.a.u.RequestAssetUpdateUseCaseImpl - M=execute, I=Tickers unicos extraidos, tickerCount=0
2026-04-27 01:26:09.400 [main] [41800b50-baf7-400c-926c-92523aa676ff] INFO  c.i.a.u.RequestAssetUpdateUseCaseImpl - M=execute, I=Nenhum ticker ativo encontrado, pulando publicacao de evento
2026-04-27 01:26:09.401 [main] [012e0ccb-9533-4acf-a480-da33a0926679] INFO  c.i.a.u.RequestAssetUpdateUseCaseImpl - M=execute, I=Iniciando extracao de tickers para atualizacao de ativos
2026-04-27 01:26:09.401 [main] [012e0ccb-9533-4acf-a480-da33a0926679] INFO  c.i.a.u.RequestAssetUpdateUseCaseImpl - M=execute, I=Tickers unicos extraidos, tickerCount=0
2026-04-27 01:26:09.401 [main] [012e0ccb-9533-4acf-a480-da33a0926679] INFO  c.i.a.u.RequestAssetUpdateUseCaseImpl - M=execute, I=Nenhum ticker ativo encontrado, pulando publicacao de evento
2026-04-27 01:26:09.401 [main] [d7dbc082-8a43-4678-9f54-0fe241b31444] INFO  c.i.a.u.RequestAssetUpdateUseCaseImpl - M=execute, I=Iniciando extracao de tickers para atualizacao de ativos
2026-04-27 01:26:09.401 [main] [d7dbc082-8a43-4678-9f54-0fe241b31444] INFO  c.i.a.u.RequestAssetUpdateUseCaseImpl - M=execute, I=Tickers unicos extraidos, tickerCount=0
2026-04-27 01:26:09.401 [main] [d7dbc082-8a43-4678-9f54-0fe241b31444] INFO  c.i.a.u.RequestAssetUpdateUseCaseImpl - M=execute, I=Nenhum ticker ativo encontrado, pulando publicacao de evento
2026-04-27 01:26:09.401 [main] [a57812b1-7111-46cf-a112-b7344f8be670] INFO  c.i.a.u.RequestAssetUpdateUseCaseImpl - M=execute, I=Iniciando extracao de tickers para atualizacao de ativos
2026-04-27 01:26:09.402 [main] [a57812b1-7111-46cf-a112-b7344f8be670] INFO  c.i.a.u.RequestAssetUpdateUseCaseImpl - M=execute, I=Tickers unicos extraidos, tickerCount=0
2026-04-27 01:26:09.402 [main] [a57812b1-7111-46cf-a112-b7344f8be670] INFO  c.i.a.u.RequestAssetUpdateUseCaseImpl - M=execute, I=Nenhum ticker ativo encontrado, pulando publicacao de evento
2026-04-27 01:26:09.402 [main] [04454475-5257-42c0-8311-0843cf58e92c] INFO  c.i.a.u.RequestAssetUpdateUseCaseImpl - M=execute, I=Iniciando extracao de tickers para atualizacao de ativos
2026-04-27 01:26:09.402 [main] [04454475-5257-42c0-8311-0843cf58e92c] INFO  c.i.a.u.RequestAssetUpdateUseCaseImpl - M=execute, I=Tickers unicos extraidos, tickerCount=0
2026-04-27 01:26:09.402 [main] [04454475-5257-42c0-8311-0843cf58e92c] INFO  c.i.a.u.RequestAssetUpdateUseCaseImpl - M=execute, I=Nenhum ticker ativo encontrado, pulando publicacao de evento
2026-04-27 01:26:09.402 [main] [3e7bbbfc-1b08-431f-9aba-42137720f312] INFO  c.i.a.u.RequestAssetUpdateUseCaseImpl - M=execute, I=Iniciando extracao de tickers para atualizacao de ativos
2026-04-27 01:26:09.402 [main] [3e7bbbfc-1b08-431f-9aba-42137720f312] INFO  c.i.a.u.RequestAssetUpdateUseCaseImpl - M=execute, I=Tickers unicos extraidos, tickerCount=0
2026-04-27 01:26:09.402 [main] [3e7bbbfc-1b08-431f-9aba-42137720f312] INFO  c.i.a.u.RequestAssetUpdateUseCaseImpl - M=execute, I=Nenhum ticker ativo encontrado, pulando publicacao de evento
2026-04-27 01:26:09.403 [main] [f9961596-c89b-46ca-9bdd-5e5a7341b635] INFO  c.i.a.u.RequestAssetUpdateUseCaseImpl - M=execute, I=Iniciando extracao de tickers para atualizacao de ativos
2026-04-27 01:26:09.403 [main] [f9961596-c89b-46ca-9bdd-5e5a7341b635] INFO  c.i.a.u.RequestAssetUpdateUseCaseImpl - M=execute, I=Tickers unicos extraidos, tickerCount=0
2026-04-27 01:26:09.403 [main] [f9961596-c89b-46ca-9bdd-5e5a7341b635] INFO  c.i.a.u.RequestAssetUpdateUseCaseImpl - M=execute, I=Nenhum ticker ativo encontrado, pulando publicacao de evento
2026-04-27 01:26:09.403 [main] [738694d9-e0a7-40aa-ac16-ed4b221f5883] INFO  c.i.a.u.RequestAssetUpdateUseCaseImpl - M=execute, I=Iniciando extracao de tickers para atualizacao de ativos
2026-04-27 01:26:09.403 [main] [738694d9-e0a7-40aa-ac16-ed4b221f5883] INFO  c.i.a.u.RequestAssetUpdateUseCaseImpl - M=execute, I=Tickers unicos extraidos, tickerCount=0
2026-04-27 01:26:09.403 [main] [738694d9-e0a7-40aa-ac16-ed4b221f5883] INFO  c.i.a.u.RequestAssetUpdateUseCaseImpl - M=execute, I=Nenhum ticker ativo encontrado, pulando publicacao de evento
2026-04-27 01:26:09.404 [main] [4bd679a6-a74a-40fe-a08f-66a6aa79497c] INFO  c.i.a.u.RequestAssetUpdateUseCaseImpl - M=execute, I=Iniciando extracao de tickers para atualizacao de ativos
2026-04-27 01:26:09.404 [main] [4bd679a6-a74a-40fe-a08f-66a6aa79497c] INFO  c.i.a.u.RequestAssetUpdateUseCaseImpl - M=execute, I=Tickers unicos extraidos, tickerCount=0
2026-04-27 01:26:09.404 [main] [4bd679a6-a74a-40fe-a08f-66a6aa79497c] INFO  c.i.a.u.RequestAssetUpdateUseCaseImpl - M=execute, I=Nenhum ticker ativo encontrado, pulando publicacao de evento
2026-04-27 01:26:09.406 [main] [2acf45eb-25dc-43f2-926e-d131add15b56] INFO  c.i.a.u.RequestAssetUpdateUseCaseImpl - M=execute, I=Iniciando extracao de tickers para atualizacao de ativos
2026-04-27 01:26:09.407 [main] [2acf45eb-25dc-43f2-926e-d131add15b56] INFO  c.i.a.u.RequestAssetUpdateUseCaseImpl - M=execute, I=Tickers unicos extraidos, tickerCount=0
2026-04-27 01:26:09.407 [main] [2acf45eb-25dc-43f2-926e-d131add15b56] INFO  c.i.a.u.RequestAssetUpdateUseCaseImpl - M=execute, I=Nenhum ticker ativo encontrado, pulando publicacao de evento
2026-04-27 01:26:09.407 [main] [bfe5896c-08aa-4a2d-bf03-7d0d05c7c54a] INFO  c.i.a.u.RequestAssetUpdateUseCaseImpl - M=execute, I=Iniciando extracao de tickers para atualizacao de ativos
2026-04-27 01:26:09.408 [main] [bfe5896c-08aa-4a2d-bf03-7d0d05c7c54a] INFO  c.i.a.u.RequestAssetUpdateUseCaseImpl - M=execute, I=Tickers unicos extraidos, tickerCount=0
2026-04-27 01:26:09.408 [main] [bfe5896c-08aa-4a2d-bf03-7d0d05c7c54a] INFO  c.i.a.u.RequestAssetUpdateUseCaseImpl - M=execute, I=Nenhum ticker ativo encontrado, pulando publicacao de evento
2026-04-27 01:26:09.408 [main] [d4aeb106-2d18-4fab-bc85-2a948461db65] INFO  c.i.a.u.RequestAssetUpdateUseCaseImpl - M=execute, I=Iniciando extracao de tickers para atualizacao de ativos
2026-04-27 01:26:09.408 [main] [d4aeb106-2d18-4fab-bc85-2a948461db65] INFO  c.i.a.u.RequestAssetUpdateUseCaseImpl - M=execute, I=Tickers unicos extraidos, tickerCount=0
2026-04-27 01:26:09.408 [main] [d4aeb106-2d18-4fab-bc85-2a948461db65] INFO  c.i.a.u.RequestAssetUpdateUseCaseImpl - M=execute, I=Nenhum ticker ativo encontrado, pulando publicacao de evento
2026-04-27 01:26:09.408 [main] [55f3e887-f390-49d4-8369-a48a53c74dae] INFO  c.i.a.u.RequestAssetUpdateUseCaseImpl - M=execute, I=Iniciando extracao de tickers para atualizacao de ativos
2026-04-27 01:26:09.408 [main] [55f3e887-f390-49d4-8369-a48a53c74dae] INFO  c.i.a.u.RequestAssetUpdateUseCaseImpl - M=execute, I=Tickers unicos extraidos, tickerCount=0
2026-04-27 01:26:09.408 [main] [55f3e887-f390-49d4-8369-a48a53c74dae] INFO  c.i.a.u.RequestAssetUpdateUseCaseImpl - M=execute, I=Nenhum ticker ativo encontrado, pulando publicacao de evento
2026-04-27 01:26:09.408 [main] [b7b66833-345e-4f34-8fea-1bfce06cbd48] INFO  c.i.a.u.RequestAssetUpdateUseCaseImpl - M=execute, I=Iniciando extracao de tickers para atualizacao de ativos
2026-04-27 01:26:09.409 [main] [b7b66833-345e-4f34-8fea-1bfce06cbd48] INFO  c.i.a.u.RequestAssetUpdateUseCaseImpl - M=execute, I=Tickers unicos extraidos, tickerCount=0
2026-04-27 01:26:09.409 [main] [b7b66833-345e-4f34-8fea-1bfce06cbd48] INFO  c.i.a.u.RequestAssetUpdateUseCaseImpl - M=execute, I=Nenhum ticker ativo encontrado, pulando publicacao de evento
2026-04-27 01:26:09.409 [main] [1696122a-ca70-4a77-9c80-e4af438c0d7d] INFO  c.i.a.u.RequestAssetUpdateUseCaseImpl - M=execute, I=Iniciando extracao de tickers para atualizacao de ativos
2026-04-27 01:26:09.409 [main] [1696122a-ca70-4a77-9c80-e4af438c0d7d] INFO  c.i.a.u.RequestAssetUpdateUseCaseImpl - M=execute, I=Tickers unicos extraidos, tickerCount=0
2026-04-27 01:26:09.409 [main] [1696122a-ca70-4a77-9c80-e4af438c0d7d] INFO  c.i.a.u.RequestAssetUpdateUseCaseImpl - M=execute, I=Nenhum ticker ativo encontrado, pulando publicacao de evento
2026-04-27 01:26:09.409 [main] [a85b068f-c74b-4555-a6d6-e2eca45fe2bb] INFO  c.i.a.u.RequestAssetUpdateUseCaseImpl - M=execute, I=Iniciando extracao de tickers para atualizacao de ativos
2026-04-27 01:26:09.409 [main] [a85b068f-c74b-4555-a6d6-e2eca45fe2bb] INFO  c.i.a.u.RequestAssetUpdateUseCaseImpl - M=execute, I=Tickers unicos extraidos, tickerCount=0
2026-04-27 01:26:09.409 [main] [a85b068f-c74b-4555-a6d6-e2eca45fe2bb] INFO  c.i.a.u.RequestAssetUpdateUseCaseImpl - M=execute, I=Nenhum ticker ativo encontrado, pulando publicacao de evento
2026-04-27 01:26:09.409 [main] [b98b238e-1166-40a4-ad39-97f87c47c4a1] INFO  c.i.a.u.RequestAssetUpdateUseCaseImpl - M=execute, I=Iniciando extracao de tickers para atualizacao de ativos
2026-04-27 01:26:09.409 [main] [b98b238e-1166-40a4-ad39-97f87c47c4a1] INFO  c.i.a.u.RequestAssetUpdateUseCaseImpl - M=execute, I=Tickers unicos extraidos, tickerCount=0
2026-04-27 01:26:09.409 [main] [b98b238e-1166-40a4-ad39-97f87c47c4a1] INFO  c.i.a.u.RequestAssetUpdateUseCaseImpl - M=execute, I=Nenhum ticker ativo encontrado, pulando publicacao de evento
2026-04-27 01:26:09.409 [main] [51a41481-248d-4e5e-992f-4331b1e7c0fe] INFO  c.i.a.u.RequestAssetUpdateUseCaseImpl - M=execute, I=Iniciando extracao de tickers para atualizacao de ativos
2026-04-27 01:26:09.409 [main] [51a41481-248d-4e5e-992f-4331b1e7c0fe] INFO  c.i.a.u.RequestAssetUpdateUseCaseImpl - M=execute, I=Tickers unicos extraidos, tickerCount=0
2026-04-27 01:26:09.410 [main] [51a41481-248d-4e5e-992f-4331b1e7c0fe] INFO  c.i.a.u.RequestAssetUpdateUseCaseImpl - M=execute, I=Nenhum ticker ativo encontrado, pulando publicacao de evento
2026-04-27 01:26:09.410 [main] [7a69a8ac-a8bf-4a88-b551-dccd95587904] INFO  c.i.a.u.RequestAssetUpdateUseCaseImpl - M=execute, I=Iniciando extracao de tickers para atualizacao de ativos
2026-04-27 01:26:09.410 [main] [7a69a8ac-a8bf-4a88-b551-dccd95587904] INFO  c.i.a.u.RequestAssetUpdateUseCaseImpl - M=execute, I=Tickers unicos extraidos, tickerCount=0
2026-04-27 01:26:09.410 [main] [7a69a8ac-a8bf-4a88-b551-dccd95587904] INFO  c.i.a.u.RequestAssetUpdateUseCaseImpl - M=execute, I=Nenhum ticker ativo encontrado, pulando publicacao de evento
2026-04-27 01:26:09.410 [main] [bf0e3ed5-1075-4ea7-8ab7-04c532040dce] INFO  c.i.a.u.RequestAssetUpdateUseCaseImpl - M=execute, I=Iniciando extracao de tickers para atualizacao de ativos
2026-04-27 01:26:09.410 [main] [bf0e3ed5-1075-4ea7-8ab7-04c532040dce] INFO  c.i.a.u.RequestAssetUpdateUseCaseImpl - M=execute, I=Tickers unicos extraidos, tickerCount=0
2026-04-27 01:26:09.410 [main] [bf0e3ed5-1075-4ea7-8ab7-04c532040dce] INFO  c.i.a.u.RequestAssetUpdateUseCaseImpl - M=execute, I=Nenhum ticker ativo encontrado, pulando publicacao de evento
2026-04-27 01:26:09.410 [main] [48cca1c8-4d2a-468f-9b0a-a9ae34cf1ebd] INFO  c.i.a.u.RequestAssetUpdateUseCaseImpl - M=execute, I=Iniciando extracao de tickers para atualizacao de ativos
2026-04-27 01:26:09.410 [main] [48cca1c8-4d2a-468f-9b0a-a9ae34cf1ebd] INFO  c.i.a.u.RequestAssetUpdateUseCaseImpl - M=execute, I=Tickers unicos extraidos, tickerCount=0
2026-04-27 01:26:09.410 [main] [48cca1c8-4d2a-468f-9b0a-a9ae34cf1ebd] INFO  c.i.a.u.RequestAssetUpdateUseCaseImpl - M=execute, I=Nenhum ticker ativo encontrado, pulando publicacao de evento
2026-04-27 01:26:09.410 [main] [aa57c89a-522a-4210-8866-b2dd688845ad] INFO  c.i.a.u.RequestAssetUpdateUseCaseImpl - M=execute, I=Iniciando extracao de tickers para atualizacao de ativos
2026-04-27 01:26:09.410 [main] [aa57c89a-522a-4210-8866-b2dd688845ad] INFO  c.i.a.u.RequestAssetUpdateUseCaseImpl - M=execute, I=Tickers unicos extraidos, tickerCount=0
2026-04-27 01:26:09.410 [main] [aa57c89a-522a-4210-8866-b2dd688845ad] INFO  c.i.a.u.RequestAssetUpdateUseCaseImpl - M=execute, I=Nenhum ticker ativo encontrado, pulando publicacao de evento
2026-04-27 01:26:09.411 [main] [22519250-f1a5-48fb-853e-8e8765428487] INFO  c.i.a.u.RequestAssetUpdateUseCaseImpl - M=execute, I=Iniciando extracao de tickers para atualizacao de ativos
2026-04-27 01:26:09.411 [main] [22519250-f1a5-48fb-853e-8e8765428487] INFO  c.i.a.u.RequestAssetUpdateUseCaseImpl - M=execute, I=Tickers unicos extraidos, tickerCount=0
2026-04-27 01:26:09.411 [main] [22519250-f1a5-48fb-853e-8e8765428487] INFO  c.i.a.u.RequestAssetUpdateUseCaseImpl - M=execute, I=Nenhum ticker ativo encontrado, pulando publicacao de evento
2026-04-27 01:26:09.411 [main] [ba07f30a-abc0-455c-adf7-e4aa40644a2d] INFO  c.i.a.u.RequestAssetUpdateUseCaseImpl - M=execute, I=Iniciando extracao de tickers para atualizacao de ativos
2026-04-27 01:26:09.411 [main] [ba07f30a-abc0-455c-adf7-e4aa40644a2d] INFO  c.i.a.u.RequestAssetUpdateUseCaseImpl - M=execute, I=Tickers unicos extraidos, tickerCount=0
2026-04-27 01:26:09.411 [main] [ba07f30a-abc0-455c-adf7-e4aa40644a2d] INFO  c.i.a.u.RequestAssetUpdateUseCaseImpl - M=execute, I=Nenhum ticker ativo encontrado, pulando publicacao de evento
2026-04-27 01:26:09.411 [main] [5cbd5e9e-4b7b-453f-aa1f-f16ffedd82e9] INFO  c.i.a.u.RequestAssetUpdateUseCaseImpl - M=execute, I=Iniciando extracao de tickers para atualizacao de ativos
2026-04-27 01:26:09.411 [main] [5cbd5e9e-4b7b-453f-aa1f-f16ffedd82e9] INFO  c.i.a.u.RequestAssetUpdateUseCaseImpl - M=execute, I=Tickers unicos extraidos, tickerCount=0
2026-04-27 01:26:09.411 [main] [5cbd5e9e-4b7b-453f-aa1f-f16ffedd82e9] INFO  c.i.a.u.RequestAssetUpdateUseCaseImpl - M=execute, I=Nenhum ticker ativo encontrado, pulando publicacao de evento
2026-04-27 01:26:09.412 [main] [07a8b421-8166-4062-a1cc-394cce8e07f8] INFO  c.i.a.u.RequestAssetUpdateUseCaseImpl - M=execute, I=Iniciando extracao de tickers para atualizacao de ativos
2026-04-27 01:26:09.412 [main] [07a8b421-8166-4062-a1cc-394cce8e07f8] INFO  c.i.a.u.RequestAssetUpdateUseCaseImpl - M=execute, I=Tickers unicos extraidos, tickerCount=0
2026-04-27 01:26:09.412 [main] [07a8b421-8166-4062-a1cc-394cce8e07f8] INFO  c.i.a.u.RequestAssetUpdateUseCaseImpl - M=execute, I=Nenhum ticker ativo encontrado, pulando publicacao de evento
2026-04-27 01:26:09.412 [main] [cdf56562-4a98-4d82-8ff3-248837db678f] INFO  c.i.a.u.RequestAssetUpdateUseCaseImpl - M=execute, I=Iniciando extracao de tickers para atualizacao de ativos
2026-04-27 01:26:09.412 [main] [cdf56562-4a98-4d82-8ff3-248837db678f] INFO  c.i.a.u.RequestAssetUpdateUseCaseImpl - M=execute, I=Tickers unicos extraidos, tickerCount=0
2026-04-27 01:26:09.412 [main] [cdf56562-4a98-4d82-8ff3-248837db678f] INFO  c.i.a.u.RequestAssetUpdateUseCaseImpl - M=execute, I=Nenhum ticker ativo encontrado, pulando publicacao de evento
2026-04-27 01:26:09.412 [main] [02af6b99-b927-49d2-b9d5-147e42f21252] INFO  c.i.a.u.RequestAssetUpdateUseCaseImpl - M=execute, I=Iniciando extracao de tickers para atualizacao de ativos
2026-04-27 01:26:09.412 [main] [02af6b99-b927-49d2-b9d5-147e42f21252] INFO  c.i.a.u.RequestAssetUpdateUseCaseImpl - M=execute, I=Tickers unicos extraidos, tickerCount=0
2026-04-27 01:26:09.412 [main] [02af6b99-b927-49d2-b9d5-147e42f21252] INFO  c.i.a.u.RequestAssetUpdateUseCaseImpl - M=execute, I=Nenhum ticker ativo encontrado, pulando publicacao de evento
2026-04-27 01:26:09.412 [main] [77c01546-ea97-4859-a7c7-e04bf4340fea] INFO  c.i.a.u.RequestAssetUpdateUseCaseImpl - M=execute, I=Iniciando extracao de tickers para atualizacao de ativos
2026-04-27 01:26:09.412 [main] [77c01546-ea97-4859-a7c7-e04bf4340fea] INFO  c.i.a.u.RequestAssetUpdateUseCaseImpl - M=execute, I=Tickers unicos extraidos, tickerCount=0
2026-04-27 01:26:09.412 [main] [77c01546-ea97-4859-a7c7-e04bf4340fea] INFO  c.i.a.u.RequestAssetUpdateUseCaseImpl - M=execute, I=Nenhum ticker ativo encontrado, pulando publicacao de evento
2026-04-27 01:26:09.412 [main] [340f08d1-b8e5-4722-883a-526be70b1de1] INFO  c.i.a.u.RequestAssetUpdateUseCaseImpl - M=execute, I=Iniciando extracao de tickers para atualizacao de ativos
2026-04-27 01:26:09.412 [main] [340f08d1-b8e5-4722-883a-526be70b1de1] INFO  c.i.a.u.RequestAssetUpdateUseCaseImpl - M=execute, I=Tickers unicos extraidos, tickerCount=0
2026-04-27 01:26:09.412 [main] [340f08d1-b8e5-4722-883a-526be70b1de1] INFO  c.i.a.u.RequestAssetUpdateUseCaseImpl - M=execute, I=Nenhum ticker ativo encontrado, pulando publicacao de evento
2026-04-27 01:26:09.413 [main] [ff66ea35-76ba-49cb-b6de-136a8b099e9c] INFO  c.i.a.u.RequestAssetUpdateUseCaseImpl - M=execute, I=Iniciando extracao de tickers para atualizacao de ativos
2026-04-27 01:26:09.413 [main] [ff66ea35-76ba-49cb-b6de-136a8b099e9c] INFO  c.i.a.u.RequestAssetUpdateUseCaseImpl - M=execute, I=Tickers unicos extraidos, tickerCount=0
2026-04-27 01:26:09.413 [main] [ff66ea35-76ba-49cb-b6de-136a8b099e9c] INFO  c.i.a.u.RequestAssetUpdateUseCaseImpl - M=execute, I=Nenhum ticker ativo encontrado, pulando publicacao de evento
2026-04-27 01:26:09.413 [main] [1ac4a774-d83d-436a-ac73-4d5220280ea8] INFO  c.i.a.u.RequestAssetUpdateUseCaseImpl - M=execute, I=Iniciando extracao de tickers para atualizacao de ativos
2026-04-27 01:26:09.413 [main] [1ac4a774-d83d-436a-ac73-4d5220280ea8] INFO  c.i.a.u.RequestAssetUpdateUseCaseImpl - M=execute, I=Tickers unicos extraidos, tickerCount=0
2026-04-27 01:26:09.413 [main] [1ac4a774-d83d-436a-ac73-4d5220280ea8] INFO  c.i.a.u.RequestAssetUpdateUseCaseImpl - M=execute, I=Nenhum ticker ativo encontrado, pulando publicacao de evento
2026-04-27 01:26:09.413 [main] [c0db9d18-f356-4aa0-9ca8-e54e5e4f70e8] INFO  c.i.a.u.RequestAssetUpdateUseCaseImpl - M=execute, I=Iniciando extracao de tickers para atualizacao de ativos
2026-04-27 01:26:09.413 [main] [c0db9d18-f356-4aa0-9ca8-e54e5e4f70e8] INFO  c.i.a.u.RequestAssetUpdateUseCaseImpl - M=execute, I=Tickers unicos extraidos, tickerCount=0
2026-04-27 01:26:09.413 [main] [c0db9d18-f356-4aa0-9ca8-e54e5e4f70e8] INFO  c.i.a.u.RequestAssetUpdateUseCaseImpl - M=execute, I=Nenhum ticker ativo encontrado, pulando publicacao de evento
2026-04-27 01:26:09.413 [main] [072e0452-2a18-4638-bcfc-d7595011af4c] INFO  c.i.a.u.RequestAssetUpdateUseCaseImpl - M=execute, I=Iniciando extracao de tickers para atualizacao de ativos
2026-04-27 01:26:09.414 [main] [072e0452-2a18-4638-bcfc-d7595011af4c] INFO  c.i.a.u.RequestAssetUpdateUseCaseImpl - M=execute, I=Tickers unicos extraidos, tickerCount=0
2026-04-27 01:26:09.414 [main] [072e0452-2a18-4638-bcfc-d7595011af4c] INFO  c.i.a.u.RequestAssetUpdateUseCaseImpl - M=execute, I=Nenhum ticker ativo encontrado, pulando publicacao de evento
2026-04-27 01:26:09.414 [main] [fe517f59-8e21-4200-8fd0-29104c7ea7c3] INFO  c.i.a.u.RequestAssetUpdateUseCaseImpl - M=execute, I=Iniciando extracao de tickers para atualizacao de ativos
2026-04-27 01:26:09.414 [main] [fe517f59-8e21-4200-8fd0-29104c7ea7c3] INFO  c.i.a.u.RequestAssetUpdateUseCaseImpl - M=execute, I=Tickers unicos extraidos, tickerCount=0
2026-04-27 01:26:09.414 [main] [fe517f59-8e21-4200-8fd0-29104c7ea7c3] INFO  c.i.a.u.RequestAssetUpdateUseCaseImpl - M=execute, I=Nenhum ticker ativo encontrado, pulando publicacao de evento
2026-04-27 01:26:09.414 [main] [59f3f197-3e9b-4292-89cb-c0c4a9f673c2] INFO  c.i.a.u.RequestAssetUpdateUseCaseImpl - M=execute, I=Iniciando extracao de tickers para atualizacao de ativos
2026-04-27 01:26:09.414 [main] [59f3f197-3e9b-4292-89cb-c0c4a9f673c2] INFO  c.i.a.u.RequestAssetUpdateUseCaseImpl - M=execute, I=Tickers unicos extraidos, tickerCount=0
2026-04-27 01:26:09.414 [main] [59f3f197-3e9b-4292-89cb-c0c4a9f673c2] INFO  c.i.a.u.RequestAssetUpdateUseCaseImpl - M=execute, I=Nenhum ticker ativo encontrado, pulando publicacao de evento
2026-04-27 01:26:09.414 [main] [68a4e68f-ac79-43b4-bcf9-72db0a8d863a] INFO  c.i.a.u.RequestAssetUpdateUseCaseImpl - M=execute, I=Iniciando extracao de tickers para atualizacao de ativos
2026-04-27 01:26:09.414 [main] [68a4e68f-ac79-43b4-bcf9-72db0a8d863a] INFO  c.i.a.u.RequestAssetUpdateUseCaseImpl - M=execute, I=Tickers unicos extraidos, tickerCount=0
2026-04-27 01:26:09.414 [main] [68a4e68f-ac79-43b4-bcf9-72db0a8d863a] INFO  c.i.a.u.RequestAssetUpdateUseCaseImpl - M=execute, I=Nenhum ticker ativo encontrado, pulando publicacao de evento
2026-04-27 01:26:09.414 [main] [8ab48400-bcc4-4dcc-99b1-2a406f4e1667] INFO  c.i.a.u.RequestAssetUpdateUseCaseImpl - M=execute, I=Iniciando extracao de tickers para atualizacao de ativos
2026-04-27 01:26:09.414 [main] [8ab48400-bcc4-4dcc-99b1-2a406f4e1667] INFO  c.i.a.u.RequestAssetUpdateUseCaseImpl - M=execute, I=Tickers unicos extraidos, tickerCount=0
2026-04-27 01:26:09.414 [main] [8ab48400-bcc4-4dcc-99b1-2a406f4e1667] INFO  c.i.a.u.RequestAssetUpdateUseCaseImpl - M=execute, I=Nenhum ticker ativo encontrado, pulando publicacao de evento
2026-04-27 01:26:09.415 [main] [c3e35bfe-b400-4333-82d9-31bd9e6f9b60] INFO  c.i.a.u.RequestAssetUpdateUseCaseImpl - M=execute, I=Iniciando extracao de tickers para atualizacao de ativos
2026-04-27 01:26:09.415 [main] [c3e35bfe-b400-4333-82d9-31bd9e6f9b60] INFO  c.i.a.u.RequestAssetUpdateUseCaseImpl - M=execute, I=Tickers unicos extraidos, tickerCount=0
2026-04-27 01:26:09.415 [main] [c3e35bfe-b400-4333-82d9-31bd9e6f9b60] INFO  c.i.a.u.RequestAssetUpdateUseCaseImpl - M=execute, I=Nenhum ticker ativo encontrado, pulando publicacao de evento
2026-04-27 01:26:09.415 [main] [6edcbe83-6457-4396-a80a-3b9346fe9050] INFO  c.i.a.u.RequestAssetUpdateUseCaseImpl - M=execute, I=Iniciando extracao de tickers para atualizacao de ativos
2026-04-27 01:26:09.415 [main] [6edcbe83-6457-4396-a80a-3b9346fe9050] INFO  c.i.a.u.RequestAssetUpdateUseCaseImpl - M=execute, I=Tickers unicos extraidos, tickerCount=0
2026-04-27 01:26:09.415 [main] [6edcbe83-6457-4396-a80a-3b9346fe9050] INFO  c.i.a.u.RequestAssetUpdateUseCaseImpl - M=execute, I=Nenhum ticker ativo encontrado, pulando publicacao de evento
2026-04-27 01:26:09.415 [main] [7b892ace-363c-4dfd-b5aa-a8ff6028f234] INFO  c.i.a.u.RequestAssetUpdateUseCaseImpl - M=execute, I=Iniciando extracao de tickers para atualizacao de ativos
2026-04-27 01:26:09.415 [main] [7b892ace-363c-4dfd-b5aa-a8ff6028f234] INFO  c.i.a.u.RequestAssetUpdateUseCaseImpl - M=execute, I=Tickers unicos extraidos, tickerCount=0
2026-04-27 01:26:09.415 [main] [7b892ace-363c-4dfd-b5aa-a8ff6028f234] INFO  c.i.a.u.RequestAssetUpdateUseCaseImpl - M=execute, I=Nenhum ticker ativo encontrado, pulando publicacao de evento
2026-04-27 01:26:09.415 [main] [10be16fb-9e47-4f3d-a0f5-11601b5f9e1e] INFO  c.i.a.u.RequestAssetUpdateUseCaseImpl - M=execute, I=Iniciando extracao de tickers para atualizacao de ativos
2026-04-27 01:26:09.415 [main] [10be16fb-9e47-4f3d-a0f5-11601b5f9e1e] INFO  c.i.a.u.RequestAssetUpdateUseCaseImpl - M=execute, I=Tickers unicos extraidos, tickerCount=0
2026-04-27 01:26:09.415 [main] [10be16fb-9e47-4f3d-a0f5-11601b5f9e1e] INFO  c.i.a.u.RequestAssetUpdateUseCaseImpl - M=execute, I=Nenhum ticker ativo encontrado, pulando publicacao de evento
2026-04-27 01:26:09.415 [main] [42c82f5c-66b0-49f5-b328-2b2507737f44] INFO  c.i.a.u.RequestAssetUpdateUseCaseImpl - M=execute, I=Iniciando extracao de tickers para atualizacao de ativos
2026-04-27 01:26:09.415 [main] [42c82f5c-66b0-49f5-b328-2b2507737f44] INFO  c.i.a.u.RequestAssetUpdateUseCaseImpl - M=execute, I=Tickers unicos extraidos, tickerCount=0
2026-04-27 01:26:09.415 [main] [42c82f5c-66b0-49f5-b328-2b2507737f44] INFO  c.i.a.u.RequestAssetUpdateUseCaseImpl - M=execute, I=Nenhum ticker ativo encontrado, pulando publicacao de evento
2026-04-27 01:26:09.416 [main] [36ea9a8c-3db1-426d-96b7-f7669b6c96b0] INFO  c.i.a.u.RequestAssetUpdateUseCaseImpl - M=execute, I=Iniciando extracao de tickers para atualizacao de ativos
2026-04-27 01:26:09.416 [main] [36ea9a8c-3db1-426d-96b7-f7669b6c96b0] INFO  c.i.a.u.RequestAssetUpdateUseCaseImpl - M=execute, I=Tickers unicos extraidos, tickerCount=0
2026-04-27 01:26:09.416 [main] [36ea9a8c-3db1-426d-96b7-f7669b6c96b0] INFO  c.i.a.u.RequestAssetUpdateUseCaseImpl - M=execute, I=Nenhum ticker ativo encontrado, pulando publicacao de evento
2026-04-27 01:26:09.416 [main] [92ca4089-d01f-4d29-bacd-845b16851749] INFO  c.i.a.u.RequestAssetUpdateUseCaseImpl - M=execute, I=Iniciando extracao de tickers para atualizacao de ativos
2026-04-27 01:26:09.416 [main] [92ca4089-d01f-4d29-bacd-845b16851749] INFO  c.i.a.u.RequestAssetUpdateUseCaseImpl - M=execute, I=Tickers unicos extraidos, tickerCount=0
2026-04-27 01:26:09.416 [main] [92ca4089-d01f-4d29-bacd-845b16851749] INFO  c.i.a.u.RequestAssetUpdateUseCaseImpl - M=execute, I=Nenhum ticker ativo encontrado, pulando publicacao de evento
2026-04-27 01:26:09.416 [main] [91659506-9332-465d-b192-c9379cf81e5a] INFO  c.i.a.u.RequestAssetUpdateUseCaseImpl - M=execute, I=Iniciando extracao de tickers para atualizacao de ativos
2026-04-27 01:26:09.416 [main] [91659506-9332-465d-b192-c9379cf81e5a] INFO  c.i.a.u.RequestAssetUpdateUseCaseImpl - M=execute, I=Tickers unicos extraidos, tickerCount=0
2026-04-27 01:26:09.416 [main] [91659506-9332-465d-b192-c9379cf81e5a] INFO  c.i.a.u.RequestAssetUpdateUseCaseImpl - M=execute, I=Nenhum ticker ativo encontrado, pulando publicacao de evento
2026-04-27 01:26:09.417 [main] [46fde640-b797-44c6-b528-9e5d6b3b2706] INFO  c.i.a.u.RequestAssetUpdateUseCaseImpl - M=execute, I=Iniciando extracao de tickers para atualizacao de ativos
2026-04-27 01:26:09.417 [main] [46fde640-b797-44c6-b528-9e5d6b3b2706] INFO  c.i.a.u.RequestAssetUpdateUseCaseImpl - M=execute, I=Tickers unicos extraidos, tickerCount=0
2026-04-27 01:26:09.417 [main] [46fde640-b797-44c6-b528-9e5d6b3b2706] INFO  c.i.a.u.RequestAssetUpdateUseCaseImpl - M=execute, I=Nenhum ticker ativo encontrado, pulando publicacao de evento
2026-04-27 01:26:09.417 [main] [53e365de-decc-4f19-a961-df89e147d557] INFO  c.i.a.u.RequestAssetUpdateUseCaseImpl - M=execute, I=Iniciando extracao de tickers para atualizacao de ativos
2026-04-27 01:26:09.417 [main] [53e365de-decc-4f19-a961-df89e147d557] INFO  c.i.a.u.RequestAssetUpdateUseCaseImpl - M=execute, I=Tickers unicos extraidos, tickerCount=0
2026-04-27 01:26:09.417 [main] [53e365de-decc-4f19-a961-df89e147d557] INFO  c.i.a.u.RequestAssetUpdateUseCaseImpl - M=execute, I=Nenhum ticker ativo encontrado, pulando publicacao de evento
2026-04-27 01:26:09.417 [main] [6d151c2d-ad70-4642-94de-154c34bc5808] INFO  c.i.a.u.RequestAssetUpdateUseCaseImpl - M=execute, I=Iniciando extracao de tickers para atualizacao de ativos
2026-04-27 01:26:09.417 [main] [6d151c2d-ad70-4642-94de-154c34bc5808] INFO  c.i.a.u.RequestAssetUpdateUseCaseImpl - M=execute, I=Tickers unicos extraidos, tickerCount=0
2026-04-27 01:26:09.417 [main] [6d151c2d-ad70-4642-94de-154c34bc5808] INFO  c.i.a.u.RequestAssetUpdateUseCaseImpl - M=execute, I=Nenhum ticker ativo encontrado, pulando publicacao de evento
2026-04-27 01:26:09.417 [main] [70d613f4-4b41-4ab5-961d-803f92ff9510] INFO  c.i.a.u.RequestAssetUpdateUseCaseImpl - M=execute, I=Iniciando extracao de tickers para atualizacao de ativos
2026-04-27 01:26:09.417 [main] [70d613f4-4b41-4ab5-961d-803f92ff9510] INFO  c.i.a.u.RequestAssetUpdateUseCaseImpl - M=execute, I=Tickers unicos extraidos, tickerCount=0
2026-04-27 01:26:09.417 [main] [70d613f4-4b41-4ab5-961d-803f92ff9510] INFO  c.i.a.u.RequestAssetUpdateUseCaseImpl - M=execute, I=Nenhum ticker ativo encontrado, pulando publicacao de evento
2026-04-27 01:26:09.417 [main] [4ead7eb9-9bdd-405f-89a7-cb1497a5e41f] INFO  c.i.a.u.RequestAssetUpdateUseCaseImpl - M=execute, I=Iniciando extracao de tickers para atualizacao de ativos
2026-04-27 01:26:09.417 [main] [4ead7eb9-9bdd-405f-89a7-cb1497a5e41f] INFO  c.i.a.u.RequestAssetUpdateUseCaseImpl - M=execute, I=Tickers unicos extraidos, tickerCount=0
2026-04-27 01:26:09.417 [main] [4ead7eb9-9bdd-405f-89a7-cb1497a5e41f] INFO  c.i.a.u.RequestAssetUpdateUseCaseImpl - M=execute, I=Nenhum ticker ativo encontrado, pulando publicacao de evento
2026-04-27 01:26:09.418 [main] [741ec664-0a79-449e-8c75-293522c36dca] INFO  c.i.a.u.RequestAssetUpdateUseCaseImpl - M=execute, I=Iniciando extracao de tickers para atualizacao de ativos
2026-04-27 01:26:09.418 [main] [741ec664-0a79-449e-8c75-293522c36dca] INFO  c.i.a.u.RequestAssetUpdateUseCaseImpl - M=execute, I=Tickers unicos extraidos, tickerCount=0
2026-04-27 01:26:09.418 [main] [741ec664-0a79-449e-8c75-293522c36dca] INFO  c.i.a.u.RequestAssetUpdateUseCaseImpl - M=execute, I=Nenhum ticker ativo encontrado, pulando publicacao de evento
2026-04-27 01:26:09.418 [main] [5e723790-8722-49da-bbaa-ba60c43a99bf] INFO  c.i.a.u.RequestAssetUpdateUseCaseImpl - M=execute, I=Iniciando extracao de tickers para atualizacao de ativos
2026-04-27 01:26:09.418 [main] [5e723790-8722-49da-bbaa-ba60c43a99bf] INFO  c.i.a.u.RequestAssetUpdateUseCaseImpl - M=execute, I=Tickers unicos extraidos, tickerCount=0
2026-04-27 01:26:09.418 [main] [5e723790-8722-49da-bbaa-ba60c43a99bf] INFO  c.i.a.u.RequestAssetUpdateUseCaseImpl - M=execute, I=Nenhum ticker ativo encontrado, pulando publicacao de evento
2026-04-27 01:26:09.418 [main] [a208742f-3ab1-4626-8238-656f522e9c3f] INFO  c.i.a.u.RequestAssetUpdateUseCaseImpl - M=execute, I=Iniciando extracao de tickers para atualizacao de ativos
2026-04-27 01:26:09.418 [main] [a208742f-3ab1-4626-8238-656f522e9c3f] INFO  c.i.a.u.RequestAssetUpdateUseCaseImpl - M=execute, I=Tickers unicos extraidos, tickerCount=0
2026-04-27 01:26:09.418 [main] [a208742f-3ab1-4626-8238-656f522e9c3f] INFO  c.i.a.u.RequestAssetUpdateUseCaseImpl - M=execute, I=Nenhum ticker ativo encontrado, pulando publicacao de evento
2026-04-27 01:26:09.418 [main] [d4a2f8a8-a534-43b3-a7f9-e6fe51734cf3] INFO  c.i.a.u.RequestAssetUpdateUseCaseImpl - M=execute, I=Iniciando extracao de tickers para atualizacao de ativos
2026-04-27 01:26:09.418 [main] [d4a2f8a8-a534-43b3-a7f9-e6fe51734cf3] INFO  c.i.a.u.RequestAssetUpdateUseCaseImpl - M=execute, I=Tickers unicos extraidos, tickerCount=0
2026-04-27 01:26:09.418 [main] [d4a2f8a8-a534-43b3-a7f9-e6fe51734cf3] INFO  c.i.a.u.RequestAssetUpdateUseCaseImpl - M=execute, I=Nenhum ticker ativo encontrado, pulando publicacao de evento
2026-04-27 01:26:09.419 [main] [e05f5034-85f0-4fa0-bc58-81ff75eae4ed] INFO  c.i.a.u.RequestAssetUpdateUseCaseImpl - M=execute, I=Iniciando extracao de tickers para atualizacao de ativos
2026-04-27 01:26:09.419 [main] [e05f5034-85f0-4fa0-bc58-81ff75eae4ed] INFO  c.i.a.u.RequestAssetUpdateUseCaseImpl - M=execute, I=Tickers unicos extraidos, tickerCount=0
2026-04-27 01:26:09.419 [main] [e05f5034-85f0-4fa0-bc58-81ff75eae4ed] INFO  c.i.a.u.RequestAssetUpdateUseCaseImpl - M=execute, I=Nenhum ticker ativo encontrado, pulando publicacao de evento
2026-04-27 01:26:09.419 [main] [65bfcbf7-3155-4044-9019-368886faf80f] INFO  c.i.a.u.RequestAssetUpdateUseCaseImpl - M=execute, I=Iniciando extracao de tickers para atualizacao de ativos
2026-04-27 01:26:09.419 [main] [65bfcbf7-3155-4044-9019-368886faf80f] INFO  c.i.a.u.RequestAssetUpdateUseCaseImpl - M=execute, I=Tickers unicos extraidos, tickerCount=0
2026-04-27 01:26:09.419 [main] [65bfcbf7-3155-4044-9019-368886faf80f] INFO  c.i.a.u.RequestAssetUpdateUseCaseImpl - M=execute, I=Nenhum ticker ativo encontrado, pulando publicacao de evento
2026-04-27 01:26:09.419 [main] [bbea3822-994e-4c8f-a1c6-2bb5d7bf2905] INFO  c.i.a.u.RequestAssetUpdateUseCaseImpl - M=execute, I=Iniciando extracao de tickers para atualizacao de ativos
2026-04-27 01:26:09.419 [main] [bbea3822-994e-4c8f-a1c6-2bb5d7bf2905] INFO  c.i.a.u.RequestAssetUpdateUseCaseImpl - M=execute, I=Tickers unicos extraidos, tickerCount=0
2026-04-27 01:26:09.419 [main] [bbea3822-994e-4c8f-a1c6-2bb5d7bf2905] INFO  c.i.a.u.RequestAssetUpdateUseCaseImpl - M=execute, I=Nenhum ticker ativo encontrado, pulando publicacao de evento
2026-04-27 01:26:09.419 [main] [1267e53c-777a-4528-a4f7-7229fd155c98] INFO  c.i.a.u.RequestAssetUpdateUseCaseImpl - M=execute, I=Iniciando extracao de tickers para atualizacao de ativos
2026-04-27 01:26:09.419 [main] [1267e53c-777a-4528-a4f7-7229fd155c98] INFO  c.i.a.u.RequestAssetUpdateUseCaseImpl - M=execute, I=Tickers unicos extraidos, tickerCount=0
2026-04-27 01:26:09.419 [main] [1267e53c-777a-4528-a4f7-7229fd155c98] INFO  c.i.a.u.RequestAssetUpdateUseCaseImpl - M=execute, I=Nenhum ticker ativo encontrado, pulando publicacao de evento
2026-04-27 01:26:09.419 [main] [1919e6ea-07c0-4bbe-b78c-79f9ebdbe83f] INFO  c.i.a.u.RequestAssetUpdateUseCaseImpl - M=execute, I=Iniciando extracao de tickers para atualizacao de ativos
2026-04-27 01:26:09.419 [main] [1919e6ea-07c0-4bbe-b78c-79f9ebdbe83f] INFO  c.i.a.u.RequestAssetUpdateUseCaseImpl - M=execute, I=Tickers unicos extraidos, tickerCount=0
2026-04-27 01:26:09.419 [main] [1919e6ea-07c0-4bbe-b78c-79f9ebdbe83f] INFO  c.i.a.u.RequestAssetUpdateUseCaseImpl - M=execute, I=Nenhum ticker ativo encontrado, pulando publicacao de evento
2026-04-27 01:26:09.420 [main] [cb8574e2-d5db-4b10-a05f-eab4a6c17a67] INFO  c.i.a.u.RequestAssetUpdateUseCaseImpl - M=execute, I=Iniciando extracao de tickers para atualizacao de ativos
2026-04-27 01:26:09.420 [main] [cb8574e2-d5db-4b10-a05f-eab4a6c17a67] INFO  c.i.a.u.RequestAssetUpdateUseCaseImpl - M=execute, I=Tickers unicos extraidos, tickerCount=0
2026-04-27 01:26:09.420 [main] [cb8574e2-d5db-4b10-a05f-eab4a6c17a67] INFO  c.i.a.u.RequestAssetUpdateUseCaseImpl - M=execute, I=Nenhum ticker ativo encontrado, pulando publicacao de evento
2026-04-27 01:26:09.420 [main] [1b813bd8-e5df-4327-9c83-db3c62c69d97] INFO  c.i.a.u.RequestAssetUpdateUseCaseImpl - M=execute, I=Iniciando extracao de tickers para atualizacao de ativos
2026-04-27 01:26:09.420 [main] [1b813bd8-e5df-4327-9c83-db3c62c69d97] INFO  c.i.a.u.RequestAssetUpdateUseCaseImpl - M=execute, I=Tickers unicos extraidos, tickerCount=0
2026-04-27 01:26:09.420 [main] [1b813bd8-e5df-4327-9c83-db3c62c69d97] INFO  c.i.a.u.RequestAssetUpdateUseCaseImpl - M=execute, I=Nenhum ticker ativo encontrado, pulando publicacao de evento
2026-04-27 01:26:09.420 [main] [9800b00f-00df-4f8c-add9-de946c458284] INFO  c.i.a.u.RequestAssetUpdateUseCaseImpl - M=execute, I=Iniciando extracao de tickers para atualizacao de ativos
2026-04-27 01:26:09.420 [main] [9800b00f-00df-4f8c-add9-de946c458284] INFO  c.i.a.u.RequestAssetUpdateUseCaseImpl - M=execute, I=Tickers unicos extraidos, tickerCount=0
2026-04-27 01:26:09.420 [main] [9800b00f-00df-4f8c-add9-de946c458284] INFO  c.i.a.u.RequestAssetUpdateUseCaseImpl - M=execute, I=Nenhum ticker ativo encontrado, pulando publicacao de evento
2026-04-27 01:26:09.420 [main] [98a392a9-47ab-411b-925b-24b799edc3a6] INFO  c.i.a.u.RequestAssetUpdateUseCaseImpl - M=execute, I=Iniciando extracao de tickers para atualizacao de ativos
2026-04-27 01:26:09.420 [main] [98a392a9-47ab-411b-925b-24b799edc3a6] INFO  c.i.a.u.RequestAssetUpdateUseCaseImpl - M=execute, I=Tickers unicos extraidos, tickerCount=0
2026-04-27 01:26:09.420 [main] [98a392a9-47ab-411b-925b-24b799edc3a6] INFO  c.i.a.u.RequestAssetUpdateUseCaseImpl - M=execute, I=Nenhum ticker ativo encontrado, pulando publicacao de evento
2026-04-27 01:26:09.420 [main] [0a1f6f92-9f95-42f5-93e1-5a9f0a34bac3] INFO  c.i.a.u.RequestAssetUpdateUseCaseImpl - M=execute, I=Iniciando extracao de tickers para atualizacao de ativos
2026-04-27 01:26:09.420 [main] [0a1f6f92-9f95-42f5-93e1-5a9f0a34bac3] INFO  c.i.a.u.RequestAssetUpdateUseCaseImpl - M=execute, I=Tickers unicos extraidos, tickerCount=0
2026-04-27 01:26:09.421 [main] [0a1f6f92-9f95-42f5-93e1-5a9f0a34bac3] INFO  c.i.a.u.RequestAssetUpdateUseCaseImpl - M=execute, I=Nenhum ticker ativo encontrado, pulando publicacao de evento
2026-04-27 01:26:09.421 [main] [592dcd72-9345-4966-8eda-52abb17643d0] INFO  c.i.a.u.RequestAssetUpdateUseCaseImpl - M=execute, I=Iniciando extracao de tickers para atualizacao de ativos
2026-04-27 01:26:09.421 [main] [592dcd72-9345-4966-8eda-52abb17643d0] INFO  c.i.a.u.RequestAssetUpdateUseCaseImpl - M=execute, I=Tickers unicos extraidos, tickerCount=0
2026-04-27 01:26:09.421 [main] [592dcd72-9345-4966-8eda-52abb17643d0] INFO  c.i.a.u.RequestAssetUpdateUseCaseImpl - M=execute, I=Nenhum ticker ativo encontrado, pulando publicacao de evento
2026-04-27 01:26:09.421 [main] [0f031046-6a2a-439a-80fd-a37e66ac92c4] INFO  c.i.a.u.RequestAssetUpdateUseCaseImpl - M=execute, I=Iniciando extracao de tickers para atualizacao de ativos
2026-04-27 01:26:09.421 [main] [0f031046-6a2a-439a-80fd-a37e66ac92c4] INFO  c.i.a.u.RequestAssetUpdateUseCaseImpl - M=execute, I=Tickers unicos extraidos, tickerCount=0
2026-04-27 01:26:09.421 [main] [0f031046-6a2a-439a-80fd-a37e66ac92c4] INFO  c.i.a.u.RequestAssetUpdateUseCaseImpl - M=execute, I=Nenhum ticker ativo encontrado, pulando publicacao de evento
2026-04-27 01:26:09.421 [main] [36bf3e57-7b6d-4259-9d2b-f1309a0b4960] INFO  c.i.a.u.RequestAssetUpdateUseCaseImpl - M=execute, I=Iniciando extracao de tickers para atualizacao de ativos
2026-04-27 01:26:09.421 [main] [36bf3e57-7b6d-4259-9d2b-f1309a0b4960] INFO  c.i.a.u.RequestAssetUpdateUseCaseImpl - M=execute, I=Tickers unicos extraidos, tickerCount=0
2026-04-27 01:26:09.421 [main] [36bf3e57-7b6d-4259-9d2b-f1309a0b4960] INFO  c.i.a.u.RequestAssetUpdateUseCaseImpl - M=execute, I=Nenhum ticker ativo encontrado, pulando publicacao de evento
2026-04-27 01:26:09.421 [main] [f23d66a4-efa7-4965-a995-44883be43cc0] INFO  c.i.a.u.RequestAssetUpdateUseCaseImpl - M=execute, I=Iniciando extracao de tickers para atualizacao de ativos
2026-04-27 01:26:09.421 [main] [f23d66a4-efa7-4965-a995-44883be43cc0] INFO  c.i.a.u.RequestAssetUpdateUseCaseImpl - M=execute, I=Tickers unicos extraidos, tickerCount=0
2026-04-27 01:26:09.421 [main] [f23d66a4-efa7-4965-a995-44883be43cc0] INFO  c.i.a.u.RequestAssetUpdateUseCaseImpl - M=execute, I=Nenhum ticker ativo encontrado, pulando publicacao de evento
2026-04-27 01:26:09.422 [main] [9ced3aac-7453-4847-b66a-7569a64922f8] INFO  c.i.a.u.RequestAssetUpdateUseCaseImpl - M=execute, I=Iniciando extracao de tickers para atualizacao de ativos
2026-04-27 01:26:09.422 [main] [9ced3aac-7453-4847-b66a-7569a64922f8] INFO  c.i.a.u.RequestAssetUpdateUseCaseImpl - M=execute, I=Tickers unicos extraidos, tickerCount=0
2026-04-27 01:26:09.422 [main] [9ced3aac-7453-4847-b66a-7569a64922f8] INFO  c.i.a.u.RequestAssetUpdateUseCaseImpl - M=execute, I=Nenhum ticker ativo encontrado, pulando publicacao de evento
2026-04-27 01:26:09.422 [main] [0887b093-b9ed-4266-aeeb-8bbf96b02a09] INFO  c.i.a.u.RequestAssetUpdateUseCaseImpl - M=execute, I=Iniciando extracao de tickers para atualizacao de ativos
2026-04-27 01:26:09.422 [main] [0887b093-b9ed-4266-aeeb-8bbf96b02a09] INFO  c.i.a.u.RequestAssetUpdateUseCaseImpl - M=execute, I=Tickers unicos extraidos, tickerCount=0
2026-04-27 01:26:09.422 [main] [0887b093-b9ed-4266-aeeb-8bbf96b02a09] INFO  c.i.a.u.RequestAssetUpdateUseCaseImpl - M=execute, I=Nenhum ticker ativo encontrado, pulando publicacao de evento
2026-04-27 01:26:09.422 [main] [53ca1818-b6b6-4762-b42c-30e5b7c7b391] INFO  c.i.a.u.RequestAssetUpdateUseCaseImpl - M=execute, I=Iniciando extracao de tickers para atualizacao de ativos
2026-04-27 01:26:09.422 [main] [53ca1818-b6b6-4762-b42c-30e5b7c7b391] INFO  c.i.a.u.RequestAssetUpdateUseCaseImpl - M=execute, I=Tickers unicos extraidos, tickerCount=0
2026-04-27 01:26:09.422 [main] [53ca1818-b6b6-4762-b42c-30e5b7c7b391] INFO  c.i.a.u.RequestAssetUpdateUseCaseImpl - M=execute, I=Nenhum ticker ativo encontrado, pulando publicacao de evento
2026-04-27 01:26:09.423 [main] [b4aefdb1-9aa6-4691-a884-05a4669a9a5c] INFO  c.i.a.u.RequestAssetUpdateUseCaseImpl - M=execute, I=Iniciando extracao de tickers para atualizacao de ativos
2026-04-27 01:26:09.423 [main] [b4aefdb1-9aa6-4691-a884-05a4669a9a5c] INFO  c.i.a.u.RequestAssetUpdateUseCaseImpl - M=execute, I=Tickers unicos extraidos, tickerCount=0
2026-04-27 01:26:09.423 [main] [b4aefdb1-9aa6-4691-a884-05a4669a9a5c] INFO  c.i.a.u.RequestAssetUpdateUseCaseImpl - M=execute, I=Nenhum ticker ativo encontrado, pulando publicacao de evento
2026-04-27 01:26:09.426 [main] [21c40f69-e700-4282-9c4c-d0238adbaa20] INFO  c.i.a.u.RequestAssetUpdateUseCaseImpl - M=execute, I=Iniciando extracao de tickers para atualizacao de ativos
2026-04-27 01:26:09.426 [main] [21c40f69-e700-4282-9c4c-d0238adbaa20] INFO  c.i.a.u.RequestAssetUpdateUseCaseImpl - M=execute, I=Tickers unicos extraidos, tickerCount=0
2026-04-27 01:26:09.426 [main] [21c40f69-e700-4282-9c4c-d0238adbaa20] INFO  c.i.a.u.RequestAssetUpdateUseCaseImpl - M=execute, I=Nenhum ticker ativo encontrado, pulando publicacao de evento
2026-04-27 01:26:09.426 [main] [da815b44-60b5-47ff-a791-7321bc242a9a] INFO  c.i.a.u.RequestAssetUpdateUseCaseImpl - M=execute, I=Iniciando extracao de tickers para atualizacao de ativos
2026-04-27 01:26:09.426 [main] [da815b44-60b5-47ff-a791-7321bc242a9a] INFO  c.i.a.u.RequestAssetUpdateUseCaseImpl - M=execute, I=Tickers unicos extraidos, tickerCount=0
2026-04-27 01:26:09.426 [main] [da815b44-60b5-47ff-a791-7321bc242a9a] INFO  c.i.a.u.RequestAssetUpdateUseCaseImpl - M=execute, I=Nenhum ticker ativo encontrado, pulando publicacao de evento
2026-04-27 01:26:09.427 [main] [1ca06f0e-5f97-4e42-a33f-a16d0f41e581] INFO  c.i.a.u.RequestAssetUpdateUseCaseImpl - M=execute, I=Iniciando extracao de tickers para atualizacao de ativos
2026-04-27 01:26:09.427 [main] [1ca06f0e-5f97-4e42-a33f-a16d0f41e581] INFO  c.i.a.u.RequestAssetUpdateUseCaseImpl - M=execute, I=Tickers unicos extraidos, tickerCount=0
2026-04-27 01:26:09.427 [main] [1ca06f0e-5f97-4e42-a33f-a16d0f41e581] INFO  c.i.a.u.RequestAssetUpdateUseCaseImpl - M=execute, I=Nenhum ticker ativo encontrado, pulando publicacao de evento
2026-04-27 01:26:09.427 [main] [8650f0a6-441b-4f70-a5d2-e3b61abff533] INFO  c.i.a.u.RequestAssetUpdateUseCaseImpl - M=execute, I=Iniciando extracao de tickers para atualizacao de ativos
2026-04-27 01:26:09.427 [main] [8650f0a6-441b-4f70-a5d2-e3b61abff533] INFO  c.i.a.u.RequestAssetUpdateUseCaseImpl - M=execute, I=Tickers unicos extraidos, tickerCount=0
2026-04-27 01:26:09.427 [main] [8650f0a6-441b-4f70-a5d2-e3b61abff533] INFO  c.i.a.u.RequestAssetUpdateUseCaseImpl - M=execute, I=Nenhum ticker ativo encontrado, pulando publicacao de evento
2026-04-27 01:26:09.427 [main] [233108ed-6914-41d4-8632-1980b8e3f837] INFO  c.i.a.u.RequestAssetUpdateUseCaseImpl - M=execute, I=Iniciando extracao de tickers para atualizacao de ativos
2026-04-27 01:26:09.427 [main] [233108ed-6914-41d4-8632-1980b8e3f837] INFO  c.i.a.u.RequestAssetUpdateUseCaseImpl - M=execute, I=Tickers unicos extraidos, tickerCount=0
2026-04-27 01:26:09.427 [main] [233108ed-6914-41d4-8632-1980b8e3f837] INFO  c.i.a.u.RequestAssetUpdateUseCaseImpl - M=execute, I=Nenhum ticker ativo encontrado, pulando publicacao de evento
2026-04-27 01:26:09.428 [main] [4af12392-27ff-4f53-8615-8c6f3f056508] INFO  c.i.a.u.RequestAssetUpdateUseCaseImpl - M=execute, I=Iniciando extracao de tickers para atualizacao de ativos
2026-04-27 01:26:09.428 [main] [4af12392-27ff-4f53-8615-8c6f3f056508] INFO  c.i.a.u.RequestAssetUpdateUseCaseImpl - M=execute, I=Tickers unicos extraidos, tickerCount=0
2026-04-27 01:26:09.428 [main] [4af12392-27ff-4f53-8615-8c6f3f056508] INFO  c.i.a.u.RequestAssetUpdateUseCaseImpl - M=execute, I=Nenhum ticker ativo encontrado, pulando publicacao de evento
2026-04-27 01:26:09.428 [main] [b37ab1ed-cee1-431e-a809-67ac235f2194] INFO  c.i.a.u.RequestAssetUpdateUseCaseImpl - M=execute, I=Iniciando extracao de tickers para atualizacao de ativos
2026-04-27 01:26:09.428 [main] [b37ab1ed-cee1-431e-a809-67ac235f2194] INFO  c.i.a.u.RequestAssetUpdateUseCaseImpl - M=execute, I=Tickers unicos extraidos, tickerCount=0
2026-04-27 01:26:09.428 [main] [b37ab1ed-cee1-431e-a809-67ac235f2194] INFO  c.i.a.u.RequestAssetUpdateUseCaseImpl - M=execute, I=Nenhum ticker ativo encontrado, pulando publicacao de evento
2026-04-27 01:26:09.428 [main] [e0e14a7e-6ad0-4546-900f-5fac45f22e02] INFO  c.i.a.u.RequestAssetUpdateUseCaseImpl - M=execute, I=Iniciando extracao de tickers para atualizacao de ativos
2026-04-27 01:26:09.428 [main] [e0e14a7e-6ad0-4546-900f-5fac45f22e02] INFO  c.i.a.u.RequestAssetUpdateUseCaseImpl - M=execute, I=Tickers unicos extraidos, tickerCount=0
2026-04-27 01:26:09.428 [main] [e0e14a7e-6ad0-4546-900f-5fac45f22e02] INFO  c.i.a.u.RequestAssetUpdateUseCaseImpl - M=execute, I=Nenhum ticker ativo encontrado, pulando publicacao de evento
2026-04-27 01:26:09.428 [main] [ad46b37b-06c8-4f04-ac68-8042a02979c7] INFO  c.i.a.u.RequestAssetUpdateUseCaseImpl - M=execute, I=Iniciando extracao de tickers para atualizacao de ativos
2026-04-27 01:26:09.428 [main] [ad46b37b-06c8-4f04-ac68-8042a02979c7] INFO  c.i.a.u.RequestAssetUpdateUseCaseImpl - M=execute, I=Tickers unicos extraidos, tickerCount=0
2026-04-27 01:26:09.428 [main] [ad46b37b-06c8-4f04-ac68-8042a02979c7] INFO  c.i.a.u.RequestAssetUpdateUseCaseImpl - M=execute, I=Nenhum ticker ativo encontrado, pulando publicacao de evento
2026-04-27 01:26:09.428 [main] [2ae673b6-dd66-4470-ae42-8547d5842023] INFO  c.i.a.u.RequestAssetUpdateUseCaseImpl - M=execute, I=Iniciando extracao de tickers para atualizacao de ativos
2026-04-27 01:26:09.428 [main] [2ae673b6-dd66-4470-ae42-8547d5842023] INFO  c.i.a.u.RequestAssetUpdateUseCaseImpl - M=execute, I=Tickers unicos extraidos, tickerCount=0
2026-04-27 01:26:09.428 [main] [2ae673b6-dd66-4470-ae42-8547d5842023] INFO  c.i.a.u.RequestAssetUpdateUseCaseImpl - M=execute, I=Nenhum ticker ativo encontrado, pulando publicacao de evento
2026-04-27 01:26:09.428 [main] [425d5d62-fc80-4ac9-93bf-ad592f38affc] INFO  c.i.a.u.RequestAssetUpdateUseCaseImpl - M=execute, I=Iniciando extracao de tickers para atualizacao de ativos
2026-04-27 01:26:09.429 [main] [425d5d62-fc80-4ac9-93bf-ad592f38affc] INFO  c.i.a.u.RequestAssetUpdateUseCaseImpl - M=execute, I=Tickers unicos extraidos, tickerCount=0
2026-04-27 01:26:09.429 [main] [425d5d62-fc80-4ac9-93bf-ad592f38affc] INFO  c.i.a.u.RequestAssetUpdateUseCaseImpl - M=execute, I=Nenhum ticker ativo encontrado, pulando publicacao de evento
2026-04-27 01:26:09.429 [main] [eedd9447-b0de-4a08-a9ba-ef17b532eb62] INFO  c.i.a.u.RequestAssetUpdateUseCaseImpl - M=execute, I=Iniciando extracao de tickers para atualizacao de ativos
2026-04-27 01:26:09.429 [main] [eedd9447-b0de-4a08-a9ba-ef17b532eb62] INFO  c.i.a.u.RequestAssetUpdateUseCaseImpl - M=execute, I=Tickers unicos extraidos, tickerCount=0
2026-04-27 01:26:09.429 [main] [eedd9447-b0de-4a08-a9ba-ef17b532eb62] INFO  c.i.a.u.RequestAssetUpdateUseCaseImpl - M=execute, I=Nenhum ticker ativo encontrado, pulando publicacao de evento
2026-04-27 01:26:09.429 [main] [2e8c2208-cf02-4102-b167-a493a7ad11cc] INFO  c.i.a.u.RequestAssetUpdateUseCaseImpl - M=execute, I=Iniciando extracao de tickers para atualizacao de ativos
2026-04-27 01:26:09.429 [main] [2e8c2208-cf02-4102-b167-a493a7ad11cc] INFO  c.i.a.u.RequestAssetUpdateUseCaseImpl - M=execute, I=Tickers unicos extraidos, tickerCount=0
2026-04-27 01:26:09.429 [main] [2e8c2208-cf02-4102-b167-a493a7ad11cc] INFO  c.i.a.u.RequestAssetUpdateUseCaseImpl - M=execute, I=Nenhum ticker ativo encontrado, pulando publicacao de evento
2026-04-27 01:26:09.429 [main] [125954a6-377b-42ca-9483-8852b938920f] INFO  c.i.a.u.RequestAssetUpdateUseCaseImpl - M=execute, I=Iniciando extracao de tickers para atualizacao de ativos
2026-04-27 01:26:09.429 [main] [125954a6-377b-42ca-9483-8852b938920f] INFO  c.i.a.u.RequestAssetUpdateUseCaseImpl - M=execute, I=Tickers unicos extraidos, tickerCount=0
2026-04-27 01:26:09.429 [main] [125954a6-377b-42ca-9483-8852b938920f] INFO  c.i.a.u.RequestAssetUpdateUseCaseImpl - M=execute, I=Nenhum ticker ativo encontrado, pulando publicacao de evento
2026-04-27 01:26:09.429 [main] [b50f5e1d-29ab-496c-abaa-5ffe7bf19f66] INFO  c.i.a.u.RequestAssetUpdateUseCaseImpl - M=execute, I=Iniciando extracao de tickers para atualizacao de ativos
2026-04-27 01:26:09.429 [main] [b50f5e1d-29ab-496c-abaa-5ffe7bf19f66] INFO  c.i.a.u.RequestAssetUpdateUseCaseImpl - M=execute, I=Tickers unicos extraidos, tickerCount=0
2026-04-27 01:26:09.429 [main] [b50f5e1d-29ab-496c-abaa-5ffe7bf19f66] INFO  c.i.a.u.RequestAssetUpdateUseCaseImpl - M=execute, I=Nenhum ticker ativo encontrado, pulando publicacao de evento
2026-04-27 01:26:09.429 [main] [0e0efc3e-6cb6-4844-b97c-3d9b92aa7872] INFO  c.i.a.u.RequestAssetUpdateUseCaseImpl - M=execute, I=Iniciando extracao de tickers para atualizacao de ativos
2026-04-27 01:26:09.429 [main] [0e0efc3e-6cb6-4844-b97c-3d9b92aa7872] INFO  c.i.a.u.RequestAssetUpdateUseCaseImpl - M=execute, I=Tickers unicos extraidos, tickerCount=0
2026-04-27 01:26:09.429 [main] [0e0efc3e-6cb6-4844-b97c-3d9b92aa7872] INFO  c.i.a.u.RequestAssetUpdateUseCaseImpl - M=execute, I=Nenhum ticker ativo encontrado, pulando publicacao de evento
2026-04-27 01:26:09.430 [main] [ac500b04-f2ec-473b-bfd7-349474f0c306] INFO  c.i.a.u.RequestAssetUpdateUseCaseImpl - M=execute, I=Iniciando extracao de tickers para atualizacao de ativos
2026-04-27 01:26:09.430 [main] [ac500b04-f2ec-473b-bfd7-349474f0c306] INFO  c.i.a.u.RequestAssetUpdateUseCaseImpl - M=execute, I=Tickers unicos extraidos, tickerCount=0
2026-04-27 01:26:09.430 [main] [ac500b04-f2ec-473b-bfd7-349474f0c306] INFO  c.i.a.u.RequestAssetUpdateUseCaseImpl - M=execute, I=Nenhum ticker ativo encontrado, pulando publicacao de evento
2026-04-27 01:26:09.430 [main] [41d41bd5-0c02-4692-ad9e-82a81d345436] INFO  c.i.a.u.RequestAssetUpdateUseCaseImpl - M=execute, I=Iniciando extracao de tickers para atualizacao de ativos
2026-04-27 01:26:09.430 [main] [41d41bd5-0c02-4692-ad9e-82a81d345436] INFO  c.i.a.u.RequestAssetUpdateUseCaseImpl - M=execute, I=Tickers unicos extraidos, tickerCount=0
2026-04-27 01:26:09.430 [main] [41d41bd5-0c02-4692-ad9e-82a81d345436] INFO  c.i.a.u.RequestAssetUpdateUseCaseImpl - M=execute, I=Nenhum ticker ativo encontrado, pulando publicacao de evento
2026-04-27 01:26:09.431 [main] [ef9f03b0-fc53-4247-9b19-172fccb81705] INFO  c.i.a.u.RequestAssetUpdateUseCaseImpl - M=execute, I=Iniciando extracao de tickers para atualizacao de ativos
2026-04-27 01:26:09.431 [main] [ef9f03b0-fc53-4247-9b19-172fccb81705] INFO  c.i.a.u.RequestAssetUpdateUseCaseImpl - M=execute, I=Tickers unicos extraidos, tickerCount=0
2026-04-27 01:26:09.431 [main] [ef9f03b0-fc53-4247-9b19-172fccb81705] INFO  c.i.a.u.RequestAssetUpdateUseCaseImpl - M=execute, I=Nenhum ticker ativo encontrado, pulando publicacao de evento
2026-04-27 01:26:09.431 [main] [5bbdf80a-0d59-4674-b5fe-c40ef20cf8dd] INFO  c.i.a.u.RequestAssetUpdateUseCaseImpl - M=execute, I=Iniciando extracao de tickers para atualizacao de ativos
2026-04-27 01:26:09.431 [main] [5bbdf80a-0d59-4674-b5fe-c40ef20cf8dd] INFO  c.i.a.u.RequestAssetUpdateUseCaseImpl - M=execute, I=Tickers unicos extraidos, tickerCount=0
2026-04-27 01:26:09.432 [main] [5bbdf80a-0d59-4674-b5fe-c40ef20cf8dd] INFO  c.i.a.u.RequestAssetUpdateUseCaseImpl - M=execute, I=Nenhum ticker ativo encontrado, pulando publicacao de evento
2026-04-27 01:26:09.432 [main] [8e70b02d-6bbf-4a8e-8346-fe8e8872ee1f] INFO  c.i.a.u.RequestAssetUpdateUseCaseImpl - M=execute, I=Iniciando extracao de tickers para atualizacao de ativos
2026-04-27 01:26:09.432 [main] [8e70b02d-6bbf-4a8e-8346-fe8e8872ee1f] INFO  c.i.a.u.RequestAssetUpdateUseCaseImpl - M=execute, I=Tickers unicos extraidos, tickerCount=0
2026-04-27 01:26:09.432 [main] [8e70b02d-6bbf-4a8e-8346-fe8e8872ee1f] INFO  c.i.a.u.RequestAssetUpdateUseCaseImpl - M=execute, I=Nenhum ticker ativo encontrado, pulando publicacao de evento
[...]
2026-04-27 01:26:09.824 [main] [d34d250d-1eb6-4c18-9fea-af010f22fb09] INFO  c.i.a.u.RequestAssetUpdateUseCaseImpl - M=execute, I=Iniciando extracao de tickers para atualizacao de ativos
2026-04-27 01:26:09.824 [main] [d34d250d-1eb6-4c18-9fea-af010f22fb09] INFO  c.i.a.u.RequestAssetUpdateUseCaseImpl - M=execute, I=Tickers unicos extraidos, tickerCount=1
2026-04-27 01:26:09.824 [main] [85454f45-aea4-42a3-aac5-b8b257014b31] INFO  c.i.a.u.RequestAssetUpdateUseCaseImpl - M=execute, I=Iniciando extracao de tickers para atualizacao de ativos
2026-04-27 01:26:09.824 [main] [85454f45-aea4-42a3-aac5-b8b257014b31] INFO  c.i.a.u.RequestAssetUpdateUseCaseImpl - M=execute, I=Tickers unicos extraidos, tickerCount=3
2026-04-27 01:26:09.824 [main] [c3f7e004-3aab-4ef6-933a-f13c172f19f7] INFO  c.i.a.u.RequestAssetUpdateUseCaseImpl - M=execute, I=Iniciando extracao de tickers para atualizacao de ativos
2026-04-27 01:26:09.824 [main] [c3f7e004-3aab-4ef6-933a-f13c172f19f7] INFO  c.i.a.u.RequestAssetUpdateUseCaseImpl - M=execute, I=Tickers unicos extraidos, tickerCount=1
2026-04-27 01:26:09.824 [main] [6438215d-0615-47cf-88c2-c61713495529] INFO  c.i.a.u.RequestAssetUpdateUseCaseImpl - M=execute, I=Iniciando extracao de tickers para atualizacao de ativos
2026-04-27 01:26:09.824 [main] [6438215d-0615-47cf-88c2-c61713495529] INFO  c.i.a.u.RequestAssetUpdateUseCaseImpl - M=execute, I=Tickers unicos extraidos, tickerCount=1
2026-04-27 01:26:09.824 [main] [408803a3-3726-4405-9777-b673b593798b] INFO  c.i.a.u.RequestAssetUpdateUseCaseImpl - M=execute, I=Iniciando extracao de tickers para atualizacao de ativos
2026-04-27 01:26:09.824 [main] [408803a3-3726-4405-9777-b673b593798b] INFO  c.i.a.u.RequestAssetUpdateUseCaseImpl - M=execute, I=Tickers unicos extraidos, tickerCount=3
2026-04-27 01:26:09.825 [main] [90f0a848-f033-4de5-9c8b-c78543d582b6] INFO  c.i.a.u.RequestAssetUpdateUseCaseImpl - M=execute, I=Iniciando extracao de tickers para atualizacao de ativos
2026-04-27 01:26:09.825 [main] [90f0a848-f033-4de5-9c8b-c78543d582b6] INFO  c.i.a.u.RequestAssetUpdateUseCaseImpl - M=execute, I=Tickers unicos extraidos, tickerCount=1
2026-04-27 01:26:09.825 [main] [3515d90b-f29a-400c-a33e-f41c6eaa84c3] INFO  c.i.a.u.RequestAssetUpdateUseCaseImpl - M=execute, I=Iniciando extracao de tickers para atualizacao de ativos
2026-04-27 01:26:09.825 [main] [3515d90b-f29a-400c-a33e-f41c6eaa84c3] INFO  c.i.a.u.RequestAssetUpdateUseCaseImpl - M=execute, I=Tickers unicos extraidos, tickerCount=3
2026-04-27 01:26:09.825 [main] [d5091904-4a9e-4b81-9b5b-65f11c8041c0] INFO  c.i.a.u.RequestAssetUpdateUseCaseImpl - M=execute, I=Iniciando extracao de tickers para atualizacao de ativos
2026-04-27 01:26:09.825 [main] [d5091904-4a9e-4b81-9b5b-65f11c8041c0] INFO  c.i.a.u.RequestAssetUpdateUseCaseImpl - M=execute, I=Tickers unicos extraidos, tickerCount=1
2026-04-27 01:26:09.825 [main] [428c574a-fa6d-465a-ae39-edfa62c091b4] INFO  c.i.a.u.RequestAssetUpdateUseCaseImpl - M=execute, I=Iniciando extracao de tickers para atualizacao de ativos
2026-04-27 01:26:09.825 [main] [428c574a-fa6d-465a-ae39-edfa62c091b4] INFO  c.i.a.u.RequestAssetUpdateUseCaseImpl - M=execute, I=Tickers unicos extraidos, tickerCount=2
2026-04-27 01:26:09.825 [main] [fac9c7b0-db9e-4206-9450-e76a822db2f9] INFO  c.i.a.u.RequestAssetUpdateUseCaseImpl - M=execute, I=Iniciando extracao de tickers para atualizacao de ativos
2026-04-27 01:26:09.825 [main] [fac9c7b0-db9e-4206-9450-e76a822db2f9] INFO  c.i.a.u.RequestAssetUpdateUseCaseImpl - M=execute, I=Tickers unicos extraidos, tickerCount=4
2026-04-27 01:26:09.825 [main] [7ed3bbbe-1460-4833-b08e-7458b0e98f84] INFO  c.i.a.u.RequestAssetUpdateUseCaseImpl - M=execute, I=Iniciando extracao de tickers para atualizacao de ativos
2026-04-27 01:26:09.825 [main] [7ed3bbbe-1460-4833-b08e-7458b0e98f84] INFO  c.i.a.u.RequestAssetUpdateUseCaseImpl - M=execute, I=Tickers unicos extraidos, tickerCount=3
2026-04-27 01:26:09.825 [main] [233b6fd8-46c0-42b2-bffc-ddca89ea1651] INFO  c.i.a.u.RequestAssetUpdateUseCaseImpl - M=execute, I=Iniciando extracao de tickers para atualizacao de ativos
2026-04-27 01:26:09.825 [main] [233b6fd8-46c0-42b2-bffc-ddca89ea1651] INFO  c.i.a.u.RequestAssetUpdateUseCaseImpl - M=execute, I=Tickers unicos extraidos, tickerCount=1
2026-04-27 01:26:09.825 [main] [8e5d1c43-5017-4a75-afc2-e9a9563a531b] INFO  c.i.a.u.RequestAssetUpdateUseCaseImpl - M=execute, I=Iniciando extracao de tickers para atualizacao de ativos
2026-04-27 01:26:09.825 [main] [8e5d1c43-5017-4a75-afc2-e9a9563a531b] INFO  c.i.a.u.RequestAssetUpdateUseCaseImpl - M=execute, I=Tickers unicos extraidos, tickerCount=0
2026-04-27 01:26:09.825 [main] [8e5d1c43-5017-4a75-afc2-e9a9563a531b] INFO  c.i.a.u.RequestAssetUpdateUseCaseImpl - M=execute, I=Nenhum ticker ativo encontrado, pulando publicacao de evento
2026-04-27 01:26:09.825 [main] [70b6c662-ad01-42e3-97fa-8e651e9de361] INFO  c.i.a.u.RequestAssetUpdateUseCaseImpl - M=execute, I=Iniciando extracao de tickers para atualizacao de ativos
2026-04-27 01:26:09.825 [main] [70b6c662-ad01-42e3-97fa-8e651e9de361] INFO  c.i.a.u.RequestAssetUpdateUseCaseImpl - M=execute, I=Tickers unicos extraidos, tickerCount=1
2026-04-27 01:26:09.825 [main] [571009f6-388a-4405-a97f-f625c1bf55cb] INFO  c.i.a.u.RequestAssetUpdateUseCaseImpl - M=execute, I=Iniciando extracao de tickers para atualizacao de ativos
2026-04-27 01:26:09.826 [main] [571009f6-388a-4405-a97f-f625c1bf55cb] INFO  c.i.a.u.RequestAssetUpdateUseCaseImpl - M=execute, I=Tickers unicos extraidos, tickerCount=3
2026-04-27 01:26:09.826 [main] [ff5abc4e-212e-45c8-b108-51d24f99fe94] INFO  c.i.a.u.RequestAssetUpdateUseCaseImpl - M=execute, I=Iniciando extracao de tickers para atualizacao de ativos
2026-04-27 01:26:09.826 [main] [ff5abc4e-212e-45c8-b108-51d24f99fe94] INFO  c.i.a.u.RequestAssetUpdateUseCaseImpl - M=execute, I=Tickers unicos extraidos, tickerCount=1
2026-04-27 01:26:09.826 [main] [2ac4b8c8-b24a-453f-a428-ba9c1e899b88] INFO  c.i.a.u.RequestAssetUpdateUseCaseImpl - M=execute, I=Iniciando extracao de tickers para atualizacao de ativos
2026-04-27 01:26:09.826 [main] [2ac4b8c8-b24a-453f-a428-ba9c1e899b88] INFO  c.i.a.u.RequestAssetUpdateUseCaseImpl - M=execute, I=Tickers unicos extraidos, tickerCount=1
2026-04-27 01:26:09.826 [main] [ce2da88d-23b7-4af3-b10c-36f9b1a2bbb6] INFO  c.i.a.u.RequestAssetUpdateUseCaseImpl - M=execute, I=Iniciando extracao de tickers para atualizacao de ativos
2026-04-27 01:26:09.826 [main] [ce2da88d-23b7-4af3-b10c-36f9b1a2bbb6] INFO  c.i.a.u.RequestAssetUpdateUseCaseImpl - M=execute, I=Tickers unicos extraidos, tickerCount=1
2026-04-27 01:26:09.826 [main] [8f036590-8ded-47ce-be93-f1488e6cb7b6] INFO  c.i.a.u.RequestAssetUpdateUseCaseImpl - M=execute, I=Iniciando extracao de tickers para atualizacao de ativos
2026-04-27 01:26:09.826 [main] [8f036590-8ded-47ce-be93-f1488e6cb7b6] INFO  c.i.a.u.RequestAssetUpdateUseCaseImpl - M=execute, I=Tickers unicos extraidos, tickerCount=2
2026-04-27 01:26:09.826 [main] [0e66002b-3102-45e6-b7cf-cb9b5620ac67] INFO  c.i.a.u.RequestAssetUpdateUseCaseImpl - M=execute, I=Iniciando extracao de tickers para atualizacao de ativos
2026-04-27 01:26:09.826 [main] [0e66002b-3102-45e6-b7cf-cb9b5620ac67] INFO  c.i.a.u.RequestAssetUpdateUseCaseImpl - M=execute, I=Tickers unicos extraidos, tickerCount=2
2026-04-27 01:26:09.826 [main] [af1d0f95-8901-4de5-98f4-229d51cc1146] INFO  c.i.a.u.RequestAssetUpdateUseCaseImpl - M=execute, I=Iniciando extracao de tickers para atualizacao de ativos
2026-04-27 01:26:09.826 [main] [af1d0f95-8901-4de5-98f4-229d51cc1146] INFO  c.i.a.u.RequestAssetUpdateUseCaseImpl - M=execute, I=Tickers unicos extraidos, tickerCount=1
2026-04-27 01:26:09.826 [main] [1c97202b-3d51-4eed-9c4b-5a93585994ef] INFO  c.i.a.u.RequestAssetUpdateUseCaseImpl - M=execute, I=Iniciando extracao de tickers para atualizacao de ativos
2026-04-27 01:26:09.826 [main] [1c97202b-3d51-4eed-9c4b-5a93585994ef] INFO  c.i.a.u.RequestAssetUpdateUseCaseImpl - M=execute, I=Tickers unicos extraidos, tickerCount=2
2026-04-27 01:26:09.826 [main] [144f7df5-4e36-4e22-b34b-8c712e34d94e] INFO  c.i.a.u.RequestAssetUpdateUseCaseImpl - M=execute, I=Iniciando extracao de tickers para atualizacao de ativos
2026-04-27 01:26:09.826 [main] [144f7df5-4e36-4e22-b34b-8c712e34d94e] INFO  c.i.a.u.RequestAssetUpdateUseCaseImpl - M=execute, I=Tickers unicos extraidos, tickerCount=4
2026-04-27 01:26:09.827 [main] [0a2a94de-b036-4df9-b30a-b8372afcd2df] INFO  c.i.a.u.RequestAssetUpdateUseCaseImpl - M=execute, I=Iniciando extracao de tickers para atualizacao de ativos
2026-04-27 01:26:09.827 [main] [0a2a94de-b036-4df9-b30a-b8372afcd2df] INFO  c.i.a.u.RequestAssetUpdateUseCaseImpl - M=execute, I=Tickers unicos extraidos, tickerCount=2
2026-04-27 01:26:09.827 [main] [5d063890-c8ee-43f8-9a28-0a727fe26ae9] INFO  c.i.a.u.RequestAssetUpdateUseCaseImpl - M=execute, I=Iniciando extracao de tickers para atualizacao de ativos
2026-04-27 01:26:09.827 [main] [5d063890-c8ee-43f8-9a28-0a727fe26ae9] INFO  c.i.a.u.RequestAssetUpdateUseCaseImpl - M=execute, I=Tickers unicos extraidos, tickerCount=4
2026-04-27 01:26:09.827 [main] [12801502-23e2-48f6-a3bc-051f5d6a596c] INFO  c.i.a.u.RequestAssetUpdateUseCaseImpl - M=execute, I=Iniciando extracao de tickers para atualizacao de ativos
2026-04-27 01:26:09.827 [main] [12801502-23e2-48f6-a3bc-051f5d6a596c] INFO  c.i.a.u.RequestAssetUpdateUseCaseImpl - M=execute, I=Tickers unicos extraidos, tickerCount=1
2026-04-27 01:26:09.827 [main] [35591070-f88e-4bcb-85ae-46ba2c0e0b3e] INFO  c.i.a.u.RequestAssetUpdateUseCaseImpl - M=execute, I=Iniciando extracao de tickers para atualizacao de ativos
2026-04-27 01:26:09.827 [main] [35591070-f88e-4bcb-85ae-46ba2c0e0b3e] INFO  c.i.a.u.RequestAssetUpdateUseCaseImpl - M=execute, I=Tickers unicos extraidos, tickerCount=3
2026-04-27 01:26:09.827 [main] [61355d68-fc39-4463-80dc-b9abd54ee0b3] INFO  c.i.a.u.RequestAssetUpdateUseCaseImpl - M=execute, I=Iniciando extracao de tickers para atualizacao de ativos
2026-04-27 01:26:09.827 [main] [61355d68-fc39-4463-80dc-b9abd54ee0b3] INFO  c.i.a.u.RequestAssetUpdateUseCaseImpl - M=execute, I=Tickers unicos extraidos, tickerCount=1
2026-04-27 01:26:09.827 [main] [038d615b-2331-49f4-95a3-fded78a00dce] INFO  c.i.a.u.RequestAssetUpdateUseCaseImpl - M=execute, I=Iniciando extracao de tickers para atualizacao de ativos
2026-04-27 01:26:09.827 [main] [038d615b-2331-49f4-95a3-fded78a00dce] INFO  c.i.a.u.RequestAssetUpdateUseCaseImpl - M=execute, I=Tickers unicos extraidos, tickerCount=1
2026-04-27 01:26:09.827 [main] [1d8e6559-6266-42f4-b58a-a285b6f04b02] INFO  c.i.a.u.RequestAssetUpdateUseCaseImpl - M=execute, I=Iniciando extracao de tickers para atualizacao de ativos
2026-04-27 01:26:09.827 [main] [1d8e6559-6266-42f4-b58a-a285b6f04b02] INFO  c.i.a.u.RequestAssetUpdateUseCaseImpl - M=execute, I=Tickers unicos extraidos, tickerCount=1
2026-04-27 01:26:09.827 [main] [fda0f5cc-7fb5-4705-9d03-f2817b38ab73] INFO  c.i.a.u.RequestAssetUpdateUseCaseImpl - M=execute, I=Iniciando extracao de tickers para atualizacao de ativos
2026-04-27 01:26:09.827 [main] [fda0f5cc-7fb5-4705-9d03-f2817b38ab73] INFO  c.i.a.u.RequestAssetUpdateUseCaseImpl - M=execute, I=Tickers unicos extraidos, tickerCount=2
2026-04-27 01:26:09.827 [main] [399bb571-a375-40e4-8f47-0d02f433e4d7] INFO  c.i.a.u.RequestAssetUpdateUseCaseImpl - M=execute, I=Iniciando extracao de tickers para atualizacao de ativos
2026-04-27 01:26:09.827 [main] [399bb571-a375-40e4-8f47-0d02f433e4d7] INFO  c.i.a.u.RequestAssetUpdateUseCaseImpl - M=execute, I=Tickers unicos extraidos, tickerCount=1
2026-04-27 01:26:09.828 [main] [8e29c687-058b-43d9-bc16-ce35d91b9c8c] INFO  c.i.a.u.RequestAssetUpdateUseCaseImpl - M=execute, I=Iniciando extracao de tickers para atualizacao de ativos
2026-04-27 01:26:09.828 [main] [8e29c687-058b-43d9-bc16-ce35d91b9c8c] INFO  c.i.a.u.RequestAssetUpdateUseCaseImpl - M=execute, I=Tickers unicos extraidos, tickerCount=1
2026-04-27 01:26:09.828 [main] [4e1d96be-4c7d-4bc9-acd6-3cc413b4175c] INFO  c.i.a.u.RequestAssetUpdateUseCaseImpl - M=execute, I=Iniciando extracao de tickers para atualizacao de ativos
2026-04-27 01:26:09.828 [main] [4e1d96be-4c7d-4bc9-acd6-3cc413b4175c] INFO  c.i.a.u.RequestAssetUpdateUseCaseImpl - M=execute, I=Tickers unicos extraidos, tickerCount=1
2026-04-27 01:26:09.828 [main] [e581c6e6-4a5d-4712-90f7-0b9c3ec01465] INFO  c.i.a.u.RequestAssetUpdateUseCaseImpl - M=execute, I=Iniciando extracao de tickers para atualizacao de ativos
2026-04-27 01:26:09.828 [main] [e581c6e6-4a5d-4712-90f7-0b9c3ec01465] INFO  c.i.a.u.RequestAssetUpdateUseCaseImpl - M=execute, I=Tickers unicos extraidos, tickerCount=1
2026-04-27 01:26:09.828 [main] [8f17836f-518f-41fa-9fe7-fe0c34094cca] INFO  c.i.a.u.RequestAssetUpdateUseCaseImpl - M=execute, I=Iniciando extracao de tickers para atualizacao de ativos
2026-04-27 01:26:09.828 [main] [8f17836f-518f-41fa-9fe7-fe0c34094cca] INFO  c.i.a.u.RequestAssetUpdateUseCaseImpl - M=execute, I=Tickers unicos extraidos, tickerCount=2
2026-04-27 01:26:09.828 [main] [0d79f54e-9d31-4039-ac27-c46506eb6639] INFO  c.i.a.u.RequestAssetUpdateUseCaseImpl - M=execute, I=Iniciando extracao de tickers para atualizacao de ativos
2026-04-27 01:26:09.828 [main] [0d79f54e-9d31-4039-ac27-c46506eb6639] INFO  c.i.a.u.RequestAssetUpdateUseCaseImpl - M=execute, I=Tickers unicos extraidos, tickerCount=4
2026-04-27 01:26:09.828 [main] [020e8d27-35de-46a2-b160-b2866faa5682] INFO  c.i.a.u.RequestAssetUpdateUseCaseImpl - M=execute, I=Iniciando extracao de tickers para atualizacao de ativos
2026-04-27 01:26:09.828 [main] [020e8d27-35de-46a2-b160-b2866faa5682] INFO  c.i.a.u.RequestAssetUpdateUseCaseImpl - M=execute, I=Tickers unicos extraidos, tickerCount=2
2026-04-27 01:26:09.829 [main] [1afe66a6-5f52-4ebb-a06c-012fbf69d336] INFO  c.i.a.u.RequestAssetUpdateUseCaseImpl - M=execute, I=Iniciando extracao de tickers para atualizacao de ativos
2026-04-27 01:26:09.829 [main] [1afe66a6-5f52-4ebb-a06c-012fbf69d336] INFO  c.i.a.u.RequestAssetUpdateUseCaseImpl - M=execute, I=Tickers unicos extraidos, tickerCount=2
2026-04-27 01:26:09.829 [main] [c07abcdc-804d-4134-a6ae-be947db600cb] INFO  c.i.a.u.RequestAssetUpdateUseCaseImpl - M=execute, I=Iniciando extracao de tickers para atualizacao de ativos
2026-04-27 01:26:09.829 [main] [c07abcdc-804d-4134-a6ae-be947db600cb] INFO  c.i.a.u.RequestAssetUpdateUseCaseImpl - M=execute, I=Tickers unicos extraidos, tickerCount=1
2026-04-27 01:26:09.829 [main] [ea69779a-c39f-4402-a5a3-fa3a963ccdb0] INFO  c.i.a.u.RequestAssetUpdateUseCaseImpl - M=execute, I=Iniciando extracao de tickers para atualizacao de ativos
2026-04-27 01:26:09.829 [main] [ea69779a-c39f-4402-a5a3-fa3a963ccdb0] INFO  c.i.a.u.RequestAssetUpdateUseCaseImpl - M=execute, I=Tickers unicos extraidos, tickerCount=1
2026-04-27 01:26:09.829 [main] [90a00465-e4af-48d7-83b0-7441e103686e] INFO  c.i.a.u.RequestAssetUpdateUseCaseImpl - M=execute, I=Iniciando extracao de tickers para atualizacao de ativos
2026-04-27 01:26:09.829 [main] [90a00465-e4af-48d7-83b0-7441e103686e] INFO  c.i.a.u.RequestAssetUpdateUseCaseImpl - M=execute, I=Tickers unicos extraidos, tickerCount=2
2026-04-27 01:26:09.829 [main] [f18c27ba-9441-49cf-a053-b9e7849ab534] INFO  c.i.a.u.RequestAssetUpdateUseCaseImpl - M=execute, I=Iniciando extracao de tickers para atualizacao de ativos
2026-04-27 01:26:09.829 [main] [f18c27ba-9441-49cf-a053-b9e7849ab534] INFO  c.i.a.u.RequestAssetUpdateUseCaseImpl - M=execute, I=Tickers unicos extraidos, tickerCount=3
2026-04-27 01:26:09.829 [main] [f19644ff-f362-4d0f-80f9-908cabb2beb4] INFO  c.i.a.u.RequestAssetUpdateUseCaseImpl - M=execute, I=Iniciando extracao de tickers para atualizacao de ativos
2026-04-27 01:26:09.829 [main] [f19644ff-f362-4d0f-80f9-908cabb2beb4] INFO  c.i.a.u.RequestAssetUpdateUseCaseImpl - M=execute, I=Tickers unicos extraidos, tickerCount=2
2026-04-27 01:26:09.829 [main] [5da01994-133a-493c-8f6f-d03eb2085705] INFO  c.i.a.u.RequestAssetUpdateUseCaseImpl - M=execute, I=Iniciando extracao de tickers para atualizacao de ativos
2026-04-27 01:26:09.829 [main] [5da01994-133a-493c-8f6f-d03eb2085705] INFO  c.i.a.u.RequestAssetUpdateUseCaseImpl - M=execute, I=Tickers unicos extraidos, tickerCount=1
2026-04-27 01:26:09.829 [main] [a6f709a1-bdbf-4b19-ae7c-5c79dfa96c58] INFO  c.i.a.u.RequestAssetUpdateUseCaseImpl - M=execute, I=Iniciando extracao de tickers para atualizacao de ativos
2026-04-27 01:26:09.829 [main] [a6f709a1-bdbf-4b19-ae7c-5c79dfa96c58] INFO  c.i.a.u.RequestAssetUpdateUseCaseImpl - M=execute, I=Tickers unicos extraidos, tickerCount=2
2026-04-27 01:26:09.830 [main] [17e81541-b0c2-44a8-b8d7-39f8de7931e7] INFO  c.i.a.u.RequestAssetUpdateUseCaseImpl - M=execute, I=Iniciando extracao de tickers para atualizacao de ativos
2026-04-27 01:26:09.830 [main] [17e81541-b0c2-44a8-b8d7-39f8de7931e7] INFO  c.i.a.u.RequestAssetUpdateUseCaseImpl - M=execute, I=Tickers unicos extraidos, tickerCount=2
2026-04-27 01:26:09.830 [main] [0a3bcd19-085f-407d-b09a-b1c35e0a724c] INFO  c.i.a.u.RequestAssetUpdateUseCaseImpl - M=execute, I=Iniciando extracao de tickers para atualizacao de ativos
2026-04-27 01:26:09.830 [main] [0a3bcd19-085f-407d-b09a-b1c35e0a724c] INFO  c.i.a.u.RequestAssetUpdateUseCaseImpl - M=execute, I=Tickers unicos extraidos, tickerCount=3
2026-04-27 01:26:09.830 [main] [5be01cd0-6125-4241-b0d2-44bbfb4908dc] INFO  c.i.a.u.RequestAssetUpdateUseCaseImpl - M=execute, I=Iniciando extracao de tickers para atualizacao de ativos
2026-04-27 01:26:09.830 [main] [5be01cd0-6125-4241-b0d2-44bbfb4908dc] INFO  c.i.a.u.RequestAssetUpdateUseCaseImpl - M=execute, I=Tickers unicos extraidos, tickerCount=2
2026-04-27 01:26:09.830 [main] [ee828cf1-85d5-4bb8-bb7e-5a2f27e6a46f] INFO  c.i.a.u.RequestAssetUpdateUseCaseImpl - M=execute, I=Iniciando extracao de tickers para atualizacao de ativos
2026-04-27 01:26:09.830 [main] [ee828cf1-85d5-4bb8-bb7e-5a2f27e6a46f] INFO  c.i.a.u.RequestAssetUpdateUseCaseImpl - M=execute, I=Tickers unicos extraidos, tickerCount=1
2026-04-27 01:26:09.830 [main] [7bbd5869-3e83-45ba-9638-f0a8303c5b20] INFO  c.i.a.u.RequestAssetUpdateUseCaseImpl - M=execute, I=Iniciando extracao de tickers para atualizacao de ativos
2026-04-27 01:26:09.830 [main] [7bbd5869-3e83-45ba-9638-f0a8303c5b20] INFO  c.i.a.u.RequestAssetUpdateUseCaseImpl - M=execute, I=Tickers unicos extraidos, tickerCount=3
2026-04-27 01:26:09.830 [main] [befac066-3bbb-404d-ba2f-db1308f17981] INFO  c.i.a.u.RequestAssetUpdateUseCaseImpl - M=execute, I=Iniciando extracao de tickers para atualizacao de ativos
2026-04-27 01:26:09.830 [main] [befac066-3bbb-404d-ba2f-db1308f17981] INFO  c.i.a.u.RequestAssetUpdateUseCaseImpl - M=execute, I=Tickers unicos extraidos, tickerCount=3
2026-04-27 01:26:09.830 [main] [63deabad-436b-4bc7-8157-65220b8e3553] INFO  c.i.a.u.RequestAssetUpdateUseCaseImpl - M=execute, I=Iniciando extracao de tickers para atualizacao de ativos
2026-04-27 01:26:09.830 [main] [63deabad-436b-4bc7-8157-65220b8e3553] INFO  c.i.a.u.RequestAssetUpdateUseCaseImpl - M=execute, I=Tickers unicos extraidos, tickerCount=2
timestamp = 2026-04-27T01:26:09.831240673, RequestAssetUpdateTickerExtractionProperties:publishedEventContainsExactlyUnionOfUniqueTickers = 
                              |-----------------------jqwik-----------------------
tries = 1000                  | # of calls to property
checks = 1000                 | # of not rejected calls
generation = RANDOMIZED       | parameters are randomly generated
after-failure = SAMPLE_FIRST  | try previously failed sample, then previous seed
when-fixed-seed = ALLOW       | fixing the random seed is allowed
edge-cases#mode = MIXIN       | edge cases are mixed in
edge-cases#total = 32         | # of all combined edge cases
edge-cases#tried = 32         | # of edge cases tried in current run
seed = 7196847471389179309    | random seed to reproduce generated values


]]></system-out>
  </testcase>
</testsuite>