<?xml version="1.0" encoding="UTF-8"?>
<testsuite xmlns:xsi="http://www.w3.org/2001/XMLSchema-instance" xsi:noNamespaceSchemaLocation="https://maven.apache.org/surefire/maven-surefire-plugin/xsd/surefire-test-report.xsd" version="3.0.2" name="com.invest.application.EvaluateRulesIndividualRuleProperties" time="0.15" tests="1" errors="0" skipped="0" failures="0" flakes="0">
  <properties>
[...]
</properties>
  <testcase name="individualRuleTriggersCorrectAlertAndEvent" classname="EvaluateRulesIndividualRuleProperties" time="0.148">
    <system-out><![CDATA[2026-04-27 01:26:11.559 [main] [] INFO  n.j.e.p.RandomizedShrinkablesGenerator - Edge case generation exceeds number of tries. Stopped after 1000 generated cases.
2026-04-27 01:26:11.561 [main] [a40e6fd3-d912-4cc8-a6c6-eaa97ffd6d60] INFO  c.i.a.u.EvaluateRulesUseCaseImpl - M=execute, I=Iniciando avaliacao de regras
2026-04-27 01:26:11.561 [main] [a40e6fd3-d912-4cc8-a6c6-eaa97ffd6d60] INFO  c.i.a.u.EvaluateRulesUseCaseImpl - M=execute, I=Avaliacao de regras concluida, individualRules=1, groups=0
2026-04-27 01:26:11.564 [main] [fcfa0355-c23e-4b80-ba9d-060b1bade005] INFO  c.i.a.u.EvaluateRulesUseCaseImpl - M=execute, I=Iniciando avaliacao de regras
2026-04-27 01:26:11.564 [main] [fcfa0355-c23e-4b80-ba9d-060b1bade005] INFO  c.i.a.u.EvaluateRulesUseCaseImpl - M=execute, I=Avaliacao de regras concluida, individualRules=1, groups=0
2026-04-27 01:26:11.565 [main] [37374f63-cccf-4841-8a11-d537feaecd06] INFO  c.i.a.u.EvaluateRulesUseCaseImpl - M=execute, I=Iniciando avaliacao de regras
2026-04-27 01:26:11.565 [main] [37374f63-cccf-4841-8a11-d537feaecd06] INFO  c.i.a.u.EvaluateRulesUseCaseImpl - M=execute, I=Avaliacao de regras concluida, individualRules=1, groups=0
2026-04-27 01:26:11.565 [main] [24ab291b-8925-44e8-8702-879be6c8bf9a] INFO  c.i.a.u.EvaluateRulesUseCaseImpl - M=execute, I=Iniciando avaliacao de regras
2026-04-27 01:26:11.565 [main] [24ab291b-8925-44e8-8702-879be6c8bf9a] INFO  c.i.a.u.EvaluateRulesUseCaseImpl - M=execute, I=Avaliacao de regras concluida, individualRules=1, groups=0
2026-04-27 01:26:11.565 [main] [a2632403-f44f-47ed-a4e0-2b68c6405ac7] INFO  c.i.a.u.EvaluateRulesUseCaseImpl - M=execute, I=Iniciando avaliacao de regras
2026-04-27 01:26:11.565 [main] [a2632403-f44f-47ed-a4e0-2b68c6405ac7] INFO  c.i.a.u.EvaluateRulesUseCaseImpl - M=execute, I=Avaliacao de regras concluida, individualRules=1, groups=0
2026-04-27 01:26:11.565 [main] [35d1c25d-1f32-4bb9-942d-2e35de3fd70a] INFO  c.i.a.u.EvaluateRulesUseCaseImpl - M=execute, I=Iniciando avaliacao de regras
2026-04-27 01:26:11.565 [main] [35d1c25d-1f32-4bb9-942d-2e35de3fd70a] INFO  c.i.a.u.EvaluateRulesUseCaseImpl - M=execute, I=Avaliacao de regras concluida, individualRules=1, groups=0
2026-04-27 01:26:11.566 [main] [41f76bef-6c71-4057-8227-7a99e432e8bb] INFO  c.i.a.u.EvaluateRulesUseCaseImpl - M=execute, I=Iniciando avaliacao de regras
2026-04-27 01:26:11.566 [main] [41f76bef-6c71-4057-8227-7a99e432e8bb] INFO  c.i.a.u.EvaluateRulesUseCaseImpl - M=execute, I=Avaliacao de regras concluida, individualRules=1, groups=0
2026-04-27 01:26:11.566 [main] [fe124b59-f98e-4d58-b5f7-9354d9ae5b5f] INFO  c.i.a.u.EvaluateRulesUseCaseImpl - M=execute, I=Iniciando avaliacao de regras
2026-04-27 01:26:11.569 [main] [fe124b59-f98e-4d58-b5f7-9354d9ae5b5f] INFO  c.i.a.u.EvaluateRulesUseCaseImpl - M=execute, I=Avaliacao de regras concluida, individualRules=1, groups=0
2026-04-27 01:26:11.573 [main] [5213e253-52a4-4a94-a657-18e8a96974bf] INFO  c.i.a.u.EvaluateRulesUseCaseImpl - M=execute, I=Iniciando avaliacao de regras
2026-04-27 01:26:11.573 [main] [5213e253-52a4-4a94-a657-18e8a96974bf] INFO  c.i.a.u.EvaluateRulesUseCaseImpl - M=execute, I=Avaliacao de regras concluida, individualRules=1, groups=0
2026-04-27 01:26:11.573 [main] [eae53cc5-487f-4a08-8e63-052fcf620bed] INFO  c.i.a.u.EvaluateRulesUseCaseImpl - M=execute, I=Iniciando avaliacao de regras
2026-04-27 01:26:11.573 [main] [eae53cc5-487f-4a08-8e63-052fcf620bed] INFO  c.i.a.u.EvaluateRulesUseCaseImpl - M=execute, I=Avaliacao de regras concluida, individualRules=1, groups=0
2026-04-27 01:26:11.573 [main] [6a502975-dda6-482e-8ba6-4ce02d8634d2] INFO  c.i.a.u.EvaluateRulesUseCaseImpl - M=execute, I=Iniciando avaliacao de regras
2026-04-27 01:26:11.573 [main] [6a502975-dda6-482e-8ba6-4ce02d8634d2] INFO  c.i.a.u.EvaluateRulesUseCaseImpl - M=execute, I=Avaliacao de regras concluida, individualRules=1, groups=0
2026-04-27 01:26:11.574 [main] [4770bcea-ae57-4962-8bdf-de7be285b006] INFO  c.i.a.u.EvaluateRulesUseCaseImpl - M=execute, I=Iniciando avaliacao de regras
2026-04-27 01:26:11.574 [main] [4770bcea-ae57-4962-8bdf-de7be285b006] INFO  c.i.a.u.EvaluateRulesUseCaseImpl - M=execute, I=Avaliacao de regras concluida, individualRules=1, groups=0
2026-04-27 01:26:11.574 [main] [b80a4431-30ae-4cda-a7a5-d1ef38bf6489] INFO  c.i.a.u.EvaluateRulesUseCaseImpl - M=execute, I=Iniciando avaliacao de regras
2026-04-27 01:26:11.574 [main] [b80a4431-30ae-4cda-a7a5-d1ef38bf6489] INFO  c.i.a.u.EvaluateRulesUseCaseImpl - M=execute, I=Avaliacao de regras concluida, individualRules=1, groups=0
2026-04-27 01:26:11.574 [main] [1d341c8c-2a96-4dd6-a366-2f0fb16e9ae0] INFO  c.i.a.u.EvaluateRulesUseCaseImpl - M=execute, I=Iniciando avaliacao de regras
2026-04-27 01:26:11.574 [main] [1d341c8c-2a96-4dd6-a366-2f0fb16e9ae0] INFO  c.i.a.u.EvaluateRulesUseCaseImpl - M=execute, I=Avaliacao de regras concluida, individualRules=1, groups=0
2026-04-27 01:26:11.574 [main] [2ace71c0-c3b5-4f4f-b474-abc3046e2d29] INFO  c.i.a.u.EvaluateRulesUseCaseImpl - M=execute, I=Iniciando avaliacao de regras
2026-04-27 01:26:11.574 [main] [2ace71c0-c3b5-4f4f-b474-abc3046e2d29] INFO  c.i.a.u.EvaluateRulesUseCaseImpl - M=execute, I=Avaliacao de regras concluida, individualRules=1, groups=0
2026-04-27 01:26:11.574 [main] [0ebb1497-4a7f-4925-9c03-a2dab54f1c77] INFO  c.i.a.u.EvaluateRulesUseCaseImpl - M=execute, I=Iniciando avaliacao de regras
2026-04-27 01:26:11.574 [main] [0ebb1497-4a7f-4925-9c03-a2dab54f1c77] INFO  c.i.a.u.EvaluateRulesUseCaseImpl - M=execute, I=Avaliacao de regras concluida, individualRules=1, groups=0
2026-04-27 01:26:11.574 [main] [938026d0-29f4-42c9-a667-987ec9d7d060] INFO  c.i.a.u.EvaluateRulesUseCaseImpl - M=execute, I=Iniciando avaliacao de regras
2026-04-27 01:26:11.574 [main] [938026d0-29f4-42c9-a667-987ec9d7d060] INFO  c.i.a.u.EvaluateRulesUseCaseImpl - M=execute, I=Avaliacao de regras concluida, individualRules=1, groups=0
2026-04-27 01:26:11.575 [main] [b05c9d94-ba1f-43a2-828d-1f5a4ae3b4ee] INFO  c.i.a.u.EvaluateRulesUseCaseImpl - M=execute, I=Iniciando avaliacao de regras
2026-04-27 01:26:11.575 [main] [b05c9d94-ba1f-43a2-828d-1f5a4ae3b4ee] INFO  c.i.a.u.EvaluateRulesUseCaseImpl - M=execute, I=Avaliacao de regras concluida, individualRules=1, groups=0
2026-04-27 01:26:11.575 [main] [92266a52-4d81-414a-af63-ad6cae21e679] INFO  c.i.a.u.EvaluateRulesUseCaseImpl - M=execute, I=Iniciando avaliacao de regras
2026-04-27 01:26:11.575 [main] [92266a52-4d81-414a-af63-ad6cae21e679] INFO  c.i.a.u.EvaluateRulesUseCaseImpl - M=execute, I=Avaliacao de regras concluida, individualRules=1, groups=0
2026-04-27 01:26:11.575 [main] [8e3aceb7-422c-4c84-b498-fea1150a1f4f] INFO  c.i.a.u.EvaluateRulesUseCaseImpl - M=execute, I=Iniciando avaliacao de regras
2026-04-27 01:26:11.575 [main] [8e3aceb7-422c-4c84-b498-fea1150a1f4f] INFO  c.i.a.u.EvaluateRulesUseCaseImpl - M=execute, I=Avaliacao de regras concluida, individualRules=1, groups=0
2026-04-27 01:26:11.575 [main] [67de44a4-c8b7-4783-8f04-95fa7edc3d5f] INFO  c.i.a.u.EvaluateRulesUseCaseImpl - M=execute, I=Iniciando avaliacao de regras
2026-04-27 01:26:11.575 [main] [67de44a4-c8b7-4783-8f04-95fa7edc3d5f] INFO  c.i.a.u.EvaluateRulesUseCaseImpl - M=execute, I=Avaliacao de regras concluida, individualRules=1, groups=0
2026-04-27 01:26:11.575 [main] [f5e0ef11-c13b-4b6c-864e-38a81960f46b] INFO  c.i.a.u.EvaluateRulesUseCaseImpl - M=execute, I=Iniciando avaliacao de regras
2026-04-27 01:26:11.575 [main] [f5e0ef11-c13b-4b6c-864e-38a81960f46b] INFO  c.i.a.u.EvaluateRulesUseCaseImpl - M=execute, I=Avaliacao de regras concluida, individualRules=1, groups=0
2026-04-27 01:26:11.575 [main] [f5ffcf55-4b53-4b22-835f-20550bd3a865] INFO  c.i.a.u.EvaluateRulesUseCaseImpl - M=execute, I=Iniciando avaliacao de regras
2026-04-27 01:26:11.575 [main] [f5ffcf55-4b53-4b22-835f-20550bd3a865] INFO  c.i.a.u.EvaluateRulesUseCaseImpl - M=execute, I=Avaliacao de regras concluida, individualRules=1, groups=0
2026-04-27 01:26:11.575 [main] [fb107d89-f1c2-4506-9049-e5521305956e] INFO  c.i.a.u.EvaluateRulesUseCaseImpl - M=execute, I=Iniciando avaliacao de regras
2026-04-27 01:26:11.575 [main] [fb107d89-f1c2-4506-9049-e5521305956e] INFO  c.i.a.u.EvaluateRulesUseCaseImpl - M=execute, I=Avaliacao de regras concluida, individualRules=1, groups=0
2026-04-27 01:26:11.575 [main] [64614736-d966-4625-9046-105c26c107be] INFO  c.i.a.u.EvaluateRulesUseCaseImpl - M=execute, I=Iniciando avaliacao de regras
2026-04-27 01:26:11.575 [main] [64614736-d966-4625-9046-105c26c107be] INFO  c.i.a.u.EvaluateRulesUseCaseImpl - M=execute, I=Avaliacao de regras concluida, individualRules=1, groups=0
2026-04-27 01:26:11.576 [main] [06a9b9d3-5207-46ae-9ed8-2d60a39d999d] INFO  c.i.a.u.EvaluateRulesUseCaseImpl - M=execute, I=Iniciando avaliacao de regras
2026-04-27 01:26:11.576 [main] [06a9b9d3-5207-46ae-9ed8-2d60a39d999d] INFO  c.i.a.u.EvaluateRulesUseCaseImpl - M=execute, I=Avaliacao de regras concluida, individualRules=1, groups=0
2026-04-27 01:26:11.576 [main] [9dbe47c1-a15e-4b3e-b23f-6cc443d4f9db] INFO  c.i.a.u.EvaluateRulesUseCaseImpl - M=execute, I=Iniciando avaliacao de regras
2026-04-27 01:26:11.576 [main] [9dbe47c1-a15e-4b3e-b23f-6cc443d4f9db] INFO  c.i.a.u.EvaluateRulesUseCaseImpl - M=execute, I=Avaliacao de regras concluida, individualRules=1, groups=0
2026-04-27 01:26:11.576 [main] [96eeb80f-bbd0-4794-b0ee-7b727106df4c] INFO  c.i.a.u.EvaluateRulesUseCaseImpl - M=execute, I=Iniciando avaliacao de regras
2026-04-27 01:26:11.576 [main] [96eeb80f-bbd0-4794-b0ee-7b727106df4c] INFO  c.i.a.u.EvaluateRulesUseCaseImpl - M=execute, I=Avaliacao de regras concluida, individualRules=1, groups=0
2026-04-27 01:26:11.576 [main] [e1ed18e6-b87e-4b20-b4a4-227fdfe480a2] INFO  c.i.a.u.EvaluateRulesUseCaseImpl - M=execute, I=Iniciando avaliacao de regras
2026-04-27 01:26:11.576 [main] [e1ed18e6-b87e-4b20-b4a4-227fdfe480a2] INFO  c.i.a.u.EvaluateRulesUseCaseImpl - M=execute, I=Avaliacao de regras concluida, individualRules=1, groups=0
2026-04-27 01:26:11.576 [main] [091c2908-f72f-4c70-92f0-fef5e5e082a3] INFO  c.i.a.u.EvaluateRulesUseCaseImpl - M=execute, I=Iniciando avaliacao de regras
2026-04-27 01:26:11.576 [main] [091c2908-f72f-4c70-92f0-fef5e5e082a3] INFO  c.i.a.u.EvaluateRulesUseCaseImpl - M=execute, I=Avaliacao de regras concluida, individualRules=1, groups=0
2026-04-27 01:26:11.576 [main] [e3aad4ec-b7d3-41fd-8013-abfcd6ef54b3] INFO  c.i.a.u.EvaluateRulesUseCaseImpl - M=execute, I=Iniciando avaliacao de regras
2026-04-27 01:26:11.576 [main] [e3aad4ec-b7d3-41fd-8013-abfcd6ef54b3] INFO  c.i.a.u.EvaluateRulesUseCaseImpl - M=execute, I=Avaliacao de regras concluida, individualRules=1, groups=0
2026-04-27 01:26:11.576 [main] [503fe831-0dbe-40e8-be9b-0ec26ac8f19e] INFO  c.i.a.u.EvaluateRulesUseCaseImpl - M=execute, I=Iniciando avaliacao de regras
2026-04-27 01:26:11.576 [main] [503fe831-0dbe-40e8-be9b-0ec26ac8f19e] INFO  c.i.a.u.EvaluateRulesUseCaseImpl - M=execute, I=Avaliacao de regras concluida, individualRules=1, groups=0
2026-04-27 01:26:11.576 [main] [f6579827-3460-4287-afd3-5519d1140462] INFO  c.i.a.u.EvaluateRulesUseCaseImpl - M=execute, I=Iniciando avaliacao de regras
2026-04-27 01:26:11.576 [main] [f6579827-3460-4287-afd3-5519d1140462] INFO  c.i.a.u.EvaluateRulesUseCaseImpl - M=execute, I=Avaliacao de regras concluida, individualRules=1, groups=0
2026-04-27 01:26:11.577 [main] [b676d963-9e68-45bb-99ae-49579a3d0127] INFO  c.i.a.u.EvaluateRulesUseCaseImpl - M=execute, I=Iniciando avaliacao de regras
2026-04-27 01:26:11.577 [main] [b676d963-9e68-45bb-99ae-49579a3d0127] INFO  c.i.a.u.EvaluateRulesUseCaseImpl - M=execute, I=Avaliacao de regras concluida, individualRules=1, groups=0
2026-04-27 01:26:11.577 [main] [8e0762a1-74a0-41bd-b23c-5a02615f90ea] INFO  c.i.a.u.EvaluateRulesUseCaseImpl - M=execute, I=Iniciando avaliacao de regras
2026-04-27 01:26:11.577 [main] [8e0762a1-74a0-41bd-b23c-5a02615f90ea] INFO  c.i.a.u.EvaluateRulesUseCaseImpl - M=execute, I=Avaliacao de regras concluida, individualRules=1, groups=0
2026-04-27 01:26:11.577 [main] [1d053c34-565b-47d2-bcd7-09fa3a26df70] INFO  c.i.a.u.EvaluateRulesUseCaseImpl - M=execute, I=Iniciando avaliacao de regras
2026-04-27 01:26:11.577 [main] [1d053c34-565b-47d2-bcd7-09fa3a26df70] INFO  c.i.a.u.EvaluateRulesUseCaseImpl - M=execute, I=Avaliacao de regras concluida, individualRules=1, groups=0
2026-04-27 01:26:11.577 [main] [caf6be30-f660-4a19-912f-02d55727f797] INFO  c.i.a.u.EvaluateRulesUseCaseImpl - M=execute, I=Iniciando avaliacao de regras
2026-04-27 01:26:11.577 [main] [caf6be30-f660-4a19-912f-02d55727f797] INFO  c.i.a.u.EvaluateRulesUseCaseImpl - M=execute, I=Avaliacao de regras concluida, individualRules=1, groups=0
2026-04-27 01:26:11.577 [main] [ce05d6a2-7696-4bae-85c6-9414c8dc3247] INFO  c.i.a.u.EvaluateRulesUseCaseImpl - M=execute, I=Iniciando avaliacao de regras
2026-04-27 01:26:11.577 [main] [ce05d6a2-7696-4bae-85c6-9414c8dc3247] INFO  c.i.a.u.EvaluateRulesUseCaseImpl - M=execute, I=Avaliacao de regras concluida, individualRules=1, groups=0
2026-04-27 01:26:11.577 [main] [2dff7a0f-66d6-4819-9f0a-fefa1def8e71] INFO  c.i.a.u.EvaluateRulesUseCaseImpl - M=execute, I=Iniciando avaliacao de regras
2026-04-27 01:26:11.578 [main] [2dff7a0f-66d6-4819-9f0a-fefa1def8e71] INFO  c.i.a.u.EvaluateRulesUseCaseImpl - M=execute, I=Avaliacao de regras concluida, individualRules=1, groups=0
2026-04-27 01:26:11.578 [main] [4fe56d05-a8ec-45f5-8385-a48fb1a0b164] INFO  c.i.a.u.EvaluateRulesUseCaseImpl - M=execute, I=Iniciando avaliacao de regras
2026-04-27 01:26:11.578 [main] [4fe56d05-a8ec-45f5-8385-a48fb1a0b164] INFO  c.i.a.u.EvaluateRulesUseCaseImpl - M=execute, I=Avaliacao de regras concluida, individualRules=1, groups=0
2026-04-27 01:26:11.578 [main] [f741bcfc-201b-4003-abee-8e1fc04f3cd1] INFO  c.i.a.u.EvaluateRulesUseCaseImpl - M=execute, I=Iniciando avaliacao de regras
2026-04-27 01:26:11.578 [main] [f741bcfc-201b-4003-abee-8e1fc04f3cd1] INFO  c.i.a.u.EvaluateRulesUseCaseImpl - M=execute, I=Avaliacao de regras concluida, individualRules=1, groups=0
2026-04-27 01:26:11.578 [main] [057329d6-0fc0-4fa6-a245-0a38b23115c6] INFO  c.i.a.u.EvaluateRulesUseCaseImpl - M=execute, I=Iniciando avaliacao de regras
2026-04-27 01:26:11.578 [main] [057329d6-0fc0-4fa6-a245-0a38b23115c6] INFO  c.i.a.u.EvaluateRulesUseCaseImpl - M=execute, I=Avaliacao de regras concluida, individualRules=1, groups=0
2026-04-27 01:26:11.578 [main] [8d39ffd5-6e91-4f89-b9cf-941d18a3c33f] INFO  c.i.a.u.EvaluateRulesUseCaseImpl - M=execute, I=Iniciando avaliacao de regras
2026-04-27 01:26:11.578 [main] [8d39ffd5-6e91-4f89-b9cf-941d18a3c33f] INFO  c.i.a.u.EvaluateRulesUseCaseImpl - M=execute, I=Avaliacao de regras concluida, individualRules=1, groups=0
2026-04-27 01:26:11.578 [main] [c31bb8b1-f05f-44b5-b163-4c04875e342a] INFO  c.i.a.u.EvaluateRulesUseCaseImpl - M=execute, I=Iniciando avaliacao de regras
2026-04-27 01:26:11.578 [main] [c31bb8b1-f05f-44b5-b163-4c04875e342a] INFO  c.i.a.u.EvaluateRulesUseCaseImpl - M=execute, I=Avaliacao de regras concluida, individualRules=1, groups=0
2026-04-27 01:26:11.579 [main] [1dd74587-e4ed-4b82-b094-33a9b158db4e] INFO  c.i.a.u.EvaluateRulesUseCaseImpl - M=execute, I=Iniciando avaliacao de regras
2026-04-27 01:26:11.579 [main] [1dd74587-e4ed-4b82-b094-33a9b158db4e] INFO  c.i.a.u.EvaluateRulesUseCaseImpl - M=execute, I=Avaliacao de regras concluida, individualRules=1, groups=0
2026-04-27 01:26:11.579 [main] [c7b9965c-fc6a-4952-ae51-3312ec635bf8] INFO  c.i.a.u.EvaluateRulesUseCaseImpl - M=execute, I=Iniciando avaliacao de regras
2026-04-27 01:26:11.579 [main] [c7b9965c-fc6a-4952-ae51-3312ec635bf8] INFO  c.i.a.u.EvaluateRulesUseCaseImpl - M=execute, I=Avaliacao de regras concluida, individualRules=1, groups=0
2026-04-27 01:26:11.579 [main] [2cccc8ce-cf20-4599-9e83-652762283d14] INFO  c.i.a.u.EvaluateRulesUseCaseImpl - M=execute, I=Iniciando avaliacao de regras
2026-04-27 01:26:11.579 [main] [2cccc8ce-cf20-4599-9e83-652762283d14] INFO  c.i.a.u.EvaluateRulesUseCaseImpl - M=execute, I=Avaliacao de regras concluida, individualRules=1, groups=0
2026-04-27 01:26:11.579 [main] [b53d0763-29d5-4e3f-a73b-bdbda166b5fe] INFO  c.i.a.u.EvaluateRulesUseCaseImpl - M=execute, I=Iniciando avaliacao de regras
2026-04-27 01:26:11.580 [main] [b53d0763-29d5-4e3f-a73b-bdbda166b5fe] INFO  c.i.a.u.EvaluateRulesUseCaseImpl - M=execute, I=Avaliacao de regras concluida, individualRules=1, groups=0
2026-04-27 01:26:11.580 [main] [a139bf6f-0b65-4052-b42a-4bb0ed37989c] INFO  c.i.a.u.EvaluateRulesUseCaseImpl - M=execute, I=Iniciando avaliacao de regras
2026-04-27 01:26:11.580 [main] [a139bf6f-0b65-4052-b42a-4bb0ed37989c] INFO  c.i.a.u.EvaluateRulesUseCaseImpl - M=execute, I=Avaliacao de regras concluida, individualRules=1, groups=0
2026-04-27 01:26:11.580 [main] [add4f916-b943-443e-bc68-467b363ff9aa] INFO  c.i.a.u.EvaluateRulesUseCaseImpl - M=execute, I=Iniciando avaliacao de regras
2026-04-27 01:26:11.580 [main] [add4f916-b943-443e-bc68-467b363ff9aa] INFO  c.i.a.u.EvaluateRulesUseCaseImpl - M=execute, I=Avaliacao de regras concluida, individualRules=1, groups=0
2026-04-27 01:26:11.580 [main] [51e79123-beab-4900-b0bb-4f630414b8d5] INFO  c.i.a.u.EvaluateRulesUseCaseImpl - M=execute, I=Iniciando avaliacao de regras
2026-04-27 01:26:11.580 [main] [51e79123-beab-4900-b0bb-4f630414b8d5] INFO  c.i.a.u.EvaluateRulesUseCaseImpl - M=execute, I=Avaliacao de regras concluida, individualRules=1, groups=0
2026-04-27 01:26:11.581 [main] [2094a786-102c-435d-b999-af3e70948076] INFO  c.i.a.u.EvaluateRulesUseCaseImpl - M=execute, I=Iniciando avaliacao de regras
2026-04-27 01:26:11.581 [main] [2094a786-102c-435d-b999-af3e70948076] INFO  c.i.a.u.EvaluateRulesUseCaseImpl - M=execute, I=Avaliacao de regras concluida, individualRules=1, groups=0
2026-04-27 01:26:11.581 [main] [aaec6772-f0d0-4cb1-a2b1-033a5fda62b5] INFO  c.i.a.u.EvaluateRulesUseCaseImpl - M=execute, I=Iniciando avaliacao de regras
2026-04-27 01:26:11.581 [main] [aaec6772-f0d0-4cb1-a2b1-033a5fda62b5] INFO  c.i.a.u.EvaluateRulesUseCaseImpl - M=execute, I=Avaliacao de regras concluida, individualRules=1, groups=0
2026-04-27 01:26:11.582 [main] [977bc40d-6857-4898-80fb-51d74da5431f] INFO  c.i.a.u.EvaluateRulesUseCaseImpl - M=execute, I=Iniciando avaliacao de regras
2026-04-27 01:26:11.582 [main] [977bc40d-6857-4898-80fb-51d74da5431f] INFO  c.i.a.u.EvaluateRulesUseCaseImpl - M=execute, I=Avaliacao de regras concluida, individualRules=1, groups=0
2026-04-27 01:26:11.582 [main] [af95a291-eff5-411a-a139-ab133a0e5b4f] INFO  c.i.a.u.EvaluateRulesUseCaseImpl - M=execute, I=Iniciando avaliacao de regras
2026-04-27 01:26:11.582 [main] [af95a291-eff5-411a-a139-ab133a0e5b4f] INFO  c.i.a.u.EvaluateRulesUseCaseImpl - M=execute, I=Avaliacao de regras concluida, individualRules=1, groups=0
2026-04-27 01:26:11.582 [main] [a5f77358-f2aa-4dea-b1e8-d157bcdb9f28] INFO  c.i.a.u.EvaluateRulesUseCaseImpl - M=execute, I=Iniciando avaliacao de regras
2026-04-27 01:26:11.582 [main] [a5f77358-f2aa-4dea-b1e8-d157bcdb9f28] INFO  c.i.a.u.EvaluateRulesUseCaseImpl - M=execute, I=Avaliacao de regras concluida, individualRules=1, groups=0
2026-04-27 01:26:11.582 [main] [4f70db74-8352-49ce-abb9-99e91328a347] INFO  c.i.a.u.EvaluateRulesUseCaseImpl - M=execute, I=Iniciando avaliacao de regras
2026-04-27 01:26:11.582 [main] [4f70db74-8352-49ce-abb9-99e91328a347] INFO  c.i.a.u.EvaluateRulesUseCaseImpl - M=execute, I=Avaliacao de regras concluida, individualRules=1, groups=0
2026-04-27 01:26:11.583 [main] [5a817dcb-72d2-4e9e-b597-1c160cbfc334] INFO  c.i.a.u.EvaluateRulesUseCaseImpl - M=execute, I=Iniciando avaliacao de regras
2026-04-27 01:26:11.583 [main] [5a817dcb-72d2-4e9e-b597-1c160cbfc334] INFO  c.i.a.u.EvaluateRulesUseCaseImpl - M=execute, I=Avaliacao de regras concluida, individualRules=1, groups=0
2026-04-27 01:26:11.583 [main] [fb89d049-e4b6-4a7b-ac65-b3500c1f35bc] INFO  c.i.a.u.EvaluateRulesUseCaseImpl - M=execute, I=Iniciando avaliacao de regras
2026-04-27 01:26:11.583 [main] [fb89d049-e4b6-4a7b-ac65-b3500c1f35bc] INFO  c.i.a.u.EvaluateRulesUseCaseImpl - M=execute, I=Avaliacao de regras concluida, individualRules=1, groups=0
2026-04-27 01:26:11.583 [main] [17c83d89-40a2-4594-84f3-0e0689c2d344] INFO  c.i.a.u.EvaluateRulesUseCaseImpl - M=execute, I=Iniciando avaliacao de regras
2026-04-27 01:26:11.583 [main] [17c83d89-40a2-4594-84f3-0e0689c2d344] INFO  c.i.a.u.EvaluateRulesUseCaseImpl - M=execute, I=Avaliacao de regras concluida, individualRules=1, groups=0
2026-04-27 01:26:11.584 [main] [eb8736d5-c00e-432d-b283-ddfb5c1513f7] INFO  c.i.a.u.EvaluateRulesUseCaseImpl - M=execute, I=Iniciando avaliacao de regras
2026-04-27 01:26:11.584 [main] [eb8736d5-c00e-432d-b283-ddfb5c1513f7] INFO  c.i.a.u.EvaluateRulesUseCaseImpl - M=execute, I=Avaliacao de regras concluida, individualRules=1, groups=0
2026-04-27 01:26:11.584 [main] [09943ee8-8d0e-412f-ad45-b6811b66eb47] INFO  c.i.a.u.EvaluateRulesUseCaseImpl - M=execute, I=Iniciando avaliacao de regras
2026-04-27 01:26:11.584 [main] [09943ee8-8d0e-412f-ad45-b6811b66eb47] INFO  c.i.a.u.EvaluateRulesUseCaseImpl - M=execute, I=Avaliacao de regras concluida, individualRules=1, groups=0
2026-04-27 01:26:11.584 [main] [b9ae96c9-eef7-4650-afb5-0f91e0312f71] INFO  c.i.a.u.EvaluateRulesUseCaseImpl - M=execute, I=Iniciando avaliacao de regras
2026-04-27 01:26:11.584 [main] [b9ae96c9-eef7-4650-afb5-0f91e0312f71] INFO  c.i.a.u.EvaluateRulesUseCaseImpl - M=execute, I=Avaliacao de regras concluida, individualRules=1, groups=0
2026-04-27 01:26:11.584 [main] [e7afe5e2-706f-46ee-988f-e5e7b9539acd] INFO  c.i.a.u.EvaluateRulesUseCaseImpl - M=execute, I=Iniciando avaliacao de regras
2026-04-27 01:26:11.585 [main] [e7afe5e2-706f-46ee-988f-e5e7b9539acd] INFO  c.i.a.u.EvaluateRulesUseCaseImpl - M=execute, I=Avaliacao de regras concluida, individualRules=1, groups=0
2026-04-27 01:26:11.585 [main] [111180a0-f95b-4885-a223-4d14e39d0e37] INFO  c.i.a.u.EvaluateRulesUseCaseImpl - M=execute, I=Iniciando avaliacao de regras
2026-04-27 01:26:11.585 [main] [111180a0-f95b-4885-a223-4d14e39d0e37] INFO  c.i.a.u.EvaluateRulesUseCaseImpl - M=execute, I=Avaliacao de regras concluida, individualRules=1, groups=0
2026-04-27 01:26:11.585 [main] [923fe3f1-dd1f-4036-8704-c1523c2692cf] INFO  c.i.a.u.EvaluateRulesUseCaseImpl - M=execute, I=Iniciando avaliacao de regras
2026-04-27 01:26:11.585 [main] [923fe3f1-dd1f-4036-8704-c1523c2692cf] INFO  c.i.a.u.EvaluateRulesUseCaseImpl - M=execute, I=Avaliacao de regras concluida, individualRules=1, groups=0
2026-04-27 01:26:11.585 [main] [4f8c13bf-8c4f-46ae-9d1e-544b0c39a827] INFO  c.i.a.u.EvaluateRulesUseCaseImpl - M=execute, I=Iniciando avaliacao de regras
2026-04-27 01:26:11.585 [main] [4f8c13bf-8c4f-46ae-9d1e-544b0c39a827] INFO  c.i.a.u.EvaluateRulesUseCaseImpl - M=execute, I=Avaliacao de regras concluida, individualRules=1, groups=0
2026-04-27 01:26:11.586 [main] [df6035be-e420-4389-ba12-2cf5b070c8b5] INFO  c.i.a.u.EvaluateRulesUseCaseImpl - M=execute, I=Iniciando avaliacao de regras
2026-04-27 01:26:11.586 [main] [df6035be-e420-4389-ba12-2cf5b070c8b5] INFO  c.i.a.u.EvaluateRulesUseCaseImpl - M=execute, I=Avaliacao de regras concluida, individualRules=1, groups=0
2026-04-27 01:26:11.586 [main] [6dc29393-a789-4eab-b213-45c454845838] INFO  c.i.a.u.EvaluateRulesUseCaseImpl - M=execute, I=Iniciando avaliacao de regras
2026-04-27 01:26:11.586 [main] [6dc29393-a789-4eab-b213-45c454845838] INFO  c.i.a.u.EvaluateRulesUseCaseImpl - M=execute, I=Avaliacao de regras concluida, individualRules=1, groups=0
2026-04-27 01:26:11.586 [main] [d76373ed-3eb7-4e78-91d1-eb500f0218f5] INFO  c.i.a.u.EvaluateRulesUseCaseImpl - M=execute, I=Iniciando avaliacao de regras
2026-04-27 01:26:11.586 [main] [d76373ed-3eb7-4e78-91d1-eb500f0218f5] INFO  c.i.a.u.EvaluateRulesUseCaseImpl - M=execute, I=Avaliacao de regras concluida, individualRules=1, groups=0
2026-04-27 01:26:11.587 [main] [591a7a63-355a-4a83-9a49-dd368a82c9d6] INFO  c.i.a.u.EvaluateRulesUseCaseImpl - M=execute, I=Iniciando avaliacao de regras
2026-04-27 01:26:11.587 [main] [591a7a63-355a-4a83-9a49-dd368a82c9d6] INFO  c.i.a.u.EvaluateRulesUseCaseImpl - M=execute, I=Avaliacao de regras concluida, individualRules=1, groups=0
2026-04-27 01:26:11.589 [main] [1f7b53d4-51a6-48ca-ae28-8b72acc90153] INFO  c.i.a.u.EvaluateRulesUseCaseImpl - M=execute, I=Iniciando avaliacao de regras
2026-04-27 01:26:11.589 [main] [1f7b53d4-51a6-48ca-ae28-8b72acc90153] INFO  c.i.a.u.EvaluateRulesUseCaseImpl - M=execute, I=Avaliacao de regras concluida, individualRules=1, groups=0
2026-04-27 01:26:11.590 [main] [5241f590-3534-4007-8832-64f7d37b968c] INFO  c.i.a.u.EvaluateRulesUseCaseImpl - M=execute, I=Iniciando avaliacao de regras
2026-04-27 01:26:11.590 [main] [5241f590-3534-4007-8832-64f7d37b968c] INFO  c.i.a.u.EvaluateRulesUseCaseImpl - M=execute, I=Avaliacao de regras concluida, individualRules=1, groups=0
2026-04-27 01:26:11.590 [main] [9c878f1e-4a27-4c4f-a030-9d46235baef4] INFO  c.i.a.u.EvaluateRulesUseCaseImpl - M=execute, I=Iniciando avaliacao de regras
2026-04-27 01:26:11.590 [main] [9c878f1e-4a27-4c4f-a030-9d46235baef4] INFO  c.i.a.u.EvaluateRulesUseCaseImpl - M=execute, I=Avaliacao de regras concluida, individualRules=1, groups=0
2026-04-27 01:26:11.590 [main] [0bf08aaf-9b3f-4d71-bcbc-6c55c6d2b4fe] INFO  c.i.a.u.EvaluateRulesUseCaseImpl - M=execute, I=Iniciando avaliacao de regras
2026-04-27 01:26:11.590 [main] [0bf08aaf-9b3f-4d71-bcbc-6c55c6d2b4fe] INFO  c.i.a.u.EvaluateRulesUseCaseImpl - M=execute, I=Avaliacao de regras concluida, individualRules=1, groups=0
2026-04-27 01:26:11.590 [main] [62c84809-bbde-4786-995e-736b313cf0fd] INFO  c.i.a.u.EvaluateRulesUseCaseImpl - M=execute, I=Iniciando avaliacao de regras
2026-04-27 01:26:11.590 [main] [62c84809-bbde-4786-995e-736b313cf0fd] INFO  c.i.a.u.EvaluateRulesUseCaseImpl - M=execute, I=Avaliacao de regras concluida, individualRules=1, groups=0
2026-04-27 01:26:11.591 [main] [96de98b5-247e-4013-8f42-f1b09d984f0e] INFO  c.i.a.u.EvaluateRulesUseCaseImpl - M=execute, I=Iniciando avaliacao de regras
2026-04-27 01:26:11.591 [main] [96de98b5-247e-4013-8f42-f1b09d984f0e] INFO  c.i.a.u.EvaluateRulesUseCaseImpl - M=execute, I=Avaliacao de regras concluida, individualRules=1, groups=0
2026-04-27 01:26:11.591 [main] [ee72c9ed-aace-45e8-8c24-56d2b4ae3de7] INFO  c.i.a.u.EvaluateRulesUseCaseImpl - M=execute, I=Iniciando avaliacao de regras
2026-04-27 01:26:11.591 [main] [ee72c9ed-aace-45e8-8c24-56d2b4ae3de7] INFO  c.i.a.u.EvaluateRulesUseCaseImpl - M=execute, I=Avaliacao de regras concluida, individualRules=1, groups=0
2026-04-27 01:26:11.591 [main] [b07f6c34-9496-4ccd-b871-6d57c02c7dc2] INFO  c.i.a.u.EvaluateRulesUseCaseImpl - M=execute, I=Iniciando avaliacao de regras
2026-04-27 01:26:11.591 [main] [b07f6c34-9496-4ccd-b871-6d57c02c7dc2] INFO  c.i.a.u.EvaluateRulesUseCaseImpl - M=execute, I=Avaliacao de regras concluida, individualRules=1, groups=0
2026-04-27 01:26:11.592 [main] [e3ce166c-ef95-431d-9d4f-c33d535ac33b] INFO  c.i.a.u.EvaluateRulesUseCaseImpl - M=execute, I=Iniciando avaliacao de regras
2026-04-27 01:26:11.592 [main] [e3ce166c-ef95-431d-9d4f-c33d535ac33b] INFO  c.i.a.u.EvaluateRulesUseCaseImpl - M=execute, I=Avaliacao de regras concluida, individualRules=1, groups=0
2026-04-27 01:26:11.592 [main] [08e937cf-4acc-4380-8343-3a24ab252ac1] INFO  c.i.a.u.EvaluateRulesUseCaseImpl - M=execute, I=Iniciando avaliacao de regras
2026-04-27 01:26:11.592 [main] [08e937cf-4acc-4380-8343-3a24ab252ac1] INFO  c.i.a.u.EvaluateRulesUseCaseImpl - M=execute, I=Avaliacao de regras concluida, individualRules=1, groups=0
2026-04-27 01:26:11.592 [main] [9a4ec69e-bb67-48c5-b547-a810e15d58b7] INFO  c.i.a.u.EvaluateRulesUseCaseImpl - M=execute, I=Iniciando avaliacao de regras
2026-04-27 01:26:11.592 [main] [9a4ec69e-bb67-48c5-b547-a810e15d58b7] INFO  c.i.a.u.EvaluateRulesUseCaseImpl - M=execute, I=Avaliacao de regras concluida, individualRules=1, groups=0
2026-04-27 01:26:11.592 [main] [8c97940b-976d-4521-bf52-2bae960b2229] INFO  c.i.a.u.EvaluateRulesUseCaseImpl - M=execute, I=Iniciando avaliacao de regras
2026-04-27 01:26:11.593 [main] [8c97940b-976d-4521-bf52-2bae960b2229] INFO  c.i.a.u.EvaluateRulesUseCaseImpl - M=execute, I=Avaliacao de regras concluida, individualRules=1, groups=0
2026-04-27 01:26:11.593 [main] [7dcf628c-b48b-4288-9c84-ee92db269253] INFO  c.i.a.u.EvaluateRulesUseCaseImpl - M=execute, I=Iniciando avaliacao de regras
2026-04-27 01:26:11.593 [main] [7dcf628c-b48b-4288-9c84-ee92db269253] INFO  c.i.a.u.EvaluateRulesUseCaseImpl - M=execute, I=Avaliacao de regras concluida, individualRules=1, groups=0
2026-04-27 01:26:11.593 [main] [570680c2-72ad-437d-9bbd-621dde504a23] INFO  c.i.a.u.EvaluateRulesUseCaseImpl - M=execute, I=Iniciando avaliacao de regras
2026-04-27 01:26:11.593 [main] [570680c2-72ad-437d-9bbd-621dde504a23] INFO  c.i.a.u.EvaluateRulesUseCaseImpl - M=execute, I=Avaliacao de regras concluida, individualRules=1, groups=0
2026-04-27 01:26:11.593 [main] [dcf65f4d-0e81-4815-8849-26fcb6aa7e48] INFO  c.i.a.u.EvaluateRulesUseCaseImpl - M=execute, I=Iniciando avaliacao de regras
2026-04-27 01:26:11.593 [main] [dcf65f4d-0e81-4815-8849-26fcb6aa7e48] INFO  c.i.a.u.EvaluateRulesUseCaseImpl - M=execute, I=Avaliacao de regras concluida, individualRules=1, groups=0
2026-04-27 01:26:11.593 [main] [2d84cf4b-b949-4a01-b98c-8fe7a2c21ac9] INFO  c.i.a.u.EvaluateRulesUseCaseImpl - M=execute, I=Iniciando avaliacao de regras
2026-04-27 01:26:11.593 [main] [2d84cf4b-b949-4a01-b98c-8fe7a2c21ac9] INFO  c.i.a.u.EvaluateRulesUseCaseImpl - M=execute, I=Avaliacao de regras concluida, individualRules=1, groups=0
2026-04-27 01:26:11.594 [main] [efd96655-f1de-4d79-9763-371a66a67cb5] INFO  c.i.a.u.EvaluateRulesUseCaseImpl - M=execute, I=Iniciando avaliacao de regras
2026-04-27 01:26:11.594 [main] [efd96655-f1de-4d79-9763-371a66a67cb5] INFO  c.i.a.u.EvaluateRulesUseCaseImpl - M=execute, I=Avaliacao de regras concluida, individualRules=1, groups=0
2026-04-27 01:26:11.594 [main] [7d316172-540a-4b51-8cf2-3f2d2d482ad7] INFO  c.i.a.u.EvaluateRulesUseCaseImpl - M=execute, I=Iniciando avaliacao de regras
2026-04-27 01:26:11.594 [main] [7d316172-540a-4b51-8cf2-3f2d2d482ad7] INFO  c.i.a.u.EvaluateRulesUseCaseImpl - M=execute, I=Avaliacao de regras concluida, individualRules=1, groups=0
2026-04-27 01:26:11.594 [main] [32f7bcf9-7373-4eb8-9566-73203eaece28] INFO  c.i.a.u.EvaluateRulesUseCaseImpl - M=execute, I=Iniciando avaliacao de regras
2026-04-27 01:26:11.594 [main] [32f7bcf9-7373-4eb8-9566-73203eaece28] INFO  c.i.a.u.EvaluateRulesUseCaseImpl - M=execute, I=Avaliacao de regras concluida, individualRules=1, groups=0
2026-04-27 01:26:11.594 [main] [18d0b1a9-432a-41ea-84dd-67d9ea129d22] INFO  c.i.a.u.EvaluateRulesUseCaseImpl - M=execute, I=Iniciando avaliacao de regras
2026-04-27 01:26:11.594 [main] [18d0b1a9-432a-41ea-84dd-67d9ea129d22] INFO  c.i.a.u.EvaluateRulesUseCaseImpl - M=execute, I=Avaliacao de regras concluida, individualRules=1, groups=0
2026-04-27 01:26:11.594 [main] [83622aaf-2c8b-4eeb-b4bf-84b84815436f] INFO  c.i.a.u.EvaluateRulesUseCaseImpl - M=execute, I=Iniciando avaliacao de regras
2026-04-27 01:26:11.594 [main] [83622aaf-2c8b-4eeb-b4bf-84b84815436f] INFO  c.i.a.u.EvaluateRulesUseCaseImpl - M=execute, I=Avaliacao de regras concluida, individualRules=1, groups=0
2026-04-27 01:26:11.594 [main] [d1f79e8f-5335-4483-ab77-d96592098d07] INFO  c.i.a.u.EvaluateRulesUseCaseImpl - M=execute, I=Iniciando avaliacao de regras
2026-04-27 01:26:11.594 [main] [d1f79e8f-5335-4483-ab77-d96592098d07] INFO  c.i.a.u.EvaluateRulesUseCaseImpl - M=execute, I=Avaliacao de regras concluida, individualRules=1, groups=0
2026-04-27 01:26:11.594 [main] [99d3dc1e-affe-4279-815f-edc222b593be] INFO  c.i.a.u.EvaluateRulesUseCaseImpl - M=execute, I=Iniciando avaliacao de regras
2026-04-27 01:26:11.594 [main] [99d3dc1e-affe-4279-815f-edc222b593be] INFO  c.i.a.u.EvaluateRulesUseCaseImpl - M=execute, I=Avaliacao de regras concluida, individualRules=1, groups=0
2026-04-27 01:26:11.594 [main] [558ab4eb-0a41-4f69-88fb-1729be9d8603] INFO  c.i.a.u.EvaluateRulesUseCaseImpl - M=execute, I=Iniciando avaliacao de regras
2026-04-27 01:26:11.594 [main] [558ab4eb-0a41-4f69-88fb-1729be9d8603] INFO  c.i.a.u.EvaluateRulesUseCaseImpl - M=execute, I=Avaliacao de regras concluida, individualRules=1, groups=0
2026-04-27 01:26:11.595 [main] [01f289b1-d735-41b1-8f6d-3d10bba66651] INFO  c.i.a.u.EvaluateRulesUseCaseImpl - M=execute, I=Iniciando avaliacao de regras
2026-04-27 01:26:11.595 [main] [01f289b1-d735-41b1-8f6d-3d10bba66651] INFO  c.i.a.u.EvaluateRulesUseCaseImpl - M=execute, I=Avaliacao de regras concluida, individualRules=1, groups=0
2026-04-27 01:26:11.595 [main] [4b098e4b-b025-4000-b173-113cf49832e3] INFO  c.i.a.u.EvaluateRulesUseCaseImpl - M=execute, I=Iniciando avaliacao de regras
2026-04-27 01:26:11.595 [main] [4b098e4b-b025-4000-b173-113cf49832e3] INFO  c.i.a.u.EvaluateRulesUseCaseImpl - M=execute, I=Avaliacao de regras concluida, individualRules=1, groups=0
2026-04-27 01:26:11.595 [main] [449e72ed-33a9-4af3-aa77-415092780986] INFO  c.i.a.u.EvaluateRulesUseCaseImpl - M=execute, I=Iniciando avaliacao de regras
2026-04-27 01:26:11.595 [main] [449e72ed-33a9-4af3-aa77-415092780986] INFO  c.i.a.u.EvaluateRulesUseCaseImpl - M=execute, I=Avaliacao de regras concluida, individualRules=1, groups=0
2026-04-27 01:26:11.595 [main] [760310e2-13b2-4b31-bef9-aead5646c502] INFO  c.i.a.u.EvaluateRulesUseCaseImpl - M=execute, I=Iniciando avaliacao de regras
2026-04-27 01:26:11.595 [main] [760310e2-13b2-4b31-bef9-aead5646c502] INFO  c.i.a.u.EvaluateRulesUseCaseImpl - M=execute, I=Avaliacao de regras concluida, individualRules=1, groups=0
2026-04-27 01:26:11.595 [main] [4e62c98f-2deb-4a80-8082-55f6ced0f5c9] INFO  c.i.a.u.EvaluateRulesUseCaseImpl - M=execute, I=Iniciando avaliacao de regras
2026-04-27 01:26:11.595 [main] [4e62c98f-2deb-4a80-8082-55f6ced0f5c9] INFO  c.i.a.u.EvaluateRulesUseCaseImpl - M=execute, I=Avaliacao de regras concluida, individualRules=1, groups=0
2026-04-27 01:26:11.595 [main] [be60fd54-0743-41b3-ba12-8120b4118c53] INFO  c.i.a.u.EvaluateRulesUseCaseImpl - M=execute, I=Iniciando avaliacao de regras
2026-04-27 01:26:11.595 [main] [be60fd54-0743-41b3-ba12-8120b4118c53] INFO  c.i.a.u.EvaluateRulesUseCaseImpl - M=execute, I=Avaliacao de regras concluida, individualRules=1, groups=0
2026-04-27 01:26:11.595 [main] [5c8aa390-bae4-4536-9282-201d72205822] INFO  c.i.a.u.EvaluateRulesUseCaseImpl - M=execute, I=Iniciando avaliacao de regras
2026-04-27 01:26:11.595 [main] [5c8aa390-bae4-4536-9282-201d72205822] INFO  c.i.a.u.EvaluateRulesUseCaseImpl - M=execute, I=Avaliacao de regras concluida, individualRules=1, groups=0
2026-04-27 01:26:11.595 [main] [42b0d13d-a8ab-47cc-8ff0-69d32db3e375] INFO  c.i.a.u.EvaluateRulesUseCaseImpl - M=execute, I=Iniciando avaliacao de regras
2026-04-27 01:26:11.595 [main] [42b0d13d-a8ab-47cc-8ff0-69d32db3e375] INFO  c.i.a.u.EvaluateRulesUseCaseImpl - M=execute, I=Avaliacao de regras concluida, individualRules=1, groups=0
2026-04-27 01:26:11.596 [main] [fe35e658-d114-44b2-b83a-b9d751a0867b] INFO  c.i.a.u.EvaluateRulesUseCaseImpl - M=execute, I=Iniciando avaliacao de regras
2026-04-27 01:26:11.596 [main] [fe35e658-d114-44b2-b83a-b9d751a0867b] INFO  c.i.a.u.EvaluateRulesUseCaseImpl - M=execute, I=Avaliacao de regras concluida, individualRules=1, groups=0
2026-04-27 01:26:11.596 [main] [57a03b46-2e27-4701-ac8b-2de53e8a511d] INFO  c.i.a.u.EvaluateRulesUseCaseImpl - M=execute, I=Iniciando avaliacao de regras
2026-04-27 01:26:11.596 [main] [57a03b46-2e27-4701-ac8b-2de53e8a511d] INFO  c.i.a.u.EvaluateRulesUseCaseImpl - M=execute, I=Avaliacao de regras concluida, individualRules=1, groups=0
2026-04-27 01:26:11.596 [main] [c38c2c6d-58f1-4449-aa8d-8c91ea62d2c4] INFO  c.i.a.u.EvaluateRulesUseCaseImpl - M=execute, I=Iniciando avaliacao de regras
2026-04-27 01:26:11.596 [main] [c38c2c6d-58f1-4449-aa8d-8c91ea62d2c4] INFO  c.i.a.u.EvaluateRulesUseCaseImpl - M=execute, I=Avaliacao de regras concluida, individualRules=1, groups=0
2026-04-27 01:26:11.596 [main] [3a904d68-4139-41c3-8296-cf50f1aee4c1] INFO  c.i.a.u.EvaluateRulesUseCaseImpl - M=execute, I=Iniciando avaliacao de regras
2026-04-27 01:26:11.596 [main] [3a904d68-4139-41c3-8296-cf50f1aee4c1] INFO  c.i.a.u.EvaluateRulesUseCaseImpl - M=execute, I=Avaliacao de regras concluida, individualRules=1, groups=0
2026-04-27 01:26:11.596 [main] [768b0e80-7212-4b13-b8c1-a5f4e277339e] INFO  c.i.a.u.EvaluateRulesUseCaseImpl - M=execute, I=Iniciando avaliacao de regras
2026-04-27 01:26:11.596 [main] [768b0e80-7212-4b13-b8c1-a5f4e277339e] INFO  c.i.a.u.EvaluateRulesUseCaseImpl - M=execute, I=Avaliacao de regras concluida, individualRules=1, groups=0
2026-04-27 01:26:11.596 [main] [59bc3a54-57b7-43e4-9a04-9424bf80c57f] INFO  c.i.a.u.EvaluateRulesUseCaseImpl - M=execute, I=Iniciando avaliacao de regras
2026-04-27 01:26:11.596 [main] [59bc3a54-57b7-43e4-9a04-9424bf80c57f] INFO  c.i.a.u.EvaluateRulesUseCaseImpl - M=execute, I=Avaliacao de regras concluida, individualRules=1, groups=0
2026-04-27 01:26:11.596 [main] [3dd979c8-43e7-4d9e-a5f8-98141142dcf4] INFO  c.i.a.u.EvaluateRulesUseCaseImpl - M=execute, I=Iniciando avaliacao de regras
2026-04-27 01:26:11.596 [main] [3dd979c8-43e7-4d9e-a5f8-98141142dcf4] INFO  c.i.a.u.EvaluateRulesUseCaseImpl - M=execute, I=Avaliacao de regras concluida, individualRules=1, groups=0
2026-04-27 01:26:11.596 [main] [181241c1-54da-4bf2-858c-6810b47f9d97] INFO  c.i.a.u.EvaluateRulesUseCaseImpl - M=execute, I=Iniciando avaliacao de regras
2026-04-27 01:26:11.596 [main] [181241c1-54da-4bf2-858c-6810b47f9d97] INFO  c.i.a.u.EvaluateRulesUseCaseImpl - M=execute, I=Avaliacao de regras concluida, individualRules=1, groups=0
2026-04-27 01:26:11.596 [main] [4e060db0-d4a1-4bf4-883a-14711a0526ae] INFO  c.i.a.u.EvaluateRulesUseCaseImpl - M=execute, I=Iniciando avaliacao de regras
2026-04-27 01:26:11.596 [main] [4e060db0-d4a1-4bf4-883a-14711a0526ae] INFO  c.i.a.u.EvaluateRulesUseCaseImpl - M=execute, I=Avaliacao de regras concluida, individualRules=1, groups=0
2026-04-27 01:26:11.596 [main] [2a9e2beb-0ab3-4d71-adf6-7c70c7944014] INFO  c.i.a.u.EvaluateRulesUseCaseImpl - M=execute, I=Iniciando avaliacao de regras
2026-04-27 01:26:11.596 [main] [2a9e2beb-0ab3-4d71-adf6-7c70c7944014] INFO  c.i.a.u.EvaluateRulesUseCaseImpl - M=execute, I=Avaliacao de regras concluida, individualRules=1, groups=0
2026-04-27 01:26:11.597 [main] [aa9c8e65-0a84-4c2f-8d90-648a2eafa91c] INFO  c.i.a.u.EvaluateRulesUseCaseImpl - M=execute, I=Iniciando avaliacao de regras
2026-04-27 01:26:11.597 [main] [aa9c8e65-0a84-4c2f-8d90-648a2eafa91c] INFO  c.i.a.u.EvaluateRulesUseCaseImpl - M=execute, I=Avaliacao de regras concluida, individualRules=1, groups=0
2026-04-27 01:26:11.597 [main] [1394d6fd-1a9a-4183-86ed-e7266400fb71] INFO  c.i.a.u.EvaluateRulesUseCaseImpl - M=execute, I=Iniciando avaliacao de regras
2026-04-27 01:26:11.597 [main] [1394d6fd-1a9a-4183-86ed-e7266400fb71] INFO  c.i.a.u.EvaluateRulesUseCaseImpl - M=execute, I=Avaliacao de regras concluida, individualRules=1, groups=0
2026-04-27 01:26:11.597 [main] [f6a86f59-c736-46de-98c6-0cd2bca357a6] INFO  c.i.a.u.EvaluateRulesUseCaseImpl - M=execute, I=Iniciando avaliacao de regras
2026-04-27 01:26:11.597 [main] [f6a86f59-c736-46de-98c6-0cd2bca357a6] INFO  c.i.a.u.EvaluateRulesUseCaseImpl - M=execute, I=Avaliacao de regras concluida, individualRules=1, groups=0
2026-04-27 01:26:11.597 [main] [374a299a-1db5-4a48-a4de-3fdfe11467be] INFO  c.i.a.u.EvaluateRulesUseCaseImpl - M=execute, I=Iniciando avaliacao de regras
2026-04-27 01:26:11.597 [main] [374a299a-1db5-4a48-a4de-3fdfe11467be] INFO  c.i.a.u.EvaluateRulesUseCaseImpl - M=execute, I=Avaliacao de regras concluida, individualRules=1, groups=0
2026-04-27 01:26:11.597 [main] [680043fc-157d-426a-8f4d-e6eedffafc2d] INFO  c.i.a.u.EvaluateRulesUseCaseImpl - M=execute, I=Iniciando avaliacao de regras
2026-04-27 01:26:11.597 [main] [680043fc-157d-426a-8f4d-e6eedffafc2d] INFO  c.i.a.u.EvaluateRulesUseCaseImpl - M=execute, I=Avaliacao de regras concluida, individualRules=1, groups=0
2026-04-27 01:26:11.597 [main] [7fab18ba-7a62-484c-afbb-21082c2451e5] INFO  c.i.a.u.EvaluateRulesUseCaseImpl - M=execute, I=Iniciando avaliacao de regras
2026-04-27 01:26:11.597 [main] [7fab18ba-7a62-484c-afbb-21082c2451e5] INFO  c.i.a.u.EvaluateRulesUseCaseImpl - M=execute, I=Avaliacao de regras concluida, individualRules=1, groups=0
2026-04-27 01:26:11.597 [main] [7cf46e3e-09ae-438a-89df-51fcce48f06e] INFO  c.i.a.u.EvaluateRulesUseCaseImpl - M=execute, I=Iniciando avaliacao de regras
2026-04-27 01:26:11.597 [main] [7cf46e3e-09ae-438a-89df-51fcce48f06e] INFO  c.i.a.u.EvaluateRulesUseCaseImpl - M=execute, I=Avaliacao de regras concluida, individualRules=1, groups=0
2026-04-27 01:26:11.597 [main] [e5f7fe13-1f5e-4f6b-82d5-a38579c00473] INFO  c.i.a.u.EvaluateRulesUseCaseImpl - M=execute, I=Iniciando avaliacao de regras
2026-04-27 01:26:11.597 [main] [e5f7fe13-1f5e-4f6b-82d5-a38579c00473] INFO  c.i.a.u.EvaluateRulesUseCaseImpl - M=execute, I=Avaliacao de regras concluida, individualRules=1, groups=0
2026-04-27 01:26:11.597 [main] [dc57a868-8946-473d-a7a7-f0f9a307faef] INFO  c.i.a.u.EvaluateRulesUseCaseImpl - M=execute, I=Iniciando avaliacao de regras
2026-04-27 01:26:11.597 [main] [dc57a868-8946-473d-a7a7-f0f9a307faef] INFO  c.i.a.u.EvaluateRulesUseCaseImpl - M=execute, I=Avaliacao de regras concluida, individualRules=1, groups=0
2026-04-27 01:26:11.598 [main] [734acbec-2d71-4647-a35f-8e7d897336b1] INFO  c.i.a.u.EvaluateRulesUseCaseImpl - M=execute, I=Iniciando avaliacao de regras
2026-04-27 01:26:11.598 [main] [734acbec-2d71-4647-a35f-8e7d897336b1] INFO  c.i.a.u.EvaluateRulesUseCaseImpl - M=execute, I=Avaliacao de regras concluida, individualRules=1, groups=0
2026-04-27 01:26:11.598 [main] [6c041720-6c9f-4c3b-9a88-717f433e6d91] INFO  c.i.a.u.EvaluateRulesUseCaseImpl - M=execute, I=Iniciando avaliacao de regras
2026-04-27 01:26:11.598 [main] [6c041720-6c9f-4c3b-9a88-717f433e6d91] INFO  c.i.a.u.EvaluateRulesUseCaseImpl - M=execute, I=Avaliacao de regras concluida, individualRules=1, groups=0
2026-04-27 01:26:11.598 [main] [03619bda-0453-4b59-aca5-c7558414c040] INFO  c.i.a.u.EvaluateRulesUseCaseImpl - M=execute, I=Iniciando avaliacao de regras
2026-04-27 01:26:11.598 [main] [03619bda-0453-4b59-aca5-c7558414c040] INFO  c.i.a.u.EvaluateRulesUseCaseImpl - M=execute, I=Avaliacao de regras concluida, individualRules=1, groups=0
2026-04-27 01:26:11.598 [main] [64cccffb-3e68-4cc4-9d3f-dc9b1e517a50] INFO  c.i.a.u.EvaluateRulesUseCaseImpl - M=execute, I=Iniciando avaliacao de regras
2026-04-27 01:26:11.598 [main] [64cccffb-3e68-4cc4-9d3f-dc9b1e517a50] INFO  c.i.a.u.EvaluateRulesUseCaseImpl - M=execute, I=Avaliacao de regras concluida, individualRules=1, groups=0
2026-04-27 01:26:11.598 [main] [7d10afdb-66e6-4167-8fc0-325c0c97535f] INFO  c.i.a.u.EvaluateRulesUseCaseImpl - M=execute, I=Iniciando avaliacao de regras
2026-04-27 01:26:11.598 [main] [7d10afdb-66e6-4167-8fc0-325c0c97535f] INFO  c.i.a.u.EvaluateRulesUseCaseImpl - M=execute, I=Avaliacao de regras concluida, individualRules=1, groups=0
2026-04-27 01:26:11.599 [main] [38ef816c-6152-41f2-be26-c265bac3d77e] INFO  c.i.a.u.EvaluateRulesUseCaseImpl - M=execute, I=Iniciando avaliacao de regras
2026-04-27 01:26:11.599 [main] [38ef816c-6152-41f2-be26-c265bac3d77e] INFO  c.i.a.u.EvaluateRulesUseCaseImpl - M=execute, I=Avaliacao de regras concluida, individualRules=1, groups=0
2026-04-27 01:26:11.599 [main] [c7bb0836-1eb9-4723-9bbd-90b11255e1e4] INFO  c.i.a.u.EvaluateRulesUseCaseImpl - M=execute, I=Iniciando avaliacao de regras
2026-04-27 01:26:11.599 [main] [c7bb0836-1eb9-4723-9bbd-90b11255e1e4] INFO  c.i.a.u.EvaluateRulesUseCaseImpl - M=execute, I=Avaliacao de regras concluida, individualRules=1, groups=0
2026-04-27 01:26:11.599 [main] [3f701ce6-9c85-45f9-91ac-00fba11eb80d] INFO  c.i.a.u.EvaluateRulesUseCaseImpl - M=execute, I=Iniciando avaliacao de regras
2026-04-27 01:26:11.599 [main] [3f701ce6-9c85-45f9-91ac-00fba11eb80d] INFO  c.i.a.u.EvaluateRulesUseCaseImpl - M=execute, I=Avaliacao de regras concluida, individualRules=1, groups=0
2026-04-27 01:26:11.600 [main] [a6e3cc5a-e2b9-4d97-9aa3-d275e78e4c4b] INFO  c.i.a.u.EvaluateRulesUseCaseImpl - M=execute, I=Iniciando avaliacao de regras
2026-04-27 01:26:11.600 [main] [a6e3cc5a-e2b9-4d97-9aa3-d275e78e4c4b] INFO  c.i.a.u.EvaluateRulesUseCaseImpl - M=execute, I=Avaliacao de regras concluida, individualRules=1, groups=0
2026-04-27 01:26:11.600 [main] [556da408-b350-4176-828b-1d318a4dc953] INFO  c.i.a.u.EvaluateRulesUseCaseImpl - M=execute, I=Iniciando avaliacao de regras
2026-04-27 01:26:11.600 [main] [556da408-b350-4176-828b-1d318a4dc953] INFO  c.i.a.u.EvaluateRulesUseCaseImpl - M=execute, I=Avaliacao de regras concluida, individualRules=1, groups=0
2026-04-27 01:26:11.601 [main] [aa14c991-071c-4087-a2de-44b38f51d245] INFO  c.i.a.u.EvaluateRulesUseCaseImpl - M=execute, I=Iniciando avaliacao de regras
2026-04-27 01:26:11.601 [main] [aa14c991-071c-4087-a2de-44b38f51d245] INFO  c.i.a.u.EvaluateRulesUseCaseImpl - M=execute, I=Avaliacao de regras concluida, individualRules=1, groups=0
2026-04-27 01:26:11.601 [main] [2cf3f065-e8aa-477b-b8be-2bbfd0bf8ba1] INFO  c.i.a.u.EvaluateRulesUseCaseImpl - M=execute, I=Iniciando avaliacao de regras
2026-04-27 01:26:11.601 [main] [2cf3f065-e8aa-477b-b8be-2bbfd0bf8ba1] INFO  c.i.a.u.EvaluateRulesUseCaseImpl - M=execute, I=Avaliacao de regras concluida, individualRules=1, groups=0
2026-04-27 01:26:11.601 [main] [a75cfc43-622b-4184-ae05-8a29e4fc750b] INFO  c.i.a.u.EvaluateRulesUseCaseImpl - M=execute, I=Iniciando avaliacao de regras
2026-04-27 01:26:11.601 [main] [a75cfc43-622b-4184-ae05-8a29e4fc750b] INFO  c.i.a.u.EvaluateRulesUseCaseImpl - M=execute, I=Avaliacao de regras concluida, individualRules=1, groups=0
2026-04-27 01:26:11.601 [main] [41875e11-3c46-49c4-b022-426159b8e968] INFO  c.i.a.u.EvaluateRulesUseCaseImpl - M=execute, I=Iniciando avaliacao de regras
2026-04-27 01:26:11.601 [main] [41875e11-3c46-49c4-b022-426159b8e968] INFO  c.i.a.u.EvaluateRulesUseCaseImpl - M=execute, I=Avaliacao de regras concluida, individualRules=1, groups=0
2026-04-27 01:26:11.601 [main] [097ad29c-6733-4491-8549-bf5113105057] INFO  c.i.a.u.EvaluateRulesUseCaseImpl - M=execute, I=Iniciando avaliacao de regras
2026-04-27 01:26:11.601 [main] [097ad29c-6733-4491-8549-bf5113105057] INFO  c.i.a.u.EvaluateRulesUseCaseImpl - M=execute, I=Avaliacao de regras concluida, individualRules=1, groups=0
2026-04-27 01:26:11.602 [main] [57b0e41c-f00c-4f06-9b71-bf0f0074d737] INFO  c.i.a.u.EvaluateRulesUseCaseImpl - M=execute, I=Iniciando avaliacao de regras
2026-04-27 01:26:11.602 [main] [57b0e41c-f00c-4f06-9b71-bf0f0074d737] INFO  c.i.a.u.EvaluateRulesUseCaseImpl - M=execute, I=Avaliacao de regras concluida, individualRules=1, groups=0
2026-04-27 01:26:11.602 [main] [d798bffb-031a-4e3a-8fd4-7e1d12f7220b] INFO  c.i.a.u.EvaluateRulesUseCaseImpl - M=execute, I=Iniciando avaliacao de regras
2026-04-27 01:26:11.602 [main] [d798bffb-031a-4e3a-8fd4-7e1d12f7220b] INFO  c.i.a.u.EvaluateRulesUseCaseImpl - M=execute, I=Avaliacao de regras concluida, individualRules=1, groups=0
2026-04-27 01:26:11.602 [main] [0caf8b5d-8c3f-47eb-9f93-79ba3743b35a] INFO  c.i.a.u.EvaluateRulesUseCaseImpl - M=execute, I=Iniciando avaliacao de regras
2026-04-27 01:26:11.602 [main] [0caf8b5d-8c3f-47eb-9f93-79ba3743b35a] INFO  c.i.a.u.EvaluateRulesUseCaseImpl - M=execute, I=Avaliacao de regras concluida, individualRules=1, groups=0
2026-04-27 01:26:11.602 [main] [7b5d3ce7-da1c-47bb-835e-8d0e8ba14e7c] INFO  c.i.a.u.EvaluateRulesUseCaseImpl - M=execute, I=Iniciando avaliacao de regras
2026-04-27 01:26:11.602 [main] [7b5d3ce7-da1c-47bb-835e-8d0e8ba14e7c] INFO  c.i.a.u.EvaluateRulesUseCaseImpl - M=execute, I=Avaliacao de regras concluida, individualRules=1, groups=0
2026-04-27 01:26:11.602 [main] [d92b4322-303e-4be1-9e79-8d8ee9d08c96] INFO  c.i.a.u.EvaluateRulesUseCaseImpl - M=execute, I=Iniciando avaliacao de regras
2026-04-27 01:26:11.602 [main] [d92b4322-303e-4be1-9e79-8d8ee9d08c96] INFO  c.i.a.u.EvaluateRulesUseCaseImpl - M=execute, I=Avaliacao de regras concluida, individualRules=1, groups=0
2026-04-27 01:26:11.603 [main] [f6710f5e-3b99-40b5-9962-a04687c63124] INFO  c.i.a.u.EvaluateRulesUseCaseImpl - M=execute, I=Iniciando avaliacao de regras
2026-04-27 01:26:11.603 [main] [f6710f5e-3b99-40b5-9962-a04687c63124] INFO  c.i.a.u.EvaluateRulesUseCaseImpl - M=execute, I=Avaliacao de regras concluida, individualRules=1, groups=0
2026-04-27 01:26:11.603 [main] [32d2f4eb-c5d8-41c9-9c48-c63056a40ed3] INFO  c.i.a.u.EvaluateRulesUseCaseImpl - M=execute, I=Iniciando avaliacao de regras
2026-04-27 01:26:11.603 [main] [32d2f4eb-c5d8-41c9-9c48-c63056a40ed3] INFO  c.i.a.u.EvaluateRulesUseCaseImpl - M=execute, I=Avaliacao de regras concluida, individualRules=1, groups=0
2026-04-27 01:26:11.603 [main] [b1eb7c3d-5e81-4981-8c26-b6036239e007] INFO  c.i.a.u.EvaluateRulesUseCaseImpl - M=execute, I=Iniciando avaliacao de regras
2026-04-27 01:26:11.603 [main] [b1eb7c3d-5e81-4981-8c26-b6036239e007] INFO  c.i.a.u.EvaluateRulesUseCaseImpl - M=execute, I=Avaliacao de regras concluida, individualRules=1, groups=0
2026-04-27 01:26:11.603 [main] [485fe739-b19a-4d58-9216-0ed42d76e77e] INFO  c.i.a.u.EvaluateRulesUseCaseImpl - M=execute, I=Iniciando avaliacao de regras
2026-04-27 01:26:11.603 [main] [485fe739-b19a-4d58-9216-0ed42d76e77e] INFO  c.i.a.u.EvaluateRulesUseCaseImpl - M=execute, I=Avaliacao de regras concluida, individualRules=1, groups=0
2026-04-27 01:26:11.603 [main] [4d008ec1-bbbf-4afa-aabe-93c0b1d17a79] INFO  c.i.a.u.EvaluateRulesUseCaseImpl - M=execute, I=Iniciando avaliacao de regras
2026-04-27 01:26:11.603 [main] [4d008ec1-bbbf-4afa-aabe-93c0b1d17a79] INFO  c.i.a.u.EvaluateRulesUseCaseImpl - M=execute, I=Avaliacao de regras concluida, individualRules=1, groups=0
2026-04-27 01:26:11.604 [main] [fde947d5-dbe3-4246-aaa4-9a331c750463] INFO  c.i.a.u.EvaluateRulesUseCaseImpl - M=execute, I=Iniciando avaliacao de regras
2026-04-27 01:26:11.604 [main] [fde947d5-dbe3-4246-aaa4-9a331c750463] INFO  c.i.a.u.EvaluateRulesUseCaseImpl - M=execute, I=Avaliacao de regras concluida, individualRules=1, groups=0
2026-04-27 01:26:11.604 [main] [b3a212b6-5708-4d0d-8d91-35852132f694] INFO  c.i.a.u.EvaluateRulesUseCaseImpl - M=execute, I=Iniciando avaliacao de regras
2026-04-27 01:26:11.604 [main] [b3a212b6-5708-4d0d-8d91-35852132f694] INFO  c.i.a.u.EvaluateRulesUseCaseImpl - M=execute, I=Avaliacao de regras concluida, individualRules=1, groups=0
2026-04-27 01:26:11.604 [main] [d449768f-7722-47fe-934d-1472c2969a52] INFO  c.i.a.u.EvaluateRulesUseCaseImpl - M=execute, I=Iniciando avaliacao de regras
2026-04-27 01:26:11.604 [main] [d449768f-7722-47fe-934d-1472c2969a52] INFO  c.i.a.u.EvaluateRulesUseCaseImpl - M=execute, I=Avaliacao de regras concluida, individualRules=1, groups=0
2026-04-27 01:26:11.604 [main] [f2ad1c92-ff51-4f25-b9ea-0c54bcd0bdaa] INFO  c.i.a.u.EvaluateRulesUseCaseImpl - M=execute, I=Iniciando avaliacao de regras
2026-04-27 01:26:11.604 [main] [f2ad1c92-ff51-4f25-b9ea-0c54bcd0bdaa] INFO  c.i.a.u.EvaluateRulesUseCaseImpl - M=execute, I=Avaliacao de regras concluida, individualRules=1, groups=0
2026-04-27 01:26:11.604 [main] [d89539d8-a347-4827-8776-7dda34de9561] INFO  c.i.a.u.EvaluateRulesUseCaseImpl - M=execute, I=Iniciando avaliacao de regras
2026-04-27 01:26:11.604 [main] [d89539d8-a347-4827-8776-7dda34de9561] INFO  c.i.a.u.EvaluateRulesUseCaseImpl - M=execute, I=Avaliacao de regras concluida, individualRules=1, groups=0
2026-04-27 01:26:11.604 [main] [fce476a1-875b-46fb-8ac6-2a654b18194a] INFO  c.i.a.u.EvaluateRulesUseCaseImpl - M=execute, I=Iniciando avaliacao de regras
2026-04-27 01:26:11.604 [main] [fce476a1-875b-46fb-8ac6-2a654b18194a] INFO  c.i.a.u.EvaluateRulesUseCaseImpl - M=execute, I=Avaliacao de regras concluida, individualRules=1, groups=0
2026-04-27 01:26:11.605 [main] [80fd2e4e-b52c-4727-9d9a-d2880e33b190] INFO  c.i.a.u.EvaluateRulesUseCaseImpl - M=execute, I=Iniciando avaliacao de regras
2026-04-27 01:26:11.605 [main] [80fd2e4e-b52c-4727-9d9a-d2880e33b190] INFO  c.i.a.u.EvaluateRulesUseCaseImpl - M=execute, I=Avaliacao de regras concluida, individualRules=1, groups=0
2026-04-27 01:26:11.605 [main] [20027a9c-9aad-4197-a80f-88bd9ae0ddcf] INFO  c.i.a.u.EvaluateRulesUseCaseImpl - M=execute, I=Iniciando avaliacao de regras
2026-04-27 01:26:11.605 [main] [20027a9c-9aad-4197-a80f-88bd9ae0ddcf] INFO  c.i.a.u.EvaluateRulesUseCaseImpl - M=execute, I=Avaliacao de regras concluida, individualRules=1, groups=0
2026-04-27 01:26:11.605 [main] [a2b84e80-df4b-460f-b914-a9c7caa41518] INFO  c.i.a.u.EvaluateRulesUseCaseImpl - M=execute, I=Iniciando avaliacao de regras
2026-04-27 01:26:11.605 [main] [a2b84e80-df4b-460f-b914-a9c7caa41518] INFO  c.i.a.u.EvaluateRulesUseCaseImpl - M=execute, I=Avaliacao de regras concluida, individualRules=1, groups=0
2026-04-27 01:26:11.605 [main] [38032616-7db7-4a00-817c-1ea7a053f3e8] INFO  c.i.a.u.EvaluateRulesUseCaseImpl - M=execute, I=Iniciando avaliacao de regras
2026-04-27 01:26:11.605 [main] [38032616-7db7-4a00-817c-1ea7a053f3e8] INFO  c.i.a.u.EvaluateRulesUseCaseImpl - M=execute, I=Avaliacao de regras concluida, individualRules=1, groups=0
2026-04-27 01:26:11.605 [main] [7f2b5daa-b49f-4555-8bf3-18bf065d2d60] INFO  c.i.a.u.EvaluateRulesUseCaseImpl - M=execute, I=Iniciando avaliacao de regras
2026-04-27 01:26:11.605 [main] [7f2b5daa-b49f-4555-8bf3-18bf065d2d60] INFO  c.i.a.u.EvaluateRulesUseCaseImpl - M=execute, I=Avaliacao de regras concluida, individualRules=1, groups=0
2026-04-27 01:26:11.606 [main] [d10d7dec-2604-44be-aff0-09e4f425fe2b] INFO  c.i.a.u.EvaluateRulesUseCaseImpl - M=execute, I=Iniciando avaliacao de regras
2026-04-27 01:26:11.606 [main] [d10d7dec-2604-44be-aff0-09e4f425fe2b] INFO  c.i.a.u.EvaluateRulesUseCaseImpl - M=execute, I=Avaliacao de regras concluida, individualRules=1, groups=0
2026-04-27 01:26:11.606 [main] [5e5ec6e9-90ca-4967-9af4-3e4ca9d7712a] INFO  c.i.a.u.EvaluateRulesUseCaseImpl - M=execute, I=Iniciando avaliacao de regras
2026-04-27 01:26:11.606 [main] [5e5ec6e9-90ca-4967-9af4-3e4ca9d7712a] INFO  c.i.a.u.EvaluateRulesUseCaseImpl - M=execute, I=Avaliacao de regras concluida, individualRules=1, groups=0
2026-04-27 01:26:11.606 [main] [4f6936cf-3010-4410-9e19-01551e7695fd] INFO  c.i.a.u.EvaluateRulesUseCaseImpl - M=execute, I=Iniciando avaliacao de regras
2026-04-27 01:26:11.606 [main] [4f6936cf-3010-4410-9e19-01551e7695fd] INFO  c.i.a.u.EvaluateRulesUseCaseImpl - M=execute, I=Avaliacao de regras concluida, individualRules=1, groups=0
2026-04-27 01:26:11.606 [main] [876fac1c-a5f5-43cc-807c-89a1eb820e86] INFO  c.i.a.u.EvaluateRulesUseCaseImpl - M=execute, I=Iniciando avaliacao de regras
2026-04-27 01:26:11.606 [main] [876fac1c-a5f5-43cc-807c-89a1eb820e86] INFO  c.i.a.u.EvaluateRulesUseCaseImpl - M=execute, I=Avaliacao de regras concluida, individualRules=1, groups=0
2026-04-27 01:26:11.606 [main] [e42cd21e-47e8-40a4-b793-eb2538069d13] INFO  c.i.a.u.EvaluateRulesUseCaseImpl - M=execute, I=Iniciando avaliacao de regras
2026-04-27 01:26:11.606 [main] [e42cd21e-47e8-40a4-b793-eb2538069d13] INFO  c.i.a.u.EvaluateRulesUseCaseImpl - M=execute, I=Avaliacao de regras concluida, individualRules=1, groups=0
2026-04-27 01:26:11.606 [main] [2b207a93-8a85-43d7-90bd-76749a02c35e] INFO  c.i.a.u.EvaluateRulesUseCaseImpl - M=execute, I=Iniciando avaliacao de regras
2026-04-27 01:26:11.606 [main] [2b207a93-8a85-43d7-90bd-76749a02c35e] INFO  c.i.a.u.EvaluateRulesUseCaseImpl - M=execute, I=Avaliacao de regras concluida, individualRules=1, groups=0
2026-04-27 01:26:11.606 [main] [4bb6abae-011a-4a89-9980-2aee904e5b0f] INFO  c.i.a.u.EvaluateRulesUseCaseImpl - M=execute, I=Iniciando avaliacao de regras
2026-04-27 01:26:11.606 [main] [4bb6abae-011a-4a89-9980-2aee904e5b0f] INFO  c.i.a.u.EvaluateRulesUseCaseImpl - M=execute, I=Avaliacao de regras concluida, individualRules=1, groups=0
2026-04-27 01:26:11.607 [main] [43557a29-c395-4227-abac-3367ea9e1d26] INFO  c.i.a.u.EvaluateRulesUseCaseImpl - M=execute, I=Iniciando avaliacao de regras
2026-04-27 01:26:11.607 [main] [43557a29-c395-4227-abac-3367ea9e1d26] INFO  c.i.a.u.EvaluateRulesUseCaseImpl - M=execute, I=Avaliacao de regras concluida, individualRules=1, groups=0
2026-04-27 01:26:11.607 [main] [d071fd4e-00f1-42b2-8b71-c019eeb54605] INFO  c.i.a.u.EvaluateRulesUseCaseImpl - M=execute, I=Iniciando avaliacao de regras
2026-04-27 01:26:11.607 [main] [d071fd4e-00f1-42b2-8b71-c019eeb54605] INFO  c.i.a.u.EvaluateRulesUseCaseImpl - M=execute, I=Avaliacao de regras concluida, individualRules=1, groups=0
2026-04-27 01:26:11.607 [main] [d4732bb2-302f-4b33-a8b2-25ad07b6ab5d] INFO  c.i.a.u.EvaluateRulesUseCaseImpl - M=execute, I=Iniciando avaliacao de regras
2026-04-27 01:26:11.607 [main] [d4732bb2-302f-4b33-a8b2-25ad07b6ab5d] INFO  c.i.a.u.EvaluateRulesUseCaseImpl - M=execute, I=Avaliacao de regras concluida, individualRules=1, groups=0
2026-04-27 01:26:11.607 [main] [740edc34-8d09-4172-8bec-5908bc578964] INFO  c.i.a.u.EvaluateRulesUseCaseImpl - M=execute, I=Iniciando avaliacao de regras
2026-04-27 01:26:11.607 [main] [740edc34-8d09-4172-8bec-5908bc578964] INFO  c.i.a.u.EvaluateRulesUseCaseImpl - M=execute, I=Avaliacao de regras concluida, individualRules=1, groups=0
2026-04-27 01:26:11.607 [main] [b8afd832-c9b0-4cef-b56f-93efa724fcc9] INFO  c.i.a.u.EvaluateRulesUseCaseImpl - M=execute, I=Iniciando avaliacao de regras
2026-04-27 01:26:11.607 [main] [b8afd832-c9b0-4cef-b56f-93efa724fcc9] INFO  c.i.a.u.EvaluateRulesUseCaseImpl - M=execute, I=Avaliacao de regras concluida, individualRules=1, groups=0
2026-04-27 01:26:11.607 [main] [eb4357fe-8a86-45aa-944f-a89c2bbc3ebe] INFO  c.i.a.u.EvaluateRulesUseCaseImpl - M=execute, I=Iniciando avaliacao de regras
2026-04-27 01:26:11.607 [main] [eb4357fe-8a86-45aa-944f-a89c2bbc3ebe] INFO  c.i.a.u.EvaluateRulesUseCaseImpl - M=execute, I=Avaliacao de regras concluida, individualRules=1, groups=0
2026-04-27 01:26:11.607 [main] [d80f8a08-aeb4-4901-a09d-a355f7bb0f20] INFO  c.i.a.u.EvaluateRulesUseCaseImpl - M=execute, I=Iniciando avaliacao de regras
2026-04-27 01:26:11.607 [main] [d80f8a08-aeb4-4901-a09d-a355f7bb0f20] INFO  c.i.a.u.EvaluateRulesUseCaseImpl - M=execute, I=Avaliacao de regras concluida, individualRules=1, groups=0
2026-04-27 01:26:11.608 [main] [1a7cc17d-442b-465f-b3e6-967ed96da3f0] INFO  c.i.a.u.EvaluateRulesUseCaseImpl - M=execute, I=Iniciando avaliacao de regras
2026-04-27 01:26:11.608 [main] [1a7cc17d-442b-465f-b3e6-967ed96da3f0] INFO  c.i.a.u.EvaluateRulesUseCaseImpl - M=execute, I=Avaliacao de regras concluida, individualRules=1, groups=0
2026-04-27 01:26:11.608 [main] [f03f8d93-73d9-4982-8d91-6978d3d24ffb] INFO  c.i.a.u.EvaluateRulesUseCaseImpl - M=execute, I=Iniciando avaliacao de regras
2026-04-27 01:26:11.608 [main] [f03f8d93-73d9-4982-8d91-6978d3d24ffb] INFO  c.i.a.u.EvaluateRulesUseCaseImpl - M=execute, I=Avaliacao de regras concluida, individualRules=1, groups=0
2026-04-27 01:26:11.608 [main] [cf1a2f22-5823-4236-b119-91e06bb82e1b] INFO  c.i.a.u.EvaluateRulesUseCaseImpl - M=execute, I=Iniciando avaliacao de regras
2026-04-27 01:26:11.608 [main] [cf1a2f22-5823-4236-b119-91e06bb82e1b] INFO  c.i.a.u.EvaluateRulesUseCaseImpl - M=execute, I=Avaliacao de regras concluida, individualRules=1, groups=0
2026-04-27 01:26:11.608 [main] [52bd4204-11d7-4d44-8626-c3ca2dfbddf2] INFO  c.i.a.u.EvaluateRulesUseCaseImpl - M=execute, I=Iniciando avaliacao de regras
2026-04-27 01:26:11.608 [main] [52bd4204-11d7-4d44-8626-c3ca2dfbddf2] INFO  c.i.a.u.EvaluateRulesUseCaseImpl - M=execute, I=Avaliacao de regras concluida, individualRules=1, groups=0
2026-04-27 01:26:11.608 [main] [2f982996-ff32-41a5-b028-af0eec854ae9] INFO  c.i.a.u.EvaluateRulesUseCaseImpl - M=execute, I=Iniciando avaliacao de regras
2026-04-27 01:26:11.608 [main] [2f982996-ff32-41a5-b028-af0eec854ae9] INFO  c.i.a.u.EvaluateRulesUseCaseImpl - M=execute, I=Avaliacao de regras concluida, individualRules=1, groups=0
2026-04-27 01:26:11.608 [main] [86b6538a-6ac7-49d9-b19c-c0003d6de915] INFO  c.i.a.u.EvaluateRulesUseCaseImpl - M=execute, I=Iniciando avaliacao de regras
2026-04-27 01:26:11.608 [main] [86b6538a-6ac7-49d9-b19c-c0003d6de915] INFO  c.i.a.u.EvaluateRulesUseCaseImpl - M=execute, I=Avaliacao de regras concluida, individualRules=1, groups=0
2026-04-27 01:26:11.608 [main] [3bf12527-0547-4699-ac6f-54925a06219e] INFO  c.i.a.u.EvaluateRulesUseCaseImpl - M=execute, I=Iniciando avaliacao de regras
2026-04-27 01:26:11.608 [main] [3bf12527-0547-4699-ac6f-54925a06219e] INFO  c.i.a.u.EvaluateRulesUseCaseImpl - M=execute, I=Avaliacao de regras concluida, individualRules=1, groups=0
2026-04-27 01:26:11.608 [main] [846e6610-9867-4747-a641-3cc336b1b021] INFO  c.i.a.u.EvaluateRulesUseCaseImpl - M=execute, I=Iniciando avaliacao de regras
2026-04-27 01:26:11.608 [main] [846e6610-9867-4747-a641-3cc336b1b021] INFO  c.i.a.u.EvaluateRulesUseCaseImpl - M=execute, I=Avaliacao de regras concluida, individualRules=1, groups=0
2026-04-27 01:26:11.608 [main] [cfc076d9-a625-4e81-bbe4-3b5b66b775f2] INFO  c.i.a.u.EvaluateRulesUseCaseImpl - M=execute, I=Iniciando avaliacao de regras
2026-04-27 01:26:11.609 [main] [cfc076d9-a625-4e81-bbe4-3b5b66b775f2] INFO  c.i.a.u.EvaluateRulesUseCaseImpl - M=execute, I=Avaliacao de regras concluida, individualRules=1, groups=0
2026-04-27 01:26:11.609 [main] [344883ac-2b2f-4eb7-aaa1-d1a3cbadd3a3] INFO  c.i.a.u.EvaluateRulesUseCaseImpl - M=execute, I=Iniciando avaliacao de regras
2026-04-27 01:26:11.609 [main] [344883ac-2b2f-4eb7-aaa1-d1a3cbadd3a3] INFO  c.i.a.u.EvaluateRulesUseCaseImpl - M=execute, I=Avaliacao de regras concluida, individualRules=1, groups=0
2026-04-27 01:26:11.609 [main] [35885488-2a44-4520-a2a2-66bc79a975b6] INFO  c.i.a.u.EvaluateRulesUseCaseImpl - M=execute, I=Iniciando avaliacao de regras
2026-04-27 01:26:11.609 [main] [35885488-2a44-4520-a2a2-66bc79a975b6] INFO  c.i.a.u.EvaluateRulesUseCaseImpl - M=execute, I=Avaliacao de regras concluida, individualRules=1, groups=0
2026-04-27 01:26:11.609 [main] [4447d0f1-a0b8-43c3-9f73-4ef1760684dc] INFO  c.i.a.u.EvaluateRulesUseCaseImpl - M=execute, I=Iniciando avaliacao de regras
2026-04-27 01:26:11.609 [main] [4447d0f1-a0b8-43c3-9f73-4ef1760684dc] INFO  c.i.a.u.EvaluateRulesUseCaseImpl - M=execute, I=Avaliacao de regras concluida, individualRules=1, groups=0
2026-04-27 01:26:11.609 [main] [8646545e-968d-4966-989a-9e2fd4a0f3f3] INFO  c.i.a.u.EvaluateRulesUseCaseImpl - M=execute, I=Iniciando avaliacao de regras
2026-04-27 01:26:11.609 [main] [8646545e-968d-4966-989a-9e2fd4a0f3f3] INFO  c.i.a.u.EvaluateRulesUseCaseImpl - M=execute, I=Avaliacao de regras concluida, individualRules=1, groups=0
2026-04-27 01:26:11.609 [main] [cf795125-2119-4d09-9923-596c41f022e4] INFO  c.i.a.u.EvaluateRulesUseCaseImpl - M=execute, I=Iniciando avaliacao de regras
2026-04-27 01:26:11.609 [main] [cf795125-2119-4d09-9923-596c41f022e4] INFO  c.i.a.u.EvaluateRulesUseCaseImpl - M=execute, I=Avaliacao de regras concluida, individualRules=1, groups=0
2026-04-27 01:26:11.609 [main] [5c8e4bf1-5fc7-417a-85c4-edfb88ce027a] INFO  c.i.a.u.EvaluateRulesUseCaseImpl - M=execute, I=Iniciando avaliacao de regras
2026-04-27 01:26:11.609 [main] [5c8e4bf1-5fc7-417a-85c4-edfb88ce027a] INFO  c.i.a.u.EvaluateRulesUseCaseImpl - M=execute, I=Avaliacao de regras concluida, individualRules=1, groups=0
2026-04-27 01:26:11.609 [main] [2ad55663-a9c3-466a-a0c7-87d57241f47a] INFO  c.i.a.u.EvaluateRulesUseCaseImpl - M=execute, I=Iniciando avaliacao de regras
2026-04-27 01:26:11.609 [main] [2ad55663-a9c3-466a-a0c7-87d57241f47a] INFO  c.i.a.u.EvaluateRulesUseCaseImpl - M=execute, I=Avaliacao de regras concluida, individualRules=1, groups=0
2026-04-27 01:26:11.609 [main] [cd2ef807-81bf-42bb-8093-a36d68419232] INFO  c.i.a.u.EvaluateRulesUseCaseImpl - M=execute, I=Iniciando avaliacao de regras
2026-04-27 01:26:11.609 [main] [cd2ef807-81bf-42bb-8093-a36d68419232] INFO  c.i.a.u.EvaluateRulesUseCaseImpl - M=execute, I=Avaliacao de regras concluida, individualRules=1, groups=0
2026-04-27 01:26:11.609 [main] [e9e32eda-0c7b-4812-a44e-d88cd4625b34] INFO  c.i.a.u.EvaluateRulesUseCaseImpl - M=execute, I=Iniciando avaliacao de regras
2026-04-27 01:26:11.609 [main] [e9e32eda-0c7b-4812-a44e-d88cd4625b34] INFO  c.i.a.u.EvaluateRulesUseCaseImpl - M=execute, I=Avaliacao de regras concluida, individualRules=1, groups=0
2026-04-27 01:26:11.610 [main] [7c2b21f5-e03f-4c3e-96da-86c5b13eb374] INFO  c.i.a.u.EvaluateRulesUseCaseImpl - M=execute, I=Iniciando avaliacao de regras
2026-04-27 01:26:11.610 [main] [7c2b21f5-e03f-4c3e-96da-86c5b13eb374] INFO  c.i.a.u.EvaluateRulesUseCaseImpl - M=execute, I=Avaliacao de regras concluida, individualRules=1, groups=0
2026-04-27 01:26:11.610 [main] [c9af20f8-2b1e-4b89-a698-4355e0383440] INFO  c.i.a.u.EvaluateRulesUseCaseImpl - M=execute, I=Iniciando avaliacao de regras
2026-04-27 01:26:11.610 [main] [c9af20f8-2b1e-4b89-a698-4355e0383440] INFO  c.i.a.u.EvaluateRulesUseCaseImpl - M=execute, I=Avaliacao de regras concluida, individualRules=1, groups=0
2026-04-27 01:26:11.610 [main] [2fd37d31-67af-4912-ac4c-1b124578a924] INFO  c.i.a.u.EvaluateRulesUseCaseImpl - M=execute, I=Iniciando avaliacao de regras
2026-04-27 01:26:11.610 [main] [2fd37d31-67af-4912-ac4c-1b124578a924] INFO  c.i.a.u.EvaluateRulesUseCaseImpl - M=execute, I=Avaliacao de regras concluida, individualRules=1, groups=0
2026-04-27 01:26:11.610 [main] [e759914e-c069-4558-84b2-0f3b3b046baf] INFO  c.i.a.u.EvaluateRulesUseCaseImpl - M=execute, I=Iniciando avaliacao de regras
2026-04-27 01:26:11.610 [main] [e759914e-c069-4558-84b2-0f3b3b046baf] INFO  c.i.a.u.EvaluateRulesUseCaseImpl - M=execute, I=Avaliacao de regras concluida, individualRules=1, groups=0
2026-04-27 01:26:11.610 [main] [24628c32-506b-4ed7-bb77-704a0b22abc4] INFO  c.i.a.u.EvaluateRulesUseCaseImpl - M=execute, I=Iniciando avaliacao de regras
2026-04-27 01:26:11.610 [main] [24628c32-506b-4ed7-bb77-704a0b22abc4] INFO  c.i.a.u.EvaluateRulesUseCaseImpl - M=execute, I=Avaliacao de regras concluida, individualRules=1, groups=0
2026-04-27 01:26:11.610 [main] [b91e6dec-0b0b-461b-9165-33829fd39286] INFO  c.i.a.u.EvaluateRulesUseCaseImpl - M=execute, I=Iniciando avaliacao de regras
2026-04-27 01:26:11.610 [main] [b91e6dec-0b0b-461b-9165-33829fd39286] INFO  c.i.a.u.EvaluateRulesUseCaseImpl - M=execute, I=Avaliacao de regras concluida, individualRules=1, groups=0
2026-04-27 01:26:11.610 [main] [bb90306e-bf67-47f8-91c6-01a768a60151] INFO  c.i.a.u.EvaluateRulesUseCaseImpl - M=execute, I=Iniciando avaliacao de regras
2026-04-27 01:26:11.610 [main] [bb90306e-bf67-47f8-91c6-01a768a60151] INFO  c.i.a.u.EvaluateRulesUseCaseImpl - M=execute, I=Avaliacao de regras concluida, individualRules=1, groups=0
2026-04-27 01:26:11.610 [main] [5ce33706-a5ca-4e03-a4e8-054a05bc32e2] INFO  c.i.a.u.EvaluateRulesUseCaseImpl - M=execute, I=Iniciando avaliacao de regras
2026-04-27 01:26:11.610 [main] [5ce33706-a5ca-4e03-a4e8-054a05bc32e2] INFO  c.i.a.u.EvaluateRulesUseCaseImpl - M=execute, I=Avaliacao de regras concluida, individualRules=1, groups=0
2026-04-27 01:26:11.611 [main] [c4f4fc62-7dbd-40b0-b2a2-2ed0541abe22] INFO  c.i.a.u.EvaluateRulesUseCaseImpl - M=execute, I=Iniciando avaliacao de regras
2026-04-27 01:26:11.611 [main] [c4f4fc62-7dbd-40b0-b2a2-2ed0541abe22] INFO  c.i.a.u.EvaluateRulesUseCaseImpl - M=execute, I=Avaliacao de regras concluida, individualRules=1, groups=0
2026-04-27 01:26:11.611 [main] [22f8119f-4c03-43ca-b46d-5a2d99376cc3] INFO  c.i.a.u.EvaluateRulesUseCaseImpl - M=execute, I=Iniciando avaliacao de regras
2026-04-27 01:26:11.611 [main] [22f8119f-4c03-43ca-b46d-5a2d99376cc3] INFO  c.i.a.u.EvaluateRulesUseCaseImpl - M=execute, I=Avaliacao de regras concluida, individualRules=1, groups=0
2026-04-27 01:26:11.611 [main] [95671895-8fcc-4d54-9cbb-73bfaaeacec1] INFO  c.i.a.u.EvaluateRulesUseCaseImpl - M=execute, I=Iniciando avaliacao de regras
2026-04-27 01:26:11.611 [main] [95671895-8fcc-4d54-9cbb-73bfaaeacec1] INFO  c.i.a.u.EvaluateRulesUseCaseImpl - M=execute, I=Avaliacao de regras concluida, individualRules=1, groups=0
2026-04-27 01:26:11.611 [main] [99589f4b-ae21-46e2-a94c-7a54a0ebbe31] INFO  c.i.a.u.EvaluateRulesUseCaseImpl - M=execute, I=Iniciando avaliacao de regras
2026-04-27 01:26:11.611 [main] [99589f4b-ae21-46e2-a94c-7a54a0ebbe31] INFO  c.i.a.u.EvaluateRulesUseCaseImpl - M=execute, I=Avaliacao de regras concluida, individualRules=1, groups=0
2026-04-27 01:26:11.611 [main] [2d497112-a2e2-42f2-b49d-29b07d2f0cd6] INFO  c.i.a.u.EvaluateRulesUseCaseImpl - M=execute, I=Iniciando avaliacao de regras
2026-04-27 01:26:11.611 [main] [2d497112-a2e2-42f2-b49d-29b07d2f0cd6] INFO  c.i.a.u.EvaluateRulesUseCaseImpl - M=execute, I=Avaliacao de regras concluida, individualRules=1, groups=0
2026-04-27 01:26:11.611 [main] [798f7190-6af8-40cb-869c-8084c44289e8] INFO  c.i.a.u.EvaluateRulesUseCaseImpl - M=execute, I=Iniciando avaliacao de regras
2026-04-27 01:26:11.611 [main] [798f7190-6af8-40cb-869c-8084c44289e8] INFO  c.i.a.u.EvaluateRulesUseCaseImpl - M=execute, I=Avaliacao de regras concluida, individualRules=1, groups=0
2026-04-27 01:26:11.611 [main] [c9afa5e5-d6b5-4561-91d8-e6106bc1bb2b] INFO  c.i.a.u.EvaluateRulesUseCaseImpl - M=execute, I=Iniciando avaliacao de regras
2026-04-27 01:26:11.611 [main] [c9afa5e5-d6b5-4561-91d8-e6106bc1bb2b] INFO  c.i.a.u.EvaluateRulesUseCaseImpl - M=execute, I=Avaliacao de regras concluida, individualRules=1, groups=0
2026-04-27 01:26:11.611 [main] [c8467f9a-3eb3-4534-9d32-1f652b60c823] INFO  c.i.a.u.EvaluateRulesUseCaseImpl - M=execute, I=Iniciando avaliacao de regras
2026-04-27 01:26:11.611 [main] [c8467f9a-3eb3-4534-9d32-1f652b60c823] INFO  c.i.a.u.EvaluateRulesUseCaseImpl - M=execute, I=Avaliacao de regras concluida, individualRules=1, groups=0
2026-04-27 01:26:11.611 [main] [c22c917d-429d-4f9b-ac3d-6a8eda4ef9ec] INFO  c.i.a.u.EvaluateRulesUseCaseImpl - M=execute, I=Iniciando avaliacao de regras
2026-04-27 01:26:11.611 [main] [c22c917d-429d-4f9b-ac3d-6a8eda4ef9ec] INFO  c.i.a.u.EvaluateRulesUseCaseImpl - M=execute, I=Avaliacao de regras concluida, individualRules=1, groups=0
2026-04-27 01:26:11.611 [main] [9882ca8c-99f4-4d02-a0f7-bf639f62c19d] INFO  c.i.a.u.EvaluateRulesUseCaseImpl - M=execute, I=Iniciando avaliacao de regras
2026-04-27 01:26:11.612 [main] [9882ca8c-99f4-4d02-a0f7-bf639f62c19d] INFO  c.i.a.u.EvaluateRulesUseCaseImpl - M=execute, I=Avaliacao de regras concluida, individualRules=1, groups=0
2026-04-27 01:26:11.612 [main] [98381517-c4ab-442d-9f26-23ea0f2c57e3] INFO  c.i.a.u.EvaluateRulesUseCaseImpl - M=execute, I=Iniciando avaliacao de regras
2026-04-27 01:26:11.612 [main] [98381517-c4ab-442d-9f26-23ea0f2c57e3] INFO  c.i.a.u.EvaluateRulesUseCaseImpl - M=execute, I=Avaliacao de regras concluida, individualRules=1, groups=0
2026-04-27 01:26:11.612 [main] [8c72e24c-2ac2-4cca-aea4-f5e62dd11598] INFO  c.i.a.u.EvaluateRulesUseCaseImpl - M=execute, I=Iniciando avaliacao de regras
2026-04-27 01:26:11.612 [main] [8c72e24c-2ac2-4cca-aea4-f5e62dd11598] INFO  c.i.a.u.EvaluateRulesUseCaseImpl - M=execute, I=Avaliacao de regras concluida, individualRules=1, groups=0
2026-04-27 01:26:11.612 [main] [a42663a3-96e1-4cd0-97ae-502e37014a72] INFO  c.i.a.u.EvaluateRulesUseCaseImpl - M=execute, I=Iniciando avaliacao de regras
2026-04-27 01:26:11.612 [main] [a42663a3-96e1-4cd0-97ae-502e37014a72] INFO  c.i.a.u.EvaluateRulesUseCaseImpl - M=execute, I=Avaliacao de regras concluida, individualRules=1, groups=0
2026-04-27 01:26:11.612 [main] [f33e1b3f-0be4-4d2c-8d72-0307c33d0982] INFO  c.i.a.u.EvaluateRulesUseCaseImpl - M=execute, I=Iniciando avaliacao de regras
2026-04-27 01:26:11.612 [main] [f33e1b3f-0be4-4d2c-8d72-0307c33d0982] INFO  c.i.a.u.EvaluateRulesUseCaseImpl - M=execute, I=Avaliacao de regras concluida, individualRules=1, groups=0
2026-04-27 01:26:11.612 [main] [9066374d-3064-4cef-b2d9-0610c53e4229] INFO  c.i.a.u.EvaluateRulesUseCaseImpl - M=execute, I=Iniciando avaliacao de regras
2026-04-27 01:26:11.612 [main] [9066374d-3064-4cef-b2d9-0610c53e4229] INFO  c.i.a.u.EvaluateRulesUseCaseImpl - M=execute, I=Avaliacao de regras concluida, individualRules=1, groups=0
2026-04-27 01:26:11.612 [main] [d8a25aac-4c02-49ee-9c72-dba1de0b8410] INFO  c.i.a.u.EvaluateRulesUseCaseImpl - M=execute, I=Iniciando avaliacao de regras
2026-04-27 01:26:11.612 [main] [d8a25aac-4c02-49ee-9c72-dba1de0b8410] INFO  c.i.a.u.EvaluateRulesUseCaseImpl - M=execute, I=Avaliacao de regras concluida, individualRules=1, groups=0
2026-04-27 01:26:11.612 [main] [9f466d7a-da2d-4529-9e03-ce07fbd2238d] INFO  c.i.a.u.EvaluateRulesUseCaseImpl - M=execute, I=Iniciando avaliacao de regras
2026-04-27 01:26:11.612 [main] [9f466d7a-da2d-4529-9e03-ce07fbd2238d] INFO  c.i.a.u.EvaluateRulesUseCaseImpl - M=execute, I=Avaliacao de regras concluida, individualRules=1, groups=0
2026-04-27 01:26:11.612 [main] [6d93c6c8-b094-4c0f-965a-2e031d37dd09] INFO  c.i.a.u.EvaluateRulesUseCaseImpl - M=execute, I=Iniciando avaliacao de regras
2026-04-27 01:26:11.612 [main] [6d93c6c8-b094-4c0f-965a-2e031d37dd09] INFO  c.i.a.u.EvaluateRulesUseCaseImpl - M=execute, I=Avaliacao de regras concluida, individualRules=1, groups=0
2026-04-27 01:26:11.612 [main] [4e2668cd-d8b7-462e-b8a4-f81afe5b2203] INFO  c.i.a.u.EvaluateRulesUseCaseImpl - M=execute, I=Iniciando avaliacao de regras
2026-04-27 01:26:11.612 [main] [4e2668cd-d8b7-462e-b8a4-f81afe5b2203] INFO  c.i.a.u.EvaluateRulesUseCaseImpl - M=execute, I=Avaliacao de regras concluida, individualRules=1, groups=0
2026-04-27 01:26:11.613 [main] [15f446be-899a-40bf-9ddb-a97994feb297] INFO  c.i.a.u.EvaluateRulesUseCaseImpl - M=execute, I=Iniciando avaliacao de regras
2026-04-27 01:26:11.613 [main] [15f446be-899a-40bf-9ddb-a97994feb297] INFO  c.i.a.u.EvaluateRulesUseCaseImpl - M=execute, I=Avaliacao de regras concluida, individualRules=1, groups=0
2026-04-27 01:26:11.613 [main] [db566df1-f67f-40f1-904d-d73bdfe46514] INFO  c.i.a.u.EvaluateRulesUseCaseImpl - M=execute, I=Iniciando avaliacao de regras
2026-04-27 01:26:11.613 [main] [db566df1-f67f-40f1-904d-d73bdfe46514] INFO  c.i.a.u.EvaluateRulesUseCaseImpl - M=execute, I=Avaliacao de regras concluida, individualRules=1, groups=0
2026-04-27 01:26:11.613 [main] [99b00f46-6548-4bbd-8ced-0940c60ec573] INFO  c.i.a.u.EvaluateRulesUseCaseImpl - M=execute, I=Iniciando avaliacao de regras
2026-04-27 01:26:11.613 [main] [99b00f46-6548-4bbd-8ced-0940c60ec573] INFO  c.i.a.u.EvaluateRulesUseCaseImpl - M=execute, I=Avaliacao de regras concluida, individualRules=1, groups=0
2026-04-27 01:26:11.613 [main] [428bdee7-1d4a-41f1-910f-9c1bb68c9a55] INFO  c.i.a.u.EvaluateRulesUseCaseImpl - M=execute, I=Iniciando avaliacao de regras
2026-04-27 01:26:11.613 [main] [428bdee7-1d4a-41f1-910f-9c1bb68c9a55] INFO  c.i.a.u.EvaluateRulesUseCaseImpl - M=execute, I=Avaliacao de regras concluida, individualRules=1, groups=0
2026-04-27 01:26:11.613 [main] [761235fc-0d32-4907-8cda-c8c2a003a8d4] INFO  c.i.a.u.EvaluateRulesUseCaseImpl - M=execute, I=Iniciando avaliacao de regras
2026-04-27 01:26:11.613 [main] [761235fc-0d32-4907-8cda-c8c2a003a8d4] INFO  c.i.a.u.EvaluateRulesUseCaseImpl - M=execute, I=Avaliacao de regras concluida, individualRules=1, groups=0
2026-04-27 01:26:11.613 [main] [9c949617-661e-415b-9536-157bbc450acf] INFO  c.i.a.u.EvaluateRulesUseCaseImpl - M=execute, I=Iniciando avaliacao de regras
2026-04-27 01:26:11.613 [main] [9c949617-661e-415b-9536-157bbc450acf] INFO  c.i.a.u.EvaluateRulesUseCaseImpl - M=execute, I=Avaliacao de regras concluida, individualRules=1, groups=0
2026-04-27 01:26:11.613 [main] [7ed73b43-bbca-4c10-8381-12fb55a55c5b] INFO  c.i.a.u.EvaluateRulesUseCaseImpl - M=execute, I=Iniciando avaliacao de regras
2026-04-27 01:26:11.613 [main] [7ed73b43-bbca-4c10-8381-12fb55a55c5b] INFO  c.i.a.u.EvaluateRulesUseCaseImpl - M=execute, I=Avaliacao de regras concluida, individualRules=1, groups=0
2026-04-27 01:26:11.613 [main] [16f4c9e9-cafa-4648-a591-4924b42c6ba4] INFO  c.i.a.u.EvaluateRulesUseCaseImpl - M=execute, I=Iniciando avaliacao de regras
2026-04-27 01:26:11.613 [main] [16f4c9e9-cafa-4648-a591-4924b42c6ba4] INFO  c.i.a.u.EvaluateRulesUseCaseImpl - M=execute, I=Avaliacao de regras concluida, individualRules=1, groups=0
2026-04-27 01:26:11.613 [main] [eec81633-c35e-42e8-b386-14b0df740d04] INFO  c.i.a.u.EvaluateRulesUseCaseImpl - M=execute, I=Iniciando avaliacao de regras
2026-04-27 01:26:11.613 [main] [eec81633-c35e-42e8-b386-14b0df740d04] INFO  c.i.a.u.EvaluateRulesUseCaseImpl - M=execute, I=Avaliacao de regras concluida, individualRules=1, groups=0
2026-04-27 01:26:11.614 [main] [7aa1e78a-aa5a-4622-af3d-45a4a36b64a5] INFO  c.i.a.u.EvaluateRulesUseCaseImpl - M=execute, I=Iniciando avaliacao de regras
2026-04-27 01:26:11.614 [main] [7aa1e78a-aa5a-4622-af3d-45a4a36b64a5] INFO  c.i.a.u.EvaluateRulesUseCaseImpl - M=execute, I=Avaliacao de regras concluida, individualRules=1, groups=0
2026-04-27 01:26:11.614 [main] [1eda552b-ddc0-4cf7-8cef-755bffd27c8b] INFO  c.i.a.u.EvaluateRulesUseCaseImpl - M=execute, I=Iniciando avaliacao de regras
2026-04-27 01:26:11.614 [main] [1eda552b-ddc0-4cf7-8cef-755bffd27c8b] INFO  c.i.a.u.EvaluateRulesUseCaseImpl - M=execute, I=Avaliacao de regras concluida, individualRules=1, groups=0
2026-04-27 01:26:11.614 [main] [6506e269-28b6-4512-a900-84d6e2dda2a5] INFO  c.i.a.u.EvaluateRulesUseCaseImpl - M=execute, I=Iniciando avaliacao de regras
2026-04-27 01:26:11.614 [main] [6506e269-28b6-4512-a900-84d6e2dda2a5] INFO  c.i.a.u.EvaluateRulesUseCaseImpl - M=execute, I=Avaliacao de regras concluida, individualRules=1, groups=0
2026-04-27 01:26:11.614 [main] [16940c85-a899-49ff-9262-36f019f79fe0] INFO  c.i.a.u.EvaluateRulesUseCaseImpl - M=execute, I=Iniciando avaliacao de regras
2026-04-27 01:26:11.614 [main] [16940c85-a899-49ff-9262-36f019f79fe0] INFO  c.i.a.u.EvaluateRulesUseCaseImpl - M=execute, I=Avaliacao de regras concluida, individualRules=1, groups=0
2026-04-27 01:26:11.614 [main] [34f8569d-e022-4d59-8ad8-ca430915df88] INFO  c.i.a.u.EvaluateRulesUseCaseImpl - M=execute, I=Iniciando avaliacao de regras
2026-04-27 01:26:11.614 [main] [34f8569d-e022-4d59-8ad8-ca430915df88] INFO  c.i.a.u.EvaluateRulesUseCaseImpl - M=execute, I=Avaliacao de regras concluida, individualRules=1, groups=0
2026-04-27 01:26:11.614 [main] [0fe42e91-c893-4960-ba24-eea60b03cc4a] INFO  c.i.a.u.EvaluateRulesUseCaseImpl - M=execute, I=Iniciando avaliacao de regras
2026-04-27 01:26:11.614 [main] [0fe42e91-c893-4960-ba24-eea60b03cc4a] INFO  c.i.a.u.EvaluateRulesUseCaseImpl - M=execute, I=Avaliacao de regras concluida, individualRules=1, groups=0
2026-04-27 01:26:11.614 [main] [33f878e0-c0a0-48f6-8e7f-9c4c9c9cf6a3] INFO  c.i.a.u.EvaluateRulesUseCaseImpl - M=execute, I=Iniciando avaliacao de regras
2026-04-27 01:26:11.614 [main] [33f878e0-c0a0-48f6-8e7f-9c4c9c9cf6a3] INFO  c.i.a.u.EvaluateRulesUseCaseImpl - M=execute, I=Avaliacao de regras concluida, individualRules=1, groups=0
2026-04-27 01:26:11.615 [main] [b5e409c5-68e3-4f3c-a341-35bd2ce1c3b2] INFO  c.i.a.u.EvaluateRulesUseCaseImpl - M=execute, I=Iniciando avaliacao de regras
2026-04-27 01:26:11.615 [main] [b5e409c5-68e3-4f3c-a341-35bd2ce1c3b2] INFO  c.i.a.u.EvaluateRulesUseCaseImpl - M=execute, I=Avaliacao de regras concluida, individualRules=1, groups=0
2026-04-27 01:26:11.615 [main] [8adca598-d6d6-42d4-8afb-92291f225105] INFO  c.i.a.u.EvaluateRulesUseCaseImpl - M=execute, I=Iniciando avaliacao de regras
2026-04-27 01:26:11.615 [main] [8adca598-d6d6-42d4-8afb-92291f225105] INFO  c.i.a.u.EvaluateRulesUseCaseImpl - M=execute, I=Avaliacao de regras concluida, individualRules=1, groups=0
[...]
2026-04-27 01:26:11.698 [main] [ac82da23-4ceb-4ba2-af46-70565e576555] INFO  c.i.a.u.EvaluateRulesUseCaseImpl - M=execute, I=Avaliacao de regras concluida, individualRules=1, groups=0
2026-04-27 01:26:11.698 [main] [2f5adb29-01a6-418d-b4cc-f496162291f8] INFO  c.i.a.u.EvaluateRulesUseCaseImpl - M=execute, I=Iniciando avaliacao de regras
2026-04-27 01:26:11.698 [main] [2f5adb29-01a6-418d-b4cc-f496162291f8] INFO  c.i.a.u.EvaluateRulesUseCaseImpl - M=execute, I=Avaliacao de regras concluida, individualRules=1, groups=0
2026-04-27 01:26:11.698 [main] [2a365eba-df34-4fa8-bd01-b831d4080424] INFO  c.i.a.u.EvaluateRulesUseCaseImpl - M=execute, I=Iniciando avaliacao de regras
2026-04-27 01:26:11.698 [main] [2a365eba-df34-4fa8-bd01-b831d4080424] INFO  c.i.a.u.EvaluateRulesUseCaseImpl - M=execute, I=Avaliacao de regras concluida, individualRules=1, groups=0
2026-04-27 01:26:11.698 [main] [04c5e099-8fb6-4016-b837-178042e72828] INFO  c.i.a.u.EvaluateRulesUseCaseImpl - M=execute, I=Iniciando avaliacao de regras
2026-04-27 01:26:11.698 [main] [04c5e099-8fb6-4016-b837-178042e72828] INFO  c.i.a.u.EvaluateRulesUseCaseImpl - M=execute, I=Avaliacao de regras concluida, individualRules=1, groups=0
2026-04-27 01:26:11.698 [main] [3c2bf099-b6f2-4e4d-aeff-0c0227257682] INFO  c.i.a.u.EvaluateRulesUseCaseImpl - M=execute, I=Iniciando avaliacao de regras
2026-04-27 01:26:11.698 [main] [3c2bf099-b6f2-4e4d-aeff-0c0227257682] INFO  c.i.a.u.EvaluateRulesUseCaseImpl - M=execute, I=Avaliacao de regras concluida, individualRules=1, groups=0
2026-04-27 01:26:11.698 [main] [608fe289-b671-4222-b087-454d4b6fb80b] INFO  c.i.a.u.EvaluateRulesUseCaseImpl - M=execute, I=Iniciando avaliacao de regras
2026-04-27 01:26:11.698 [main] [608fe289-b671-4222-b087-454d4b6fb80b] INFO  c.i.a.u.EvaluateRulesUseCaseImpl - M=execute, I=Avaliacao de regras concluida, individualRules=1, groups=0
2026-04-27 01:26:11.698 [main] [9f694f2e-bc9d-4499-8689-949110b4aa84] INFO  c.i.a.u.EvaluateRulesUseCaseImpl - M=execute, I=Iniciando avaliacao de regras
2026-04-27 01:26:11.698 [main] [9f694f2e-bc9d-4499-8689-949110b4aa84] INFO  c.i.a.u.EvaluateRulesUseCaseImpl - M=execute, I=Avaliacao de regras concluida, individualRules=1, groups=0
2026-04-27 01:26:11.698 [main] [cf45974e-0058-40c4-8034-63698f54c982] INFO  c.i.a.u.EvaluateRulesUseCaseImpl - M=execute, I=Iniciando avaliacao de regras
2026-04-27 01:26:11.698 [main] [cf45974e-0058-40c4-8034-63698f54c982] INFO  c.i.a.u.EvaluateRulesUseCaseImpl - M=execute, I=Avaliacao de regras concluida, individualRules=1, groups=0
2026-04-27 01:26:11.698 [main] [94912c85-b337-4d47-98a0-bae8cb7b362a] INFO  c.i.a.u.EvaluateRulesUseCaseImpl - M=execute, I=Iniciando avaliacao de regras
2026-04-27 01:26:11.699 [main] [94912c85-b337-4d47-98a0-bae8cb7b362a] INFO  c.i.a.u.EvaluateRulesUseCaseImpl - M=execute, I=Avaliacao de regras concluida, individualRules=1, groups=0
2026-04-27 01:26:11.699 [main] [d9d6d2eb-6927-4436-b7e2-c91085e63a53] INFO  c.i.a.u.EvaluateRulesUseCaseImpl - M=execute, I=Iniciando avaliacao de regras
2026-04-27 01:26:11.699 [main] [d9d6d2eb-6927-4436-b7e2-c91085e63a53] INFO  c.i.a.u.EvaluateRulesUseCaseImpl - M=execute, I=Avaliacao de regras concluida, individualRules=1, groups=0
2026-04-27 01:26:11.699 [main] [1bf55645-c956-421a-9187-3d54a617efc3] INFO  c.i.a.u.EvaluateRulesUseCaseImpl - M=execute, I=Iniciando avaliacao de regras
2026-04-27 01:26:11.699 [main] [1bf55645-c956-421a-9187-3d54a617efc3] INFO  c.i.a.u.EvaluateRulesUseCaseImpl - M=execute, I=Avaliacao de regras concluida, individualRules=1, groups=0
2026-04-27 01:26:11.699 [main] [32e310f3-ec0e-4f02-8f3c-c788f54699ce] INFO  c.i.a.u.EvaluateRulesUseCaseImpl - M=execute, I=Iniciando avaliacao de regras
2026-04-27 01:26:11.699 [main] [32e310f3-ec0e-4f02-8f3c-c788f54699ce] INFO  c.i.a.u.EvaluateRulesUseCaseImpl - M=execute, I=Avaliacao de regras concluida, individualRules=1, groups=0
2026-04-27 01:26:11.699 [main] [c129417e-e4bc-4685-9ae1-34874d4e74e1] INFO  c.i.a.u.EvaluateRulesUseCaseImpl - M=execute, I=Iniciando avaliacao de regras
2026-04-27 01:26:11.699 [main] [c129417e-e4bc-4685-9ae1-34874d4e74e1] INFO  c.i.a.u.EvaluateRulesUseCaseImpl - M=execute, I=Avaliacao de regras concluida, individualRules=1, groups=0
2026-04-27 01:26:11.699 [main] [c3b18d25-c421-4e6d-b643-c3bc6753e21e] INFO  c.i.a.u.EvaluateRulesUseCaseImpl - M=execute, I=Iniciando avaliacao de regras
2026-04-27 01:26:11.699 [main] [c3b18d25-c421-4e6d-b643-c3bc6753e21e] INFO  c.i.a.u.EvaluateRulesUseCaseImpl - M=execute, I=Avaliacao de regras concluida, individualRules=1, groups=0
2026-04-27 01:26:11.699 [main] [d1aa8067-fd47-47f9-a0ab-bcef17df8743] INFO  c.i.a.u.EvaluateRulesUseCaseImpl - M=execute, I=Iniciando avaliacao de regras
2026-04-27 01:26:11.699 [main] [d1aa8067-fd47-47f9-a0ab-bcef17df8743] INFO  c.i.a.u.EvaluateRulesUseCaseImpl - M=execute, I=Avaliacao de regras concluida, individualRules=1, groups=0
2026-04-27 01:26:11.699 [main] [45897d89-98f5-47f9-8249-2f44951fa318] INFO  c.i.a.u.EvaluateRulesUseCaseImpl - M=execute, I=Iniciando avaliacao de regras
2026-04-27 01:26:11.699 [main] [45897d89-98f5-47f9-8249-2f44951fa318] INFO  c.i.a.u.EvaluateRulesUseCaseImpl - M=execute, I=Avaliacao de regras concluida, individualRules=1, groups=0
2026-04-27 01:26:11.699 [main] [6d47597d-a551-47ca-a3f3-640e7b15188e] INFO  c.i.a.u.EvaluateRulesUseCaseImpl - M=execute, I=Iniciando avaliacao de regras
2026-04-27 01:26:11.699 [main] [6d47597d-a551-47ca-a3f3-640e7b15188e] INFO  c.i.a.u.EvaluateRulesUseCaseImpl - M=execute, I=Avaliacao de regras concluida, individualRules=1, groups=0
2026-04-27 01:26:11.699 [main] [99c29773-1243-4f22-b453-9a4ad57b1f90] INFO  c.i.a.u.EvaluateRulesUseCaseImpl - M=execute, I=Iniciando avaliacao de regras
2026-04-27 01:26:11.699 [main] [99c29773-1243-4f22-b453-9a4ad57b1f90] INFO  c.i.a.u.EvaluateRulesUseCaseImpl - M=execute, I=Avaliacao de regras concluida, individualRules=1, groups=0
2026-04-27 01:26:11.699 [main] [915e6f45-d869-48a7-aeb6-7f648b2864b6] INFO  c.i.a.u.EvaluateRulesUseCaseImpl - M=execute, I=Iniciando avaliacao de regras
2026-04-27 01:26:11.699 [main] [915e6f45-d869-48a7-aeb6-7f648b2864b6] INFO  c.i.a.u.EvaluateRulesUseCaseImpl - M=execute, I=Avaliacao de regras concluida, individualRules=1, groups=0
2026-04-27 01:26:11.699 [main] [c2b15931-0643-4e44-870b-27e54eecdfa4] INFO  c.i.a.u.EvaluateRulesUseCaseImpl - M=execute, I=Iniciando avaliacao de regras
2026-04-27 01:26:11.699 [main] [c2b15931-0643-4e44-870b-27e54eecdfa4] INFO  c.i.a.u.EvaluateRulesUseCaseImpl - M=execute, I=Avaliacao de regras concluida, individualRules=1, groups=0
2026-04-27 01:26:11.700 [main] [0d7708b3-1684-49df-9c45-5f3bbffed6a5] INFO  c.i.a.u.EvaluateRulesUseCaseImpl - M=execute, I=Iniciando avaliacao de regras
2026-04-27 01:26:11.700 [main] [0d7708b3-1684-49df-9c45-5f3bbffed6a5] INFO  c.i.a.u.EvaluateRulesUseCaseImpl - M=execute, I=Avaliacao de regras concluida, individualRules=1, groups=0
2026-04-27 01:26:11.700 [main] [e07947f0-f6c1-4fa1-8bef-c73544cb729e] INFO  c.i.a.u.EvaluateRulesUseCaseImpl - M=execute, I=Iniciando avaliacao de regras
2026-04-27 01:26:11.700 [main] [e07947f0-f6c1-4fa1-8bef-c73544cb729e] INFO  c.i.a.u.EvaluateRulesUseCaseImpl - M=execute, I=Avaliacao de regras concluida, individualRules=1, groups=0
2026-04-27 01:26:11.700 [main] [ed8615ea-a4c9-4e44-8545-86b0c64e2363] INFO  c.i.a.u.EvaluateRulesUseCaseImpl - M=execute, I=Iniciando avaliacao de regras
2026-04-27 01:26:11.700 [main] [ed8615ea-a4c9-4e44-8545-86b0c64e2363] INFO  c.i.a.u.EvaluateRulesUseCaseImpl - M=execute, I=Avaliacao de regras concluida, individualRules=1, groups=0
2026-04-27 01:26:11.700 [main] [458f2508-b57f-44fa-ad06-f7a65bd09aa6] INFO  c.i.a.u.EvaluateRulesUseCaseImpl - M=execute, I=Iniciando avaliacao de regras
2026-04-27 01:26:11.700 [main] [458f2508-b57f-44fa-ad06-f7a65bd09aa6] INFO  c.i.a.u.EvaluateRulesUseCaseImpl - M=execute, I=Avaliacao de regras concluida, individualRules=1, groups=0
2026-04-27 01:26:11.700 [main] [11713e16-b8d6-4925-aedf-aafcba8c5452] INFO  c.i.a.u.EvaluateRulesUseCaseImpl - M=execute, I=Iniciando avaliacao de regras
2026-04-27 01:26:11.700 [main] [11713e16-b8d6-4925-aedf-aafcba8c5452] INFO  c.i.a.u.EvaluateRulesUseCaseImpl - M=execute, I=Avaliacao de regras concluida, individualRules=1, groups=0
2026-04-27 01:26:11.700 [main] [7c6d690d-eb30-420c-9e59-b427c2626408] INFO  c.i.a.u.EvaluateRulesUseCaseImpl - M=execute, I=Iniciando avaliacao de regras
2026-04-27 01:26:11.700 [main] [7c6d690d-eb30-420c-9e59-b427c2626408] INFO  c.i.a.u.EvaluateRulesUseCaseImpl - M=execute, I=Avaliacao de regras concluida, individualRules=1, groups=0
2026-04-27 01:26:11.700 [main] [2f29b168-a62b-451b-bc6b-228d1bda360d] INFO  c.i.a.u.EvaluateRulesUseCaseImpl - M=execute, I=Iniciando avaliacao de regras
2026-04-27 01:26:11.700 [main] [2f29b168-a62b-451b-bc6b-228d1bda360d] INFO  c.i.a.u.EvaluateRulesUseCaseImpl - M=execute, I=Avaliacao de regras concluida, individualRules=1, groups=0
2026-04-27 01:26:11.700 [main] [be955bee-2a6a-41bb-8146-886ec2df244f] INFO  c.i.a.u.EvaluateRulesUseCaseImpl - M=execute, I=Iniciando avaliacao de regras
2026-04-27 01:26:11.700 [main] [be955bee-2a6a-41bb-8146-886ec2df244f] INFO  c.i.a.u.EvaluateRulesUseCaseImpl - M=execute, I=Avaliacao de regras concluida, individualRules=1, groups=0
2026-04-27 01:26:11.700 [main] [ce4f80f5-8971-4f80-9f6d-ee5a8f20d905] INFO  c.i.a.u.EvaluateRulesUseCaseImpl - M=execute, I=Iniciando avaliacao de regras
2026-04-27 01:26:11.701 [main] [ce4f80f5-8971-4f80-9f6d-ee5a8f20d905] INFO  c.i.a.u.EvaluateRulesUseCaseImpl - M=execute, I=Avaliacao de regras concluida, individualRules=1, groups=0
2026-04-27 01:26:11.701 [main] [dc6c4cc2-9034-4ac6-8a9c-c72bebe91d2f] INFO  c.i.a.u.EvaluateRulesUseCaseImpl - M=execute, I=Iniciando avaliacao de regras
2026-04-27 01:26:11.701 [main] [dc6c4cc2-9034-4ac6-8a9c-c72bebe91d2f] INFO  c.i.a.u.EvaluateRulesUseCaseImpl - M=execute, I=Avaliacao de regras concluida, individualRules=1, groups=0
2026-04-27 01:26:11.701 [main] [a7ca6efd-0531-4b65-96a6-f90a02b1fe51] INFO  c.i.a.u.EvaluateRulesUseCaseImpl - M=execute, I=Iniciando avaliacao de regras
2026-04-27 01:26:11.701 [main] [a7ca6efd-0531-4b65-96a6-f90a02b1fe51] INFO  c.i.a.u.EvaluateRulesUseCaseImpl - M=execute, I=Avaliacao de regras concluida, individualRules=1, groups=0
2026-04-27 01:26:11.701 [main] [682006d7-7958-49c1-8c6f-330b270975d2] INFO  c.i.a.u.EvaluateRulesUseCaseImpl - M=execute, I=Iniciando avaliacao de regras
2026-04-27 01:26:11.701 [main] [682006d7-7958-49c1-8c6f-330b270975d2] INFO  c.i.a.u.EvaluateRulesUseCaseImpl - M=execute, I=Avaliacao de regras concluida, individualRules=1, groups=0
2026-04-27 01:26:11.701 [main] [2855366b-2d73-4011-99cc-bc63938c784f] INFO  c.i.a.u.EvaluateRulesUseCaseImpl - M=execute, I=Iniciando avaliacao de regras
2026-04-27 01:26:11.701 [main] [2855366b-2d73-4011-99cc-bc63938c784f] INFO  c.i.a.u.EvaluateRulesUseCaseImpl - M=execute, I=Avaliacao de regras concluida, individualRules=1, groups=0
2026-04-27 01:26:11.701 [main] [ff6216a1-dd8d-4580-950f-15098ba58722] INFO  c.i.a.u.EvaluateRulesUseCaseImpl - M=execute, I=Iniciando avaliacao de regras
2026-04-27 01:26:11.701 [main] [ff6216a1-dd8d-4580-950f-15098ba58722] INFO  c.i.a.u.EvaluateRulesUseCaseImpl - M=execute, I=Avaliacao de regras concluida, individualRules=1, groups=0
2026-04-27 01:26:11.701 [main] [1e1df7cf-2c26-4086-b206-9938ff8ead4e] INFO  c.i.a.u.EvaluateRulesUseCaseImpl - M=execute, I=Iniciando avaliacao de regras
2026-04-27 01:26:11.701 [main] [1e1df7cf-2c26-4086-b206-9938ff8ead4e] INFO  c.i.a.u.EvaluateRulesUseCaseImpl - M=execute, I=Avaliacao de regras concluida, individualRules=1, groups=0
2026-04-27 01:26:11.702 [main] [0ec348dd-cdb6-4d7b-8f6d-b49bf17ee4bf] INFO  c.i.a.u.EvaluateRulesUseCaseImpl - M=execute, I=Iniciando avaliacao de regras
2026-04-27 01:26:11.702 [main] [0ec348dd-cdb6-4d7b-8f6d-b49bf17ee4bf] INFO  c.i.a.u.EvaluateRulesUseCaseImpl - M=execute, I=Avaliacao de regras concluida, individualRules=1, groups=0
2026-04-27 01:26:11.702 [main] [4dacec5f-c185-4f7c-9def-36563ff7e627] INFO  c.i.a.u.EvaluateRulesUseCaseImpl - M=execute, I=Iniciando avaliacao de regras
2026-04-27 01:26:11.702 [main] [4dacec5f-c185-4f7c-9def-36563ff7e627] INFO  c.i.a.u.EvaluateRulesUseCaseImpl - M=execute, I=Avaliacao de regras concluida, individualRules=1, groups=0
2026-04-27 01:26:11.702 [main] [377535c3-58d8-46ba-8fd0-e6278cd0f726] INFO  c.i.a.u.EvaluateRulesUseCaseImpl - M=execute, I=Iniciando avaliacao de regras
2026-04-27 01:26:11.702 [main] [377535c3-58d8-46ba-8fd0-e6278cd0f726] INFO  c.i.a.u.EvaluateRulesUseCaseImpl - M=execute, I=Avaliacao de regras concluida, individualRules=1, groups=0
2026-04-27 01:26:11.702 [main] [a4600392-8190-4149-a9ac-83dbe2f06045] INFO  c.i.a.u.EvaluateRulesUseCaseImpl - M=execute, I=Iniciando avaliacao de regras
2026-04-27 01:26:11.702 [main] [a4600392-8190-4149-a9ac-83dbe2f06045] INFO  c.i.a.u.EvaluateRulesUseCaseImpl - M=execute, I=Avaliacao de regras concluida, individualRules=1, groups=0
2026-04-27 01:26:11.702 [main] [27732218-f142-4659-bada-f041e0dc0a96] INFO  c.i.a.u.EvaluateRulesUseCaseImpl - M=execute, I=Iniciando avaliacao de regras
2026-04-27 01:26:11.702 [main] [27732218-f142-4659-bada-f041e0dc0a96] INFO  c.i.a.u.EvaluateRulesUseCaseImpl - M=execute, I=Avaliacao de regras concluida, individualRules=1, groups=0
2026-04-27 01:26:11.702 [main] [82dfd475-e11e-4f97-ad52-57662a40c531] INFO  c.i.a.u.EvaluateRulesUseCaseImpl - M=execute, I=Iniciando avaliacao de regras
2026-04-27 01:26:11.702 [main] [82dfd475-e11e-4f97-ad52-57662a40c531] INFO  c.i.a.u.EvaluateRulesUseCaseImpl - M=execute, I=Avaliacao de regras concluida, individualRules=1, groups=0
2026-04-27 01:26:11.702 [main] [b9b9f262-c50b-4755-9daa-26d8bf8dd195] INFO  c.i.a.u.EvaluateRulesUseCaseImpl - M=execute, I=Iniciando avaliacao de regras
2026-04-27 01:26:11.703 [main] [b9b9f262-c50b-4755-9daa-26d8bf8dd195] INFO  c.i.a.u.EvaluateRulesUseCaseImpl - M=execute, I=Avaliacao de regras concluida, individualRules=1, groups=0
2026-04-27 01:26:11.703 [main] [6f50c6f3-a2ab-4163-8e74-e12acb5d74a0] INFO  c.i.a.u.EvaluateRulesUseCaseImpl - M=execute, I=Iniciando avaliacao de regras
2026-04-27 01:26:11.703 [main] [6f50c6f3-a2ab-4163-8e74-e12acb5d74a0] INFO  c.i.a.u.EvaluateRulesUseCaseImpl - M=execute, I=Avaliacao de regras concluida, individualRules=1, groups=0
2026-04-27 01:26:11.703 [main] [007df871-4267-4054-b305-908a11fb885a] INFO  c.i.a.u.EvaluateRulesUseCaseImpl - M=execute, I=Iniciando avaliacao de regras
2026-04-27 01:26:11.703 [main] [007df871-4267-4054-b305-908a11fb885a] INFO  c.i.a.u.EvaluateRulesUseCaseImpl - M=execute, I=Avaliacao de regras concluida, individualRules=1, groups=0
2026-04-27 01:26:11.703 [main] [a0fb1722-afeb-4f58-97d5-096ccbc5e94e] INFO  c.i.a.u.EvaluateRulesUseCaseImpl - M=execute, I=Iniciando avaliacao de regras
2026-04-27 01:26:11.703 [main] [a0fb1722-afeb-4f58-97d5-096ccbc5e94e] INFO  c.i.a.u.EvaluateRulesUseCaseImpl - M=execute, I=Avaliacao de regras concluida, individualRules=1, groups=0
2026-04-27 01:26:11.703 [main] [f5da3d65-ac0d-486e-82ea-571ef3baaaf4] INFO  c.i.a.u.EvaluateRulesUseCaseImpl - M=execute, I=Iniciando avaliacao de regras
2026-04-27 01:26:11.703 [main] [f5da3d65-ac0d-486e-82ea-571ef3baaaf4] INFO  c.i.a.u.EvaluateRulesUseCaseImpl - M=execute, I=Avaliacao de regras concluida, individualRules=1, groups=0
2026-04-27 01:26:11.703 [main] [9ab829a1-843d-4ad9-900e-c4f9d6b40c50] INFO  c.i.a.u.EvaluateRulesUseCaseImpl - M=execute, I=Iniciando avaliacao de regras
2026-04-27 01:26:11.703 [main] [9ab829a1-843d-4ad9-900e-c4f9d6b40c50] INFO  c.i.a.u.EvaluateRulesUseCaseImpl - M=execute, I=Avaliacao de regras concluida, individualRules=1, groups=0
2026-04-27 01:26:11.703 [main] [92c4990c-b56a-4f82-83ed-2a565a604601] INFO  c.i.a.u.EvaluateRulesUseCaseImpl - M=execute, I=Iniciando avaliacao de regras
2026-04-27 01:26:11.703 [main] [92c4990c-b56a-4f82-83ed-2a565a604601] INFO  c.i.a.u.EvaluateRulesUseCaseImpl - M=execute, I=Avaliacao de regras concluida, individualRules=1, groups=0
2026-04-27 01:26:11.703 [main] [88d46476-4450-4e76-b233-d758d6a48737] INFO  c.i.a.u.EvaluateRulesUseCaseImpl - M=execute, I=Iniciando avaliacao de regras
2026-04-27 01:26:11.703 [main] [88d46476-4450-4e76-b233-d758d6a48737] INFO  c.i.a.u.EvaluateRulesUseCaseImpl - M=execute, I=Avaliacao de regras concluida, individualRules=1, groups=0
2026-04-27 01:26:11.704 [main] [5c2ab072-91c8-4029-8d75-1b9b7dc6235d] INFO  c.i.a.u.EvaluateRulesUseCaseImpl - M=execute, I=Iniciando avaliacao de regras
2026-04-27 01:26:11.704 [main] [5c2ab072-91c8-4029-8d75-1b9b7dc6235d] INFO  c.i.a.u.EvaluateRulesUseCaseImpl - M=execute, I=Avaliacao de regras concluida, individualRules=1, groups=0
2026-04-27 01:26:11.704 [main] [0794ec94-bc70-48eb-9e0b-bddb1b5dbf00] INFO  c.i.a.u.EvaluateRulesUseCaseImpl - M=execute, I=Iniciando avaliacao de regras
2026-04-27 01:26:11.704 [main] [0794ec94-bc70-48eb-9e0b-bddb1b5dbf00] INFO  c.i.a.u.EvaluateRulesUseCaseImpl - M=execute, I=Avaliacao de regras concluida, individualRules=1, groups=0
2026-04-27 01:26:11.704 [main] [d2b73e25-dce0-4d4d-8152-dfccc7ffc8c8] INFO  c.i.a.u.EvaluateRulesUseCaseImpl - M=execute, I=Iniciando avaliacao de regras
2026-04-27 01:26:11.704 [main] [d2b73e25-dce0-4d4d-8152-dfccc7ffc8c8] INFO  c.i.a.u.EvaluateRulesUseCaseImpl - M=execute, I=Avaliacao de regras concluida, individualRules=1, groups=0
2026-04-27 01:26:11.704 [main] [04a5eb2e-05fb-402d-97f9-2a80ce31f9c4] INFO  c.i.a.u.EvaluateRulesUseCaseImpl - M=execute, I=Iniciando avaliacao de regras
2026-04-27 01:26:11.704 [main] [04a5eb2e-05fb-402d-97f9-2a80ce31f9c4] INFO  c.i.a.u.EvaluateRulesUseCaseImpl - M=execute, I=Avaliacao de regras concluida, individualRules=1, groups=0
2026-04-27 01:26:11.704 [main] [cf198a23-ed27-4ecd-b262-826048a4e046] INFO  c.i.a.u.EvaluateRulesUseCaseImpl - M=execute, I=Iniciando avaliacao de regras
2026-04-27 01:26:11.704 [main] [cf198a23-ed27-4ecd-b262-826048a4e046] INFO  c.i.a.u.EvaluateRulesUseCaseImpl - M=execute, I=Avaliacao de regras concluida, individualRules=1, groups=0
2026-04-27 01:26:11.704 [main] [5d11ffce-7f46-4c9e-b739-cc6a3f301155] INFO  c.i.a.u.EvaluateRulesUseCaseImpl - M=execute, I=Iniciando avaliacao de regras
2026-04-27 01:26:11.704 [main] [5d11ffce-7f46-4c9e-b739-cc6a3f301155] INFO  c.i.a.u.EvaluateRulesUseCaseImpl - M=execute, I=Avaliacao de regras concluida, individualRules=1, groups=0
2026-04-27 01:26:11.704 [main] [ede90fc3-7640-4905-a835-1f26db3541ab] INFO  c.i.a.u.EvaluateRulesUseCaseImpl - M=execute, I=Iniciando avaliacao de regras
2026-04-27 01:26:11.704 [main] [ede90fc3-7640-4905-a835-1f26db3541ab] INFO  c.i.a.u.EvaluateRulesUseCaseImpl - M=execute, I=Avaliacao de regras concluida, individualRules=1, groups=0
2026-04-27 01:26:11.705 [main] [770aff51-af32-4a30-9c1e-8a04d6c62cbe] INFO  c.i.a.u.EvaluateRulesUseCaseImpl - M=execute, I=Iniciando avaliacao de regras
2026-04-27 01:26:11.705 [main] [770aff51-af32-4a30-9c1e-8a04d6c62cbe] INFO  c.i.a.u.EvaluateRulesUseCaseImpl - M=execute, I=Avaliacao de regras concluida, individualRules=1, groups=0
timestamp = 2026-04-27T01:26:11.705545285, EvaluateRulesIndividualRuleProperties:individualRuleTriggersCorrectAlertAndEvent = 
                              |-----------------------jqwik-----------------------
tries = 1000                  | # of calls to property
checks = 1000                 | # of not rejected calls
generation = RANDOMIZED       | parameters are randomly generated
after-failure = SAMPLE_FIRST  | try previously failed sample, then previous seed
when-fixed-seed = ALLOW       | fixing the random seed is allowed
edge-cases#mode = MIXIN       | edge cases are mixed in
edge-cases#total = 1000       | # of all combined edge cases
edge-cases#tried = 182        | # of edge cases tried in current run
seed = -1742773681462669585   | random seed to reproduce generated values


]]></system-out>
  </testcase>
</testsuite>